<?xml version="1.0" encoding="UTF-8" standalone="no"?><?xml-stylesheet type="text/xsl" href="../../data/seman.xsl"?><seman><node label="Source"><node label="Decls"><node label="VarDecl" lexeme="i"><node label="AtomType" spec="INT"><location loc="1.7--1.9"/><type label="INT"/></node><location loc="1.1--1.9"/></node><node label="FunDef" lexeme="p"><node label="ParDecls"><node label="ParDecl" lexeme="p1"><node label="AtomType" spec="INT"><location loc="3.11--3.13"/><type label="INT"/></node><location loc="3.8--3.13"/></node><location loc="3.8--3.13"/></node><node label="AtomType" spec="INT"><location loc="3.18--3.20"/><type label="INT"/></node><node label="BlockExpr"><node label="Decls"><node label="VarDecl" lexeme="l"><node label="AtomType" spec="INT"><location loc="3.59--3.61"/><type label="INT"/></node><location loc="3.52--3.61"/></node><location loc="3.52--3.61"/></node><node label="Stmts"><node label="ExprStmt"><node label="AtomExpr" lexeme="none" spec="VOID"><location loc="3.26--3.29"/><type label="VOID"/></node><location loc="3.26--3.29"/></node><location loc="3.26--3.29"/></node><node label="FunName" lexeme="printf"><node label="Args"><node label="AtomExpr" lexeme="&quot;foo&quot;" spec="STR"><location loc="3.40--3.44"/><type label="PTR"><type label="CHAR"/></type></node><location loc="3.40--3.44"/></node><location loc="3.33--3.44"/><declaredAt location="4.1--4.26"/><type label="INT"/></node><location loc="3.26--3.61"/><type label="INT"/></node><location loc="3.1--3.61"/></node><node label="FunDecl" lexeme="printf"><node label="ParDecls"><node label="ParDecl" lexeme="s"><node label="PtrType"><node label="AtomType" spec="CHAR"><location loc="4.18--4.21"/><type label="CHAR"/></node><location loc="4.14--4.21"/><type label="PTR"><type label="CHAR"/></type></node><location loc="4.12--4.21"/></node><location loc="4.12--4.21"/></node><node label="AtomType" spec="INT"><location loc="4.24--4.26"/><type label="INT"/></node><location loc="4.1--4.26"/></node><location loc="1.1--4.26"/></node><location loc="1.1--4.26"/></node></seman>