<?xml version="1.0" encoding="UTF-8" standalone="no"?><?xml-stylesheet type="text/xsl" href="../../data/frames.xsl"?><frames><node label="Source"><node label="Decls"><node label="VarDecl" lexeme="i"><node label="AtomType" spec="INT"><location loc="1.7--1.9"/><type label="INT"/></node><location loc="1.1--1.9"/><access label="_i" size="8"/></node><node label="FunDef" lexeme="p"><node label="ParDecls"><node label="ParDecl" lexeme="p1"><node label="AtomType" spec="INT"><location loc="3.11--3.13"/><type label="INT"/></node><location loc="3.8--3.13"/><access depth="1" offset="8" size="8"/></node><location loc="3.8--3.13"/></node><node label="AtomType" spec="INT"><location loc="3.18--3.20"/><type label="INT"/></node><node label="BlockExpr"><node label="Decls"><node label="VarDecl" lexeme="l"><node label="AtomType" spec="INT"><location loc="3.74--3.76"/><type label="INT"/></node><location loc="3.67--3.76"/><access depth="1" offset="-8" size="8"/></node><location loc="3.67--3.76"/></node><node label="Stmts"><node label="ExprStmt"><node label="AtomExpr" lexeme="none" spec="VOID"><location loc="3.26--3.29"/><type label="VOID"/></node><location loc="3.26--3.29"/></node><node label="AssignStmt"><node label="VarName" lexeme="l"><location loc="3.32--3.32"/><declaredAt location="3.67--3.76"/><type label="INT"/><addr/></node><node label="CastExpr"><node label="AtomExpr" lexeme="'c'" spec="CHAR"><location loc="3.37--3.39"/><type label="CHAR"/></node><node label="AtomType" spec="INT"><location loc="3.41--3.43"/><type label="INT"/></node><location loc="3.37--3.43"/><type label="INT"/></node><location loc="3.32--3.43"/></node><location loc="3.26--3.43"/></node><node label="FunName" lexeme="printf"><node label="Args"><node label="AtomExpr" lexeme="&quot;foo&quot;" spec="STR"><location loc="3.55--3.59"/><type label="PTR"><type label="CHAR"/></type><access init="&quot;foo&quot;" label="L0" size="4"/></node><location loc="3.55--3.59"/></node><location loc="3.48--3.59"/><declaredAt location="4.1--4.26"/><type label="INT"/></node><location loc="3.26--3.76"/><type label="INT"/></node><location loc="3.1--3.76"/><frame FP="T0" RV="T1" argssize="16" depth="1" label="_p" locssize="8" size="40"/></node><node label="FunDecl" lexeme="printf"><node label="ParDecls"><node label="ParDecl" lexeme="s"><node label="PtrType"><node label="AtomType" spec="CHAR"><location loc="4.18--4.21"/><type label="CHAR"/></node><location loc="4.14--4.21"/><type label="PTR"><type label="CHAR"/></type></node><location loc="4.12--4.21"/><access offset="8" size="8"/></node><location loc="4.12--4.21"/></node><node label="AtomType" spec="INT"><location loc="4.24--4.26"/><type label="INT"/></node><location loc="4.1--4.26"/></node><location loc="1.1--4.26"/></node><location loc="1.1--4.26"/></node></frames>