<?xml version="1.0" encoding="UTF-8" standalone="no"?><?xml-stylesheet type="text/xsl" href="../../data/livean.xsl"?><livean><code entrylabel="L2" exitlabel="L3" tempsize="0"><frame FP="T0" RV="T1" argssize="0" depth="1" label="_main" locssize="0" size="16"/><instructions><instruction code="L2"><temps name="use"/><temps name="def"/><temps name="in"><temp name="T5"/></temps><temps name="out"><temp name="T5"/></temps></instruction><instruction code="SET T10 1"><temps name="use"/><temps name="def"><temp name="T10"/></temps><temps name="in"><temp name="T5"/></temps><temps name="out"><temp name="T5"/><temp name="T10"/></temps></instruction><instruction code="SET T4 T10"><temps name="use"><temp name="T10"/></temps><temps name="def"><temp name="T4"/></temps><temps name="in"><temp name="T5"/><temp name="T10"/></temps><temps name="out"><temp name="T5"/><temp name="T4"/></temps></instruction><instruction code="SET T11 _i"><temps name="use"/><temps name="def"><temp name="T11"/></temps><temps name="in"><temp name="T5"/><temp name="T4"/></temps><temps name="out"><temp name="T5"/><temp name="T4"/></temps></instruction><instruction code="STO T4 T5 0"><temps name="use"><temp name="T4"/><temp name="T5"/></temps><temps name="def"/><temps name="in"><temp name="T5"/><temp name="T4"/></temps><temps name="out"/></instruction><instruction code="SET T12 2"><temps name="use"/><temps name="def"><temp name="T12"/></temps><temps name="in"/><temps name="out"><temp name="T12"/></temps></instruction><instruction code="SET T6 T12"><temps name="use"><temp name="T12"/></temps><temps name="def"><temp name="T6"/></temps><temps name="in"><temp name="T12"/></temps><temps name="out"><temp name="T6"/></temps></instruction><instruction code="SET T13 3"><temps name="use"/><temps name="def"><temp name="T13"/></temps><temps name="in"><temp name="T6"/></temps><temps name="out"><temp name="T13"/><temp name="T6"/></temps></instruction><instruction code="SET T7 T13"><temps name="use"><temp name="T13"/></temps><temps name="def"><temp name="T7"/></temps><temps name="in"><temp name="T13"/><temp name="T6"/></temps><temps name="out"><temp name="T6"/><temp name="T7"/></temps></instruction><instruction code="DIV T14 T6 T7"><temps name="use"><temp name="T6"/><temp name="T7"/></temps><temps name="def"><temp name="T14"/></temps><temps name="in"><temp name="T6"/><temp name="T7"/></temps><temps name="out"/></instruction><instruction code="GET T14 $rR"><temps name="use"/><temps name="def"><temp name="T14"/></temps><temps name="in"/><temps name="out"><temp name="T14"/></temps></instruction><instruction code="SET T1 T14"><temps name="use"><temp name="T14"/></temps><temps name="def"><temp name="T1"/></temps><temps name="in"><temp name="T14"/></temps><temps name="out"/></instruction><instruction code="JMP L3"><temps name="use"/><temps name="def"/><temps name="in"/><temps name="out"/></instruction></instructions></code><code entrylabel="L4" exitlabel="L5" tempsize="0"><frame FP="T2" RV="T3" argssize="0" depth="1" label="_b" locssize="0" size="16"/><instructions><instruction code="L4"><temps name="use"/><temps name="def"/><temps name="in"/><temps name="out"/></instruction><instruction code="SET T15 1"><temps name="use"/><temps name="def"><temp name="T15"/></temps><temps name="in"/><temps name="out"><temp name="T15"/></temps></instruction><instruction code="SET T8 T15"><temps name="use"><temp name="T15"/></temps><temps name="def"><temp name="T8"/></temps><temps name="in"><temp name="T15"/></temps><temps name="out"><temp name="T8"/></temps></instruction><instruction code="SET T16 0"><temps name="use"/><temps name="def"><temp name="T16"/></temps><temps name="in"><temp name="T8"/></temps><temps name="out"><temp name="T8"/><temp name="T16"/></temps></instruction><instruction code="SET T9 T16"><temps name="use"><temp name="T16"/></temps><temps name="def"><temp name="T9"/></temps><temps name="in"><temp name="T8"/><temp name="T16"/></temps><temps name="out"><temp name="T8"/><temp name="T9"/></temps></instruction><instruction code="XOR T17 T8 T9"><temps name="use"><temp name="T8"/><temp name="T9"/></temps><temps name="def"><temp name="T17"/></temps><temps name="in"><temp name="T8"/><temp name="T9"/></temps><temps name="out"><temp name="T17"/></temps></instruction><instruction code="SET T3 T17"><temps name="use"><temp name="T17"/></temps><temps name="def"><temp name="T3"/></temps><temps name="in"><temp name="T17"/></temps><temps name="out"/></instruction><instruction code="JMP L5"><temps name="use"/><temps name="def"/><temps name="in"/><temps name="out"/></instruction></instructions></code></livean>