<?xml version="1.0" encoding="UTF-8" standalone="no"?><?xml-stylesheet type="text/xsl" href="../../data/lexan.xsl"?><lexan><term lexeme="foo" token="IDENTIFIER"><location loc="1.1--1.3"/></term><term lexeme="123" token="INTCONST"><location loc="1.5--1.7"/></term><term lexeme="=" token="ASSIGN"><location loc="3.1--3.1"/></term></lexan>