<?xml version="1.0" encoding="UTF-8" standalone="no"?><?xml-stylesheet type="text/xsl" href="../../data/chunks.xsl"?><chunks><datachunk init="&quot;facItr:&quot;" label="L3" size="8"/><datachunk init="&quot;: &quot;" label="L4" size="3"/><datachunk init="&quot;facRec:&quot;" label="L5" size="8"/><datachunk init="&quot;: &quot;" label="L6" size="3"/><datachunk init="&quot;fibItr:&quot;" label="L7" size="8"/><datachunk init="&quot;: &quot;" label="L8" size="3"/><datachunk init="&quot;fibRec:&quot;" label="L9" size="8"/><datachunk init="&quot;: &quot;" label="L10" size="3"/><datachunk init="&quot;Combs:&quot;" label="L11" size="7"/><datachunk init="&quot;BinTree:&quot;" label="L12" size="9"/><datachunk init="&quot;Sudoku:&quot;" label="L13" size="8"/><codechunk entrylabel="L166" exitlabel="L167"><frame FP="T6" RV="T7" argssize="24" depth="1" label="_main" locssize="680" size="720"/><stmt><imc name="LABEL" value="L166"/></stmt><stmt><imc name="MOVE"><imc name="TEMP" value="40"/><imc name="CONST" value="0"/></imc></stmt><stmt><imc name="MOVE"><imc name="TEMP" value="41"/><imc name="NAME" value="L3"/></imc></stmt><stmt><imc name="ESTMT"><imc name="CALL" value="_putString"><imc name="TEMP" value="40"/><imc name="TEMP" value="41"/></imc></imc></stmt><stmt><imc name="MOVE"><imc name="TEMP" value="42"/><imc name="CONST" value="0"/></imc></stmt><stmt><imc name="MOVE"><imc name="TEMP" value="43"/><imc name="CONST" value="10"/></imc></stmt><stmt><imc name="MOVE"><imc name="TEMP" value="44"/><imc name="CONST" value="256"/></imc></stmt><stmt><imc name="MOVE"><imc name="TEMP" value="45"/><imc name="BINOP" value="MOD"><imc name="TEMP" value="43"/><imc name="TEMP" value="44"/></imc></imc></stmt><stmt><imc name="ESTMT"><imc name="CALL" value="_putChar"><imc name="TEMP" value="42"/><imc name="TEMP" value="45"/></imc></imc></stmt><stmt><imc name="MOVE"><imc name="TEMP" value="46"/><imc name="CONST" value="1"/></imc></stmt><stmt><imc name="MOVE"><imc name="TEMP" value="47"/><imc name="TEMP" value="6"/></imc></stmt><stmt><imc name="MOVE"><imc name="TEMP" value="48"/><imc name="CONST" value="-8"/></imc></stmt><stmt><imc name="MOVE"><imc name="TEMP" value="49"/><imc name="BINOP" value="ADD"><imc name="TEMP" value="47"/><imc name="TEMP" value="48"/></imc></imc></stmt><stmt><imc name="MOVE"><imc name="MEM"><imc name="TEMP" value="49"/></imc><imc name="TEMP" value="46"/></imc></stmt><stmt><imc name="LABEL" value="L32"/></stmt><stmt><imc name="MOVE"><imc name="TEMP" value="50"/><imc name="TEMP" value="6"/></imc></stmt><stmt><imc name="MOVE"><imc name="TEMP" value="51"/><imc name="CONST" value="-8"/></imc></stmt><stmt><imc name="MOVE"><imc name="TEMP" value="52"/><imc name="BINOP" value="ADD"><imc name="TEMP" value="50"/><imc name="TEMP" value="51"/></imc></imc></stmt><stmt><imc name="MOVE"><imc name="TEMP" value="53"/><imc name="MEM"><imc name="TEMP" value="52"/></imc></imc></stmt><stmt><imc name="MOVE"><imc name="TEMP" value="54"/><imc name="CONST" value="10"/></imc></stmt><stmt><imc name="MOVE"><imc name="TEMP" value="55"/><imc name="BINOP" value="LEQ"><imc name="TEMP" value="53"/><imc name="TEMP" value="54"/></imc></imc></stmt><stmt><imc name="CJUMP" value="L31:L33"><imc name="TEMP" value="55"/></imc></stmt><stmt><imc name="LABEL" value="L31"/></stmt><stmt><imc name="MOVE"><imc name="TEMP" value="56"/><imc name="CONST" value="0"/></imc></stmt><stmt><imc name="MOVE"><imc name="TEMP" value="57"/><imc name="TEMP" value="6"/></imc></stmt><stmt><imc name="MOVE"><imc name="TEMP" value="58"/><imc name="CONST" value="-8"/></imc></stmt><stmt><imc name="MOVE"><imc name="TEMP" value="59"/><imc name="BINOP" value="ADD"><imc name="TEMP" value="57"/><imc name="TEMP" value="58"/></imc></imc></stmt><stmt><imc name="MOVE"><imc name="TEMP" value="60"/><imc name="MEM"><imc name="TEMP" value="59"/></imc></imc></stmt><stmt><imc name="ESTMT"><imc name="CALL" value="_putInt"><imc name="TEMP" value="56"/><imc name="TEMP" value="60"/></imc></imc></stmt><stmt><imc name="MOVE"><imc name="TEMP" value="61"/><imc name="CONST" value="0"/></imc></stmt><stmt><imc name="MOVE"><imc name="TEMP" value="62"/><imc name="NAME" value="L4"/></imc></stmt><stmt><imc name="ESTMT"><imc name="CALL" value="_putString"><imc name="TEMP" value="61"/><imc name="TEMP" value="62"/></imc></imc></stmt><stmt><imc name="MOVE"><imc name="TEMP" value="63"/><imc name="CONST" value="0"/></imc></stmt><stmt><imc name="MOVE"><imc name="TEMP" value="64"/><imc name="CONST" value="0"/></imc></stmt><stmt><imc name="MOVE"><imc name="TEMP" value="65"/><imc name="TEMP" value="6"/></imc></stmt><stmt><imc name="MOVE"><imc name="TEMP" value="66"/><imc name="CONST" value="-8"/></imc></stmt><stmt><imc name="MOVE"><imc name="TEMP" value="67"/><imc name="BINOP" value="ADD"><imc name="TEMP" value="65"/><imc name="TEMP" value="66"/></imc></imc></stmt><stmt><imc name="MOVE"><imc name="TEMP" value="68"/><imc name="MEM"><imc name="TEMP" value="67"/></imc></imc></stmt><stmt><imc name="MOVE"><imc name="TEMP" value="69"/><imc name="CALL" value="_facItr"><imc name="TEMP" value="64"/><imc name="TEMP" value="68"/></imc></imc></stmt><stmt><imc name="ESTMT"><imc name="CALL" value="_putInt"><imc name="TEMP" value="63"/><imc name="TEMP" value="69"/></imc></imc></stmt><stmt><imc name="MOVE"><imc name="TEMP" value="70"/><imc name="CONST" value="0"/></imc></stmt><stmt><imc name="MOVE"><imc name="TEMP" value="71"/><imc name="CONST" value="10"/></imc></stmt><stmt><imc name="MOVE"><imc name="TEMP" value="72"/><imc name="CONST" value="256"/></imc></stmt><stmt><imc name="MOVE"><imc name="TEMP" value="73"/><imc name="BINOP" value="MOD"><imc name="TEMP" value="71"/><imc name="TEMP" value="72"/></imc></imc></stmt><stmt><imc name="ESTMT"><imc name="CALL" value="_putChar"><imc name="TEMP" value="70"/><imc name="TEMP" value="73"/></imc></imc></stmt><stmt><imc name="MOVE"><imc name="TEMP" value="74"/><imc name="TEMP" value="6"/></imc></stmt><stmt><imc name="MOVE"><imc name="TEMP" value="75"/><imc name="CONST" value="-8"/></imc></stmt><stmt><imc name="MOVE"><imc name="TEMP" value="76"/><imc name="BINOP" value="ADD"><imc name="TEMP" value="74"/><imc name="TEMP" value="75"/></imc></imc></stmt><stmt><imc name="MOVE"><imc name="TEMP" value="77"/><imc name="MEM"><imc name="TEMP" value="76"/></imc></imc></stmt><stmt><imc name="MOVE"><imc name="TEMP" value="78"/><imc name="CONST" value="1"/></imc></stmt><stmt><imc name="MOVE"><imc name="TEMP" value="79"/><imc name="BINOP" value="ADD"><imc name="TEMP" value="77"/><imc name="TEMP" value="78"/></imc></imc></stmt><stmt><imc name="MOVE"><imc name="TEMP" value="80"/><imc name="TEMP" value="6"/></imc></stmt><stmt><imc name="MOVE"><imc name="TEMP" value="81"/><imc name="CONST" value="-8"/></imc></stmt><stmt><imc name="MOVE"><imc name="TEMP" value="82"/><imc name="BINOP" value="ADD"><imc name="TEMP" value="80"/><imc name="TEMP" value="81"/></imc></imc></stmt><stmt><imc name="MOVE"><imc name="MEM"><imc name="TEMP" value="82"/></imc><imc name="TEMP" value="79"/></imc></stmt><stmt><imc name="JUMP" value="L32"/></stmt><stmt><imc name="LABEL" value="L33"/></stmt><stmt><imc name="MOVE"><imc name="TEMP" value="83"/><imc name="CONST" value="0"/></imc></stmt><stmt><imc name="MOVE"><imc name="TEMP" value="84"/><imc name="NAME" value="L5"/></imc></stmt><stmt><imc name="ESTMT"><imc name="CALL" value="_putString"><imc name="TEMP" value="83"/><imc name="TEMP" value="84"/></imc></imc></stmt><stmt><imc name="MOVE"><imc name="TEMP" value="85"/><imc name="CONST" value="0"/></imc></stmt><stmt><imc name="MOVE"><imc name="TEMP" value="86"/><imc name="CONST" value="10"/></imc></stmt><stmt><imc name="MOVE"><imc name="TEMP" value="87"/><imc name="CONST" value="256"/></imc></stmt><stmt><imc name="MOVE"><imc name="TEMP" value="88"/><imc name="BINOP" value="MOD"><imc name="TEMP" value="86"/><imc name="TEMP" value="87"/></imc></imc></stmt><stmt><imc name="ESTMT"><imc name="CALL" value="_putChar"><imc name="TEMP" value="85"/><imc name="TEMP" value="88"/></imc></imc></stmt><stmt><imc name="MOVE"><imc name="TEMP" value="89"/><imc name="CONST" value="1"/></imc></stmt><stmt><imc name="MOVE"><imc name="TEMP" value="90"/><imc name="TEMP" value="6"/></imc></stmt><stmt><imc name="MOVE"><imc name="TEMP" value="91"/><imc name="CONST" value="-8"/></imc></stmt><stmt><imc name="MOVE"><imc name="TEMP" value="92"/><imc name="BINOP" value="ADD"><imc name="TEMP" value="90"/><imc name="TEMP" value="91"/></imc></imc></stmt><stmt><imc name="MOVE"><imc name="MEM"><imc name="TEMP" value="92"/></imc><imc name="TEMP" value="89"/></imc></stmt><stmt><imc name="LABEL" value="L35"/></stmt><stmt><imc name="MOVE"><imc name="TEMP" value="93"/><imc name="TEMP" value="6"/></imc></stmt><stmt><imc name="MOVE"><imc name="TEMP" value="94"/><imc name="CONST" value="-8"/></imc></stmt><stmt><imc name="MOVE"><imc name="TEMP" value="95"/><imc name="BINOP" value="ADD"><imc name="TEMP" value="93"/><imc name="TEMP" value="94"/></imc></imc></stmt><stmt><imc name="MOVE"><imc name="TEMP" value="96"/><imc name="MEM"><imc name="TEMP" value="95"/></imc></imc></stmt><stmt><imc name="MOVE"><imc name="TEMP" value="97"/><imc name="CONST" value="10"/></imc></stmt><stmt><imc name="MOVE"><imc name="TEMP" value="98"/><imc name="BINOP" value="LEQ"><imc name="TEMP" value="96"/><imc name="TEMP" value="97"/></imc></imc></stmt><stmt><imc name="CJUMP" value="L34:L36"><imc name="TEMP" value="98"/></imc></stmt><stmt><imc name="LABEL" value="L34"/></stmt><stmt><imc name="MOVE"><imc name="TEMP" value="99"/><imc name="CONST" value="0"/></imc></stmt><stmt><imc name="MOVE"><imc name="TEMP" value="100"/><imc name="TEMP" value="6"/></imc></stmt><stmt><imc name="MOVE"><imc name="TEMP" value="101"/><imc name="CONST" value="-8"/></imc></stmt><stmt><imc name="MOVE"><imc name="TEMP" value="102"/><imc name="BINOP" value="ADD"><imc name="TEMP" value="100"/><imc name="TEMP" value="101"/></imc></imc></stmt><stmt><imc name="MOVE"><imc name="TEMP" value="103"/><imc name="MEM"><imc name="TEMP" value="102"/></imc></imc></stmt><stmt><imc name="ESTMT"><imc name="CALL" value="_putInt"><imc name="TEMP" value="99"/><imc name="TEMP" value="103"/></imc></imc></stmt><stmt><imc name="MOVE"><imc name="TEMP" value="104"/><imc name="CONST" value="0"/></imc></stmt><stmt><imc name="MOVE"><imc name="TEMP" value="105"/><imc name="NAME" value="L6"/></imc></stmt><stmt><imc name="ESTMT"><imc name="CALL" value="_putString"><imc name="TEMP" value="104"/><imc name="TEMP" value="105"/></imc></imc></stmt><stmt><imc name="MOVE"><imc name="TEMP" value="106"/><imc name="CONST" value="0"/></imc></stmt><stmt><imc name="MOVE"><imc name="TEMP" value="107"/><imc name="CONST" value="0"/></imc></stmt><stmt><imc name="MOVE"><imc name="TEMP" value="108"/><imc name="TEMP" value="6"/></imc></stmt><stmt><imc name="MOVE"><imc name="TEMP" value="109"/><imc name="CONST" value="-8"/></imc></stmt><stmt><imc name="MOVE"><imc name="TEMP" value="110"/><imc name="BINOP" value="ADD"><imc name="TEMP" value="108"/><imc name="TEMP" value="109"/></imc></imc></stmt><stmt><imc name="MOVE"><imc name="TEMP" value="111"/><imc name="MEM"><imc name="TEMP" value="110"/></imc></imc></stmt><stmt><imc name="MOVE"><imc name="TEMP" value="112"/><imc name="CALL" value="_facRec"><imc name="TEMP" value="107"/><imc name="TEMP" value="111"/></imc></imc></stmt><stmt><imc name="ESTMT"><imc name="CALL" value="_putInt"><imc name="TEMP" value="106"/><imc name="TEMP" value="112"/></imc></imc></stmt><stmt><imc name="MOVE"><imc name="TEMP" value="113"/><imc name="CONST" value="0"/></imc></stmt><stmt><imc name="MOVE"><imc name="TEMP" value="114"/><imc name="CONST" value="10"/></imc></stmt><stmt><imc name="MOVE"><imc name="TEMP" value="115"/><imc name="CONST" value="256"/></imc></stmt><stmt><imc name="MOVE"><imc name="TEMP" value="116"/><imc name="BINOP" value="MOD"><imc name="TEMP" value="114"/><imc name="TEMP" value="115"/></imc></imc></stmt><stmt><imc name="ESTMT"><imc name="CALL" value="_putChar"><imc name="TEMP" value="113"/><imc name="TEMP" value="116"/></imc></imc></stmt><stmt><imc name="MOVE"><imc name="TEMP" value="117"/><imc name="TEMP" value="6"/></imc></stmt><stmt><imc name="MOVE"><imc name="TEMP" value="118"/><imc name="CONST" value="-8"/></imc></stmt><stmt><imc name="MOVE"><imc name="TEMP" value="119"/><imc name="BINOP" value="ADD"><imc name="TEMP" value="117"/><imc name="TEMP" value="118"/></imc></imc></stmt><stmt><imc name="MOVE"><imc name="TEMP" value="120"/><imc name="MEM"><imc name="TEMP" value="119"/></imc></imc></stmt><stmt><imc name="MOVE"><imc name="TEMP" value="121"/><imc name="CONST" value="1"/></imc></stmt><stmt><imc name="MOVE"><imc name="TEMP" value="122"/><imc name="BINOP" value="ADD"><imc name="TEMP" value="120"/><imc name="TEMP" value="121"/></imc></imc></stmt><stmt><imc name="MOVE"><imc name="TEMP" value="123"/><imc name="TEMP" value="6"/></imc></stmt><stmt><imc name="MOVE"><imc name="TEMP" value="124"/><imc name="CONST" value="-8"/></imc></stmt><stmt><imc name="MOVE"><imc name="TEMP" value="125"/><imc name="BINOP" value="ADD"><imc name="TEMP" value="123"/><imc name="TEMP" value="124"/></imc></imc></stmt><stmt><imc name="MOVE"><imc name="MEM"><imc name="TEMP" value="125"/></imc><imc name="TEMP" value="122"/></imc></stmt><stmt><imc name="JUMP" value="L35"/></stmt><stmt><imc name="LABEL" value="L36"/></stmt><stmt><imc name="MOVE"><imc name="TEMP" value="126"/><imc name="CONST" value="0"/></imc></stmt><stmt><imc name="MOVE"><imc name="TEMP" value="127"/><imc name="NAME" value="L7"/></imc></stmt><stmt><imc name="ESTMT"><imc name="CALL" value="_putString"><imc name="TEMP" value="126"/><imc name="TEMP" value="127"/></imc></imc></stmt><stmt><imc name="MOVE"><imc name="TEMP" value="128"/><imc name="CONST" value="0"/></imc></stmt><stmt><imc name="MOVE"><imc name="TEMP" value="129"/><imc name="CONST" value="10"/></imc></stmt><stmt><imc name="MOVE"><imc name="TEMP" value="130"/><imc name="CONST" value="256"/></imc></stmt><stmt><imc name="MOVE"><imc name="TEMP" value="131"/><imc name="BINOP" value="MOD"><imc name="TEMP" value="129"/><imc name="TEMP" value="130"/></imc></imc></stmt><stmt><imc name="ESTMT"><imc name="CALL" value="_putChar"><imc name="TEMP" value="128"/><imc name="TEMP" value="131"/></imc></imc></stmt><stmt><imc name="MOVE"><imc name="TEMP" value="132"/><imc name="CONST" value="1"/></imc></stmt><stmt><imc name="MOVE"><imc name="TEMP" value="133"/><imc name="TEMP" value="6"/></imc></stmt><stmt><imc name="MOVE"><imc name="TEMP" value="134"/><imc name="CONST" value="-8"/></imc></stmt><stmt><imc name="MOVE"><imc name="TEMP" value="135"/><imc name="BINOP" value="ADD"><imc name="TEMP" value="133"/><imc name="TEMP" value="134"/></imc></imc></stmt><stmt><imc name="MOVE"><imc name="MEM"><imc name="TEMP" value="135"/></imc><imc name="TEMP" value="132"/></imc></stmt><stmt><imc name="LABEL" value="L38"/></stmt><stmt><imc name="MOVE"><imc name="TEMP" value="136"/><imc name="TEMP" value="6"/></imc></stmt><stmt><imc name="MOVE"><imc name="TEMP" value="137"/><imc name="CONST" value="-8"/></imc></stmt><stmt><imc name="MOVE"><imc name="TEMP" value="138"/><imc name="BINOP" value="ADD"><imc name="TEMP" value="136"/><imc name="TEMP" value="137"/></imc></imc></stmt><stmt><imc name="MOVE"><imc name="TEMP" value="139"/><imc name="MEM"><imc name="TEMP" value="138"/></imc></imc></stmt><stmt><imc name="MOVE"><imc name="TEMP" value="140"/><imc name="CONST" value="10"/></imc></stmt><stmt><imc name="MOVE"><imc name="TEMP" value="141"/><imc name="BINOP" value="LEQ"><imc name="TEMP" value="139"/><imc name="TEMP" value="140"/></imc></imc></stmt><stmt><imc name="CJUMP" value="L37:L39"><imc name="TEMP" value="141"/></imc></stmt><stmt><imc name="LABEL" value="L37"/></stmt><stmt><imc name="MOVE"><imc name="TEMP" value="142"/><imc name="CONST" value="0"/></imc></stmt><stmt><imc name="MOVE"><imc name="TEMP" value="143"/><imc name="TEMP" value="6"/></imc></stmt><stmt><imc name="MOVE"><imc name="TEMP" value="144"/><imc name="CONST" value="-8"/></imc></stmt><stmt><imc name="MOVE"><imc name="TEMP" value="145"/><imc name="BINOP" value="ADD"><imc name="TEMP" value="143"/><imc name="TEMP" value="144"/></imc></imc></stmt><stmt><imc name="MOVE"><imc name="TEMP" value="146"/><imc name="MEM"><imc name="TEMP" value="145"/></imc></imc></stmt><stmt><imc name="ESTMT"><imc name="CALL" value="_putInt"><imc name="TEMP" value="142"/><imc name="TEMP" value="146"/></imc></imc></stmt><stmt><imc name="MOVE"><imc name="TEMP" value="147"/><imc name="CONST" value="0"/></imc></stmt><stmt><imc name="MOVE"><imc name="TEMP" value="148"/><imc name="NAME" value="L8"/></imc></stmt><stmt><imc name="ESTMT"><imc name="CALL" value="_putString"><imc name="TEMP" value="147"/><imc name="TEMP" value="148"/></imc></imc></stmt><stmt><imc name="MOVE"><imc name="TEMP" value="149"/><imc name="CONST" value="0"/></imc></stmt><stmt><imc name="MOVE"><imc name="TEMP" value="150"/><imc name="CONST" value="0"/></imc></stmt><stmt><imc name="MOVE"><imc name="TEMP" value="151"/><imc name="TEMP" value="6"/></imc></stmt><stmt><imc name="MOVE"><imc name="TEMP" value="152"/><imc name="CONST" value="-8"/></imc></stmt><stmt><imc name="MOVE"><imc name="TEMP" value="153"/><imc name="BINOP" value="ADD"><imc name="TEMP" value="151"/><imc name="TEMP" value="152"/></imc></imc></stmt><stmt><imc name="MOVE"><imc name="TEMP" value="154"/><imc name="MEM"><imc name="TEMP" value="153"/></imc></imc></stmt><stmt><imc name="MOVE"><imc name="TEMP" value="155"/><imc name="CALL" value="_fibItr"><imc name="TEMP" value="150"/><imc name="TEMP" value="154"/></imc></imc></stmt><stmt><imc name="ESTMT"><imc name="CALL" value="_putInt"><imc name="TEMP" value="149"/><imc name="TEMP" value="155"/></imc></imc></stmt><stmt><imc name="MOVE"><imc name="TEMP" value="156"/><imc name="CONST" value="0"/></imc></stmt><stmt><imc name="MOVE"><imc name="TEMP" value="157"/><imc name="CONST" value="10"/></imc></stmt><stmt><imc name="MOVE"><imc name="TEMP" value="158"/><imc name="CONST" value="256"/></imc></stmt><stmt><imc name="MOVE"><imc name="TEMP" value="159"/><imc name="BINOP" value="MOD"><imc name="TEMP" value="157"/><imc name="TEMP" value="158"/></imc></imc></stmt><stmt><imc name="ESTMT"><imc name="CALL" value="_putChar"><imc name="TEMP" value="156"/><imc name="TEMP" value="159"/></imc></imc></stmt><stmt><imc name="MOVE"><imc name="TEMP" value="160"/><imc name="TEMP" value="6"/></imc></stmt><stmt><imc name="MOVE"><imc name="TEMP" value="161"/><imc name="CONST" value="-8"/></imc></stmt><stmt><imc name="MOVE"><imc name="TEMP" value="162"/><imc name="BINOP" value="ADD"><imc name="TEMP" value="160"/><imc name="TEMP" value="161"/></imc></imc></stmt><stmt><imc name="MOVE"><imc name="TEMP" value="163"/><imc name="MEM"><imc name="TEMP" value="162"/></imc></imc></stmt><stmt><imc name="MOVE"><imc name="TEMP" value="164"/><imc name="CONST" value="1"/></imc></stmt><stmt><imc name="MOVE"><imc name="TEMP" value="165"/><imc name="BINOP" value="ADD"><imc name="TEMP" value="163"/><imc name="TEMP" value="164"/></imc></imc></stmt><stmt><imc name="MOVE"><imc name="TEMP" value="166"/><imc name="TEMP" value="6"/></imc></stmt><stmt><imc name="MOVE"><imc name="TEMP" value="167"/><imc name="CONST" value="-8"/></imc></stmt><stmt><imc name="MOVE"><imc name="TEMP" value="168"/><imc name="BINOP" value="ADD"><imc name="TEMP" value="166"/><imc name="TEMP" value="167"/></imc></imc></stmt><stmt><imc name="MOVE"><imc name="MEM"><imc name="TEMP" value="168"/></imc><imc name="TEMP" value="165"/></imc></stmt><stmt><imc name="JUMP" value="L38"/></stmt><stmt><imc name="LABEL" value="L39"/></stmt><stmt><imc name="MOVE"><imc name="TEMP" value="169"/><imc name="CONST" value="0"/></imc></stmt><stmt><imc name="MOVE"><imc name="TEMP" value="170"/><imc name="NAME" value="L9"/></imc></stmt><stmt><imc name="ESTMT"><imc name="CALL" value="_putString"><imc name="TEMP" value="169"/><imc name="TEMP" value="170"/></imc></imc></stmt><stmt><imc name="MOVE"><imc name="TEMP" value="171"/><imc name="CONST" value="0"/></imc></stmt><stmt><imc name="MOVE"><imc name="TEMP" value="172"/><imc name="CONST" value="10"/></imc></stmt><stmt><imc name="MOVE"><imc name="TEMP" value="173"/><imc name="CONST" value="256"/></imc></stmt><stmt><imc name="MOVE"><imc name="TEMP" value="174"/><imc name="BINOP" value="MOD"><imc name="TEMP" value="172"/><imc name="TEMP" value="173"/></imc></imc></stmt><stmt><imc name="ESTMT"><imc name="CALL" value="_putChar"><imc name="TEMP" value="171"/><imc name="TEMP" value="174"/></imc></imc></stmt><stmt><imc name="MOVE"><imc name="TEMP" value="175"/><imc name="CONST" value="1"/></imc></stmt><stmt><imc name="MOVE"><imc name="TEMP" value="176"/><imc name="TEMP" value="6"/></imc></stmt><stmt><imc name="MOVE"><imc name="TEMP" value="177"/><imc name="CONST" value="-8"/></imc></stmt><stmt><imc name="MOVE"><imc name="TEMP" value="178"/><imc name="BINOP" value="ADD"><imc name="TEMP" value="176"/><imc name="TEMP" value="177"/></imc></imc></stmt><stmt><imc name="MOVE"><imc name="MEM"><imc name="TEMP" value="178"/></imc><imc name="TEMP" value="175"/></imc></stmt><stmt><imc name="LABEL" value="L41"/></stmt><stmt><imc name="MOVE"><imc name="TEMP" value="179"/><imc name="TEMP" value="6"/></imc></stmt><stmt><imc name="MOVE"><imc name="TEMP" value="180"/><imc name="CONST" value="-8"/></imc></stmt><stmt><imc name="MOVE"><imc name="TEMP" value="181"/><imc name="BINOP" value="ADD"><imc name="TEMP" value="179"/><imc name="TEMP" value="180"/></imc></imc></stmt><stmt><imc name="MOVE"><imc name="TEMP" value="182"/><imc name="MEM"><imc name="TEMP" value="181"/></imc></imc></stmt><stmt><imc name="MOVE"><imc name="TEMP" value="183"/><imc name="CONST" value="10"/></imc></stmt><stmt><imc name="MOVE"><imc name="TEMP" value="184"/><imc name="BINOP" value="LEQ"><imc name="TEMP" value="182"/><imc name="TEMP" value="183"/></imc></imc></stmt><stmt><imc name="CJUMP" value="L40:L42"><imc name="TEMP" value="184"/></imc></stmt><stmt><imc name="LABEL" value="L40"/></stmt><stmt><imc name="MOVE"><imc name="TEMP" value="185"/><imc name="CONST" value="0"/></imc></stmt><stmt><imc name="MOVE"><imc name="TEMP" value="186"/><imc name="TEMP" value="6"/></imc></stmt><stmt><imc name="MOVE"><imc name="TEMP" value="187"/><imc name="CONST" value="-8"/></imc></stmt><stmt><imc name="MOVE"><imc name="TEMP" value="188"/><imc name="BINOP" value="ADD"><imc name="TEMP" value="186"/><imc name="TEMP" value="187"/></imc></imc></stmt><stmt><imc name="MOVE"><imc name="TEMP" value="189"/><imc name="MEM"><imc name="TEMP" value="188"/></imc></imc></stmt><stmt><imc name="ESTMT"><imc name="CALL" value="_putInt"><imc name="TEMP" value="185"/><imc name="TEMP" value="189"/></imc></imc></stmt><stmt><imc name="MOVE"><imc name="TEMP" value="190"/><imc name="CONST" value="0"/></imc></stmt><stmt><imc name="MOVE"><imc name="TEMP" value="191"/><imc name="NAME" value="L10"/></imc></stmt><stmt><imc name="ESTMT"><imc name="CALL" value="_putString"><imc name="TEMP" value="190"/><imc name="TEMP" value="191"/></imc></imc></stmt><stmt><imc name="MOVE"><imc name="TEMP" value="192"/><imc name="CONST" value="0"/></imc></stmt><stmt><imc name="MOVE"><imc name="TEMP" value="193"/><imc name="CONST" value="0"/></imc></stmt><stmt><imc name="MOVE"><imc name="TEMP" value="194"/><imc name="TEMP" value="6"/></imc></stmt><stmt><imc name="MOVE"><imc name="TEMP" value="195"/><imc name="CONST" value="-8"/></imc></stmt><stmt><imc name="MOVE"><imc name="TEMP" value="196"/><imc name="BINOP" value="ADD"><imc name="TEMP" value="194"/><imc name="TEMP" value="195"/></imc></imc></stmt><stmt><imc name="MOVE"><imc name="TEMP" value="197"/><imc name="MEM"><imc name="TEMP" value="196"/></imc></imc></stmt><stmt><imc name="MOVE"><imc name="TEMP" value="198"/><imc name="CALL" value="_fibRec"><imc name="TEMP" value="193"/><imc name="TEMP" value="197"/></imc></imc></stmt><stmt><imc name="ESTMT"><imc name="CALL" value="_putInt"><imc name="TEMP" value="192"/><imc name="TEMP" value="198"/></imc></imc></stmt><stmt><imc name="MOVE"><imc name="TEMP" value="199"/><imc name="CONST" value="0"/></imc></stmt><stmt><imc name="MOVE"><imc name="TEMP" value="200"/><imc name="CONST" value="10"/></imc></stmt><stmt><imc name="MOVE"><imc name="TEMP" value="201"/><imc name="CONST" value="256"/></imc></stmt><stmt><imc name="MOVE"><imc name="TEMP" value="202"/><imc name="BINOP" value="MOD"><imc name="TEMP" value="200"/><imc name="TEMP" value="201"/></imc></imc></stmt><stmt><imc name="ESTMT"><imc name="CALL" value="_putChar"><imc name="TEMP" value="199"/><imc name="TEMP" value="202"/></imc></imc></stmt><stmt><imc name="MOVE"><imc name="TEMP" value="203"/><imc name="TEMP" value="6"/></imc></stmt><stmt><imc name="MOVE"><imc name="TEMP" value="204"/><imc name="CONST" value="-8"/></imc></stmt><stmt><imc name="MOVE"><imc name="TEMP" value="205"/><imc name="BINOP" value="ADD"><imc name="TEMP" value="203"/><imc name="TEMP" value="204"/></imc></imc></stmt><stmt><imc name="MOVE"><imc name="TEMP" value="206"/><imc name="MEM"><imc name="TEMP" value="205"/></imc></imc></stmt><stmt><imc name="MOVE"><imc name="TEMP" value="207"/><imc name="CONST" value="1"/></imc></stmt><stmt><imc name="MOVE"><imc name="TEMP" value="208"/><imc name="BINOP" value="ADD"><imc name="TEMP" value="206"/><imc name="TEMP" value="207"/></imc></imc></stmt><stmt><imc name="MOVE"><imc name="TEMP" value="209"/><imc name="TEMP" value="6"/></imc></stmt><stmt><imc name="MOVE"><imc name="TEMP" value="210"/><imc name="CONST" value="-8"/></imc></stmt><stmt><imc name="MOVE"><imc name="TEMP" value="211"/><imc name="BINOP" value="ADD"><imc name="TEMP" value="209"/><imc name="TEMP" value="210"/></imc></imc></stmt><stmt><imc name="MOVE"><imc name="MEM"><imc name="TEMP" value="211"/></imc><imc name="TEMP" value="208"/></imc></stmt><stmt><imc name="JUMP" value="L41"/></stmt><stmt><imc name="LABEL" value="L42"/></stmt><stmt><imc name="MOVE"><imc name="TEMP" value="212"/><imc name="CONST" value="0"/></imc></stmt><stmt><imc name="MOVE"><imc name="TEMP" value="213"/><imc name="NAME" value="L11"/></imc></stmt><stmt><imc name="ESTMT"><imc name="CALL" value="_putString"><imc name="TEMP" value="212"/><imc name="TEMP" value="213"/></imc></imc></stmt><stmt><imc name="MOVE"><imc name="TEMP" value="214"/><imc name="CONST" value="0"/></imc></stmt><stmt><imc name="MOVE"><imc name="TEMP" value="215"/><imc name="CONST" value="10"/></imc></stmt><stmt><imc name="MOVE"><imc name="TEMP" value="216"/><imc name="CONST" value="256"/></imc></stmt><stmt><imc name="MOVE"><imc name="TEMP" value="217"/><imc name="BINOP" value="MOD"><imc name="TEMP" value="215"/><imc name="TEMP" value="216"/></imc></imc></stmt><stmt><imc name="ESTMT"><imc name="CALL" value="_putChar"><imc name="TEMP" value="214"/><imc name="TEMP" value="217"/></imc></imc></stmt><stmt><imc name="MOVE"><imc name="TEMP" value="218"/><imc name="CONST" value="0"/></imc></stmt><stmt><imc name="MOVE"><imc name="TEMP" value="219"/><imc name="CONST" value="4"/></imc></stmt><stmt><imc name="MOVE"><imc name="TEMP" value="220"/><imc name="CONST" value="3"/></imc></stmt><stmt><imc name="ESTMT"><imc name="CALL" value="_combs"><imc name="TEMP" value="218"/><imc name="TEMP" value="219"/><imc name="TEMP" value="220"/></imc></imc></stmt><stmt><imc name="MOVE"><imc name="TEMP" value="221"/><imc name="CONST" value="0"/></imc></stmt><stmt><imc name="MOVE"><imc name="TEMP" value="222"/><imc name="NAME" value="L12"/></imc></stmt><stmt><imc name="ESTMT"><imc name="CALL" value="_putString"><imc name="TEMP" value="221"/><imc name="TEMP" value="222"/></imc></imc></stmt><stmt><imc name="MOVE"><imc name="TEMP" value="223"/><imc name="CONST" value="0"/></imc></stmt><stmt><imc name="MOVE"><imc name="TEMP" value="224"/><imc name="CONST" value="10"/></imc></stmt><stmt><imc name="MOVE"><imc name="TEMP" value="225"/><imc name="CONST" value="256"/></imc></stmt><stmt><imc name="MOVE"><imc name="TEMP" value="226"/><imc name="BINOP" value="MOD"><imc name="TEMP" value="224"/><imc name="TEMP" value="225"/></imc></imc></stmt><stmt><imc name="ESTMT"><imc name="CALL" value="_putChar"><imc name="TEMP" value="223"/><imc name="TEMP" value="226"/></imc></imc></stmt><stmt><imc name="MOVE"><imc name="TEMP" value="227"/><imc name="CONST" value="0"/></imc></stmt><stmt><imc name="MOVE"><imc name="TEMP" value="228"/><imc name="TEMP" value="6"/></imc></stmt><stmt><imc name="MOVE"><imc name="TEMP" value="229"/><imc name="CONST" value="-24"/></imc></stmt><stmt><imc name="MOVE"><imc name="TEMP" value="230"/><imc name="BINOP" value="ADD"><imc name="TEMP" value="228"/><imc name="TEMP" value="229"/></imc></imc></stmt><stmt><imc name="MOVE"><imc name="MEM"><imc name="TEMP" value="230"/></imc><imc name="TEMP" value="227"/></imc></stmt><stmt><imc name="MOVE"><imc name="TEMP" value="231"/><imc name="CONST" value="0"/></imc></stmt><stmt><imc name="MOVE"><imc name="TEMP" value="232"/><imc name="TEMP" value="6"/></imc></stmt><stmt><imc name="MOVE"><imc name="TEMP" value="233"/><imc name="CONST" value="-24"/></imc></stmt><stmt><imc name="MOVE"><imc name="TEMP" value="234"/><imc name="BINOP" value="ADD"><imc name="TEMP" value="232"/><imc name="TEMP" value="233"/></imc></imc></stmt><stmt><imc name="MOVE"><imc name="TEMP" value="235"/><imc name="MEM"><imc name="TEMP" value="234"/></imc></imc></stmt><stmt><imc name="ESTMT"><imc name="CALL" value="_printBT"><imc name="TEMP" value="231"/><imc name="TEMP" value="235"/></imc></imc></stmt><stmt><imc name="MOVE"><imc name="TEMP" value="236"/><imc name="CONST" value="0"/></imc></stmt><stmt><imc name="MOVE"><imc name="TEMP" value="237"/><imc name="CONST" value="10"/></imc></stmt><stmt><imc name="MOVE"><imc name="TEMP" value="238"/><imc name="CONST" value="256"/></imc></stmt><stmt><imc name="MOVE"><imc name="TEMP" value="239"/><imc name="BINOP" value="MOD"><imc name="TEMP" value="237"/><imc name="TEMP" value="238"/></imc></imc></stmt><stmt><imc name="ESTMT"><imc name="CALL" value="_putChar"><imc name="TEMP" value="236"/><imc name="TEMP" value="239"/></imc></imc></stmt><stmt><imc name="MOVE"><imc name="TEMP" value="240"/><imc name="CONST" value="0"/></imc></stmt><stmt><imc name="MOVE"><imc name="TEMP" value="241"/><imc name="CONST" value="5"/></imc></stmt><stmt><imc name="MOVE"><imc name="TEMP" value="242"/><imc name="TEMP" value="6"/></imc></stmt><stmt><imc name="MOVE"><imc name="TEMP" value="243"/><imc name="CONST" value="-24"/></imc></stmt><stmt><imc name="MOVE"><imc name="TEMP" value="244"/><imc name="BINOP" value="ADD"><imc name="TEMP" value="242"/><imc name="TEMP" value="243"/></imc></imc></stmt><stmt><imc name="MOVE"><imc name="TEMP" value="245"/><imc name="MEM"><imc name="TEMP" value="244"/></imc></imc></stmt><stmt><imc name="MOVE"><imc name="TEMP" value="246"/><imc name="CALL" value="_insBT"><imc name="TEMP" value="240"/><imc name="TEMP" value="241"/><imc name="TEMP" value="245"/></imc></imc></stmt><stmt><imc name="MOVE"><imc name="TEMP" value="247"/><imc name="TEMP" value="6"/></imc></stmt><stmt><imc name="MOVE"><imc name="TEMP" value="248"/><imc name="CONST" value="-24"/></imc></stmt><stmt><imc name="MOVE"><imc name="TEMP" value="249"/><imc name="BINOP" value="ADD"><imc name="TEMP" value="247"/><imc name="TEMP" value="248"/></imc></imc></stmt><stmt><imc name="MOVE"><imc name="MEM"><imc name="TEMP" value="249"/></imc><imc name="TEMP" value="246"/></imc></stmt><stmt><imc name="MOVE"><imc name="TEMP" value="250"/><imc name="CONST" value="0"/></imc></stmt><stmt><imc name="MOVE"><imc name="TEMP" value="251"/><imc name="TEMP" value="6"/></imc></stmt><stmt><imc name="MOVE"><imc name="TEMP" value="252"/><imc name="CONST" value="-24"/></imc></stmt><stmt><imc name="MOVE"><imc name="TEMP" value="253"/><imc name="BINOP" value="ADD"><imc name="TEMP" value="251"/><imc name="TEMP" value="252"/></imc></imc></stmt><stmt><imc name="MOVE"><imc name="TEMP" value="254"/><imc name="MEM"><imc name="TEMP" value="253"/></imc></imc></stmt><stmt><imc name="ESTMT"><imc name="CALL" value="_printBT"><imc name="TEMP" value="250"/><imc name="TEMP" value="254"/></imc></imc></stmt><stmt><imc name="MOVE"><imc name="TEMP" value="255"/><imc name="CONST" value="0"/></imc></stmt><stmt><imc name="MOVE"><imc name="TEMP" value="256"/><imc name="CONST" value="10"/></imc></stmt><stmt><imc name="MOVE"><imc name="TEMP" value="257"/><imc name="CONST" value="256"/></imc></stmt><stmt><imc name="MOVE"><imc name="TEMP" value="258"/><imc name="BINOP" value="MOD"><imc name="TEMP" value="256"/><imc name="TEMP" value="257"/></imc></imc></stmt><stmt><imc name="ESTMT"><imc name="CALL" value="_putChar"><imc name="TEMP" value="255"/><imc name="TEMP" value="258"/></imc></imc></stmt><stmt><imc name="MOVE"><imc name="TEMP" value="259"/><imc name="CONST" value="0"/></imc></stmt><stmt><imc name="MOVE"><imc name="TEMP" value="260"/><imc name="CONST" value="7"/></imc></stmt><stmt><imc name="MOVE"><imc name="TEMP" value="261"/><imc name="TEMP" value="6"/></imc></stmt><stmt><imc name="MOVE"><imc name="TEMP" value="262"/><imc name="CONST" value="-24"/></imc></stmt><stmt><imc name="MOVE"><imc name="TEMP" value="263"/><imc name="BINOP" value="ADD"><imc name="TEMP" value="261"/><imc name="TEMP" value="262"/></imc></imc></stmt><stmt><imc name="MOVE"><imc name="TEMP" value="264"/><imc name="MEM"><imc name="TEMP" value="263"/></imc></imc></stmt><stmt><imc name="MOVE"><imc name="TEMP" value="265"/><imc name="CALL" value="_insBT"><imc name="TEMP" value="259"/><imc name="TEMP" value="260"/><imc name="TEMP" value="264"/></imc></imc></stmt><stmt><imc name="MOVE"><imc name="TEMP" value="266"/><imc name="TEMP" value="6"/></imc></stmt><stmt><imc name="MOVE"><imc name="TEMP" value="267"/><imc name="CONST" value="-24"/></imc></stmt><stmt><imc name="MOVE"><imc name="TEMP" value="268"/><imc name="BINOP" value="ADD"><imc name="TEMP" value="266"/><imc name="TEMP" value="267"/></imc></imc></stmt><stmt><imc name="MOVE"><imc name="MEM"><imc name="TEMP" value="268"/></imc><imc name="TEMP" value="265"/></imc></stmt><stmt><imc name="MOVE"><imc name="TEMP" value="269"/><imc name="CONST" value="0"/></imc></stmt><stmt><imc name="MOVE"><imc name="TEMP" value="270"/><imc name="TEMP" value="6"/></imc></stmt><stmt><imc name="MOVE"><imc name="TEMP" value="271"/><imc name="CONST" value="-24"/></imc></stmt><stmt><imc name="MOVE"><imc name="TEMP" value="272"/><imc name="BINOP" value="ADD"><imc name="TEMP" value="270"/><imc name="TEMP" value="271"/></imc></imc></stmt><stmt><imc name="MOVE"><imc name="TEMP" value="273"/><imc name="MEM"><imc name="TEMP" value="272"/></imc></imc></stmt><stmt><imc name="ESTMT"><imc name="CALL" value="_printBT"><imc name="TEMP" value="269"/><imc name="TEMP" value="273"/></imc></imc></stmt><stmt><imc name="MOVE"><imc name="TEMP" value="274"/><imc name="CONST" value="0"/></imc></stmt><stmt><imc name="MOVE"><imc name="TEMP" value="275"/><imc name="CONST" value="10"/></imc></stmt><stmt><imc name="MOVE"><imc name="TEMP" value="276"/><imc name="CONST" value="256"/></imc></stmt><stmt><imc name="MOVE"><imc name="TEMP" value="277"/><imc name="BINOP" value="MOD"><imc name="TEMP" value="275"/><imc name="TEMP" value="276"/></imc></imc></stmt><stmt><imc name="ESTMT"><imc name="CALL" value="_putChar"><imc name="TEMP" value="274"/><imc name="TEMP" value="277"/></imc></imc></stmt><stmt><imc name="MOVE"><imc name="TEMP" value="278"/><imc name="CONST" value="0"/></imc></stmt><stmt><imc name="MOVE"><imc name="TEMP" value="279"/><imc name="CONST" value="8"/></imc></stmt><stmt><imc name="MOVE"><imc name="TEMP" value="280"/><imc name="TEMP" value="6"/></imc></stmt><stmt><imc name="MOVE"><imc name="TEMP" value="281"/><imc name="CONST" value="-24"/></imc></stmt><stmt><imc name="MOVE"><imc name="TEMP" value="282"/><imc name="BINOP" value="ADD"><imc name="TEMP" value="280"/><imc name="TEMP" value="281"/></imc></imc></stmt><stmt><imc name="MOVE"><imc name="TEMP" value="283"/><imc name="MEM"><imc name="TEMP" value="282"/></imc></imc></stmt><stmt><imc name="MOVE"><imc name="TEMP" value="284"/><imc name="CALL" value="_insBT"><imc name="TEMP" value="278"/><imc name="TEMP" value="279"/><imc name="TEMP" value="283"/></imc></imc></stmt><stmt><imc name="MOVE"><imc name="TEMP" value="285"/><imc name="TEMP" value="6"/></imc></stmt><stmt><imc name="MOVE"><imc name="TEMP" value="286"/><imc name="CONST" value="-24"/></imc></stmt><stmt><imc name="MOVE"><imc name="TEMP" value="287"/><imc name="BINOP" value="ADD"><imc name="TEMP" value="285"/><imc name="TEMP" value="286"/></imc></imc></stmt><stmt><imc name="MOVE"><imc name="MEM"><imc name="TEMP" value="287"/></imc><imc name="TEMP" value="284"/></imc></stmt><stmt><imc name="MOVE"><imc name="TEMP" value="288"/><imc name="CONST" value="0"/></imc></stmt><stmt><imc name="MOVE"><imc name="TEMP" value="289"/><imc name="TEMP" value="6"/></imc></stmt><stmt><imc name="MOVE"><imc name="TEMP" value="290"/><imc name="CONST" value="-24"/></imc></stmt><stmt><imc name="MOVE"><imc name="TEMP" value="291"/><imc name="BINOP" value="ADD"><imc name="TEMP" value="289"/><imc name="TEMP" value="290"/></imc></imc></stmt><stmt><imc name="MOVE"><imc name="TEMP" value="292"/><imc name="MEM"><imc name="TEMP" value="291"/></imc></imc></stmt><stmt><imc name="ESTMT"><imc name="CALL" value="_printBT"><imc name="TEMP" value="288"/><imc name="TEMP" value="292"/></imc></imc></stmt><stmt><imc name="MOVE"><imc name="TEMP" value="293"/><imc name="CONST" value="0"/></imc></stmt><stmt><imc name="MOVE"><imc name="TEMP" value="294"/><imc name="CONST" value="10"/></imc></stmt><stmt><imc name="MOVE"><imc name="TEMP" value="295"/><imc name="CONST" value="256"/></imc></stmt><stmt><imc name="MOVE"><imc name="TEMP" value="296"/><imc name="BINOP" value="MOD"><imc name="TEMP" value="294"/><imc name="TEMP" value="295"/></imc></imc></stmt><stmt><imc name="ESTMT"><imc name="CALL" value="_putChar"><imc name="TEMP" value="293"/><imc name="TEMP" value="296"/></imc></imc></stmt><stmt><imc name="MOVE"><imc name="TEMP" value="297"/><imc name="CONST" value="0"/></imc></stmt><stmt><imc name="MOVE"><imc name="TEMP" value="298"/><imc name="CONST" value="2"/></imc></stmt><stmt><imc name="MOVE"><imc name="TEMP" value="299"/><imc name="TEMP" value="6"/></imc></stmt><stmt><imc name="MOVE"><imc name="TEMP" value="300"/><imc name="CONST" value="-24"/></imc></stmt><stmt><imc name="MOVE"><imc name="TEMP" value="301"/><imc name="BINOP" value="ADD"><imc name="TEMP" value="299"/><imc name="TEMP" value="300"/></imc></imc></stmt><stmt><imc name="MOVE"><imc name="TEMP" value="302"/><imc name="MEM"><imc name="TEMP" value="301"/></imc></imc></stmt><stmt><imc name="MOVE"><imc name="TEMP" value="303"/><imc name="CALL" value="_insBT"><imc name="TEMP" value="297"/><imc name="TEMP" value="298"/><imc name="TEMP" value="302"/></imc></imc></stmt><stmt><imc name="MOVE"><imc name="TEMP" value="304"/><imc name="TEMP" value="6"/></imc></stmt><stmt><imc name="MOVE"><imc name="TEMP" value="305"/><imc name="CONST" value="-24"/></imc></stmt><stmt><imc name="MOVE"><imc name="TEMP" value="306"/><imc name="BINOP" value="ADD"><imc name="TEMP" value="304"/><imc name="TEMP" value="305"/></imc></imc></stmt><stmt><imc name="MOVE"><imc name="MEM"><imc name="TEMP" value="306"/></imc><imc name="TEMP" value="303"/></imc></stmt><stmt><imc name="MOVE"><imc name="TEMP" value="307"/><imc name="CONST" value="0"/></imc></stmt><stmt><imc name="MOVE"><imc name="TEMP" value="308"/><imc name="TEMP" value="6"/></imc></stmt><stmt><imc name="MOVE"><imc name="TEMP" value="309"/><imc name="CONST" value="-24"/></imc></stmt><stmt><imc name="MOVE"><imc name="TEMP" value="310"/><imc name="BINOP" value="ADD"><imc name="TEMP" value="308"/><imc name="TEMP" value="309"/></imc></imc></stmt><stmt><imc name="MOVE"><imc name="TEMP" value="311"/><imc name="MEM"><imc name="TEMP" value="310"/></imc></imc></stmt><stmt><imc name="ESTMT"><imc name="CALL" value="_printBT"><imc name="TEMP" value="307"/><imc name="TEMP" value="311"/></imc></imc></stmt><stmt><imc name="MOVE"><imc name="TEMP" value="312"/><imc name="CONST" value="0"/></imc></stmt><stmt><imc name="MOVE"><imc name="TEMP" value="313"/><imc name="CONST" value="10"/></imc></stmt><stmt><imc name="MOVE"><imc name="TEMP" value="314"/><imc name="CONST" value="256"/></imc></stmt><stmt><imc name="MOVE"><imc name="TEMP" value="315"/><imc name="BINOP" value="MOD"><imc name="TEMP" value="313"/><imc name="TEMP" value="314"/></imc></imc></stmt><stmt><imc name="ESTMT"><imc name="CALL" value="_putChar"><imc name="TEMP" value="312"/><imc name="TEMP" value="315"/></imc></imc></stmt><stmt><imc name="MOVE"><imc name="TEMP" value="316"/><imc name="CONST" value="0"/></imc></stmt><stmt><imc name="MOVE"><imc name="TEMP" value="317"/><imc name="CONST" value="6"/></imc></stmt><stmt><imc name="MOVE"><imc name="TEMP" value="318"/><imc name="TEMP" value="6"/></imc></stmt><stmt><imc name="MOVE"><imc name="TEMP" value="319"/><imc name="CONST" value="-24"/></imc></stmt><stmt><imc name="MOVE"><imc name="TEMP" value="320"/><imc name="BINOP" value="ADD"><imc name="TEMP" value="318"/><imc name="TEMP" value="319"/></imc></imc></stmt><stmt><imc name="MOVE"><imc name="TEMP" value="321"/><imc name="MEM"><imc name="TEMP" value="320"/></imc></imc></stmt><stmt><imc name="MOVE"><imc name="TEMP" value="322"/><imc name="CALL" value="_insBT"><imc name="TEMP" value="316"/><imc name="TEMP" value="317"/><imc name="TEMP" value="321"/></imc></imc></stmt><stmt><imc name="MOVE"><imc name="TEMP" value="323"/><imc name="TEMP" value="6"/></imc></stmt><stmt><imc name="MOVE"><imc name="TEMP" value="324"/><imc name="CONST" value="-24"/></imc></stmt><stmt><imc name="MOVE"><imc name="TEMP" value="325"/><imc name="BINOP" value="ADD"><imc name="TEMP" value="323"/><imc name="TEMP" value="324"/></imc></imc></stmt><stmt><imc name="MOVE"><imc name="MEM"><imc name="TEMP" value="325"/></imc><imc name="TEMP" value="322"/></imc></stmt><stmt><imc name="MOVE"><imc name="TEMP" value="326"/><imc name="CONST" value="0"/></imc></stmt><stmt><imc name="MOVE"><imc name="TEMP" value="327"/><imc name="TEMP" value="6"/></imc></stmt><stmt><imc name="MOVE"><imc name="TEMP" value="328"/><imc name="CONST" value="-24"/></imc></stmt><stmt><imc name="MOVE"><imc name="TEMP" value="329"/><imc name="BINOP" value="ADD"><imc name="TEMP" value="327"/><imc name="TEMP" value="328"/></imc></imc></stmt><stmt><imc name="MOVE"><imc name="TEMP" value="330"/><imc name="MEM"><imc name="TEMP" value="329"/></imc></imc></stmt><stmt><imc name="ESTMT"><imc name="CALL" value="_printBT"><imc name="TEMP" value="326"/><imc name="TEMP" value="330"/></imc></imc></stmt><stmt><imc name="MOVE"><imc name="TEMP" value="331"/><imc name="CONST" value="0"/></imc></stmt><stmt><imc name="MOVE"><imc name="TEMP" value="332"/><imc name="CONST" value="10"/></imc></stmt><stmt><imc name="MOVE"><imc name="TEMP" value="333"/><imc name="CONST" value="256"/></imc></stmt><stmt><imc name="MOVE"><imc name="TEMP" value="334"/><imc name="BINOP" value="MOD"><imc name="TEMP" value="332"/><imc name="TEMP" value="333"/></imc></imc></stmt><stmt><imc name="ESTMT"><imc name="CALL" value="_putChar"><imc name="TEMP" value="331"/><imc name="TEMP" value="334"/></imc></imc></stmt><stmt><imc name="MOVE"><imc name="TEMP" value="335"/><imc name="CONST" value="0"/></imc></stmt><stmt><imc name="MOVE"><imc name="TEMP" value="336"/><imc name="CONST" value="8"/></imc></stmt><stmt><imc name="MOVE"><imc name="TEMP" value="337"/><imc name="TEMP" value="6"/></imc></stmt><stmt><imc name="MOVE"><imc name="TEMP" value="338"/><imc name="CONST" value="-24"/></imc></stmt><stmt><imc name="MOVE"><imc name="TEMP" value="339"/><imc name="BINOP" value="ADD"><imc name="TEMP" value="337"/><imc name="TEMP" value="338"/></imc></imc></stmt><stmt><imc name="MOVE"><imc name="TEMP" value="340"/><imc name="MEM"><imc name="TEMP" value="339"/></imc></imc></stmt><stmt><imc name="MOVE"><imc name="TEMP" value="341"/><imc name="CALL" value="_delBT"><imc name="TEMP" value="335"/><imc name="TEMP" value="336"/><imc name="TEMP" value="340"/></imc></imc></stmt><stmt><imc name="MOVE"><imc name="TEMP" value="342"/><imc name="TEMP" value="6"/></imc></stmt><stmt><imc name="MOVE"><imc name="TEMP" value="343"/><imc name="CONST" value="-24"/></imc></stmt><stmt><imc name="MOVE"><imc name="TEMP" value="344"/><imc name="BINOP" value="ADD"><imc name="TEMP" value="342"/><imc name="TEMP" value="343"/></imc></imc></stmt><stmt><imc name="MOVE"><imc name="MEM"><imc name="TEMP" value="344"/></imc><imc name="TEMP" value="341"/></imc></stmt><stmt><imc name="MOVE"><imc name="TEMP" value="345"/><imc name="CONST" value="0"/></imc></stmt><stmt><imc name="MOVE"><imc name="TEMP" value="346"/><imc name="TEMP" value="6"/></imc></stmt><stmt><imc name="MOVE"><imc name="TEMP" value="347"/><imc name="CONST" value="-24"/></imc></stmt><stmt><imc name="MOVE"><imc name="TEMP" value="348"/><imc name="BINOP" value="ADD"><imc name="TEMP" value="346"/><imc name="TEMP" value="347"/></imc></imc></stmt><stmt><imc name="MOVE"><imc name="TEMP" value="349"/><imc name="MEM"><imc name="TEMP" value="348"/></imc></imc></stmt><stmt><imc name="ESTMT"><imc name="CALL" value="_printBT"><imc name="TEMP" value="345"/><imc name="TEMP" value="349"/></imc></imc></stmt><stmt><imc name="MOVE"><imc name="TEMP" value="350"/><imc name="CONST" value="0"/></imc></stmt><stmt><imc name="MOVE"><imc name="TEMP" value="351"/><imc name="CONST" value="10"/></imc></stmt><stmt><imc name="MOVE"><imc name="TEMP" value="352"/><imc name="CONST" value="256"/></imc></stmt><stmt><imc name="MOVE"><imc name="TEMP" value="353"/><imc name="BINOP" value="MOD"><imc name="TEMP" value="351"/><imc name="TEMP" value="352"/></imc></imc></stmt><stmt><imc name="ESTMT"><imc name="CALL" value="_putChar"><imc name="TEMP" value="350"/><imc name="TEMP" value="353"/></imc></imc></stmt><stmt><imc name="ESTMT"><imc name="CONST" value="0"/></imc></stmt><stmt><imc name="MOVE"><imc name="TEMP" value="354"/><imc name="CONST" value="0"/></imc></stmt><stmt><imc name="MOVE"><imc name="TEMP" value="355"/><imc name="NAME" value="L13"/></imc></stmt><stmt><imc name="ESTMT"><imc name="CALL" value="_putString"><imc name="TEMP" value="354"/><imc name="TEMP" value="355"/></imc></imc></stmt><stmt><imc name="MOVE"><imc name="TEMP" value="356"/><imc name="CONST" value="0"/></imc></stmt><stmt><imc name="MOVE"><imc name="TEMP" value="357"/><imc name="CONST" value="10"/></imc></stmt><stmt><imc name="MOVE"><imc name="TEMP" value="358"/><imc name="CONST" value="256"/></imc></stmt><stmt><imc name="MOVE"><imc name="TEMP" value="359"/><imc name="BINOP" value="MOD"><imc name="TEMP" value="357"/><imc name="TEMP" value="358"/></imc></imc></stmt><stmt><imc name="ESTMT"><imc name="CALL" value="_putChar"><imc name="TEMP" value="356"/><imc name="TEMP" value="359"/></imc></imc></stmt><stmt><imc name="MOVE"><imc name="TEMP" value="360"/><imc name="CONST" value="0"/></imc></stmt><stmt><imc name="MOVE"><imc name="TEMP" value="361"/><imc name="TEMP" value="6"/></imc></stmt><stmt><imc name="MOVE"><imc name="TEMP" value="362"/><imc name="CONST" value="-672"/></imc></stmt><stmt><imc name="MOVE"><imc name="TEMP" value="363"/><imc name="BINOP" value="ADD"><imc name="TEMP" value="361"/><imc name="TEMP" value="362"/></imc></imc></stmt><stmt><imc name="MOVE"><imc name="TEMP" value="364"/><imc name="CONST" value="0"/></imc></stmt><stmt><imc name="MOVE"><imc name="TEMP" value="365"/><imc name="CONST" value="72"/></imc></stmt><stmt><imc name="MOVE"><imc name="TEMP" value="366"/><imc name="BINOP" value="MUL"><imc name="TEMP" value="364"/><imc name="TEMP" value="365"/></imc></imc></stmt><stmt><imc name="MOVE"><imc name="TEMP" value="367"/><imc name="BINOP" value="ADD"><imc name="TEMP" value="363"/><imc name="TEMP" value="366"/></imc></imc></stmt><stmt><imc name="MOVE"><imc name="TEMP" value="368"/><imc name="CONST" value="0"/></imc></stmt><stmt><imc name="MOVE"><imc name="TEMP" value="369"/><imc name="CONST" value="8"/></imc></stmt><stmt><imc name="MOVE"><imc name="TEMP" value="370"/><imc name="BINOP" value="MUL"><imc name="TEMP" value="368"/><imc name="TEMP" value="369"/></imc></imc></stmt><stmt><imc name="MOVE"><imc name="TEMP" value="371"/><imc name="BINOP" value="ADD"><imc name="TEMP" value="367"/><imc name="TEMP" value="370"/></imc></imc></stmt><stmt><imc name="MOVE"><imc name="MEM"><imc name="TEMP" value="371"/></imc><imc name="TEMP" value="360"/></imc></stmt><stmt><imc name="MOVE"><imc name="TEMP" value="372"/><imc name="CONST" value="0"/></imc></stmt><stmt><imc name="MOVE"><imc name="TEMP" value="373"/><imc name="TEMP" value="6"/></imc></stmt><stmt><imc name="MOVE"><imc name="TEMP" value="374"/><imc name="CONST" value="-672"/></imc></stmt><stmt><imc name="MOVE"><imc name="TEMP" value="375"/><imc name="BINOP" value="ADD"><imc name="TEMP" value="373"/><imc name="TEMP" value="374"/></imc></imc></stmt><stmt><imc name="MOVE"><imc name="TEMP" value="376"/><imc name="CONST" value="0"/></imc></stmt><stmt><imc name="MOVE"><imc name="TEMP" value="377"/><imc name="CONST" value="72"/></imc></stmt><stmt><imc name="MOVE"><imc name="TEMP" value="378"/><imc name="BINOP" value="MUL"><imc name="TEMP" value="376"/><imc name="TEMP" value="377"/></imc></imc></stmt><stmt><imc name="MOVE"><imc name="TEMP" value="379"/><imc name="BINOP" value="ADD"><imc name="TEMP" value="375"/><imc name="TEMP" value="378"/></imc></imc></stmt><stmt><imc name="MOVE"><imc name="TEMP" value="380"/><imc name="CONST" value="1"/></imc></stmt><stmt><imc name="MOVE"><imc name="TEMP" value="381"/><imc name="CONST" value="8"/></imc></stmt><stmt><imc name="MOVE"><imc name="TEMP" value="382"/><imc name="BINOP" value="MUL"><imc name="TEMP" value="380"/><imc name="TEMP" value="381"/></imc></imc></stmt><stmt><imc name="MOVE"><imc name="TEMP" value="383"/><imc name="BINOP" value="ADD"><imc name="TEMP" value="379"/><imc name="TEMP" value="382"/></imc></imc></stmt><stmt><imc name="MOVE"><imc name="MEM"><imc name="TEMP" value="383"/></imc><imc name="TEMP" value="372"/></imc></stmt><stmt><imc name="MOVE"><imc name="TEMP" value="384"/><imc name="CONST" value="3"/></imc></stmt><stmt><imc name="MOVE"><imc name="TEMP" value="385"/><imc name="TEMP" value="6"/></imc></stmt><stmt><imc name="MOVE"><imc name="TEMP" value="386"/><imc name="CONST" value="-672"/></imc></stmt><stmt><imc name="MOVE"><imc name="TEMP" value="387"/><imc name="BINOP" value="ADD"><imc name="TEMP" value="385"/><imc name="TEMP" value="386"/></imc></imc></stmt><stmt><imc name="MOVE"><imc name="TEMP" value="388"/><imc name="CONST" value="0"/></imc></stmt><stmt><imc name="MOVE"><imc name="TEMP" value="389"/><imc name="CONST" value="72"/></imc></stmt><stmt><imc name="MOVE"><imc name="TEMP" value="390"/><imc name="BINOP" value="MUL"><imc name="TEMP" value="388"/><imc name="TEMP" value="389"/></imc></imc></stmt><stmt><imc name="MOVE"><imc name="TEMP" value="391"/><imc name="BINOP" value="ADD"><imc name="TEMP" value="387"/><imc name="TEMP" value="390"/></imc></imc></stmt><stmt><imc name="MOVE"><imc name="TEMP" value="392"/><imc name="CONST" value="2"/></imc></stmt><stmt><imc name="MOVE"><imc name="TEMP" value="393"/><imc name="CONST" value="8"/></imc></stmt><stmt><imc name="MOVE"><imc name="TEMP" value="394"/><imc name="BINOP" value="MUL"><imc name="TEMP" value="392"/><imc name="TEMP" value="393"/></imc></imc></stmt><stmt><imc name="MOVE"><imc name="TEMP" value="395"/><imc name="BINOP" value="ADD"><imc name="TEMP" value="391"/><imc name="TEMP" value="394"/></imc></imc></stmt><stmt><imc name="MOVE"><imc name="MEM"><imc name="TEMP" value="395"/></imc><imc name="TEMP" value="384"/></imc></stmt><stmt><imc name="MOVE"><imc name="TEMP" value="396"/><imc name="CONST" value="0"/></imc></stmt><stmt><imc name="MOVE"><imc name="TEMP" value="397"/><imc name="TEMP" value="6"/></imc></stmt><stmt><imc name="MOVE"><imc name="TEMP" value="398"/><imc name="CONST" value="-672"/></imc></stmt><stmt><imc name="MOVE"><imc name="TEMP" value="399"/><imc name="BINOP" value="ADD"><imc name="TEMP" value="397"/><imc name="TEMP" value="398"/></imc></imc></stmt><stmt><imc name="MOVE"><imc name="TEMP" value="400"/><imc name="CONST" value="0"/></imc></stmt><stmt><imc name="MOVE"><imc name="TEMP" value="401"/><imc name="CONST" value="72"/></imc></stmt><stmt><imc name="MOVE"><imc name="TEMP" value="402"/><imc name="BINOP" value="MUL"><imc name="TEMP" value="400"/><imc name="TEMP" value="401"/></imc></imc></stmt><stmt><imc name="MOVE"><imc name="TEMP" value="403"/><imc name="BINOP" value="ADD"><imc name="TEMP" value="399"/><imc name="TEMP" value="402"/></imc></imc></stmt><stmt><imc name="MOVE"><imc name="TEMP" value="404"/><imc name="CONST" value="3"/></imc></stmt><stmt><imc name="MOVE"><imc name="TEMP" value="405"/><imc name="CONST" value="8"/></imc></stmt><stmt><imc name="MOVE"><imc name="TEMP" value="406"/><imc name="BINOP" value="MUL"><imc name="TEMP" value="404"/><imc name="TEMP" value="405"/></imc></imc></stmt><stmt><imc name="MOVE"><imc name="TEMP" value="407"/><imc name="BINOP" value="ADD"><imc name="TEMP" value="403"/><imc name="TEMP" value="406"/></imc></imc></stmt><stmt><imc name="MOVE"><imc name="MEM"><imc name="TEMP" value="407"/></imc><imc name="TEMP" value="396"/></imc></stmt><stmt><imc name="MOVE"><imc name="TEMP" value="408"/><imc name="CONST" value="0"/></imc></stmt><stmt><imc name="MOVE"><imc name="TEMP" value="409"/><imc name="TEMP" value="6"/></imc></stmt><stmt><imc name="MOVE"><imc name="TEMP" value="410"/><imc name="CONST" value="-672"/></imc></stmt><stmt><imc name="MOVE"><imc name="TEMP" value="411"/><imc name="BINOP" value="ADD"><imc name="TEMP" value="409"/><imc name="TEMP" value="410"/></imc></imc></stmt><stmt><imc name="MOVE"><imc name="TEMP" value="412"/><imc name="CONST" value="0"/></imc></stmt><stmt><imc name="MOVE"><imc name="TEMP" value="413"/><imc name="CONST" value="72"/></imc></stmt><stmt><imc name="MOVE"><imc name="TEMP" value="414"/><imc name="BINOP" value="MUL"><imc name="TEMP" value="412"/><imc name="TEMP" value="413"/></imc></imc></stmt><stmt><imc name="MOVE"><imc name="TEMP" value="415"/><imc name="BINOP" value="ADD"><imc name="TEMP" value="411"/><imc name="TEMP" value="414"/></imc></imc></stmt><stmt><imc name="MOVE"><imc name="TEMP" value="416"/><imc name="CONST" value="4"/></imc></stmt><stmt><imc name="MOVE"><imc name="TEMP" value="417"/><imc name="CONST" value="8"/></imc></stmt><stmt><imc name="MOVE"><imc name="TEMP" value="418"/><imc name="BINOP" value="MUL"><imc name="TEMP" value="416"/><imc name="TEMP" value="417"/></imc></imc></stmt><stmt><imc name="MOVE"><imc name="TEMP" value="419"/><imc name="BINOP" value="ADD"><imc name="TEMP" value="415"/><imc name="TEMP" value="418"/></imc></imc></stmt><stmt><imc name="MOVE"><imc name="MEM"><imc name="TEMP" value="419"/></imc><imc name="TEMP" value="408"/></imc></stmt><stmt><imc name="MOVE"><imc name="TEMP" value="420"/><imc name="CONST" value="0"/></imc></stmt><stmt><imc name="MOVE"><imc name="TEMP" value="421"/><imc name="TEMP" value="6"/></imc></stmt><stmt><imc name="MOVE"><imc name="TEMP" value="422"/><imc name="CONST" value="-672"/></imc></stmt><stmt><imc name="MOVE"><imc name="TEMP" value="423"/><imc name="BINOP" value="ADD"><imc name="TEMP" value="421"/><imc name="TEMP" value="422"/></imc></imc></stmt><stmt><imc name="MOVE"><imc name="TEMP" value="424"/><imc name="CONST" value="0"/></imc></stmt><stmt><imc name="MOVE"><imc name="TEMP" value="425"/><imc name="CONST" value="72"/></imc></stmt><stmt><imc name="MOVE"><imc name="TEMP" value="426"/><imc name="BINOP" value="MUL"><imc name="TEMP" value="424"/><imc name="TEMP" value="425"/></imc></imc></stmt><stmt><imc name="MOVE"><imc name="TEMP" value="427"/><imc name="BINOP" value="ADD"><imc name="TEMP" value="423"/><imc name="TEMP" value="426"/></imc></imc></stmt><stmt><imc name="MOVE"><imc name="TEMP" value="428"/><imc name="CONST" value="5"/></imc></stmt><stmt><imc name="MOVE"><imc name="TEMP" value="429"/><imc name="CONST" value="8"/></imc></stmt><stmt><imc name="MOVE"><imc name="TEMP" value="430"/><imc name="BINOP" value="MUL"><imc name="TEMP" value="428"/><imc name="TEMP" value="429"/></imc></imc></stmt><stmt><imc name="MOVE"><imc name="TEMP" value="431"/><imc name="BINOP" value="ADD"><imc name="TEMP" value="427"/><imc name="TEMP" value="430"/></imc></imc></stmt><stmt><imc name="MOVE"><imc name="MEM"><imc name="TEMP" value="431"/></imc><imc name="TEMP" value="420"/></imc></stmt><stmt><imc name="MOVE"><imc name="TEMP" value="432"/><imc name="CONST" value="0"/></imc></stmt><stmt><imc name="MOVE"><imc name="TEMP" value="433"/><imc name="TEMP" value="6"/></imc></stmt><stmt><imc name="MOVE"><imc name="TEMP" value="434"/><imc name="CONST" value="-672"/></imc></stmt><stmt><imc name="MOVE"><imc name="TEMP" value="435"/><imc name="BINOP" value="ADD"><imc name="TEMP" value="433"/><imc name="TEMP" value="434"/></imc></imc></stmt><stmt><imc name="MOVE"><imc name="TEMP" value="436"/><imc name="CONST" value="0"/></imc></stmt><stmt><imc name="MOVE"><imc name="TEMP" value="437"/><imc name="CONST" value="72"/></imc></stmt><stmt><imc name="MOVE"><imc name="TEMP" value="438"/><imc name="BINOP" value="MUL"><imc name="TEMP" value="436"/><imc name="TEMP" value="437"/></imc></imc></stmt><stmt><imc name="MOVE"><imc name="TEMP" value="439"/><imc name="BINOP" value="ADD"><imc name="TEMP" value="435"/><imc name="TEMP" value="438"/></imc></imc></stmt><stmt><imc name="MOVE"><imc name="TEMP" value="440"/><imc name="CONST" value="6"/></imc></stmt><stmt><imc name="MOVE"><imc name="TEMP" value="441"/><imc name="CONST" value="8"/></imc></stmt><stmt><imc name="MOVE"><imc name="TEMP" value="442"/><imc name="BINOP" value="MUL"><imc name="TEMP" value="440"/><imc name="TEMP" value="441"/></imc></imc></stmt><stmt><imc name="MOVE"><imc name="TEMP" value="443"/><imc name="BINOP" value="ADD"><imc name="TEMP" value="439"/><imc name="TEMP" value="442"/></imc></imc></stmt><stmt><imc name="MOVE"><imc name="MEM"><imc name="TEMP" value="443"/></imc><imc name="TEMP" value="432"/></imc></stmt><stmt><imc name="MOVE"><imc name="TEMP" value="444"/><imc name="CONST" value="9"/></imc></stmt><stmt><imc name="MOVE"><imc name="TEMP" value="445"/><imc name="TEMP" value="6"/></imc></stmt><stmt><imc name="MOVE"><imc name="TEMP" value="446"/><imc name="CONST" value="-672"/></imc></stmt><stmt><imc name="MOVE"><imc name="TEMP" value="447"/><imc name="BINOP" value="ADD"><imc name="TEMP" value="445"/><imc name="TEMP" value="446"/></imc></imc></stmt><stmt><imc name="MOVE"><imc name="TEMP" value="448"/><imc name="CONST" value="0"/></imc></stmt><stmt><imc name="MOVE"><imc name="TEMP" value="449"/><imc name="CONST" value="72"/></imc></stmt><stmt><imc name="MOVE"><imc name="TEMP" value="450"/><imc name="BINOP" value="MUL"><imc name="TEMP" value="448"/><imc name="TEMP" value="449"/></imc></imc></stmt><stmt><imc name="MOVE"><imc name="TEMP" value="451"/><imc name="BINOP" value="ADD"><imc name="TEMP" value="447"/><imc name="TEMP" value="450"/></imc></imc></stmt><stmt><imc name="MOVE"><imc name="TEMP" value="452"/><imc name="CONST" value="7"/></imc></stmt><stmt><imc name="MOVE"><imc name="TEMP" value="453"/><imc name="CONST" value="8"/></imc></stmt><stmt><imc name="MOVE"><imc name="TEMP" value="454"/><imc name="BINOP" value="MUL"><imc name="TEMP" value="452"/><imc name="TEMP" value="453"/></imc></imc></stmt><stmt><imc name="MOVE"><imc name="TEMP" value="455"/><imc name="BINOP" value="ADD"><imc name="TEMP" value="451"/><imc name="TEMP" value="454"/></imc></imc></stmt><stmt><imc name="MOVE"><imc name="MEM"><imc name="TEMP" value="455"/></imc><imc name="TEMP" value="444"/></imc></stmt><stmt><imc name="MOVE"><imc name="TEMP" value="456"/><imc name="CONST" value="0"/></imc></stmt><stmt><imc name="MOVE"><imc name="TEMP" value="457"/><imc name="TEMP" value="6"/></imc></stmt><stmt><imc name="MOVE"><imc name="TEMP" value="458"/><imc name="CONST" value="-672"/></imc></stmt><stmt><imc name="MOVE"><imc name="TEMP" value="459"/><imc name="BINOP" value="ADD"><imc name="TEMP" value="457"/><imc name="TEMP" value="458"/></imc></imc></stmt><stmt><imc name="MOVE"><imc name="TEMP" value="460"/><imc name="CONST" value="0"/></imc></stmt><stmt><imc name="MOVE"><imc name="TEMP" value="461"/><imc name="CONST" value="72"/></imc></stmt><stmt><imc name="MOVE"><imc name="TEMP" value="462"/><imc name="BINOP" value="MUL"><imc name="TEMP" value="460"/><imc name="TEMP" value="461"/></imc></imc></stmt><stmt><imc name="MOVE"><imc name="TEMP" value="463"/><imc name="BINOP" value="ADD"><imc name="TEMP" value="459"/><imc name="TEMP" value="462"/></imc></imc></stmt><stmt><imc name="MOVE"><imc name="TEMP" value="464"/><imc name="CONST" value="8"/></imc></stmt><stmt><imc name="MOVE"><imc name="TEMP" value="465"/><imc name="CONST" value="8"/></imc></stmt><stmt><imc name="MOVE"><imc name="TEMP" value="466"/><imc name="BINOP" value="MUL"><imc name="TEMP" value="464"/><imc name="TEMP" value="465"/></imc></imc></stmt><stmt><imc name="MOVE"><imc name="TEMP" value="467"/><imc name="BINOP" value="ADD"><imc name="TEMP" value="463"/><imc name="TEMP" value="466"/></imc></imc></stmt><stmt><imc name="MOVE"><imc name="MEM"><imc name="TEMP" value="467"/></imc><imc name="TEMP" value="456"/></imc></stmt><stmt><imc name="MOVE"><imc name="TEMP" value="468"/><imc name="CONST" value="9"/></imc></stmt><stmt><imc name="MOVE"><imc name="TEMP" value="469"/><imc name="TEMP" value="6"/></imc></stmt><stmt><imc name="MOVE"><imc name="TEMP" value="470"/><imc name="CONST" value="-672"/></imc></stmt><stmt><imc name="MOVE"><imc name="TEMP" value="471"/><imc name="BINOP" value="ADD"><imc name="TEMP" value="469"/><imc name="TEMP" value="470"/></imc></imc></stmt><stmt><imc name="MOVE"><imc name="TEMP" value="472"/><imc name="CONST" value="1"/></imc></stmt><stmt><imc name="MOVE"><imc name="TEMP" value="473"/><imc name="CONST" value="72"/></imc></stmt><stmt><imc name="MOVE"><imc name="TEMP" value="474"/><imc name="BINOP" value="MUL"><imc name="TEMP" value="472"/><imc name="TEMP" value="473"/></imc></imc></stmt><stmt><imc name="MOVE"><imc name="TEMP" value="475"/><imc name="BINOP" value="ADD"><imc name="TEMP" value="471"/><imc name="TEMP" value="474"/></imc></imc></stmt><stmt><imc name="MOVE"><imc name="TEMP" value="476"/><imc name="CONST" value="0"/></imc></stmt><stmt><imc name="MOVE"><imc name="TEMP" value="477"/><imc name="CONST" value="8"/></imc></stmt><stmt><imc name="MOVE"><imc name="TEMP" value="478"/><imc name="BINOP" value="MUL"><imc name="TEMP" value="476"/><imc name="TEMP" value="477"/></imc></imc></stmt><stmt><imc name="MOVE"><imc name="TEMP" value="479"/><imc name="BINOP" value="ADD"><imc name="TEMP" value="475"/><imc name="TEMP" value="478"/></imc></imc></stmt><stmt><imc name="MOVE"><imc name="MEM"><imc name="TEMP" value="479"/></imc><imc name="TEMP" value="468"/></imc></stmt><stmt><imc name="MOVE"><imc name="TEMP" value="480"/><imc name="CONST" value="0"/></imc></stmt><stmt><imc name="MOVE"><imc name="TEMP" value="481"/><imc name="TEMP" value="6"/></imc></stmt><stmt><imc name="MOVE"><imc name="TEMP" value="482"/><imc name="CONST" value="-672"/></imc></stmt><stmt><imc name="MOVE"><imc name="TEMP" value="483"/><imc name="BINOP" value="ADD"><imc name="TEMP" value="481"/><imc name="TEMP" value="482"/></imc></imc></stmt><stmt><imc name="MOVE"><imc name="TEMP" value="484"/><imc name="CONST" value="1"/></imc></stmt><stmt><imc name="MOVE"><imc name="TEMP" value="485"/><imc name="CONST" value="72"/></imc></stmt><stmt><imc name="MOVE"><imc name="TEMP" value="486"/><imc name="BINOP" value="MUL"><imc name="TEMP" value="484"/><imc name="TEMP" value="485"/></imc></imc></stmt><stmt><imc name="MOVE"><imc name="TEMP" value="487"/><imc name="BINOP" value="ADD"><imc name="TEMP" value="483"/><imc name="TEMP" value="486"/></imc></imc></stmt><stmt><imc name="MOVE"><imc name="TEMP" value="488"/><imc name="CONST" value="1"/></imc></stmt><stmt><imc name="MOVE"><imc name="TEMP" value="489"/><imc name="CONST" value="8"/></imc></stmt><stmt><imc name="MOVE"><imc name="TEMP" value="490"/><imc name="BINOP" value="MUL"><imc name="TEMP" value="488"/><imc name="TEMP" value="489"/></imc></imc></stmt><stmt><imc name="MOVE"><imc name="TEMP" value="491"/><imc name="BINOP" value="ADD"><imc name="TEMP" value="487"/><imc name="TEMP" value="490"/></imc></imc></stmt><stmt><imc name="MOVE"><imc name="MEM"><imc name="TEMP" value="491"/></imc><imc name="TEMP" value="480"/></imc></stmt><stmt><imc name="MOVE"><imc name="TEMP" value="492"/><imc name="CONST" value="0"/></imc></stmt><stmt><imc name="MOVE"><imc name="TEMP" value="493"/><imc name="TEMP" value="6"/></imc></stmt><stmt><imc name="MOVE"><imc name="TEMP" value="494"/><imc name="CONST" value="-672"/></imc></stmt><stmt><imc name="MOVE"><imc name="TEMP" value="495"/><imc name="BINOP" value="ADD"><imc name="TEMP" value="493"/><imc name="TEMP" value="494"/></imc></imc></stmt><stmt><imc name="MOVE"><imc name="TEMP" value="496"/><imc name="CONST" value="1"/></imc></stmt><stmt><imc name="MOVE"><imc name="TEMP" value="497"/><imc name="CONST" value="72"/></imc></stmt><stmt><imc name="MOVE"><imc name="TEMP" value="498"/><imc name="BINOP" value="MUL"><imc name="TEMP" value="496"/><imc name="TEMP" value="497"/></imc></imc></stmt><stmt><imc name="MOVE"><imc name="TEMP" value="499"/><imc name="BINOP" value="ADD"><imc name="TEMP" value="495"/><imc name="TEMP" value="498"/></imc></imc></stmt><stmt><imc name="MOVE"><imc name="TEMP" value="500"/><imc name="CONST" value="2"/></imc></stmt><stmt><imc name="MOVE"><imc name="TEMP" value="501"/><imc name="CONST" value="8"/></imc></stmt><stmt><imc name="MOVE"><imc name="TEMP" value="502"/><imc name="BINOP" value="MUL"><imc name="TEMP" value="500"/><imc name="TEMP" value="501"/></imc></imc></stmt><stmt><imc name="MOVE"><imc name="TEMP" value="503"/><imc name="BINOP" value="ADD"><imc name="TEMP" value="499"/><imc name="TEMP" value="502"/></imc></imc></stmt><stmt><imc name="MOVE"><imc name="MEM"><imc name="TEMP" value="503"/></imc><imc name="TEMP" value="492"/></imc></stmt><stmt><imc name="MOVE"><imc name="TEMP" value="504"/><imc name="CONST" value="0"/></imc></stmt><stmt><imc name="MOVE"><imc name="TEMP" value="505"/><imc name="TEMP" value="6"/></imc></stmt><stmt><imc name="MOVE"><imc name="TEMP" value="506"/><imc name="CONST" value="-672"/></imc></stmt><stmt><imc name="MOVE"><imc name="TEMP" value="507"/><imc name="BINOP" value="ADD"><imc name="TEMP" value="505"/><imc name="TEMP" value="506"/></imc></imc></stmt><stmt><imc name="MOVE"><imc name="TEMP" value="508"/><imc name="CONST" value="1"/></imc></stmt><stmt><imc name="MOVE"><imc name="TEMP" value="509"/><imc name="CONST" value="72"/></imc></stmt><stmt><imc name="MOVE"><imc name="TEMP" value="510"/><imc name="BINOP" value="MUL"><imc name="TEMP" value="508"/><imc name="TEMP" value="509"/></imc></imc></stmt><stmt><imc name="MOVE"><imc name="TEMP" value="511"/><imc name="BINOP" value="ADD"><imc name="TEMP" value="507"/><imc name="TEMP" value="510"/></imc></imc></stmt><stmt><imc name="MOVE"><imc name="TEMP" value="512"/><imc name="CONST" value="3"/></imc></stmt><stmt><imc name="MOVE"><imc name="TEMP" value="513"/><imc name="CONST" value="8"/></imc></stmt><stmt><imc name="MOVE"><imc name="TEMP" value="514"/><imc name="BINOP" value="MUL"><imc name="TEMP" value="512"/><imc name="TEMP" value="513"/></imc></imc></stmt><stmt><imc name="MOVE"><imc name="TEMP" value="515"/><imc name="BINOP" value="ADD"><imc name="TEMP" value="511"/><imc name="TEMP" value="514"/></imc></imc></stmt><stmt><imc name="MOVE"><imc name="MEM"><imc name="TEMP" value="515"/></imc><imc name="TEMP" value="504"/></imc></stmt><stmt><imc name="MOVE"><imc name="TEMP" value="516"/><imc name="CONST" value="8"/></imc></stmt><stmt><imc name="MOVE"><imc name="TEMP" value="517"/><imc name="TEMP" value="6"/></imc></stmt><stmt><imc name="MOVE"><imc name="TEMP" value="518"/><imc name="CONST" value="-672"/></imc></stmt><stmt><imc name="MOVE"><imc name="TEMP" value="519"/><imc name="BINOP" value="ADD"><imc name="TEMP" value="517"/><imc name="TEMP" value="518"/></imc></imc></stmt><stmt><imc name="MOVE"><imc name="TEMP" value="520"/><imc name="CONST" value="1"/></imc></stmt><stmt><imc name="MOVE"><imc name="TEMP" value="521"/><imc name="CONST" value="72"/></imc></stmt><stmt><imc name="MOVE"><imc name="TEMP" value="522"/><imc name="BINOP" value="MUL"><imc name="TEMP" value="520"/><imc name="TEMP" value="521"/></imc></imc></stmt><stmt><imc name="MOVE"><imc name="TEMP" value="523"/><imc name="BINOP" value="ADD"><imc name="TEMP" value="519"/><imc name="TEMP" value="522"/></imc></imc></stmt><stmt><imc name="MOVE"><imc name="TEMP" value="524"/><imc name="CONST" value="4"/></imc></stmt><stmt><imc name="MOVE"><imc name="TEMP" value="525"/><imc name="CONST" value="8"/></imc></stmt><stmt><imc name="MOVE"><imc name="TEMP" value="526"/><imc name="BINOP" value="MUL"><imc name="TEMP" value="524"/><imc name="TEMP" value="525"/></imc></imc></stmt><stmt><imc name="MOVE"><imc name="TEMP" value="527"/><imc name="BINOP" value="ADD"><imc name="TEMP" value="523"/><imc name="TEMP" value="526"/></imc></imc></stmt><stmt><imc name="MOVE"><imc name="MEM"><imc name="TEMP" value="527"/></imc><imc name="TEMP" value="516"/></imc></stmt><stmt><imc name="MOVE"><imc name="TEMP" value="528"/><imc name="CONST" value="4"/></imc></stmt><stmt><imc name="MOVE"><imc name="TEMP" value="529"/><imc name="TEMP" value="6"/></imc></stmt><stmt><imc name="MOVE"><imc name="TEMP" value="530"/><imc name="CONST" value="-672"/></imc></stmt><stmt><imc name="MOVE"><imc name="TEMP" value="531"/><imc name="BINOP" value="ADD"><imc name="TEMP" value="529"/><imc name="TEMP" value="530"/></imc></imc></stmt><stmt><imc name="MOVE"><imc name="TEMP" value="532"/><imc name="CONST" value="1"/></imc></stmt><stmt><imc name="MOVE"><imc name="TEMP" value="533"/><imc name="CONST" value="72"/></imc></stmt><stmt><imc name="MOVE"><imc name="TEMP" value="534"/><imc name="BINOP" value="MUL"><imc name="TEMP" value="532"/><imc name="TEMP" value="533"/></imc></imc></stmt><stmt><imc name="MOVE"><imc name="TEMP" value="535"/><imc name="BINOP" value="ADD"><imc name="TEMP" value="531"/><imc name="TEMP" value="534"/></imc></imc></stmt><stmt><imc name="MOVE"><imc name="TEMP" value="536"/><imc name="CONST" value="5"/></imc></stmt><stmt><imc name="MOVE"><imc name="TEMP" value="537"/><imc name="CONST" value="8"/></imc></stmt><stmt><imc name="MOVE"><imc name="TEMP" value="538"/><imc name="BINOP" value="MUL"><imc name="TEMP" value="536"/><imc name="TEMP" value="537"/></imc></imc></stmt><stmt><imc name="MOVE"><imc name="TEMP" value="539"/><imc name="BINOP" value="ADD"><imc name="TEMP" value="535"/><imc name="TEMP" value="538"/></imc></imc></stmt><stmt><imc name="MOVE"><imc name="MEM"><imc name="TEMP" value="539"/></imc><imc name="TEMP" value="528"/></imc></stmt><stmt><imc name="MOVE"><imc name="TEMP" value="540"/><imc name="CONST" value="0"/></imc></stmt><stmt><imc name="MOVE"><imc name="TEMP" value="541"/><imc name="TEMP" value="6"/></imc></stmt><stmt><imc name="MOVE"><imc name="TEMP" value="542"/><imc name="CONST" value="-672"/></imc></stmt><stmt><imc name="MOVE"><imc name="TEMP" value="543"/><imc name="BINOP" value="ADD"><imc name="TEMP" value="541"/><imc name="TEMP" value="542"/></imc></imc></stmt><stmt><imc name="MOVE"><imc name="TEMP" value="544"/><imc name="CONST" value="1"/></imc></stmt><stmt><imc name="MOVE"><imc name="TEMP" value="545"/><imc name="CONST" value="72"/></imc></stmt><stmt><imc name="MOVE"><imc name="TEMP" value="546"/><imc name="BINOP" value="MUL"><imc name="TEMP" value="544"/><imc name="TEMP" value="545"/></imc></imc></stmt><stmt><imc name="MOVE"><imc name="TEMP" value="547"/><imc name="BINOP" value="ADD"><imc name="TEMP" value="543"/><imc name="TEMP" value="546"/></imc></imc></stmt><stmt><imc name="MOVE"><imc name="TEMP" value="548"/><imc name="CONST" value="6"/></imc></stmt><stmt><imc name="MOVE"><imc name="TEMP" value="549"/><imc name="CONST" value="8"/></imc></stmt><stmt><imc name="MOVE"><imc name="TEMP" value="550"/><imc name="BINOP" value="MUL"><imc name="TEMP" value="548"/><imc name="TEMP" value="549"/></imc></imc></stmt><stmt><imc name="MOVE"><imc name="TEMP" value="551"/><imc name="BINOP" value="ADD"><imc name="TEMP" value="547"/><imc name="TEMP" value="550"/></imc></imc></stmt><stmt><imc name="MOVE"><imc name="MEM"><imc name="TEMP" value="551"/></imc><imc name="TEMP" value="540"/></imc></stmt><stmt><imc name="MOVE"><imc name="TEMP" value="552"/><imc name="CONST" value="0"/></imc></stmt><stmt><imc name="MOVE"><imc name="TEMP" value="553"/><imc name="TEMP" value="6"/></imc></stmt><stmt><imc name="MOVE"><imc name="TEMP" value="554"/><imc name="CONST" value="-672"/></imc></stmt><stmt><imc name="MOVE"><imc name="TEMP" value="555"/><imc name="BINOP" value="ADD"><imc name="TEMP" value="553"/><imc name="TEMP" value="554"/></imc></imc></stmt><stmt><imc name="MOVE"><imc name="TEMP" value="556"/><imc name="CONST" value="1"/></imc></stmt><stmt><imc name="MOVE"><imc name="TEMP" value="557"/><imc name="CONST" value="72"/></imc></stmt><stmt><imc name="MOVE"><imc name="TEMP" value="558"/><imc name="BINOP" value="MUL"><imc name="TEMP" value="556"/><imc name="TEMP" value="557"/></imc></imc></stmt><stmt><imc name="MOVE"><imc name="TEMP" value="559"/><imc name="BINOP" value="ADD"><imc name="TEMP" value="555"/><imc name="TEMP" value="558"/></imc></imc></stmt><stmt><imc name="MOVE"><imc name="TEMP" value="560"/><imc name="CONST" value="7"/></imc></stmt><stmt><imc name="MOVE"><imc name="TEMP" value="561"/><imc name="CONST" value="8"/></imc></stmt><stmt><imc name="MOVE"><imc name="TEMP" value="562"/><imc name="BINOP" value="MUL"><imc name="TEMP" value="560"/><imc name="TEMP" value="561"/></imc></imc></stmt><stmt><imc name="MOVE"><imc name="TEMP" value="563"/><imc name="BINOP" value="ADD"><imc name="TEMP" value="559"/><imc name="TEMP" value="562"/></imc></imc></stmt><stmt><imc name="MOVE"><imc name="MEM"><imc name="TEMP" value="563"/></imc><imc name="TEMP" value="552"/></imc></stmt><stmt><imc name="MOVE"><imc name="TEMP" value="564"/><imc name="CONST" value="6"/></imc></stmt><stmt><imc name="MOVE"><imc name="TEMP" value="565"/><imc name="TEMP" value="6"/></imc></stmt><stmt><imc name="MOVE"><imc name="TEMP" value="566"/><imc name="CONST" value="-672"/></imc></stmt><stmt><imc name="MOVE"><imc name="TEMP" value="567"/><imc name="BINOP" value="ADD"><imc name="TEMP" value="565"/><imc name="TEMP" value="566"/></imc></imc></stmt><stmt><imc name="MOVE"><imc name="TEMP" value="568"/><imc name="CONST" value="1"/></imc></stmt><stmt><imc name="MOVE"><imc name="TEMP" value="569"/><imc name="CONST" value="72"/></imc></stmt><stmt><imc name="MOVE"><imc name="TEMP" value="570"/><imc name="BINOP" value="MUL"><imc name="TEMP" value="568"/><imc name="TEMP" value="569"/></imc></imc></stmt><stmt><imc name="MOVE"><imc name="TEMP" value="571"/><imc name="BINOP" value="ADD"><imc name="TEMP" value="567"/><imc name="TEMP" value="570"/></imc></imc></stmt><stmt><imc name="MOVE"><imc name="TEMP" value="572"/><imc name="CONST" value="8"/></imc></stmt><stmt><imc name="MOVE"><imc name="TEMP" value="573"/><imc name="CONST" value="8"/></imc></stmt><stmt><imc name="MOVE"><imc name="TEMP" value="574"/><imc name="BINOP" value="MUL"><imc name="TEMP" value="572"/><imc name="TEMP" value="573"/></imc></imc></stmt><stmt><imc name="MOVE"><imc name="TEMP" value="575"/><imc name="BINOP" value="ADD"><imc name="TEMP" value="571"/><imc name="TEMP" value="574"/></imc></imc></stmt><stmt><imc name="MOVE"><imc name="MEM"><imc name="TEMP" value="575"/></imc><imc name="TEMP" value="564"/></imc></stmt><stmt><imc name="MOVE"><imc name="TEMP" value="576"/><imc name="CONST" value="8"/></imc></stmt><stmt><imc name="MOVE"><imc name="TEMP" value="577"/><imc name="TEMP" value="6"/></imc></stmt><stmt><imc name="MOVE"><imc name="TEMP" value="578"/><imc name="CONST" value="-672"/></imc></stmt><stmt><imc name="MOVE"><imc name="TEMP" value="579"/><imc name="BINOP" value="ADD"><imc name="TEMP" value="577"/><imc name="TEMP" value="578"/></imc></imc></stmt><stmt><imc name="MOVE"><imc name="TEMP" value="580"/><imc name="CONST" value="2"/></imc></stmt><stmt><imc name="MOVE"><imc name="TEMP" value="581"/><imc name="CONST" value="72"/></imc></stmt><stmt><imc name="MOVE"><imc name="TEMP" value="582"/><imc name="BINOP" value="MUL"><imc name="TEMP" value="580"/><imc name="TEMP" value="581"/></imc></imc></stmt><stmt><imc name="MOVE"><imc name="TEMP" value="583"/><imc name="BINOP" value="ADD"><imc name="TEMP" value="579"/><imc name="TEMP" value="582"/></imc></imc></stmt><stmt><imc name="MOVE"><imc name="TEMP" value="584"/><imc name="CONST" value="0"/></imc></stmt><stmt><imc name="MOVE"><imc name="TEMP" value="585"/><imc name="CONST" value="8"/></imc></stmt><stmt><imc name="MOVE"><imc name="TEMP" value="586"/><imc name="BINOP" value="MUL"><imc name="TEMP" value="584"/><imc name="TEMP" value="585"/></imc></imc></stmt><stmt><imc name="MOVE"><imc name="TEMP" value="587"/><imc name="BINOP" value="ADD"><imc name="TEMP" value="583"/><imc name="TEMP" value="586"/></imc></imc></stmt><stmt><imc name="MOVE"><imc name="MEM"><imc name="TEMP" value="587"/></imc><imc name="TEMP" value="576"/></imc></stmt><stmt><imc name="MOVE"><imc name="TEMP" value="588"/><imc name="CONST" value="2"/></imc></stmt><stmt><imc name="MOVE"><imc name="TEMP" value="589"/><imc name="TEMP" value="6"/></imc></stmt><stmt><imc name="MOVE"><imc name="TEMP" value="590"/><imc name="CONST" value="-672"/></imc></stmt><stmt><imc name="MOVE"><imc name="TEMP" value="591"/><imc name="BINOP" value="ADD"><imc name="TEMP" value="589"/><imc name="TEMP" value="590"/></imc></imc></stmt><stmt><imc name="MOVE"><imc name="TEMP" value="592"/><imc name="CONST" value="2"/></imc></stmt><stmt><imc name="MOVE"><imc name="TEMP" value="593"/><imc name="CONST" value="72"/></imc></stmt><stmt><imc name="MOVE"><imc name="TEMP" value="594"/><imc name="BINOP" value="MUL"><imc name="TEMP" value="592"/><imc name="TEMP" value="593"/></imc></imc></stmt><stmt><imc name="MOVE"><imc name="TEMP" value="595"/><imc name="BINOP" value="ADD"><imc name="TEMP" value="591"/><imc name="TEMP" value="594"/></imc></imc></stmt><stmt><imc name="MOVE"><imc name="TEMP" value="596"/><imc name="CONST" value="1"/></imc></stmt><stmt><imc name="MOVE"><imc name="TEMP" value="597"/><imc name="CONST" value="8"/></imc></stmt><stmt><imc name="MOVE"><imc name="TEMP" value="598"/><imc name="BINOP" value="MUL"><imc name="TEMP" value="596"/><imc name="TEMP" value="597"/></imc></imc></stmt><stmt><imc name="MOVE"><imc name="TEMP" value="599"/><imc name="BINOP" value="ADD"><imc name="TEMP" value="595"/><imc name="TEMP" value="598"/></imc></imc></stmt><stmt><imc name="MOVE"><imc name="MEM"><imc name="TEMP" value="599"/></imc><imc name="TEMP" value="588"/></imc></stmt><stmt><imc name="MOVE"><imc name="TEMP" value="600"/><imc name="CONST" value="0"/></imc></stmt><stmt><imc name="MOVE"><imc name="TEMP" value="601"/><imc name="TEMP" value="6"/></imc></stmt><stmt><imc name="MOVE"><imc name="TEMP" value="602"/><imc name="CONST" value="-672"/></imc></stmt><stmt><imc name="MOVE"><imc name="TEMP" value="603"/><imc name="BINOP" value="ADD"><imc name="TEMP" value="601"/><imc name="TEMP" value="602"/></imc></imc></stmt><stmt><imc name="MOVE"><imc name="TEMP" value="604"/><imc name="CONST" value="2"/></imc></stmt><stmt><imc name="MOVE"><imc name="TEMP" value="605"/><imc name="CONST" value="72"/></imc></stmt><stmt><imc name="MOVE"><imc name="TEMP" value="606"/><imc name="BINOP" value="MUL"><imc name="TEMP" value="604"/><imc name="TEMP" value="605"/></imc></imc></stmt><stmt><imc name="MOVE"><imc name="TEMP" value="607"/><imc name="BINOP" value="ADD"><imc name="TEMP" value="603"/><imc name="TEMP" value="606"/></imc></imc></stmt><stmt><imc name="MOVE"><imc name="TEMP" value="608"/><imc name="CONST" value="2"/></imc></stmt><stmt><imc name="MOVE"><imc name="TEMP" value="609"/><imc name="CONST" value="8"/></imc></stmt><stmt><imc name="MOVE"><imc name="TEMP" value="610"/><imc name="BINOP" value="MUL"><imc name="TEMP" value="608"/><imc name="TEMP" value="609"/></imc></imc></stmt><stmt><imc name="MOVE"><imc name="TEMP" value="611"/><imc name="BINOP" value="ADD"><imc name="TEMP" value="607"/><imc name="TEMP" value="610"/></imc></imc></stmt><stmt><imc name="MOVE"><imc name="MEM"><imc name="TEMP" value="611"/></imc><imc name="TEMP" value="600"/></imc></stmt><stmt><imc name="MOVE"><imc name="TEMP" value="612"/><imc name="CONST" value="0"/></imc></stmt><stmt><imc name="MOVE"><imc name="TEMP" value="613"/><imc name="TEMP" value="6"/></imc></stmt><stmt><imc name="MOVE"><imc name="TEMP" value="614"/><imc name="CONST" value="-672"/></imc></stmt><stmt><imc name="MOVE"><imc name="TEMP" value="615"/><imc name="BINOP" value="ADD"><imc name="TEMP" value="613"/><imc name="TEMP" value="614"/></imc></imc></stmt><stmt><imc name="MOVE"><imc name="TEMP" value="616"/><imc name="CONST" value="2"/></imc></stmt><stmt><imc name="MOVE"><imc name="TEMP" value="617"/><imc name="CONST" value="72"/></imc></stmt><stmt><imc name="MOVE"><imc name="TEMP" value="618"/><imc name="BINOP" value="MUL"><imc name="TEMP" value="616"/><imc name="TEMP" value="617"/></imc></imc></stmt><stmt><imc name="MOVE"><imc name="TEMP" value="619"/><imc name="BINOP" value="ADD"><imc name="TEMP" value="615"/><imc name="TEMP" value="618"/></imc></imc></stmt><stmt><imc name="MOVE"><imc name="TEMP" value="620"/><imc name="CONST" value="3"/></imc></stmt><stmt><imc name="MOVE"><imc name="TEMP" value="621"/><imc name="CONST" value="8"/></imc></stmt><stmt><imc name="MOVE"><imc name="TEMP" value="622"/><imc name="BINOP" value="MUL"><imc name="TEMP" value="620"/><imc name="TEMP" value="621"/></imc></imc></stmt><stmt><imc name="MOVE"><imc name="TEMP" value="623"/><imc name="BINOP" value="ADD"><imc name="TEMP" value="619"/><imc name="TEMP" value="622"/></imc></imc></stmt><stmt><imc name="MOVE"><imc name="MEM"><imc name="TEMP" value="623"/></imc><imc name="TEMP" value="612"/></imc></stmt><stmt><imc name="MOVE"><imc name="TEMP" value="624"/><imc name="CONST" value="9"/></imc></stmt><stmt><imc name="MOVE"><imc name="TEMP" value="625"/><imc name="TEMP" value="6"/></imc></stmt><stmt><imc name="MOVE"><imc name="TEMP" value="626"/><imc name="CONST" value="-672"/></imc></stmt><stmt><imc name="MOVE"><imc name="TEMP" value="627"/><imc name="BINOP" value="ADD"><imc name="TEMP" value="625"/><imc name="TEMP" value="626"/></imc></imc></stmt><stmt><imc name="MOVE"><imc name="TEMP" value="628"/><imc name="CONST" value="2"/></imc></stmt><stmt><imc name="MOVE"><imc name="TEMP" value="629"/><imc name="CONST" value="72"/></imc></stmt><stmt><imc name="MOVE"><imc name="TEMP" value="630"/><imc name="BINOP" value="MUL"><imc name="TEMP" value="628"/><imc name="TEMP" value="629"/></imc></imc></stmt><stmt><imc name="MOVE"><imc name="TEMP" value="631"/><imc name="BINOP" value="ADD"><imc name="TEMP" value="627"/><imc name="TEMP" value="630"/></imc></imc></stmt><stmt><imc name="MOVE"><imc name="TEMP" value="632"/><imc name="CONST" value="4"/></imc></stmt><stmt><imc name="MOVE"><imc name="TEMP" value="633"/><imc name="CONST" value="8"/></imc></stmt><stmt><imc name="MOVE"><imc name="TEMP" value="634"/><imc name="BINOP" value="MUL"><imc name="TEMP" value="632"/><imc name="TEMP" value="633"/></imc></imc></stmt><stmt><imc name="MOVE"><imc name="TEMP" value="635"/><imc name="BINOP" value="ADD"><imc name="TEMP" value="631"/><imc name="TEMP" value="634"/></imc></imc></stmt><stmt><imc name="MOVE"><imc name="MEM"><imc name="TEMP" value="635"/></imc><imc name="TEMP" value="624"/></imc></stmt><stmt><imc name="MOVE"><imc name="TEMP" value="636"/><imc name="CONST" value="0"/></imc></stmt><stmt><imc name="MOVE"><imc name="TEMP" value="637"/><imc name="TEMP" value="6"/></imc></stmt><stmt><imc name="MOVE"><imc name="TEMP" value="638"/><imc name="CONST" value="-672"/></imc></stmt><stmt><imc name="MOVE"><imc name="TEMP" value="639"/><imc name="BINOP" value="ADD"><imc name="TEMP" value="637"/><imc name="TEMP" value="638"/></imc></imc></stmt><stmt><imc name="MOVE"><imc name="TEMP" value="640"/><imc name="CONST" value="2"/></imc></stmt><stmt><imc name="MOVE"><imc name="TEMP" value="641"/><imc name="CONST" value="72"/></imc></stmt><stmt><imc name="MOVE"><imc name="TEMP" value="642"/><imc name="BINOP" value="MUL"><imc name="TEMP" value="640"/><imc name="TEMP" value="641"/></imc></imc></stmt><stmt><imc name="MOVE"><imc name="TEMP" value="643"/><imc name="BINOP" value="ADD"><imc name="TEMP" value="639"/><imc name="TEMP" value="642"/></imc></imc></stmt><stmt><imc name="MOVE"><imc name="TEMP" value="644"/><imc name="CONST" value="5"/></imc></stmt><stmt><imc name="MOVE"><imc name="TEMP" value="645"/><imc name="CONST" value="8"/></imc></stmt><stmt><imc name="MOVE"><imc name="TEMP" value="646"/><imc name="BINOP" value="MUL"><imc name="TEMP" value="644"/><imc name="TEMP" value="645"/></imc></imc></stmt><stmt><imc name="MOVE"><imc name="TEMP" value="647"/><imc name="BINOP" value="ADD"><imc name="TEMP" value="643"/><imc name="TEMP" value="646"/></imc></imc></stmt><stmt><imc name="MOVE"><imc name="MEM"><imc name="TEMP" value="647"/></imc><imc name="TEMP" value="636"/></imc></stmt><stmt><imc name="MOVE"><imc name="TEMP" value="648"/><imc name="CONST" value="0"/></imc></stmt><stmt><imc name="MOVE"><imc name="TEMP" value="649"/><imc name="TEMP" value="6"/></imc></stmt><stmt><imc name="MOVE"><imc name="TEMP" value="650"/><imc name="CONST" value="-672"/></imc></stmt><stmt><imc name="MOVE"><imc name="TEMP" value="651"/><imc name="BINOP" value="ADD"><imc name="TEMP" value="649"/><imc name="TEMP" value="650"/></imc></imc></stmt><stmt><imc name="MOVE"><imc name="TEMP" value="652"/><imc name="CONST" value="2"/></imc></stmt><stmt><imc name="MOVE"><imc name="TEMP" value="653"/><imc name="CONST" value="72"/></imc></stmt><stmt><imc name="MOVE"><imc name="TEMP" value="654"/><imc name="BINOP" value="MUL"><imc name="TEMP" value="652"/><imc name="TEMP" value="653"/></imc></imc></stmt><stmt><imc name="MOVE"><imc name="TEMP" value="655"/><imc name="BINOP" value="ADD"><imc name="TEMP" value="651"/><imc name="TEMP" value="654"/></imc></imc></stmt><stmt><imc name="MOVE"><imc name="TEMP" value="656"/><imc name="CONST" value="6"/></imc></stmt><stmt><imc name="MOVE"><imc name="TEMP" value="657"/><imc name="CONST" value="8"/></imc></stmt><stmt><imc name="MOVE"><imc name="TEMP" value="658"/><imc name="BINOP" value="MUL"><imc name="TEMP" value="656"/><imc name="TEMP" value="657"/></imc></imc></stmt><stmt><imc name="MOVE"><imc name="TEMP" value="659"/><imc name="BINOP" value="ADD"><imc name="TEMP" value="655"/><imc name="TEMP" value="658"/></imc></imc></stmt><stmt><imc name="MOVE"><imc name="MEM"><imc name="TEMP" value="659"/></imc><imc name="TEMP" value="648"/></imc></stmt><stmt><imc name="MOVE"><imc name="TEMP" value="660"/><imc name="CONST" value="0"/></imc></stmt><stmt><imc name="MOVE"><imc name="TEMP" value="661"/><imc name="TEMP" value="6"/></imc></stmt><stmt><imc name="MOVE"><imc name="TEMP" value="662"/><imc name="CONST" value="-672"/></imc></stmt><stmt><imc name="MOVE"><imc name="TEMP" value="663"/><imc name="BINOP" value="ADD"><imc name="TEMP" value="661"/><imc name="TEMP" value="662"/></imc></imc></stmt><stmt><imc name="MOVE"><imc name="TEMP" value="664"/><imc name="CONST" value="2"/></imc></stmt><stmt><imc name="MOVE"><imc name="TEMP" value="665"/><imc name="CONST" value="72"/></imc></stmt><stmt><imc name="MOVE"><imc name="TEMP" value="666"/><imc name="BINOP" value="MUL"><imc name="TEMP" value="664"/><imc name="TEMP" value="665"/></imc></imc></stmt><stmt><imc name="MOVE"><imc name="TEMP" value="667"/><imc name="BINOP" value="ADD"><imc name="TEMP" value="663"/><imc name="TEMP" value="666"/></imc></imc></stmt><stmt><imc name="MOVE"><imc name="TEMP" value="668"/><imc name="CONST" value="7"/></imc></stmt><stmt><imc name="MOVE"><imc name="TEMP" value="669"/><imc name="CONST" value="8"/></imc></stmt><stmt><imc name="MOVE"><imc name="TEMP" value="670"/><imc name="BINOP" value="MUL"><imc name="TEMP" value="668"/><imc name="TEMP" value="669"/></imc></imc></stmt><stmt><imc name="MOVE"><imc name="TEMP" value="671"/><imc name="BINOP" value="ADD"><imc name="TEMP" value="667"/><imc name="TEMP" value="670"/></imc></imc></stmt><stmt><imc name="MOVE"><imc name="MEM"><imc name="TEMP" value="671"/></imc><imc name="TEMP" value="660"/></imc></stmt><stmt><imc name="MOVE"><imc name="TEMP" value="672"/><imc name="CONST" value="0"/></imc></stmt><stmt><imc name="MOVE"><imc name="TEMP" value="673"/><imc name="TEMP" value="6"/></imc></stmt><stmt><imc name="MOVE"><imc name="TEMP" value="674"/><imc name="CONST" value="-672"/></imc></stmt><stmt><imc name="MOVE"><imc name="TEMP" value="675"/><imc name="BINOP" value="ADD"><imc name="TEMP" value="673"/><imc name="TEMP" value="674"/></imc></imc></stmt><stmt><imc name="MOVE"><imc name="TEMP" value="676"/><imc name="CONST" value="2"/></imc></stmt><stmt><imc name="MOVE"><imc name="TEMP" value="677"/><imc name="CONST" value="72"/></imc></stmt><stmt><imc name="MOVE"><imc name="TEMP" value="678"/><imc name="BINOP" value="MUL"><imc name="TEMP" value="676"/><imc name="TEMP" value="677"/></imc></imc></stmt><stmt><imc name="MOVE"><imc name="TEMP" value="679"/><imc name="BINOP" value="ADD"><imc name="TEMP" value="675"/><imc name="TEMP" value="678"/></imc></imc></stmt><stmt><imc name="MOVE"><imc name="TEMP" value="680"/><imc name="CONST" value="8"/></imc></stmt><stmt><imc name="MOVE"><imc name="TEMP" value="681"/><imc name="CONST" value="8"/></imc></stmt><stmt><imc name="MOVE"><imc name="TEMP" value="682"/><imc name="BINOP" value="MUL"><imc name="TEMP" value="680"/><imc name="TEMP" value="681"/></imc></imc></stmt><stmt><imc name="MOVE"><imc name="TEMP" value="683"/><imc name="BINOP" value="ADD"><imc name="TEMP" value="679"/><imc name="TEMP" value="682"/></imc></imc></stmt><stmt><imc name="MOVE"><imc name="MEM"><imc name="TEMP" value="683"/></imc><imc name="TEMP" value="672"/></imc></stmt><stmt><imc name="MOVE"><imc name="TEMP" value="684"/><imc name="CONST" value="0"/></imc></stmt><stmt><imc name="MOVE"><imc name="TEMP" value="685"/><imc name="TEMP" value="6"/></imc></stmt><stmt><imc name="MOVE"><imc name="TEMP" value="686"/><imc name="CONST" value="-672"/></imc></stmt><stmt><imc name="MOVE"><imc name="TEMP" value="687"/><imc name="BINOP" value="ADD"><imc name="TEMP" value="685"/><imc name="TEMP" value="686"/></imc></imc></stmt><stmt><imc name="MOVE"><imc name="TEMP" value="688"/><imc name="CONST" value="3"/></imc></stmt><stmt><imc name="MOVE"><imc name="TEMP" value="689"/><imc name="CONST" value="72"/></imc></stmt><stmt><imc name="MOVE"><imc name="TEMP" value="690"/><imc name="BINOP" value="MUL"><imc name="TEMP" value="688"/><imc name="TEMP" value="689"/></imc></imc></stmt><stmt><imc name="MOVE"><imc name="TEMP" value="691"/><imc name="BINOP" value="ADD"><imc name="TEMP" value="687"/><imc name="TEMP" value="690"/></imc></imc></stmt><stmt><imc name="MOVE"><imc name="TEMP" value="692"/><imc name="CONST" value="0"/></imc></stmt><stmt><imc name="MOVE"><imc name="TEMP" value="693"/><imc name="CONST" value="8"/></imc></stmt><stmt><imc name="MOVE"><imc name="TEMP" value="694"/><imc name="BINOP" value="MUL"><imc name="TEMP" value="692"/><imc name="TEMP" value="693"/></imc></imc></stmt><stmt><imc name="MOVE"><imc name="TEMP" value="695"/><imc name="BINOP" value="ADD"><imc name="TEMP" value="691"/><imc name="TEMP" value="694"/></imc></imc></stmt><stmt><imc name="MOVE"><imc name="MEM"><imc name="TEMP" value="695"/></imc><imc name="TEMP" value="684"/></imc></stmt><stmt><imc name="MOVE"><imc name="TEMP" value="696"/><imc name="CONST" value="1"/></imc></stmt><stmt><imc name="MOVE"><imc name="TEMP" value="697"/><imc name="TEMP" value="6"/></imc></stmt><stmt><imc name="MOVE"><imc name="TEMP" value="698"/><imc name="CONST" value="-672"/></imc></stmt><stmt><imc name="MOVE"><imc name="TEMP" value="699"/><imc name="BINOP" value="ADD"><imc name="TEMP" value="697"/><imc name="TEMP" value="698"/></imc></imc></stmt><stmt><imc name="MOVE"><imc name="TEMP" value="700"/><imc name="CONST" value="3"/></imc></stmt><stmt><imc name="MOVE"><imc name="TEMP" value="701"/><imc name="CONST" value="72"/></imc></stmt><stmt><imc name="MOVE"><imc name="TEMP" value="702"/><imc name="BINOP" value="MUL"><imc name="TEMP" value="700"/><imc name="TEMP" value="701"/></imc></imc></stmt><stmt><imc name="MOVE"><imc name="TEMP" value="703"/><imc name="BINOP" value="ADD"><imc name="TEMP" value="699"/><imc name="TEMP" value="702"/></imc></imc></stmt><stmt><imc name="MOVE"><imc name="TEMP" value="704"/><imc name="CONST" value="1"/></imc></stmt><stmt><imc name="MOVE"><imc name="TEMP" value="705"/><imc name="CONST" value="8"/></imc></stmt><stmt><imc name="MOVE"><imc name="TEMP" value="706"/><imc name="BINOP" value="MUL"><imc name="TEMP" value="704"/><imc name="TEMP" value="705"/></imc></imc></stmt><stmt><imc name="MOVE"><imc name="TEMP" value="707"/><imc name="BINOP" value="ADD"><imc name="TEMP" value="703"/><imc name="TEMP" value="706"/></imc></imc></stmt><stmt><imc name="MOVE"><imc name="MEM"><imc name="TEMP" value="707"/></imc><imc name="TEMP" value="696"/></imc></stmt><stmt><imc name="MOVE"><imc name="TEMP" value="708"/><imc name="CONST" value="4"/></imc></stmt><stmt><imc name="MOVE"><imc name="TEMP" value="709"/><imc name="TEMP" value="6"/></imc></stmt><stmt><imc name="MOVE"><imc name="TEMP" value="710"/><imc name="CONST" value="-672"/></imc></stmt><stmt><imc name="MOVE"><imc name="TEMP" value="711"/><imc name="BINOP" value="ADD"><imc name="TEMP" value="709"/><imc name="TEMP" value="710"/></imc></imc></stmt><stmt><imc name="MOVE"><imc name="TEMP" value="712"/><imc name="CONST" value="3"/></imc></stmt><stmt><imc name="MOVE"><imc name="TEMP" value="713"/><imc name="CONST" value="72"/></imc></stmt><stmt><imc name="MOVE"><imc name="TEMP" value="714"/><imc name="BINOP" value="MUL"><imc name="TEMP" value="712"/><imc name="TEMP" value="713"/></imc></imc></stmt><stmt><imc name="MOVE"><imc name="TEMP" value="715"/><imc name="BINOP" value="ADD"><imc name="TEMP" value="711"/><imc name="TEMP" value="714"/></imc></imc></stmt><stmt><imc name="MOVE"><imc name="TEMP" value="716"/><imc name="CONST" value="2"/></imc></stmt><stmt><imc name="MOVE"><imc name="TEMP" value="717"/><imc name="CONST" value="8"/></imc></stmt><stmt><imc name="MOVE"><imc name="TEMP" value="718"/><imc name="BINOP" value="MUL"><imc name="TEMP" value="716"/><imc name="TEMP" value="717"/></imc></imc></stmt><stmt><imc name="MOVE"><imc name="TEMP" value="719"/><imc name="BINOP" value="ADD"><imc name="TEMP" value="715"/><imc name="TEMP" value="718"/></imc></imc></stmt><stmt><imc name="MOVE"><imc name="MEM"><imc name="TEMP" value="719"/></imc><imc name="TEMP" value="708"/></imc></stmt><stmt><imc name="MOVE"><imc name="TEMP" value="720"/><imc name="CONST" value="8"/></imc></stmt><stmt><imc name="MOVE"><imc name="TEMP" value="721"/><imc name="TEMP" value="6"/></imc></stmt><stmt><imc name="MOVE"><imc name="TEMP" value="722"/><imc name="CONST" value="-672"/></imc></stmt><stmt><imc name="MOVE"><imc name="TEMP" value="723"/><imc name="BINOP" value="ADD"><imc name="TEMP" value="721"/><imc name="TEMP" value="722"/></imc></imc></stmt><stmt><imc name="MOVE"><imc name="TEMP" value="724"/><imc name="CONST" value="3"/></imc></stmt><stmt><imc name="MOVE"><imc name="TEMP" value="725"/><imc name="CONST" value="72"/></imc></stmt><stmt><imc name="MOVE"><imc name="TEMP" value="726"/><imc name="BINOP" value="MUL"><imc name="TEMP" value="724"/><imc name="TEMP" value="725"/></imc></imc></stmt><stmt><imc name="MOVE"><imc name="TEMP" value="727"/><imc name="BINOP" value="ADD"><imc name="TEMP" value="723"/><imc name="TEMP" value="726"/></imc></imc></stmt><stmt><imc name="MOVE"><imc name="TEMP" value="728"/><imc name="CONST" value="3"/></imc></stmt><stmt><imc name="MOVE"><imc name="TEMP" value="729"/><imc name="CONST" value="8"/></imc></stmt><stmt><imc name="MOVE"><imc name="TEMP" value="730"/><imc name="BINOP" value="MUL"><imc name="TEMP" value="728"/><imc name="TEMP" value="729"/></imc></imc></stmt><stmt><imc name="MOVE"><imc name="TEMP" value="731"/><imc name="BINOP" value="ADD"><imc name="TEMP" value="727"/><imc name="TEMP" value="730"/></imc></imc></stmt><stmt><imc name="MOVE"><imc name="MEM"><imc name="TEMP" value="731"/></imc><imc name="TEMP" value="720"/></imc></stmt><stmt><imc name="MOVE"><imc name="TEMP" value="732"/><imc name="CONST" value="0"/></imc></stmt><stmt><imc name="MOVE"><imc name="TEMP" value="733"/><imc name="TEMP" value="6"/></imc></stmt><stmt><imc name="MOVE"><imc name="TEMP" value="734"/><imc name="CONST" value="-672"/></imc></stmt><stmt><imc name="MOVE"><imc name="TEMP" value="735"/><imc name="BINOP" value="ADD"><imc name="TEMP" value="733"/><imc name="TEMP" value="734"/></imc></imc></stmt><stmt><imc name="MOVE"><imc name="TEMP" value="736"/><imc name="CONST" value="3"/></imc></stmt><stmt><imc name="MOVE"><imc name="TEMP" value="737"/><imc name="CONST" value="72"/></imc></stmt><stmt><imc name="MOVE"><imc name="TEMP" value="738"/><imc name="BINOP" value="MUL"><imc name="TEMP" value="736"/><imc name="TEMP" value="737"/></imc></imc></stmt><stmt><imc name="MOVE"><imc name="TEMP" value="739"/><imc name="BINOP" value="ADD"><imc name="TEMP" value="735"/><imc name="TEMP" value="738"/></imc></imc></stmt><stmt><imc name="MOVE"><imc name="TEMP" value="740"/><imc name="CONST" value="4"/></imc></stmt><stmt><imc name="MOVE"><imc name="TEMP" value="741"/><imc name="CONST" value="8"/></imc></stmt><stmt><imc name="MOVE"><imc name="TEMP" value="742"/><imc name="BINOP" value="MUL"><imc name="TEMP" value="740"/><imc name="TEMP" value="741"/></imc></imc></stmt><stmt><imc name="MOVE"><imc name="TEMP" value="743"/><imc name="BINOP" value="ADD"><imc name="TEMP" value="739"/><imc name="TEMP" value="742"/></imc></imc></stmt><stmt><imc name="MOVE"><imc name="MEM"><imc name="TEMP" value="743"/></imc><imc name="TEMP" value="732"/></imc></stmt><stmt><imc name="MOVE"><imc name="TEMP" value="744"/><imc name="CONST" value="0"/></imc></stmt><stmt><imc name="MOVE"><imc name="TEMP" value="745"/><imc name="TEMP" value="6"/></imc></stmt><stmt><imc name="MOVE"><imc name="TEMP" value="746"/><imc name="CONST" value="-672"/></imc></stmt><stmt><imc name="MOVE"><imc name="TEMP" value="747"/><imc name="BINOP" value="ADD"><imc name="TEMP" value="745"/><imc name="TEMP" value="746"/></imc></imc></stmt><stmt><imc name="MOVE"><imc name="TEMP" value="748"/><imc name="CONST" value="3"/></imc></stmt><stmt><imc name="MOVE"><imc name="TEMP" value="749"/><imc name="CONST" value="72"/></imc></stmt><stmt><imc name="MOVE"><imc name="TEMP" value="750"/><imc name="BINOP" value="MUL"><imc name="TEMP" value="748"/><imc name="TEMP" value="749"/></imc></imc></stmt><stmt><imc name="MOVE"><imc name="TEMP" value="751"/><imc name="BINOP" value="ADD"><imc name="TEMP" value="747"/><imc name="TEMP" value="750"/></imc></imc></stmt><stmt><imc name="MOVE"><imc name="TEMP" value="752"/><imc name="CONST" value="5"/></imc></stmt><stmt><imc name="MOVE"><imc name="TEMP" value="753"/><imc name="CONST" value="8"/></imc></stmt><stmt><imc name="MOVE"><imc name="TEMP" value="754"/><imc name="BINOP" value="MUL"><imc name="TEMP" value="752"/><imc name="TEMP" value="753"/></imc></imc></stmt><stmt><imc name="MOVE"><imc name="TEMP" value="755"/><imc name="BINOP" value="ADD"><imc name="TEMP" value="751"/><imc name="TEMP" value="754"/></imc></imc></stmt><stmt><imc name="MOVE"><imc name="MEM"><imc name="TEMP" value="755"/></imc><imc name="TEMP" value="744"/></imc></stmt><stmt><imc name="MOVE"><imc name="TEMP" value="756"/><imc name="CONST" value="0"/></imc></stmt><stmt><imc name="MOVE"><imc name="TEMP" value="757"/><imc name="TEMP" value="6"/></imc></stmt><stmt><imc name="MOVE"><imc name="TEMP" value="758"/><imc name="CONST" value="-672"/></imc></stmt><stmt><imc name="MOVE"><imc name="TEMP" value="759"/><imc name="BINOP" value="ADD"><imc name="TEMP" value="757"/><imc name="TEMP" value="758"/></imc></imc></stmt><stmt><imc name="MOVE"><imc name="TEMP" value="760"/><imc name="CONST" value="3"/></imc></stmt><stmt><imc name="MOVE"><imc name="TEMP" value="761"/><imc name="CONST" value="72"/></imc></stmt><stmt><imc name="MOVE"><imc name="TEMP" value="762"/><imc name="BINOP" value="MUL"><imc name="TEMP" value="760"/><imc name="TEMP" value="761"/></imc></imc></stmt><stmt><imc name="MOVE"><imc name="TEMP" value="763"/><imc name="BINOP" value="ADD"><imc name="TEMP" value="759"/><imc name="TEMP" value="762"/></imc></imc></stmt><stmt><imc name="MOVE"><imc name="TEMP" value="764"/><imc name="CONST" value="6"/></imc></stmt><stmt><imc name="MOVE"><imc name="TEMP" value="765"/><imc name="CONST" value="8"/></imc></stmt><stmt><imc name="MOVE"><imc name="TEMP" value="766"/><imc name="BINOP" value="MUL"><imc name="TEMP" value="764"/><imc name="TEMP" value="765"/></imc></imc></stmt><stmt><imc name="MOVE"><imc name="TEMP" value="767"/><imc name="BINOP" value="ADD"><imc name="TEMP" value="763"/><imc name="TEMP" value="766"/></imc></imc></stmt><stmt><imc name="MOVE"><imc name="MEM"><imc name="TEMP" value="767"/></imc><imc name="TEMP" value="756"/></imc></stmt><stmt><imc name="MOVE"><imc name="TEMP" value="768"/><imc name="CONST" value="5"/></imc></stmt><stmt><imc name="MOVE"><imc name="TEMP" value="769"/><imc name="TEMP" value="6"/></imc></stmt><stmt><imc name="MOVE"><imc name="TEMP" value="770"/><imc name="CONST" value="-672"/></imc></stmt><stmt><imc name="MOVE"><imc name="TEMP" value="771"/><imc name="BINOP" value="ADD"><imc name="TEMP" value="769"/><imc name="TEMP" value="770"/></imc></imc></stmt><stmt><imc name="MOVE"><imc name="TEMP" value="772"/><imc name="CONST" value="3"/></imc></stmt><stmt><imc name="MOVE"><imc name="TEMP" value="773"/><imc name="CONST" value="72"/></imc></stmt><stmt><imc name="MOVE"><imc name="TEMP" value="774"/><imc name="BINOP" value="MUL"><imc name="TEMP" value="772"/><imc name="TEMP" value="773"/></imc></imc></stmt><stmt><imc name="MOVE"><imc name="TEMP" value="775"/><imc name="BINOP" value="ADD"><imc name="TEMP" value="771"/><imc name="TEMP" value="774"/></imc></imc></stmt><stmt><imc name="MOVE"><imc name="TEMP" value="776"/><imc name="CONST" value="7"/></imc></stmt><stmt><imc name="MOVE"><imc name="TEMP" value="777"/><imc name="CONST" value="8"/></imc></stmt><stmt><imc name="MOVE"><imc name="TEMP" value="778"/><imc name="BINOP" value="MUL"><imc name="TEMP" value="776"/><imc name="TEMP" value="777"/></imc></imc></stmt><stmt><imc name="MOVE"><imc name="TEMP" value="779"/><imc name="BINOP" value="ADD"><imc name="TEMP" value="775"/><imc name="TEMP" value="778"/></imc></imc></stmt><stmt><imc name="MOVE"><imc name="MEM"><imc name="TEMP" value="779"/></imc><imc name="TEMP" value="768"/></imc></stmt><stmt><imc name="MOVE"><imc name="TEMP" value="780"/><imc name="CONST" value="0"/></imc></stmt><stmt><imc name="MOVE"><imc name="TEMP" value="781"/><imc name="TEMP" value="6"/></imc></stmt><stmt><imc name="MOVE"><imc name="TEMP" value="782"/><imc name="CONST" value="-672"/></imc></stmt><stmt><imc name="MOVE"><imc name="TEMP" value="783"/><imc name="BINOP" value="ADD"><imc name="TEMP" value="781"/><imc name="TEMP" value="782"/></imc></imc></stmt><stmt><imc name="MOVE"><imc name="TEMP" value="784"/><imc name="CONST" value="3"/></imc></stmt><stmt><imc name="MOVE"><imc name="TEMP" value="785"/><imc name="CONST" value="72"/></imc></stmt><stmt><imc name="MOVE"><imc name="TEMP" value="786"/><imc name="BINOP" value="MUL"><imc name="TEMP" value="784"/><imc name="TEMP" value="785"/></imc></imc></stmt><stmt><imc name="MOVE"><imc name="TEMP" value="787"/><imc name="BINOP" value="ADD"><imc name="TEMP" value="783"/><imc name="TEMP" value="786"/></imc></imc></stmt><stmt><imc name="MOVE"><imc name="TEMP" value="788"/><imc name="CONST" value="8"/></imc></stmt><stmt><imc name="MOVE"><imc name="TEMP" value="789"/><imc name="CONST" value="8"/></imc></stmt><stmt><imc name="MOVE"><imc name="TEMP" value="790"/><imc name="BINOP" value="MUL"><imc name="TEMP" value="788"/><imc name="TEMP" value="789"/></imc></imc></stmt><stmt><imc name="MOVE"><imc name="TEMP" value="791"/><imc name="BINOP" value="ADD"><imc name="TEMP" value="787"/><imc name="TEMP" value="790"/></imc></imc></stmt><stmt><imc name="MOVE"><imc name="MEM"><imc name="TEMP" value="791"/></imc><imc name="TEMP" value="780"/></imc></stmt><stmt><imc name="MOVE"><imc name="TEMP" value="792"/><imc name="CONST" value="3"/></imc></stmt><stmt><imc name="MOVE"><imc name="TEMP" value="793"/><imc name="TEMP" value="6"/></imc></stmt><stmt><imc name="MOVE"><imc name="TEMP" value="794"/><imc name="CONST" value="-672"/></imc></stmt><stmt><imc name="MOVE"><imc name="TEMP" value="795"/><imc name="BINOP" value="ADD"><imc name="TEMP" value="793"/><imc name="TEMP" value="794"/></imc></imc></stmt><stmt><imc name="MOVE"><imc name="TEMP" value="796"/><imc name="CONST" value="4"/></imc></stmt><stmt><imc name="MOVE"><imc name="TEMP" value="797"/><imc name="CONST" value="72"/></imc></stmt><stmt><imc name="MOVE"><imc name="TEMP" value="798"/><imc name="BINOP" value="MUL"><imc name="TEMP" value="796"/><imc name="TEMP" value="797"/></imc></imc></stmt><stmt><imc name="MOVE"><imc name="TEMP" value="799"/><imc name="BINOP" value="ADD"><imc name="TEMP" value="795"/><imc name="TEMP" value="798"/></imc></imc></stmt><stmt><imc name="MOVE"><imc name="TEMP" value="800"/><imc name="CONST" value="0"/></imc></stmt><stmt><imc name="MOVE"><imc name="TEMP" value="801"/><imc name="CONST" value="8"/></imc></stmt><stmt><imc name="MOVE"><imc name="TEMP" value="802"/><imc name="BINOP" value="MUL"><imc name="TEMP" value="800"/><imc name="TEMP" value="801"/></imc></imc></stmt><stmt><imc name="MOVE"><imc name="TEMP" value="803"/><imc name="BINOP" value="ADD"><imc name="TEMP" value="799"/><imc name="TEMP" value="802"/></imc></imc></stmt><stmt><imc name="MOVE"><imc name="MEM"><imc name="TEMP" value="803"/></imc><imc name="TEMP" value="792"/></imc></stmt><stmt><imc name="MOVE"><imc name="TEMP" value="804"/><imc name="CONST" value="0"/></imc></stmt><stmt><imc name="MOVE"><imc name="TEMP" value="805"/><imc name="TEMP" value="6"/></imc></stmt><stmt><imc name="MOVE"><imc name="TEMP" value="806"/><imc name="CONST" value="-672"/></imc></stmt><stmt><imc name="MOVE"><imc name="TEMP" value="807"/><imc name="BINOP" value="ADD"><imc name="TEMP" value="805"/><imc name="TEMP" value="806"/></imc></imc></stmt><stmt><imc name="MOVE"><imc name="TEMP" value="808"/><imc name="CONST" value="4"/></imc></stmt><stmt><imc name="MOVE"><imc name="TEMP" value="809"/><imc name="CONST" value="72"/></imc></stmt><stmt><imc name="MOVE"><imc name="TEMP" value="810"/><imc name="BINOP" value="MUL"><imc name="TEMP" value="808"/><imc name="TEMP" value="809"/></imc></imc></stmt><stmt><imc name="MOVE"><imc name="TEMP" value="811"/><imc name="BINOP" value="ADD"><imc name="TEMP" value="807"/><imc name="TEMP" value="810"/></imc></imc></stmt><stmt><imc name="MOVE"><imc name="TEMP" value="812"/><imc name="CONST" value="1"/></imc></stmt><stmt><imc name="MOVE"><imc name="TEMP" value="813"/><imc name="CONST" value="8"/></imc></stmt><stmt><imc name="MOVE"><imc name="TEMP" value="814"/><imc name="BINOP" value="MUL"><imc name="TEMP" value="812"/><imc name="TEMP" value="813"/></imc></imc></stmt><stmt><imc name="MOVE"><imc name="TEMP" value="815"/><imc name="BINOP" value="ADD"><imc name="TEMP" value="811"/><imc name="TEMP" value="814"/></imc></imc></stmt><stmt><imc name="MOVE"><imc name="MEM"><imc name="TEMP" value="815"/></imc><imc name="TEMP" value="804"/></imc></stmt><stmt><imc name="MOVE"><imc name="TEMP" value="816"/><imc name="CONST" value="0"/></imc></stmt><stmt><imc name="MOVE"><imc name="TEMP" value="817"/><imc name="TEMP" value="6"/></imc></stmt><stmt><imc name="MOVE"><imc name="TEMP" value="818"/><imc name="CONST" value="-672"/></imc></stmt><stmt><imc name="MOVE"><imc name="TEMP" value="819"/><imc name="BINOP" value="ADD"><imc name="TEMP" value="817"/><imc name="TEMP" value="818"/></imc></imc></stmt><stmt><imc name="MOVE"><imc name="TEMP" value="820"/><imc name="CONST" value="4"/></imc></stmt><stmt><imc name="MOVE"><imc name="TEMP" value="821"/><imc name="CONST" value="72"/></imc></stmt><stmt><imc name="MOVE"><imc name="TEMP" value="822"/><imc name="BINOP" value="MUL"><imc name="TEMP" value="820"/><imc name="TEMP" value="821"/></imc></imc></stmt><stmt><imc name="MOVE"><imc name="TEMP" value="823"/><imc name="BINOP" value="ADD"><imc name="TEMP" value="819"/><imc name="TEMP" value="822"/></imc></imc></stmt><stmt><imc name="MOVE"><imc name="TEMP" value="824"/><imc name="CONST" value="2"/></imc></stmt><stmt><imc name="MOVE"><imc name="TEMP" value="825"/><imc name="CONST" value="8"/></imc></stmt><stmt><imc name="MOVE"><imc name="TEMP" value="826"/><imc name="BINOP" value="MUL"><imc name="TEMP" value="824"/><imc name="TEMP" value="825"/></imc></imc></stmt><stmt><imc name="MOVE"><imc name="TEMP" value="827"/><imc name="BINOP" value="ADD"><imc name="TEMP" value="823"/><imc name="TEMP" value="826"/></imc></imc></stmt><stmt><imc name="MOVE"><imc name="MEM"><imc name="TEMP" value="827"/></imc><imc name="TEMP" value="816"/></imc></stmt><stmt><imc name="MOVE"><imc name="TEMP" value="828"/><imc name="CONST" value="0"/></imc></stmt><stmt><imc name="MOVE"><imc name="TEMP" value="829"/><imc name="TEMP" value="6"/></imc></stmt><stmt><imc name="MOVE"><imc name="TEMP" value="830"/><imc name="CONST" value="-672"/></imc></stmt><stmt><imc name="MOVE"><imc name="TEMP" value="831"/><imc name="BINOP" value="ADD"><imc name="TEMP" value="829"/><imc name="TEMP" value="830"/></imc></imc></stmt><stmt><imc name="MOVE"><imc name="TEMP" value="832"/><imc name="CONST" value="4"/></imc></stmt><stmt><imc name="MOVE"><imc name="TEMP" value="833"/><imc name="CONST" value="72"/></imc></stmt><stmt><imc name="MOVE"><imc name="TEMP" value="834"/><imc name="BINOP" value="MUL"><imc name="TEMP" value="832"/><imc name="TEMP" value="833"/></imc></imc></stmt><stmt><imc name="MOVE"><imc name="TEMP" value="835"/><imc name="BINOP" value="ADD"><imc name="TEMP" value="831"/><imc name="TEMP" value="834"/></imc></imc></stmt><stmt><imc name="MOVE"><imc name="TEMP" value="836"/><imc name="CONST" value="3"/></imc></stmt><stmt><imc name="MOVE"><imc name="TEMP" value="837"/><imc name="CONST" value="8"/></imc></stmt><stmt><imc name="MOVE"><imc name="TEMP" value="838"/><imc name="BINOP" value="MUL"><imc name="TEMP" value="836"/><imc name="TEMP" value="837"/></imc></imc></stmt><stmt><imc name="MOVE"><imc name="TEMP" value="839"/><imc name="BINOP" value="ADD"><imc name="TEMP" value="835"/><imc name="TEMP" value="838"/></imc></imc></stmt><stmt><imc name="MOVE"><imc name="MEM"><imc name="TEMP" value="839"/></imc><imc name="TEMP" value="828"/></imc></stmt><stmt><imc name="MOVE"><imc name="TEMP" value="840"/><imc name="CONST" value="0"/></imc></stmt><stmt><imc name="MOVE"><imc name="TEMP" value="841"/><imc name="TEMP" value="6"/></imc></stmt><stmt><imc name="MOVE"><imc name="TEMP" value="842"/><imc name="CONST" value="-672"/></imc></stmt><stmt><imc name="MOVE"><imc name="TEMP" value="843"/><imc name="BINOP" value="ADD"><imc name="TEMP" value="841"/><imc name="TEMP" value="842"/></imc></imc></stmt><stmt><imc name="MOVE"><imc name="TEMP" value="844"/><imc name="CONST" value="4"/></imc></stmt><stmt><imc name="MOVE"><imc name="TEMP" value="845"/><imc name="CONST" value="72"/></imc></stmt><stmt><imc name="MOVE"><imc name="TEMP" value="846"/><imc name="BINOP" value="MUL"><imc name="TEMP" value="844"/><imc name="TEMP" value="845"/></imc></imc></stmt><stmt><imc name="MOVE"><imc name="TEMP" value="847"/><imc name="BINOP" value="ADD"><imc name="TEMP" value="843"/><imc name="TEMP" value="846"/></imc></imc></stmt><stmt><imc name="MOVE"><imc name="TEMP" value="848"/><imc name="CONST" value="4"/></imc></stmt><stmt><imc name="MOVE"><imc name="TEMP" value="849"/><imc name="CONST" value="8"/></imc></stmt><stmt><imc name="MOVE"><imc name="TEMP" value="850"/><imc name="BINOP" value="MUL"><imc name="TEMP" value="848"/><imc name="TEMP" value="849"/></imc></imc></stmt><stmt><imc name="MOVE"><imc name="TEMP" value="851"/><imc name="BINOP" value="ADD"><imc name="TEMP" value="847"/><imc name="TEMP" value="850"/></imc></imc></stmt><stmt><imc name="MOVE"><imc name="MEM"><imc name="TEMP" value="851"/></imc><imc name="TEMP" value="840"/></imc></stmt><stmt><imc name="MOVE"><imc name="TEMP" value="852"/><imc name="CONST" value="0"/></imc></stmt><stmt><imc name="MOVE"><imc name="TEMP" value="853"/><imc name="TEMP" value="6"/></imc></stmt><stmt><imc name="MOVE"><imc name="TEMP" value="854"/><imc name="CONST" value="-672"/></imc></stmt><stmt><imc name="MOVE"><imc name="TEMP" value="855"/><imc name="BINOP" value="ADD"><imc name="TEMP" value="853"/><imc name="TEMP" value="854"/></imc></imc></stmt><stmt><imc name="MOVE"><imc name="TEMP" value="856"/><imc name="CONST" value="4"/></imc></stmt><stmt><imc name="MOVE"><imc name="TEMP" value="857"/><imc name="CONST" value="72"/></imc></stmt><stmt><imc name="MOVE"><imc name="TEMP" value="858"/><imc name="BINOP" value="MUL"><imc name="TEMP" value="856"/><imc name="TEMP" value="857"/></imc></imc></stmt><stmt><imc name="MOVE"><imc name="TEMP" value="859"/><imc name="BINOP" value="ADD"><imc name="TEMP" value="855"/><imc name="TEMP" value="858"/></imc></imc></stmt><stmt><imc name="MOVE"><imc name="TEMP" value="860"/><imc name="CONST" value="5"/></imc></stmt><stmt><imc name="MOVE"><imc name="TEMP" value="861"/><imc name="CONST" value="8"/></imc></stmt><stmt><imc name="MOVE"><imc name="TEMP" value="862"/><imc name="BINOP" value="MUL"><imc name="TEMP" value="860"/><imc name="TEMP" value="861"/></imc></imc></stmt><stmt><imc name="MOVE"><imc name="TEMP" value="863"/><imc name="BINOP" value="ADD"><imc name="TEMP" value="859"/><imc name="TEMP" value="862"/></imc></imc></stmt><stmt><imc name="MOVE"><imc name="MEM"><imc name="TEMP" value="863"/></imc><imc name="TEMP" value="852"/></imc></stmt><stmt><imc name="MOVE"><imc name="TEMP" value="864"/><imc name="CONST" value="6"/></imc></stmt><stmt><imc name="MOVE"><imc name="TEMP" value="865"/><imc name="TEMP" value="6"/></imc></stmt><stmt><imc name="MOVE"><imc name="TEMP" value="866"/><imc name="CONST" value="-672"/></imc></stmt><stmt><imc name="MOVE"><imc name="TEMP" value="867"/><imc name="BINOP" value="ADD"><imc name="TEMP" value="865"/><imc name="TEMP" value="866"/></imc></imc></stmt><stmt><imc name="MOVE"><imc name="TEMP" value="868"/><imc name="CONST" value="4"/></imc></stmt><stmt><imc name="MOVE"><imc name="TEMP" value="869"/><imc name="CONST" value="72"/></imc></stmt><stmt><imc name="MOVE"><imc name="TEMP" value="870"/><imc name="BINOP" value="MUL"><imc name="TEMP" value="868"/><imc name="TEMP" value="869"/></imc></imc></stmt><stmt><imc name="MOVE"><imc name="TEMP" value="871"/><imc name="BINOP" value="ADD"><imc name="TEMP" value="867"/><imc name="TEMP" value="870"/></imc></imc></stmt><stmt><imc name="MOVE"><imc name="TEMP" value="872"/><imc name="CONST" value="6"/></imc></stmt><stmt><imc name="MOVE"><imc name="TEMP" value="873"/><imc name="CONST" value="8"/></imc></stmt><stmt><imc name="MOVE"><imc name="TEMP" value="874"/><imc name="BINOP" value="MUL"><imc name="TEMP" value="872"/><imc name="TEMP" value="873"/></imc></imc></stmt><stmt><imc name="MOVE"><imc name="TEMP" value="875"/><imc name="BINOP" value="ADD"><imc name="TEMP" value="871"/><imc name="TEMP" value="874"/></imc></imc></stmt><stmt><imc name="MOVE"><imc name="MEM"><imc name="TEMP" value="875"/></imc><imc name="TEMP" value="864"/></imc></stmt><stmt><imc name="MOVE"><imc name="TEMP" value="876"/><imc name="CONST" value="7"/></imc></stmt><stmt><imc name="MOVE"><imc name="TEMP" value="877"/><imc name="TEMP" value="6"/></imc></stmt><stmt><imc name="MOVE"><imc name="TEMP" value="878"/><imc name="CONST" value="-672"/></imc></stmt><stmt><imc name="MOVE"><imc name="TEMP" value="879"/><imc name="BINOP" value="ADD"><imc name="TEMP" value="877"/><imc name="TEMP" value="878"/></imc></imc></stmt><stmt><imc name="MOVE"><imc name="TEMP" value="880"/><imc name="CONST" value="4"/></imc></stmt><stmt><imc name="MOVE"><imc name="TEMP" value="881"/><imc name="CONST" value="72"/></imc></stmt><stmt><imc name="MOVE"><imc name="TEMP" value="882"/><imc name="BINOP" value="MUL"><imc name="TEMP" value="880"/><imc name="TEMP" value="881"/></imc></imc></stmt><stmt><imc name="MOVE"><imc name="TEMP" value="883"/><imc name="BINOP" value="ADD"><imc name="TEMP" value="879"/><imc name="TEMP" value="882"/></imc></imc></stmt><stmt><imc name="MOVE"><imc name="TEMP" value="884"/><imc name="CONST" value="7"/></imc></stmt><stmt><imc name="MOVE"><imc name="TEMP" value="885"/><imc name="CONST" value="8"/></imc></stmt><stmt><imc name="MOVE"><imc name="TEMP" value="886"/><imc name="BINOP" value="MUL"><imc name="TEMP" value="884"/><imc name="TEMP" value="885"/></imc></imc></stmt><stmt><imc name="MOVE"><imc name="TEMP" value="887"/><imc name="BINOP" value="ADD"><imc name="TEMP" value="883"/><imc name="TEMP" value="886"/></imc></imc></stmt><stmt><imc name="MOVE"><imc name="MEM"><imc name="TEMP" value="887"/></imc><imc name="TEMP" value="876"/></imc></stmt><stmt><imc name="MOVE"><imc name="TEMP" value="888"/><imc name="CONST" value="0"/></imc></stmt><stmt><imc name="MOVE"><imc name="TEMP" value="889"/><imc name="TEMP" value="6"/></imc></stmt><stmt><imc name="MOVE"><imc name="TEMP" value="890"/><imc name="CONST" value="-672"/></imc></stmt><stmt><imc name="MOVE"><imc name="TEMP" value="891"/><imc name="BINOP" value="ADD"><imc name="TEMP" value="889"/><imc name="TEMP" value="890"/></imc></imc></stmt><stmt><imc name="MOVE"><imc name="TEMP" value="892"/><imc name="CONST" value="4"/></imc></stmt><stmt><imc name="MOVE"><imc name="TEMP" value="893"/><imc name="CONST" value="72"/></imc></stmt><stmt><imc name="MOVE"><imc name="TEMP" value="894"/><imc name="BINOP" value="MUL"><imc name="TEMP" value="892"/><imc name="TEMP" value="893"/></imc></imc></stmt><stmt><imc name="MOVE"><imc name="TEMP" value="895"/><imc name="BINOP" value="ADD"><imc name="TEMP" value="891"/><imc name="TEMP" value="894"/></imc></imc></stmt><stmt><imc name="MOVE"><imc name="TEMP" value="896"/><imc name="CONST" value="8"/></imc></stmt><stmt><imc name="MOVE"><imc name="TEMP" value="897"/><imc name="CONST" value="8"/></imc></stmt><stmt><imc name="MOVE"><imc name="TEMP" value="898"/><imc name="BINOP" value="MUL"><imc name="TEMP" value="896"/><imc name="TEMP" value="897"/></imc></imc></stmt><stmt><imc name="MOVE"><imc name="TEMP" value="899"/><imc name="BINOP" value="ADD"><imc name="TEMP" value="895"/><imc name="TEMP" value="898"/></imc></imc></stmt><stmt><imc name="MOVE"><imc name="MEM"><imc name="TEMP" value="899"/></imc><imc name="TEMP" value="888"/></imc></stmt><stmt><imc name="MOVE"><imc name="TEMP" value="900"/><imc name="CONST" value="0"/></imc></stmt><stmt><imc name="MOVE"><imc name="TEMP" value="901"/><imc name="TEMP" value="6"/></imc></stmt><stmt><imc name="MOVE"><imc name="TEMP" value="902"/><imc name="CONST" value="-672"/></imc></stmt><stmt><imc name="MOVE"><imc name="TEMP" value="903"/><imc name="BINOP" value="ADD"><imc name="TEMP" value="901"/><imc name="TEMP" value="902"/></imc></imc></stmt><stmt><imc name="MOVE"><imc name="TEMP" value="904"/><imc name="CONST" value="5"/></imc></stmt><stmt><imc name="MOVE"><imc name="TEMP" value="905"/><imc name="CONST" value="72"/></imc></stmt><stmt><imc name="MOVE"><imc name="TEMP" value="906"/><imc name="BINOP" value="MUL"><imc name="TEMP" value="904"/><imc name="TEMP" value="905"/></imc></imc></stmt><stmt><imc name="MOVE"><imc name="TEMP" value="907"/><imc name="BINOP" value="ADD"><imc name="TEMP" value="903"/><imc name="TEMP" value="906"/></imc></imc></stmt><stmt><imc name="MOVE"><imc name="TEMP" value="908"/><imc name="CONST" value="0"/></imc></stmt><stmt><imc name="MOVE"><imc name="TEMP" value="909"/><imc name="CONST" value="8"/></imc></stmt><stmt><imc name="MOVE"><imc name="TEMP" value="910"/><imc name="BINOP" value="MUL"><imc name="TEMP" value="908"/><imc name="TEMP" value="909"/></imc></imc></stmt><stmt><imc name="MOVE"><imc name="TEMP" value="911"/><imc name="BINOP" value="ADD"><imc name="TEMP" value="907"/><imc name="TEMP" value="910"/></imc></imc></stmt><stmt><imc name="MOVE"><imc name="MEM"><imc name="TEMP" value="911"/></imc><imc name="TEMP" value="900"/></imc></stmt><stmt><imc name="MOVE"><imc name="TEMP" value="912"/><imc name="CONST" value="0"/></imc></stmt><stmt><imc name="MOVE"><imc name="TEMP" value="913"/><imc name="TEMP" value="6"/></imc></stmt><stmt><imc name="MOVE"><imc name="TEMP" value="914"/><imc name="CONST" value="-672"/></imc></stmt><stmt><imc name="MOVE"><imc name="TEMP" value="915"/><imc name="BINOP" value="ADD"><imc name="TEMP" value="913"/><imc name="TEMP" value="914"/></imc></imc></stmt><stmt><imc name="MOVE"><imc name="TEMP" value="916"/><imc name="CONST" value="5"/></imc></stmt><stmt><imc name="MOVE"><imc name="TEMP" value="917"/><imc name="CONST" value="72"/></imc></stmt><stmt><imc name="MOVE"><imc name="TEMP" value="918"/><imc name="BINOP" value="MUL"><imc name="TEMP" value="916"/><imc name="TEMP" value="917"/></imc></imc></stmt><stmt><imc name="MOVE"><imc name="TEMP" value="919"/><imc name="BINOP" value="ADD"><imc name="TEMP" value="915"/><imc name="TEMP" value="918"/></imc></imc></stmt><stmt><imc name="MOVE"><imc name="TEMP" value="920"/><imc name="CONST" value="1"/></imc></stmt><stmt><imc name="MOVE"><imc name="TEMP" value="921"/><imc name="CONST" value="8"/></imc></stmt><stmt><imc name="MOVE"><imc name="TEMP" value="922"/><imc name="BINOP" value="MUL"><imc name="TEMP" value="920"/><imc name="TEMP" value="921"/></imc></imc></stmt><stmt><imc name="MOVE"><imc name="TEMP" value="923"/><imc name="BINOP" value="ADD"><imc name="TEMP" value="919"/><imc name="TEMP" value="922"/></imc></imc></stmt><stmt><imc name="MOVE"><imc name="MEM"><imc name="TEMP" value="923"/></imc><imc name="TEMP" value="912"/></imc></stmt><stmt><imc name="MOVE"><imc name="TEMP" value="924"/><imc name="CONST" value="0"/></imc></stmt><stmt><imc name="MOVE"><imc name="TEMP" value="925"/><imc name="TEMP" value="6"/></imc></stmt><stmt><imc name="MOVE"><imc name="TEMP" value="926"/><imc name="CONST" value="-672"/></imc></stmt><stmt><imc name="MOVE"><imc name="TEMP" value="927"/><imc name="BINOP" value="ADD"><imc name="TEMP" value="925"/><imc name="TEMP" value="926"/></imc></imc></stmt><stmt><imc name="MOVE"><imc name="TEMP" value="928"/><imc name="CONST" value="5"/></imc></stmt><stmt><imc name="MOVE"><imc name="TEMP" value="929"/><imc name="CONST" value="72"/></imc></stmt><stmt><imc name="MOVE"><imc name="TEMP" value="930"/><imc name="BINOP" value="MUL"><imc name="TEMP" value="928"/><imc name="TEMP" value="929"/></imc></imc></stmt><stmt><imc name="MOVE"><imc name="TEMP" value="931"/><imc name="BINOP" value="ADD"><imc name="TEMP" value="927"/><imc name="TEMP" value="930"/></imc></imc></stmt><stmt><imc name="MOVE"><imc name="TEMP" value="932"/><imc name="CONST" value="2"/></imc></stmt><stmt><imc name="MOVE"><imc name="TEMP" value="933"/><imc name="CONST" value="8"/></imc></stmt><stmt><imc name="MOVE"><imc name="TEMP" value="934"/><imc name="BINOP" value="MUL"><imc name="TEMP" value="932"/><imc name="TEMP" value="933"/></imc></imc></stmt><stmt><imc name="MOVE"><imc name="TEMP" value="935"/><imc name="BINOP" value="ADD"><imc name="TEMP" value="931"/><imc name="TEMP" value="934"/></imc></imc></stmt><stmt><imc name="MOVE"><imc name="MEM"><imc name="TEMP" value="935"/></imc><imc name="TEMP" value="924"/></imc></stmt><stmt><imc name="MOVE"><imc name="TEMP" value="936"/><imc name="CONST" value="0"/></imc></stmt><stmt><imc name="MOVE"><imc name="TEMP" value="937"/><imc name="TEMP" value="6"/></imc></stmt><stmt><imc name="MOVE"><imc name="TEMP" value="938"/><imc name="CONST" value="-672"/></imc></stmt><stmt><imc name="MOVE"><imc name="TEMP" value="939"/><imc name="BINOP" value="ADD"><imc name="TEMP" value="937"/><imc name="TEMP" value="938"/></imc></imc></stmt><stmt><imc name="MOVE"><imc name="TEMP" value="940"/><imc name="CONST" value="5"/></imc></stmt><stmt><imc name="MOVE"><imc name="TEMP" value="941"/><imc name="CONST" value="72"/></imc></stmt><stmt><imc name="MOVE"><imc name="TEMP" value="942"/><imc name="BINOP" value="MUL"><imc name="TEMP" value="940"/><imc name="TEMP" value="941"/></imc></imc></stmt><stmt><imc name="MOVE"><imc name="TEMP" value="943"/><imc name="BINOP" value="ADD"><imc name="TEMP" value="939"/><imc name="TEMP" value="942"/></imc></imc></stmt><stmt><imc name="MOVE"><imc name="TEMP" value="944"/><imc name="CONST" value="3"/></imc></stmt><stmt><imc name="MOVE"><imc name="TEMP" value="945"/><imc name="CONST" value="8"/></imc></stmt><stmt><imc name="MOVE"><imc name="TEMP" value="946"/><imc name="BINOP" value="MUL"><imc name="TEMP" value="944"/><imc name="TEMP" value="945"/></imc></imc></stmt><stmt><imc name="MOVE"><imc name="TEMP" value="947"/><imc name="BINOP" value="ADD"><imc name="TEMP" value="943"/><imc name="TEMP" value="946"/></imc></imc></stmt><stmt><imc name="MOVE"><imc name="MEM"><imc name="TEMP" value="947"/></imc><imc name="TEMP" value="936"/></imc></stmt><stmt><imc name="MOVE"><imc name="TEMP" value="948"/><imc name="CONST" value="0"/></imc></stmt><stmt><imc name="MOVE"><imc name="TEMP" value="949"/><imc name="TEMP" value="6"/></imc></stmt><stmt><imc name="MOVE"><imc name="TEMP" value="950"/><imc name="CONST" value="-672"/></imc></stmt><stmt><imc name="MOVE"><imc name="TEMP" value="951"/><imc name="BINOP" value="ADD"><imc name="TEMP" value="949"/><imc name="TEMP" value="950"/></imc></imc></stmt><stmt><imc name="MOVE"><imc name="TEMP" value="952"/><imc name="CONST" value="5"/></imc></stmt><stmt><imc name="MOVE"><imc name="TEMP" value="953"/><imc name="CONST" value="72"/></imc></stmt><stmt><imc name="MOVE"><imc name="TEMP" value="954"/><imc name="BINOP" value="MUL"><imc name="TEMP" value="952"/><imc name="TEMP" value="953"/></imc></imc></stmt><stmt><imc name="MOVE"><imc name="TEMP" value="955"/><imc name="BINOP" value="ADD"><imc name="TEMP" value="951"/><imc name="TEMP" value="954"/></imc></imc></stmt><stmt><imc name="MOVE"><imc name="TEMP" value="956"/><imc name="CONST" value="4"/></imc></stmt><stmt><imc name="MOVE"><imc name="TEMP" value="957"/><imc name="CONST" value="8"/></imc></stmt><stmt><imc name="MOVE"><imc name="TEMP" value="958"/><imc name="BINOP" value="MUL"><imc name="TEMP" value="956"/><imc name="TEMP" value="957"/></imc></imc></stmt><stmt><imc name="MOVE"><imc name="TEMP" value="959"/><imc name="BINOP" value="ADD"><imc name="TEMP" value="955"/><imc name="TEMP" value="958"/></imc></imc></stmt><stmt><imc name="MOVE"><imc name="MEM"><imc name="TEMP" value="959"/></imc><imc name="TEMP" value="948"/></imc></stmt><stmt><imc name="MOVE"><imc name="TEMP" value="960"/><imc name="CONST" value="9"/></imc></stmt><stmt><imc name="MOVE"><imc name="TEMP" value="961"/><imc name="TEMP" value="6"/></imc></stmt><stmt><imc name="MOVE"><imc name="TEMP" value="962"/><imc name="CONST" value="-672"/></imc></stmt><stmt><imc name="MOVE"><imc name="TEMP" value="963"/><imc name="BINOP" value="ADD"><imc name="TEMP" value="961"/><imc name="TEMP" value="962"/></imc></imc></stmt><stmt><imc name="MOVE"><imc name="TEMP" value="964"/><imc name="CONST" value="5"/></imc></stmt><stmt><imc name="MOVE"><imc name="TEMP" value="965"/><imc name="CONST" value="72"/></imc></stmt><stmt><imc name="MOVE"><imc name="TEMP" value="966"/><imc name="BINOP" value="MUL"><imc name="TEMP" value="964"/><imc name="TEMP" value="965"/></imc></imc></stmt><stmt><imc name="MOVE"><imc name="TEMP" value="967"/><imc name="BINOP" value="ADD"><imc name="TEMP" value="963"/><imc name="TEMP" value="966"/></imc></imc></stmt><stmt><imc name="MOVE"><imc name="TEMP" value="968"/><imc name="CONST" value="5"/></imc></stmt><stmt><imc name="MOVE"><imc name="TEMP" value="969"/><imc name="CONST" value="8"/></imc></stmt><stmt><imc name="MOVE"><imc name="TEMP" value="970"/><imc name="BINOP" value="MUL"><imc name="TEMP" value="968"/><imc name="TEMP" value="969"/></imc></imc></stmt><stmt><imc name="MOVE"><imc name="TEMP" value="971"/><imc name="BINOP" value="ADD"><imc name="TEMP" value="967"/><imc name="TEMP" value="970"/></imc></imc></stmt><stmt><imc name="MOVE"><imc name="MEM"><imc name="TEMP" value="971"/></imc><imc name="TEMP" value="960"/></imc></stmt><stmt><imc name="MOVE"><imc name="TEMP" value="972"/><imc name="CONST" value="0"/></imc></stmt><stmt><imc name="MOVE"><imc name="TEMP" value="973"/><imc name="TEMP" value="6"/></imc></stmt><stmt><imc name="MOVE"><imc name="TEMP" value="974"/><imc name="CONST" value="-672"/></imc></stmt><stmt><imc name="MOVE"><imc name="TEMP" value="975"/><imc name="BINOP" value="ADD"><imc name="TEMP" value="973"/><imc name="TEMP" value="974"/></imc></imc></stmt><stmt><imc name="MOVE"><imc name="TEMP" value="976"/><imc name="CONST" value="5"/></imc></stmt><stmt><imc name="MOVE"><imc name="TEMP" value="977"/><imc name="CONST" value="72"/></imc></stmt><stmt><imc name="MOVE"><imc name="TEMP" value="978"/><imc name="BINOP" value="MUL"><imc name="TEMP" value="976"/><imc name="TEMP" value="977"/></imc></imc></stmt><stmt><imc name="MOVE"><imc name="TEMP" value="979"/><imc name="BINOP" value="ADD"><imc name="TEMP" value="975"/><imc name="TEMP" value="978"/></imc></imc></stmt><stmt><imc name="MOVE"><imc name="TEMP" value="980"/><imc name="CONST" value="6"/></imc></stmt><stmt><imc name="MOVE"><imc name="TEMP" value="981"/><imc name="CONST" value="8"/></imc></stmt><stmt><imc name="MOVE"><imc name="TEMP" value="982"/><imc name="BINOP" value="MUL"><imc name="TEMP" value="980"/><imc name="TEMP" value="981"/></imc></imc></stmt><stmt><imc name="MOVE"><imc name="TEMP" value="983"/><imc name="BINOP" value="ADD"><imc name="TEMP" value="979"/><imc name="TEMP" value="982"/></imc></imc></stmt><stmt><imc name="MOVE"><imc name="MEM"><imc name="TEMP" value="983"/></imc><imc name="TEMP" value="972"/></imc></stmt><stmt><imc name="MOVE"><imc name="TEMP" value="984"/><imc name="CONST" value="0"/></imc></stmt><stmt><imc name="MOVE"><imc name="TEMP" value="985"/><imc name="TEMP" value="6"/></imc></stmt><stmt><imc name="MOVE"><imc name="TEMP" value="986"/><imc name="CONST" value="-672"/></imc></stmt><stmt><imc name="MOVE"><imc name="TEMP" value="987"/><imc name="BINOP" value="ADD"><imc name="TEMP" value="985"/><imc name="TEMP" value="986"/></imc></imc></stmt><stmt><imc name="MOVE"><imc name="TEMP" value="988"/><imc name="CONST" value="5"/></imc></stmt><stmt><imc name="MOVE"><imc name="TEMP" value="989"/><imc name="CONST" value="72"/></imc></stmt><stmt><imc name="MOVE"><imc name="TEMP" value="990"/><imc name="BINOP" value="MUL"><imc name="TEMP" value="988"/><imc name="TEMP" value="989"/></imc></imc></stmt><stmt><imc name="MOVE"><imc name="TEMP" value="991"/><imc name="BINOP" value="ADD"><imc name="TEMP" value="987"/><imc name="TEMP" value="990"/></imc></imc></stmt><stmt><imc name="MOVE"><imc name="TEMP" value="992"/><imc name="CONST" value="7"/></imc></stmt><stmt><imc name="MOVE"><imc name="TEMP" value="993"/><imc name="CONST" value="8"/></imc></stmt><stmt><imc name="MOVE"><imc name="TEMP" value="994"/><imc name="BINOP" value="MUL"><imc name="TEMP" value="992"/><imc name="TEMP" value="993"/></imc></imc></stmt><stmt><imc name="MOVE"><imc name="TEMP" value="995"/><imc name="BINOP" value="ADD"><imc name="TEMP" value="991"/><imc name="TEMP" value="994"/></imc></imc></stmt><stmt><imc name="MOVE"><imc name="MEM"><imc name="TEMP" value="995"/></imc><imc name="TEMP" value="984"/></imc></stmt><stmt><imc name="MOVE"><imc name="TEMP" value="996"/><imc name="CONST" value="0"/></imc></stmt><stmt><imc name="MOVE"><imc name="TEMP" value="997"/><imc name="TEMP" value="6"/></imc></stmt><stmt><imc name="MOVE"><imc name="TEMP" value="998"/><imc name="CONST" value="-672"/></imc></stmt><stmt><imc name="MOVE"><imc name="TEMP" value="999"/><imc name="BINOP" value="ADD"><imc name="TEMP" value="997"/><imc name="TEMP" value="998"/></imc></imc></stmt><stmt><imc name="MOVE"><imc name="TEMP" value="1000"/><imc name="CONST" value="5"/></imc></stmt><stmt><imc name="MOVE"><imc name="TEMP" value="1001"/><imc name="CONST" value="72"/></imc></stmt><stmt><imc name="MOVE"><imc name="TEMP" value="1002"/><imc name="BINOP" value="MUL"><imc name="TEMP" value="1000"/><imc name="TEMP" value="1001"/></imc></imc></stmt><stmt><imc name="MOVE"><imc name="TEMP" value="1003"/><imc name="BINOP" value="ADD"><imc name="TEMP" value="999"/><imc name="TEMP" value="1002"/></imc></imc></stmt><stmt><imc name="MOVE"><imc name="TEMP" value="1004"/><imc name="CONST" value="8"/></imc></stmt><stmt><imc name="MOVE"><imc name="TEMP" value="1005"/><imc name="CONST" value="8"/></imc></stmt><stmt><imc name="MOVE"><imc name="TEMP" value="1006"/><imc name="BINOP" value="MUL"><imc name="TEMP" value="1004"/><imc name="TEMP" value="1005"/></imc></imc></stmt><stmt><imc name="MOVE"><imc name="TEMP" value="1007"/><imc name="BINOP" value="ADD"><imc name="TEMP" value="1003"/><imc name="TEMP" value="1006"/></imc></imc></stmt><stmt><imc name="MOVE"><imc name="MEM"><imc name="TEMP" value="1007"/></imc><imc name="TEMP" value="996"/></imc></stmt><stmt><imc name="MOVE"><imc name="TEMP" value="1008"/><imc name="CONST" value="0"/></imc></stmt><stmt><imc name="MOVE"><imc name="TEMP" value="1009"/><imc name="TEMP" value="6"/></imc></stmt><stmt><imc name="MOVE"><imc name="TEMP" value="1010"/><imc name="CONST" value="-672"/></imc></stmt><stmt><imc name="MOVE"><imc name="TEMP" value="1011"/><imc name="BINOP" value="ADD"><imc name="TEMP" value="1009"/><imc name="TEMP" value="1010"/></imc></imc></stmt><stmt><imc name="MOVE"><imc name="TEMP" value="1012"/><imc name="CONST" value="6"/></imc></stmt><stmt><imc name="MOVE"><imc name="TEMP" value="1013"/><imc name="CONST" value="72"/></imc></stmt><stmt><imc name="MOVE"><imc name="TEMP" value="1014"/><imc name="BINOP" value="MUL"><imc name="TEMP" value="1012"/><imc name="TEMP" value="1013"/></imc></imc></stmt><stmt><imc name="MOVE"><imc name="TEMP" value="1015"/><imc name="BINOP" value="ADD"><imc name="TEMP" value="1011"/><imc name="TEMP" value="1014"/></imc></imc></stmt><stmt><imc name="MOVE"><imc name="TEMP" value="1016"/><imc name="CONST" value="0"/></imc></stmt><stmt><imc name="MOVE"><imc name="TEMP" value="1017"/><imc name="CONST" value="8"/></imc></stmt><stmt><imc name="MOVE"><imc name="TEMP" value="1018"/><imc name="BINOP" value="MUL"><imc name="TEMP" value="1016"/><imc name="TEMP" value="1017"/></imc></imc></stmt><stmt><imc name="MOVE"><imc name="TEMP" value="1019"/><imc name="BINOP" value="ADD"><imc name="TEMP" value="1015"/><imc name="TEMP" value="1018"/></imc></imc></stmt><stmt><imc name="MOVE"><imc name="MEM"><imc name="TEMP" value="1019"/></imc><imc name="TEMP" value="1008"/></imc></stmt><stmt><imc name="MOVE"><imc name="TEMP" value="1020"/><imc name="CONST" value="0"/></imc></stmt><stmt><imc name="MOVE"><imc name="TEMP" value="1021"/><imc name="TEMP" value="6"/></imc></stmt><stmt><imc name="MOVE"><imc name="TEMP" value="1022"/><imc name="CONST" value="-672"/></imc></stmt><stmt><imc name="MOVE"><imc name="TEMP" value="1023"/><imc name="BINOP" value="ADD"><imc name="TEMP" value="1021"/><imc name="TEMP" value="1022"/></imc></imc></stmt><stmt><imc name="MOVE"><imc name="TEMP" value="1024"/><imc name="CONST" value="6"/></imc></stmt><stmt><imc name="MOVE"><imc name="TEMP" value="1025"/><imc name="CONST" value="72"/></imc></stmt><stmt><imc name="MOVE"><imc name="TEMP" value="1026"/><imc name="BINOP" value="MUL"><imc name="TEMP" value="1024"/><imc name="TEMP" value="1025"/></imc></imc></stmt><stmt><imc name="MOVE"><imc name="TEMP" value="1027"/><imc name="BINOP" value="ADD"><imc name="TEMP" value="1023"/><imc name="TEMP" value="1026"/></imc></imc></stmt><stmt><imc name="MOVE"><imc name="TEMP" value="1028"/><imc name="CONST" value="1"/></imc></stmt><stmt><imc name="MOVE"><imc name="TEMP" value="1029"/><imc name="CONST" value="8"/></imc></stmt><stmt><imc name="MOVE"><imc name="TEMP" value="1030"/><imc name="BINOP" value="MUL"><imc name="TEMP" value="1028"/><imc name="TEMP" value="1029"/></imc></imc></stmt><stmt><imc name="MOVE"><imc name="TEMP" value="1031"/><imc name="BINOP" value="ADD"><imc name="TEMP" value="1027"/><imc name="TEMP" value="1030"/></imc></imc></stmt><stmt><imc name="MOVE"><imc name="MEM"><imc name="TEMP" value="1031"/></imc><imc name="TEMP" value="1020"/></imc></stmt><stmt><imc name="MOVE"><imc name="TEMP" value="1032"/><imc name="CONST" value="0"/></imc></stmt><stmt><imc name="MOVE"><imc name="TEMP" value="1033"/><imc name="TEMP" value="6"/></imc></stmt><stmt><imc name="MOVE"><imc name="TEMP" value="1034"/><imc name="CONST" value="-672"/></imc></stmt><stmt><imc name="MOVE"><imc name="TEMP" value="1035"/><imc name="BINOP" value="ADD"><imc name="TEMP" value="1033"/><imc name="TEMP" value="1034"/></imc></imc></stmt><stmt><imc name="MOVE"><imc name="TEMP" value="1036"/><imc name="CONST" value="6"/></imc></stmt><stmt><imc name="MOVE"><imc name="TEMP" value="1037"/><imc name="CONST" value="72"/></imc></stmt><stmt><imc name="MOVE"><imc name="TEMP" value="1038"/><imc name="BINOP" value="MUL"><imc name="TEMP" value="1036"/><imc name="TEMP" value="1037"/></imc></imc></stmt><stmt><imc name="MOVE"><imc name="TEMP" value="1039"/><imc name="BINOP" value="ADD"><imc name="TEMP" value="1035"/><imc name="TEMP" value="1038"/></imc></imc></stmt><stmt><imc name="MOVE"><imc name="TEMP" value="1040"/><imc name="CONST" value="2"/></imc></stmt><stmt><imc name="MOVE"><imc name="TEMP" value="1041"/><imc name="CONST" value="8"/></imc></stmt><stmt><imc name="MOVE"><imc name="TEMP" value="1042"/><imc name="BINOP" value="MUL"><imc name="TEMP" value="1040"/><imc name="TEMP" value="1041"/></imc></imc></stmt><stmt><imc name="MOVE"><imc name="TEMP" value="1043"/><imc name="BINOP" value="ADD"><imc name="TEMP" value="1039"/><imc name="TEMP" value="1042"/></imc></imc></stmt><stmt><imc name="MOVE"><imc name="MEM"><imc name="TEMP" value="1043"/></imc><imc name="TEMP" value="1032"/></imc></stmt><stmt><imc name="MOVE"><imc name="TEMP" value="1044"/><imc name="CONST" value="0"/></imc></stmt><stmt><imc name="MOVE"><imc name="TEMP" value="1045"/><imc name="TEMP" value="6"/></imc></stmt><stmt><imc name="MOVE"><imc name="TEMP" value="1046"/><imc name="CONST" value="-672"/></imc></stmt><stmt><imc name="MOVE"><imc name="TEMP" value="1047"/><imc name="BINOP" value="ADD"><imc name="TEMP" value="1045"/><imc name="TEMP" value="1046"/></imc></imc></stmt><stmt><imc name="MOVE"><imc name="TEMP" value="1048"/><imc name="CONST" value="6"/></imc></stmt><stmt><imc name="MOVE"><imc name="TEMP" value="1049"/><imc name="CONST" value="72"/></imc></stmt><stmt><imc name="MOVE"><imc name="TEMP" value="1050"/><imc name="BINOP" value="MUL"><imc name="TEMP" value="1048"/><imc name="TEMP" value="1049"/></imc></imc></stmt><stmt><imc name="MOVE"><imc name="TEMP" value="1051"/><imc name="BINOP" value="ADD"><imc name="TEMP" value="1047"/><imc name="TEMP" value="1050"/></imc></imc></stmt><stmt><imc name="MOVE"><imc name="TEMP" value="1052"/><imc name="CONST" value="3"/></imc></stmt><stmt><imc name="MOVE"><imc name="TEMP" value="1053"/><imc name="CONST" value="8"/></imc></stmt><stmt><imc name="MOVE"><imc name="TEMP" value="1054"/><imc name="BINOP" value="MUL"><imc name="TEMP" value="1052"/><imc name="TEMP" value="1053"/></imc></imc></stmt><stmt><imc name="MOVE"><imc name="TEMP" value="1055"/><imc name="BINOP" value="ADD"><imc name="TEMP" value="1051"/><imc name="TEMP" value="1054"/></imc></imc></stmt><stmt><imc name="MOVE"><imc name="MEM"><imc name="TEMP" value="1055"/></imc><imc name="TEMP" value="1044"/></imc></stmt><stmt><imc name="MOVE"><imc name="TEMP" value="1056"/><imc name="CONST" value="0"/></imc></stmt><stmt><imc name="MOVE"><imc name="TEMP" value="1057"/><imc name="TEMP" value="6"/></imc></stmt><stmt><imc name="MOVE"><imc name="TEMP" value="1058"/><imc name="CONST" value="-672"/></imc></stmt><stmt><imc name="MOVE"><imc name="TEMP" value="1059"/><imc name="BINOP" value="ADD"><imc name="TEMP" value="1057"/><imc name="TEMP" value="1058"/></imc></imc></stmt><stmt><imc name="MOVE"><imc name="TEMP" value="1060"/><imc name="CONST" value="6"/></imc></stmt><stmt><imc name="MOVE"><imc name="TEMP" value="1061"/><imc name="CONST" value="72"/></imc></stmt><stmt><imc name="MOVE"><imc name="TEMP" value="1062"/><imc name="BINOP" value="MUL"><imc name="TEMP" value="1060"/><imc name="TEMP" value="1061"/></imc></imc></stmt><stmt><imc name="MOVE"><imc name="TEMP" value="1063"/><imc name="BINOP" value="ADD"><imc name="TEMP" value="1059"/><imc name="TEMP" value="1062"/></imc></imc></stmt><stmt><imc name="MOVE"><imc name="TEMP" value="1064"/><imc name="CONST" value="4"/></imc></stmt><stmt><imc name="MOVE"><imc name="TEMP" value="1065"/><imc name="CONST" value="8"/></imc></stmt><stmt><imc name="MOVE"><imc name="TEMP" value="1066"/><imc name="BINOP" value="MUL"><imc name="TEMP" value="1064"/><imc name="TEMP" value="1065"/></imc></imc></stmt><stmt><imc name="MOVE"><imc name="TEMP" value="1067"/><imc name="BINOP" value="ADD"><imc name="TEMP" value="1063"/><imc name="TEMP" value="1066"/></imc></imc></stmt><stmt><imc name="MOVE"><imc name="MEM"><imc name="TEMP" value="1067"/></imc><imc name="TEMP" value="1056"/></imc></stmt><stmt><imc name="MOVE"><imc name="TEMP" value="1068"/><imc name="CONST" value="1"/></imc></stmt><stmt><imc name="MOVE"><imc name="TEMP" value="1069"/><imc name="TEMP" value="6"/></imc></stmt><stmt><imc name="MOVE"><imc name="TEMP" value="1070"/><imc name="CONST" value="-672"/></imc></stmt><stmt><imc name="MOVE"><imc name="TEMP" value="1071"/><imc name="BINOP" value="ADD"><imc name="TEMP" value="1069"/><imc name="TEMP" value="1070"/></imc></imc></stmt><stmt><imc name="MOVE"><imc name="TEMP" value="1072"/><imc name="CONST" value="6"/></imc></stmt><stmt><imc name="MOVE"><imc name="TEMP" value="1073"/><imc name="CONST" value="72"/></imc></stmt><stmt><imc name="MOVE"><imc name="TEMP" value="1074"/><imc name="BINOP" value="MUL"><imc name="TEMP" value="1072"/><imc name="TEMP" value="1073"/></imc></imc></stmt><stmt><imc name="MOVE"><imc name="TEMP" value="1075"/><imc name="BINOP" value="ADD"><imc name="TEMP" value="1071"/><imc name="TEMP" value="1074"/></imc></imc></stmt><stmt><imc name="MOVE"><imc name="TEMP" value="1076"/><imc name="CONST" value="5"/></imc></stmt><stmt><imc name="MOVE"><imc name="TEMP" value="1077"/><imc name="CONST" value="8"/></imc></stmt><stmt><imc name="MOVE"><imc name="TEMP" value="1078"/><imc name="BINOP" value="MUL"><imc name="TEMP" value="1076"/><imc name="TEMP" value="1077"/></imc></imc></stmt><stmt><imc name="MOVE"><imc name="TEMP" value="1079"/><imc name="BINOP" value="ADD"><imc name="TEMP" value="1075"/><imc name="TEMP" value="1078"/></imc></imc></stmt><stmt><imc name="MOVE"><imc name="MEM"><imc name="TEMP" value="1079"/></imc><imc name="TEMP" value="1068"/></imc></stmt><stmt><imc name="MOVE"><imc name="TEMP" value="1080"/><imc name="CONST" value="0"/></imc></stmt><stmt><imc name="MOVE"><imc name="TEMP" value="1081"/><imc name="TEMP" value="6"/></imc></stmt><stmt><imc name="MOVE"><imc name="TEMP" value="1082"/><imc name="CONST" value="-672"/></imc></stmt><stmt><imc name="MOVE"><imc name="TEMP" value="1083"/><imc name="BINOP" value="ADD"><imc name="TEMP" value="1081"/><imc name="TEMP" value="1082"/></imc></imc></stmt><stmt><imc name="MOVE"><imc name="TEMP" value="1084"/><imc name="CONST" value="6"/></imc></stmt><stmt><imc name="MOVE"><imc name="TEMP" value="1085"/><imc name="CONST" value="72"/></imc></stmt><stmt><imc name="MOVE"><imc name="TEMP" value="1086"/><imc name="BINOP" value="MUL"><imc name="TEMP" value="1084"/><imc name="TEMP" value="1085"/></imc></imc></stmt><stmt><imc name="MOVE"><imc name="TEMP" value="1087"/><imc name="BINOP" value="ADD"><imc name="TEMP" value="1083"/><imc name="TEMP" value="1086"/></imc></imc></stmt><stmt><imc name="MOVE"><imc name="TEMP" value="1088"/><imc name="CONST" value="6"/></imc></stmt><stmt><imc name="MOVE"><imc name="TEMP" value="1089"/><imc name="CONST" value="8"/></imc></stmt><stmt><imc name="MOVE"><imc name="TEMP" value="1090"/><imc name="BINOP" value="MUL"><imc name="TEMP" value="1088"/><imc name="TEMP" value="1089"/></imc></imc></stmt><stmt><imc name="MOVE"><imc name="TEMP" value="1091"/><imc name="BINOP" value="ADD"><imc name="TEMP" value="1087"/><imc name="TEMP" value="1090"/></imc></imc></stmt><stmt><imc name="MOVE"><imc name="MEM"><imc name="TEMP" value="1091"/></imc><imc name="TEMP" value="1080"/></imc></stmt><stmt><imc name="MOVE"><imc name="TEMP" value="1092"/><imc name="CONST" value="0"/></imc></stmt><stmt><imc name="MOVE"><imc name="TEMP" value="1093"/><imc name="TEMP" value="6"/></imc></stmt><stmt><imc name="MOVE"><imc name="TEMP" value="1094"/><imc name="CONST" value="-672"/></imc></stmt><stmt><imc name="MOVE"><imc name="TEMP" value="1095"/><imc name="BINOP" value="ADD"><imc name="TEMP" value="1093"/><imc name="TEMP" value="1094"/></imc></imc></stmt><stmt><imc name="MOVE"><imc name="TEMP" value="1096"/><imc name="CONST" value="6"/></imc></stmt><stmt><imc name="MOVE"><imc name="TEMP" value="1097"/><imc name="CONST" value="72"/></imc></stmt><stmt><imc name="MOVE"><imc name="TEMP" value="1098"/><imc name="BINOP" value="MUL"><imc name="TEMP" value="1096"/><imc name="TEMP" value="1097"/></imc></imc></stmt><stmt><imc name="MOVE"><imc name="TEMP" value="1099"/><imc name="BINOP" value="ADD"><imc name="TEMP" value="1095"/><imc name="TEMP" value="1098"/></imc></imc></stmt><stmt><imc name="MOVE"><imc name="TEMP" value="1100"/><imc name="CONST" value="7"/></imc></stmt><stmt><imc name="MOVE"><imc name="TEMP" value="1101"/><imc name="CONST" value="8"/></imc></stmt><stmt><imc name="MOVE"><imc name="TEMP" value="1102"/><imc name="BINOP" value="MUL"><imc name="TEMP" value="1100"/><imc name="TEMP" value="1101"/></imc></imc></stmt><stmt><imc name="MOVE"><imc name="TEMP" value="1103"/><imc name="BINOP" value="ADD"><imc name="TEMP" value="1099"/><imc name="TEMP" value="1102"/></imc></imc></stmt><stmt><imc name="MOVE"><imc name="MEM"><imc name="TEMP" value="1103"/></imc><imc name="TEMP" value="1092"/></imc></stmt><stmt><imc name="MOVE"><imc name="TEMP" value="1104"/><imc name="CONST" value="7"/></imc></stmt><stmt><imc name="MOVE"><imc name="TEMP" value="1105"/><imc name="TEMP" value="6"/></imc></stmt><stmt><imc name="MOVE"><imc name="TEMP" value="1106"/><imc name="CONST" value="-672"/></imc></stmt><stmt><imc name="MOVE"><imc name="TEMP" value="1107"/><imc name="BINOP" value="ADD"><imc name="TEMP" value="1105"/><imc name="TEMP" value="1106"/></imc></imc></stmt><stmt><imc name="MOVE"><imc name="TEMP" value="1108"/><imc name="CONST" value="6"/></imc></stmt><stmt><imc name="MOVE"><imc name="TEMP" value="1109"/><imc name="CONST" value="72"/></imc></stmt><stmt><imc name="MOVE"><imc name="TEMP" value="1110"/><imc name="BINOP" value="MUL"><imc name="TEMP" value="1108"/><imc name="TEMP" value="1109"/></imc></imc></stmt><stmt><imc name="MOVE"><imc name="TEMP" value="1111"/><imc name="BINOP" value="ADD"><imc name="TEMP" value="1107"/><imc name="TEMP" value="1110"/></imc></imc></stmt><stmt><imc name="MOVE"><imc name="TEMP" value="1112"/><imc name="CONST" value="8"/></imc></stmt><stmt><imc name="MOVE"><imc name="TEMP" value="1113"/><imc name="CONST" value="8"/></imc></stmt><stmt><imc name="MOVE"><imc name="TEMP" value="1114"/><imc name="BINOP" value="MUL"><imc name="TEMP" value="1112"/><imc name="TEMP" value="1113"/></imc></imc></stmt><stmt><imc name="MOVE"><imc name="TEMP" value="1115"/><imc name="BINOP" value="ADD"><imc name="TEMP" value="1111"/><imc name="TEMP" value="1114"/></imc></imc></stmt><stmt><imc name="MOVE"><imc name="MEM"><imc name="TEMP" value="1115"/></imc><imc name="TEMP" value="1104"/></imc></stmt><stmt><imc name="MOVE"><imc name="TEMP" value="1116"/><imc name="CONST" value="1"/></imc></stmt><stmt><imc name="MOVE"><imc name="TEMP" value="1117"/><imc name="TEMP" value="6"/></imc></stmt><stmt><imc name="MOVE"><imc name="TEMP" value="1118"/><imc name="CONST" value="-672"/></imc></stmt><stmt><imc name="MOVE"><imc name="TEMP" value="1119"/><imc name="BINOP" value="ADD"><imc name="TEMP" value="1117"/><imc name="TEMP" value="1118"/></imc></imc></stmt><stmt><imc name="MOVE"><imc name="TEMP" value="1120"/><imc name="CONST" value="7"/></imc></stmt><stmt><imc name="MOVE"><imc name="TEMP" value="1121"/><imc name="CONST" value="72"/></imc></stmt><stmt><imc name="MOVE"><imc name="TEMP" value="1122"/><imc name="BINOP" value="MUL"><imc name="TEMP" value="1120"/><imc name="TEMP" value="1121"/></imc></imc></stmt><stmt><imc name="MOVE"><imc name="TEMP" value="1123"/><imc name="BINOP" value="ADD"><imc name="TEMP" value="1119"/><imc name="TEMP" value="1122"/></imc></imc></stmt><stmt><imc name="MOVE"><imc name="TEMP" value="1124"/><imc name="CONST" value="0"/></imc></stmt><stmt><imc name="MOVE"><imc name="TEMP" value="1125"/><imc name="CONST" value="8"/></imc></stmt><stmt><imc name="MOVE"><imc name="TEMP" value="1126"/><imc name="BINOP" value="MUL"><imc name="TEMP" value="1124"/><imc name="TEMP" value="1125"/></imc></imc></stmt><stmt><imc name="MOVE"><imc name="TEMP" value="1127"/><imc name="BINOP" value="ADD"><imc name="TEMP" value="1123"/><imc name="TEMP" value="1126"/></imc></imc></stmt><stmt><imc name="MOVE"><imc name="MEM"><imc name="TEMP" value="1127"/></imc><imc name="TEMP" value="1116"/></imc></stmt><stmt><imc name="MOVE"><imc name="TEMP" value="1128"/><imc name="CONST" value="0"/></imc></stmt><stmt><imc name="MOVE"><imc name="TEMP" value="1129"/><imc name="TEMP" value="6"/></imc></stmt><stmt><imc name="MOVE"><imc name="TEMP" value="1130"/><imc name="CONST" value="-672"/></imc></stmt><stmt><imc name="MOVE"><imc name="TEMP" value="1131"/><imc name="BINOP" value="ADD"><imc name="TEMP" value="1129"/><imc name="TEMP" value="1130"/></imc></imc></stmt><stmt><imc name="MOVE"><imc name="TEMP" value="1132"/><imc name="CONST" value="7"/></imc></stmt><stmt><imc name="MOVE"><imc name="TEMP" value="1133"/><imc name="CONST" value="72"/></imc></stmt><stmt><imc name="MOVE"><imc name="TEMP" value="1134"/><imc name="BINOP" value="MUL"><imc name="TEMP" value="1132"/><imc name="TEMP" value="1133"/></imc></imc></stmt><stmt><imc name="MOVE"><imc name="TEMP" value="1135"/><imc name="BINOP" value="ADD"><imc name="TEMP" value="1131"/><imc name="TEMP" value="1134"/></imc></imc></stmt><stmt><imc name="MOVE"><imc name="TEMP" value="1136"/><imc name="CONST" value="1"/></imc></stmt><stmt><imc name="MOVE"><imc name="TEMP" value="1137"/><imc name="CONST" value="8"/></imc></stmt><stmt><imc name="MOVE"><imc name="TEMP" value="1138"/><imc name="BINOP" value="MUL"><imc name="TEMP" value="1136"/><imc name="TEMP" value="1137"/></imc></imc></stmt><stmt><imc name="MOVE"><imc name="TEMP" value="1139"/><imc name="BINOP" value="ADD"><imc name="TEMP" value="1135"/><imc name="TEMP" value="1138"/></imc></imc></stmt><stmt><imc name="MOVE"><imc name="MEM"><imc name="TEMP" value="1139"/></imc><imc name="TEMP" value="1128"/></imc></stmt><stmt><imc name="MOVE"><imc name="TEMP" value="1140"/><imc name="CONST" value="0"/></imc></stmt><stmt><imc name="MOVE"><imc name="TEMP" value="1141"/><imc name="TEMP" value="6"/></imc></stmt><stmt><imc name="MOVE"><imc name="TEMP" value="1142"/><imc name="CONST" value="-672"/></imc></stmt><stmt><imc name="MOVE"><imc name="TEMP" value="1143"/><imc name="BINOP" value="ADD"><imc name="TEMP" value="1141"/><imc name="TEMP" value="1142"/></imc></imc></stmt><stmt><imc name="MOVE"><imc name="TEMP" value="1144"/><imc name="CONST" value="7"/></imc></stmt><stmt><imc name="MOVE"><imc name="TEMP" value="1145"/><imc name="CONST" value="72"/></imc></stmt><stmt><imc name="MOVE"><imc name="TEMP" value="1146"/><imc name="BINOP" value="MUL"><imc name="TEMP" value="1144"/><imc name="TEMP" value="1145"/></imc></imc></stmt><stmt><imc name="MOVE"><imc name="TEMP" value="1147"/><imc name="BINOP" value="ADD"><imc name="TEMP" value="1143"/><imc name="TEMP" value="1146"/></imc></imc></stmt><stmt><imc name="MOVE"><imc name="TEMP" value="1148"/><imc name="CONST" value="2"/></imc></stmt><stmt><imc name="MOVE"><imc name="TEMP" value="1149"/><imc name="CONST" value="8"/></imc></stmt><stmt><imc name="MOVE"><imc name="TEMP" value="1150"/><imc name="BINOP" value="MUL"><imc name="TEMP" value="1148"/><imc name="TEMP" value="1149"/></imc></imc></stmt><stmt><imc name="MOVE"><imc name="TEMP" value="1151"/><imc name="BINOP" value="ADD"><imc name="TEMP" value="1147"/><imc name="TEMP" value="1150"/></imc></imc></stmt><stmt><imc name="MOVE"><imc name="MEM"><imc name="TEMP" value="1151"/></imc><imc name="TEMP" value="1140"/></imc></stmt><stmt><imc name="MOVE"><imc name="TEMP" value="1152"/><imc name="CONST" value="0"/></imc></stmt><stmt><imc name="MOVE"><imc name="TEMP" value="1153"/><imc name="TEMP" value="6"/></imc></stmt><stmt><imc name="MOVE"><imc name="TEMP" value="1154"/><imc name="CONST" value="-672"/></imc></stmt><stmt><imc name="MOVE"><imc name="TEMP" value="1155"/><imc name="BINOP" value="ADD"><imc name="TEMP" value="1153"/><imc name="TEMP" value="1154"/></imc></imc></stmt><stmt><imc name="MOVE"><imc name="TEMP" value="1156"/><imc name="CONST" value="7"/></imc></stmt><stmt><imc name="MOVE"><imc name="TEMP" value="1157"/><imc name="CONST" value="72"/></imc></stmt><stmt><imc name="MOVE"><imc name="TEMP" value="1158"/><imc name="BINOP" value="MUL"><imc name="TEMP" value="1156"/><imc name="TEMP" value="1157"/></imc></imc></stmt><stmt><imc name="MOVE"><imc name="TEMP" value="1159"/><imc name="BINOP" value="ADD"><imc name="TEMP" value="1155"/><imc name="TEMP" value="1158"/></imc></imc></stmt><stmt><imc name="MOVE"><imc name="TEMP" value="1160"/><imc name="CONST" value="3"/></imc></stmt><stmt><imc name="MOVE"><imc name="TEMP" value="1161"/><imc name="CONST" value="8"/></imc></stmt><stmt><imc name="MOVE"><imc name="TEMP" value="1162"/><imc name="BINOP" value="MUL"><imc name="TEMP" value="1160"/><imc name="TEMP" value="1161"/></imc></imc></stmt><stmt><imc name="MOVE"><imc name="TEMP" value="1163"/><imc name="BINOP" value="ADD"><imc name="TEMP" value="1159"/><imc name="TEMP" value="1162"/></imc></imc></stmt><stmt><imc name="MOVE"><imc name="MEM"><imc name="TEMP" value="1163"/></imc><imc name="TEMP" value="1152"/></imc></stmt><stmt><imc name="MOVE"><imc name="TEMP" value="1164"/><imc name="CONST" value="0"/></imc></stmt><stmt><imc name="MOVE"><imc name="TEMP" value="1165"/><imc name="TEMP" value="6"/></imc></stmt><stmt><imc name="MOVE"><imc name="TEMP" value="1166"/><imc name="CONST" value="-672"/></imc></stmt><stmt><imc name="MOVE"><imc name="TEMP" value="1167"/><imc name="BINOP" value="ADD"><imc name="TEMP" value="1165"/><imc name="TEMP" value="1166"/></imc></imc></stmt><stmt><imc name="MOVE"><imc name="TEMP" value="1168"/><imc name="CONST" value="7"/></imc></stmt><stmt><imc name="MOVE"><imc name="TEMP" value="1169"/><imc name="CONST" value="72"/></imc></stmt><stmt><imc name="MOVE"><imc name="TEMP" value="1170"/><imc name="BINOP" value="MUL"><imc name="TEMP" value="1168"/><imc name="TEMP" value="1169"/></imc></imc></stmt><stmt><imc name="MOVE"><imc name="TEMP" value="1171"/><imc name="BINOP" value="ADD"><imc name="TEMP" value="1167"/><imc name="TEMP" value="1170"/></imc></imc></stmt><stmt><imc name="MOVE"><imc name="TEMP" value="1172"/><imc name="CONST" value="4"/></imc></stmt><stmt><imc name="MOVE"><imc name="TEMP" value="1173"/><imc name="CONST" value="8"/></imc></stmt><stmt><imc name="MOVE"><imc name="TEMP" value="1174"/><imc name="BINOP" value="MUL"><imc name="TEMP" value="1172"/><imc name="TEMP" value="1173"/></imc></imc></stmt><stmt><imc name="MOVE"><imc name="TEMP" value="1175"/><imc name="BINOP" value="ADD"><imc name="TEMP" value="1171"/><imc name="TEMP" value="1174"/></imc></imc></stmt><stmt><imc name="MOVE"><imc name="MEM"><imc name="TEMP" value="1175"/></imc><imc name="TEMP" value="1164"/></imc></stmt><stmt><imc name="MOVE"><imc name="TEMP" value="1176"/><imc name="CONST" value="2"/></imc></stmt><stmt><imc name="MOVE"><imc name="TEMP" value="1177"/><imc name="TEMP" value="6"/></imc></stmt><stmt><imc name="MOVE"><imc name="TEMP" value="1178"/><imc name="CONST" value="-672"/></imc></stmt><stmt><imc name="MOVE"><imc name="TEMP" value="1179"/><imc name="BINOP" value="ADD"><imc name="TEMP" value="1177"/><imc name="TEMP" value="1178"/></imc></imc></stmt><stmt><imc name="MOVE"><imc name="TEMP" value="1180"/><imc name="CONST" value="7"/></imc></stmt><stmt><imc name="MOVE"><imc name="TEMP" value="1181"/><imc name="CONST" value="72"/></imc></stmt><stmt><imc name="MOVE"><imc name="TEMP" value="1182"/><imc name="BINOP" value="MUL"><imc name="TEMP" value="1180"/><imc name="TEMP" value="1181"/></imc></imc></stmt><stmt><imc name="MOVE"><imc name="TEMP" value="1183"/><imc name="BINOP" value="ADD"><imc name="TEMP" value="1179"/><imc name="TEMP" value="1182"/></imc></imc></stmt><stmt><imc name="MOVE"><imc name="TEMP" value="1184"/><imc name="CONST" value="5"/></imc></stmt><stmt><imc name="MOVE"><imc name="TEMP" value="1185"/><imc name="CONST" value="8"/></imc></stmt><stmt><imc name="MOVE"><imc name="TEMP" value="1186"/><imc name="BINOP" value="MUL"><imc name="TEMP" value="1184"/><imc name="TEMP" value="1185"/></imc></imc></stmt><stmt><imc name="MOVE"><imc name="TEMP" value="1187"/><imc name="BINOP" value="ADD"><imc name="TEMP" value="1183"/><imc name="TEMP" value="1186"/></imc></imc></stmt><stmt><imc name="MOVE"><imc name="MEM"><imc name="TEMP" value="1187"/></imc><imc name="TEMP" value="1176"/></imc></stmt><stmt><imc name="MOVE"><imc name="TEMP" value="1188"/><imc name="CONST" value="4"/></imc></stmt><stmt><imc name="MOVE"><imc name="TEMP" value="1189"/><imc name="TEMP" value="6"/></imc></stmt><stmt><imc name="MOVE"><imc name="TEMP" value="1190"/><imc name="CONST" value="-672"/></imc></stmt><stmt><imc name="MOVE"><imc name="TEMP" value="1191"/><imc name="BINOP" value="ADD"><imc name="TEMP" value="1189"/><imc name="TEMP" value="1190"/></imc></imc></stmt><stmt><imc name="MOVE"><imc name="TEMP" value="1192"/><imc name="CONST" value="7"/></imc></stmt><stmt><imc name="MOVE"><imc name="TEMP" value="1193"/><imc name="CONST" value="72"/></imc></stmt><stmt><imc name="MOVE"><imc name="TEMP" value="1194"/><imc name="BINOP" value="MUL"><imc name="TEMP" value="1192"/><imc name="TEMP" value="1193"/></imc></imc></stmt><stmt><imc name="MOVE"><imc name="TEMP" value="1195"/><imc name="BINOP" value="ADD"><imc name="TEMP" value="1191"/><imc name="TEMP" value="1194"/></imc></imc></stmt><stmt><imc name="MOVE"><imc name="TEMP" value="1196"/><imc name="CONST" value="6"/></imc></stmt><stmt><imc name="MOVE"><imc name="TEMP" value="1197"/><imc name="CONST" value="8"/></imc></stmt><stmt><imc name="MOVE"><imc name="TEMP" value="1198"/><imc name="BINOP" value="MUL"><imc name="TEMP" value="1196"/><imc name="TEMP" value="1197"/></imc></imc></stmt><stmt><imc name="MOVE"><imc name="TEMP" value="1199"/><imc name="BINOP" value="ADD"><imc name="TEMP" value="1195"/><imc name="TEMP" value="1198"/></imc></imc></stmt><stmt><imc name="MOVE"><imc name="MEM"><imc name="TEMP" value="1199"/></imc><imc name="TEMP" value="1188"/></imc></stmt><stmt><imc name="MOVE"><imc name="TEMP" value="1200"/><imc name="CONST" value="0"/></imc></stmt><stmt><imc name="MOVE"><imc name="TEMP" value="1201"/><imc name="TEMP" value="6"/></imc></stmt><stmt><imc name="MOVE"><imc name="TEMP" value="1202"/><imc name="CONST" value="-672"/></imc></stmt><stmt><imc name="MOVE"><imc name="TEMP" value="1203"/><imc name="BINOP" value="ADD"><imc name="TEMP" value="1201"/><imc name="TEMP" value="1202"/></imc></imc></stmt><stmt><imc name="MOVE"><imc name="TEMP" value="1204"/><imc name="CONST" value="7"/></imc></stmt><stmt><imc name="MOVE"><imc name="TEMP" value="1205"/><imc name="CONST" value="72"/></imc></stmt><stmt><imc name="MOVE"><imc name="TEMP" value="1206"/><imc name="BINOP" value="MUL"><imc name="TEMP" value="1204"/><imc name="TEMP" value="1205"/></imc></imc></stmt><stmt><imc name="MOVE"><imc name="TEMP" value="1207"/><imc name="BINOP" value="ADD"><imc name="TEMP" value="1203"/><imc name="TEMP" value="1206"/></imc></imc></stmt><stmt><imc name="MOVE"><imc name="TEMP" value="1208"/><imc name="CONST" value="7"/></imc></stmt><stmt><imc name="MOVE"><imc name="TEMP" value="1209"/><imc name="CONST" value="8"/></imc></stmt><stmt><imc name="MOVE"><imc name="TEMP" value="1210"/><imc name="BINOP" value="MUL"><imc name="TEMP" value="1208"/><imc name="TEMP" value="1209"/></imc></imc></stmt><stmt><imc name="MOVE"><imc name="TEMP" value="1211"/><imc name="BINOP" value="ADD"><imc name="TEMP" value="1207"/><imc name="TEMP" value="1210"/></imc></imc></stmt><stmt><imc name="MOVE"><imc name="MEM"><imc name="TEMP" value="1211"/></imc><imc name="TEMP" value="1200"/></imc></stmt><stmt><imc name="MOVE"><imc name="TEMP" value="1212"/><imc name="CONST" value="0"/></imc></stmt><stmt><imc name="MOVE"><imc name="TEMP" value="1213"/><imc name="TEMP" value="6"/></imc></stmt><stmt><imc name="MOVE"><imc name="TEMP" value="1214"/><imc name="CONST" value="-672"/></imc></stmt><stmt><imc name="MOVE"><imc name="TEMP" value="1215"/><imc name="BINOP" value="ADD"><imc name="TEMP" value="1213"/><imc name="TEMP" value="1214"/></imc></imc></stmt><stmt><imc name="MOVE"><imc name="TEMP" value="1216"/><imc name="CONST" value="7"/></imc></stmt><stmt><imc name="MOVE"><imc name="TEMP" value="1217"/><imc name="CONST" value="72"/></imc></stmt><stmt><imc name="MOVE"><imc name="TEMP" value="1218"/><imc name="BINOP" value="MUL"><imc name="TEMP" value="1216"/><imc name="TEMP" value="1217"/></imc></imc></stmt><stmt><imc name="MOVE"><imc name="TEMP" value="1219"/><imc name="BINOP" value="ADD"><imc name="TEMP" value="1215"/><imc name="TEMP" value="1218"/></imc></imc></stmt><stmt><imc name="MOVE"><imc name="TEMP" value="1220"/><imc name="CONST" value="8"/></imc></stmt><stmt><imc name="MOVE"><imc name="TEMP" value="1221"/><imc name="CONST" value="8"/></imc></stmt><stmt><imc name="MOVE"><imc name="TEMP" value="1222"/><imc name="BINOP" value="MUL"><imc name="TEMP" value="1220"/><imc name="TEMP" value="1221"/></imc></imc></stmt><stmt><imc name="MOVE"><imc name="TEMP" value="1223"/><imc name="BINOP" value="ADD"><imc name="TEMP" value="1219"/><imc name="TEMP" value="1222"/></imc></imc></stmt><stmt><imc name="MOVE"><imc name="MEM"><imc name="TEMP" value="1223"/></imc><imc name="TEMP" value="1212"/></imc></stmt><stmt><imc name="MOVE"><imc name="TEMP" value="1224"/><imc name="CONST" value="5"/></imc></stmt><stmt><imc name="MOVE"><imc name="TEMP" value="1225"/><imc name="TEMP" value="6"/></imc></stmt><stmt><imc name="MOVE"><imc name="TEMP" value="1226"/><imc name="CONST" value="-672"/></imc></stmt><stmt><imc name="MOVE"><imc name="TEMP" value="1227"/><imc name="BINOP" value="ADD"><imc name="TEMP" value="1225"/><imc name="TEMP" value="1226"/></imc></imc></stmt><stmt><imc name="MOVE"><imc name="TEMP" value="1228"/><imc name="CONST" value="8"/></imc></stmt><stmt><imc name="MOVE"><imc name="TEMP" value="1229"/><imc name="CONST" value="72"/></imc></stmt><stmt><imc name="MOVE"><imc name="TEMP" value="1230"/><imc name="BINOP" value="MUL"><imc name="TEMP" value="1228"/><imc name="TEMP" value="1229"/></imc></imc></stmt><stmt><imc name="MOVE"><imc name="TEMP" value="1231"/><imc name="BINOP" value="ADD"><imc name="TEMP" value="1227"/><imc name="TEMP" value="1230"/></imc></imc></stmt><stmt><imc name="MOVE"><imc name="TEMP" value="1232"/><imc name="CONST" value="0"/></imc></stmt><stmt><imc name="MOVE"><imc name="TEMP" value="1233"/><imc name="CONST" value="8"/></imc></stmt><stmt><imc name="MOVE"><imc name="TEMP" value="1234"/><imc name="BINOP" value="MUL"><imc name="TEMP" value="1232"/><imc name="TEMP" value="1233"/></imc></imc></stmt><stmt><imc name="MOVE"><imc name="TEMP" value="1235"/><imc name="BINOP" value="ADD"><imc name="TEMP" value="1231"/><imc name="TEMP" value="1234"/></imc></imc></stmt><stmt><imc name="MOVE"><imc name="MEM"><imc name="TEMP" value="1235"/></imc><imc name="TEMP" value="1224"/></imc></stmt><stmt><imc name="MOVE"><imc name="TEMP" value="1236"/><imc name="CONST" value="7"/></imc></stmt><stmt><imc name="MOVE"><imc name="TEMP" value="1237"/><imc name="TEMP" value="6"/></imc></stmt><stmt><imc name="MOVE"><imc name="TEMP" value="1238"/><imc name="CONST" value="-672"/></imc></stmt><stmt><imc name="MOVE"><imc name="TEMP" value="1239"/><imc name="BINOP" value="ADD"><imc name="TEMP" value="1237"/><imc name="TEMP" value="1238"/></imc></imc></stmt><stmt><imc name="MOVE"><imc name="TEMP" value="1240"/><imc name="CONST" value="8"/></imc></stmt><stmt><imc name="MOVE"><imc name="TEMP" value="1241"/><imc name="CONST" value="72"/></imc></stmt><stmt><imc name="MOVE"><imc name="TEMP" value="1242"/><imc name="BINOP" value="MUL"><imc name="TEMP" value="1240"/><imc name="TEMP" value="1241"/></imc></imc></stmt><stmt><imc name="MOVE"><imc name="TEMP" value="1243"/><imc name="BINOP" value="ADD"><imc name="TEMP" value="1239"/><imc name="TEMP" value="1242"/></imc></imc></stmt><stmt><imc name="MOVE"><imc name="TEMP" value="1244"/><imc name="CONST" value="1"/></imc></stmt><stmt><imc name="MOVE"><imc name="TEMP" value="1245"/><imc name="CONST" value="8"/></imc></stmt><stmt><imc name="MOVE"><imc name="TEMP" value="1246"/><imc name="BINOP" value="MUL"><imc name="TEMP" value="1244"/><imc name="TEMP" value="1245"/></imc></imc></stmt><stmt><imc name="MOVE"><imc name="TEMP" value="1247"/><imc name="BINOP" value="ADD"><imc name="TEMP" value="1243"/><imc name="TEMP" value="1246"/></imc></imc></stmt><stmt><imc name="MOVE"><imc name="MEM"><imc name="TEMP" value="1247"/></imc><imc name="TEMP" value="1236"/></imc></stmt><stmt><imc name="MOVE"><imc name="TEMP" value="1248"/><imc name="CONST" value="0"/></imc></stmt><stmt><imc name="MOVE"><imc name="TEMP" value="1249"/><imc name="TEMP" value="6"/></imc></stmt><stmt><imc name="MOVE"><imc name="TEMP" value="1250"/><imc name="CONST" value="-672"/></imc></stmt><stmt><imc name="MOVE"><imc name="TEMP" value="1251"/><imc name="BINOP" value="ADD"><imc name="TEMP" value="1249"/><imc name="TEMP" value="1250"/></imc></imc></stmt><stmt><imc name="MOVE"><imc name="TEMP" value="1252"/><imc name="CONST" value="8"/></imc></stmt><stmt><imc name="MOVE"><imc name="TEMP" value="1253"/><imc name="CONST" value="72"/></imc></stmt><stmt><imc name="MOVE"><imc name="TEMP" value="1254"/><imc name="BINOP" value="MUL"><imc name="TEMP" value="1252"/><imc name="TEMP" value="1253"/></imc></imc></stmt><stmt><imc name="MOVE"><imc name="TEMP" value="1255"/><imc name="BINOP" value="ADD"><imc name="TEMP" value="1251"/><imc name="TEMP" value="1254"/></imc></imc></stmt><stmt><imc name="MOVE"><imc name="TEMP" value="1256"/><imc name="CONST" value="2"/></imc></stmt><stmt><imc name="MOVE"><imc name="TEMP" value="1257"/><imc name="CONST" value="8"/></imc></stmt><stmt><imc name="MOVE"><imc name="TEMP" value="1258"/><imc name="BINOP" value="MUL"><imc name="TEMP" value="1256"/><imc name="TEMP" value="1257"/></imc></imc></stmt><stmt><imc name="MOVE"><imc name="TEMP" value="1259"/><imc name="BINOP" value="ADD"><imc name="TEMP" value="1255"/><imc name="TEMP" value="1258"/></imc></imc></stmt><stmt><imc name="MOVE"><imc name="MEM"><imc name="TEMP" value="1259"/></imc><imc name="TEMP" value="1248"/></imc></stmt><stmt><imc name="MOVE"><imc name="TEMP" value="1260"/><imc name="CONST" value="0"/></imc></stmt><stmt><imc name="MOVE"><imc name="TEMP" value="1261"/><imc name="TEMP" value="6"/></imc></stmt><stmt><imc name="MOVE"><imc name="TEMP" value="1262"/><imc name="CONST" value="-672"/></imc></stmt><stmt><imc name="MOVE"><imc name="TEMP" value="1263"/><imc name="BINOP" value="ADD"><imc name="TEMP" value="1261"/><imc name="TEMP" value="1262"/></imc></imc></stmt><stmt><imc name="MOVE"><imc name="TEMP" value="1264"/><imc name="CONST" value="8"/></imc></stmt><stmt><imc name="MOVE"><imc name="TEMP" value="1265"/><imc name="CONST" value="72"/></imc></stmt><stmt><imc name="MOVE"><imc name="TEMP" value="1266"/><imc name="BINOP" value="MUL"><imc name="TEMP" value="1264"/><imc name="TEMP" value="1265"/></imc></imc></stmt><stmt><imc name="MOVE"><imc name="TEMP" value="1267"/><imc name="BINOP" value="ADD"><imc name="TEMP" value="1263"/><imc name="TEMP" value="1266"/></imc></imc></stmt><stmt><imc name="MOVE"><imc name="TEMP" value="1268"/><imc name="CONST" value="3"/></imc></stmt><stmt><imc name="MOVE"><imc name="TEMP" value="1269"/><imc name="CONST" value="8"/></imc></stmt><stmt><imc name="MOVE"><imc name="TEMP" value="1270"/><imc name="BINOP" value="MUL"><imc name="TEMP" value="1268"/><imc name="TEMP" value="1269"/></imc></imc></stmt><stmt><imc name="MOVE"><imc name="TEMP" value="1271"/><imc name="BINOP" value="ADD"><imc name="TEMP" value="1267"/><imc name="TEMP" value="1270"/></imc></imc></stmt><stmt><imc name="MOVE"><imc name="MEM"><imc name="TEMP" value="1271"/></imc><imc name="TEMP" value="1260"/></imc></stmt><stmt><imc name="MOVE"><imc name="TEMP" value="1272"/><imc name="CONST" value="4"/></imc></stmt><stmt><imc name="MOVE"><imc name="TEMP" value="1273"/><imc name="TEMP" value="6"/></imc></stmt><stmt><imc name="MOVE"><imc name="TEMP" value="1274"/><imc name="CONST" value="-672"/></imc></stmt><stmt><imc name="MOVE"><imc name="TEMP" value="1275"/><imc name="BINOP" value="ADD"><imc name="TEMP" value="1273"/><imc name="TEMP" value="1274"/></imc></imc></stmt><stmt><imc name="MOVE"><imc name="TEMP" value="1276"/><imc name="CONST" value="8"/></imc></stmt><stmt><imc name="MOVE"><imc name="TEMP" value="1277"/><imc name="CONST" value="72"/></imc></stmt><stmt><imc name="MOVE"><imc name="TEMP" value="1278"/><imc name="BINOP" value="MUL"><imc name="TEMP" value="1276"/><imc name="TEMP" value="1277"/></imc></imc></stmt><stmt><imc name="MOVE"><imc name="TEMP" value="1279"/><imc name="BINOP" value="ADD"><imc name="TEMP" value="1275"/><imc name="TEMP" value="1278"/></imc></imc></stmt><stmt><imc name="MOVE"><imc name="TEMP" value="1280"/><imc name="CONST" value="4"/></imc></stmt><stmt><imc name="MOVE"><imc name="TEMP" value="1281"/><imc name="CONST" value="8"/></imc></stmt><stmt><imc name="MOVE"><imc name="TEMP" value="1282"/><imc name="BINOP" value="MUL"><imc name="TEMP" value="1280"/><imc name="TEMP" value="1281"/></imc></imc></stmt><stmt><imc name="MOVE"><imc name="TEMP" value="1283"/><imc name="BINOP" value="ADD"><imc name="TEMP" value="1279"/><imc name="TEMP" value="1282"/></imc></imc></stmt><stmt><imc name="MOVE"><imc name="MEM"><imc name="TEMP" value="1283"/></imc><imc name="TEMP" value="1272"/></imc></stmt><stmt><imc name="MOVE"><imc name="TEMP" value="1284"/><imc name="CONST" value="0"/></imc></stmt><stmt><imc name="MOVE"><imc name="TEMP" value="1285"/><imc name="TEMP" value="6"/></imc></stmt><stmt><imc name="MOVE"><imc name="TEMP" value="1286"/><imc name="CONST" value="-672"/></imc></stmt><stmt><imc name="MOVE"><imc name="TEMP" value="1287"/><imc name="BINOP" value="ADD"><imc name="TEMP" value="1285"/><imc name="TEMP" value="1286"/></imc></imc></stmt><stmt><imc name="MOVE"><imc name="TEMP" value="1288"/><imc name="CONST" value="8"/></imc></stmt><stmt><imc name="MOVE"><imc name="TEMP" value="1289"/><imc name="CONST" value="72"/></imc></stmt><stmt><imc name="MOVE"><imc name="TEMP" value="1290"/><imc name="BINOP" value="MUL"><imc name="TEMP" value="1288"/><imc name="TEMP" value="1289"/></imc></imc></stmt><stmt><imc name="MOVE"><imc name="TEMP" value="1291"/><imc name="BINOP" value="ADD"><imc name="TEMP" value="1287"/><imc name="TEMP" value="1290"/></imc></imc></stmt><stmt><imc name="MOVE"><imc name="TEMP" value="1292"/><imc name="CONST" value="5"/></imc></stmt><stmt><imc name="MOVE"><imc name="TEMP" value="1293"/><imc name="CONST" value="8"/></imc></stmt><stmt><imc name="MOVE"><imc name="TEMP" value="1294"/><imc name="BINOP" value="MUL"><imc name="TEMP" value="1292"/><imc name="TEMP" value="1293"/></imc></imc></stmt><stmt><imc name="MOVE"><imc name="TEMP" value="1295"/><imc name="BINOP" value="ADD"><imc name="TEMP" value="1291"/><imc name="TEMP" value="1294"/></imc></imc></stmt><stmt><imc name="MOVE"><imc name="MEM"><imc name="TEMP" value="1295"/></imc><imc name="TEMP" value="1284"/></imc></stmt><stmt><imc name="MOVE"><imc name="TEMP" value="1296"/><imc name="CONST" value="9"/></imc></stmt><stmt><imc name="MOVE"><imc name="TEMP" value="1297"/><imc name="TEMP" value="6"/></imc></stmt><stmt><imc name="MOVE"><imc name="TEMP" value="1298"/><imc name="CONST" value="-672"/></imc></stmt><stmt><imc name="MOVE"><imc name="TEMP" value="1299"/><imc name="BINOP" value="ADD"><imc name="TEMP" value="1297"/><imc name="TEMP" value="1298"/></imc></imc></stmt><stmt><imc name="MOVE"><imc name="TEMP" value="1300"/><imc name="CONST" value="8"/></imc></stmt><stmt><imc name="MOVE"><imc name="TEMP" value="1301"/><imc name="CONST" value="72"/></imc></stmt><stmt><imc name="MOVE"><imc name="TEMP" value="1302"/><imc name="BINOP" value="MUL"><imc name="TEMP" value="1300"/><imc name="TEMP" value="1301"/></imc></imc></stmt><stmt><imc name="MOVE"><imc name="TEMP" value="1303"/><imc name="BINOP" value="ADD"><imc name="TEMP" value="1299"/><imc name="TEMP" value="1302"/></imc></imc></stmt><stmt><imc name="MOVE"><imc name="TEMP" value="1304"/><imc name="CONST" value="6"/></imc></stmt><stmt><imc name="MOVE"><imc name="TEMP" value="1305"/><imc name="CONST" value="8"/></imc></stmt><stmt><imc name="MOVE"><imc name="TEMP" value="1306"/><imc name="BINOP" value="MUL"><imc name="TEMP" value="1304"/><imc name="TEMP" value="1305"/></imc></imc></stmt><stmt><imc name="MOVE"><imc name="TEMP" value="1307"/><imc name="BINOP" value="ADD"><imc name="TEMP" value="1303"/><imc name="TEMP" value="1306"/></imc></imc></stmt><stmt><imc name="MOVE"><imc name="MEM"><imc name="TEMP" value="1307"/></imc><imc name="TEMP" value="1296"/></imc></stmt><stmt><imc name="MOVE"><imc name="TEMP" value="1308"/><imc name="CONST" value="3"/></imc></stmt><stmt><imc name="MOVE"><imc name="TEMP" value="1309"/><imc name="TEMP" value="6"/></imc></stmt><stmt><imc name="MOVE"><imc name="TEMP" value="1310"/><imc name="CONST" value="-672"/></imc></stmt><stmt><imc name="MOVE"><imc name="TEMP" value="1311"/><imc name="BINOP" value="ADD"><imc name="TEMP" value="1309"/><imc name="TEMP" value="1310"/></imc></imc></stmt><stmt><imc name="MOVE"><imc name="TEMP" value="1312"/><imc name="CONST" value="8"/></imc></stmt><stmt><imc name="MOVE"><imc name="TEMP" value="1313"/><imc name="CONST" value="72"/></imc></stmt><stmt><imc name="MOVE"><imc name="TEMP" value="1314"/><imc name="BINOP" value="MUL"><imc name="TEMP" value="1312"/><imc name="TEMP" value="1313"/></imc></imc></stmt><stmt><imc name="MOVE"><imc name="TEMP" value="1315"/><imc name="BINOP" value="ADD"><imc name="TEMP" value="1311"/><imc name="TEMP" value="1314"/></imc></imc></stmt><stmt><imc name="MOVE"><imc name="TEMP" value="1316"/><imc name="CONST" value="7"/></imc></stmt><stmt><imc name="MOVE"><imc name="TEMP" value="1317"/><imc name="CONST" value="8"/></imc></stmt><stmt><imc name="MOVE"><imc name="TEMP" value="1318"/><imc name="BINOP" value="MUL"><imc name="TEMP" value="1316"/><imc name="TEMP" value="1317"/></imc></imc></stmt><stmt><imc name="MOVE"><imc name="TEMP" value="1319"/><imc name="BINOP" value="ADD"><imc name="TEMP" value="1315"/><imc name="TEMP" value="1318"/></imc></imc></stmt><stmt><imc name="MOVE"><imc name="MEM"><imc name="TEMP" value="1319"/></imc><imc name="TEMP" value="1308"/></imc></stmt><stmt><imc name="MOVE"><imc name="TEMP" value="1320"/><imc name="CONST" value="0"/></imc></stmt><stmt><imc name="MOVE"><imc name="TEMP" value="1321"/><imc name="TEMP" value="6"/></imc></stmt><stmt><imc name="MOVE"><imc name="TEMP" value="1322"/><imc name="CONST" value="-672"/></imc></stmt><stmt><imc name="MOVE"><imc name="TEMP" value="1323"/><imc name="BINOP" value="ADD"><imc name="TEMP" value="1321"/><imc name="TEMP" value="1322"/></imc></imc></stmt><stmt><imc name="MOVE"><imc name="TEMP" value="1324"/><imc name="CONST" value="8"/></imc></stmt><stmt><imc name="MOVE"><imc name="TEMP" value="1325"/><imc name="CONST" value="72"/></imc></stmt><stmt><imc name="MOVE"><imc name="TEMP" value="1326"/><imc name="BINOP" value="MUL"><imc name="TEMP" value="1324"/><imc name="TEMP" value="1325"/></imc></imc></stmt><stmt><imc name="MOVE"><imc name="TEMP" value="1327"/><imc name="BINOP" value="ADD"><imc name="TEMP" value="1323"/><imc name="TEMP" value="1326"/></imc></imc></stmt><stmt><imc name="MOVE"><imc name="TEMP" value="1328"/><imc name="CONST" value="8"/></imc></stmt><stmt><imc name="MOVE"><imc name="TEMP" value="1329"/><imc name="CONST" value="8"/></imc></stmt><stmt><imc name="MOVE"><imc name="TEMP" value="1330"/><imc name="BINOP" value="MUL"><imc name="TEMP" value="1328"/><imc name="TEMP" value="1329"/></imc></imc></stmt><stmt><imc name="MOVE"><imc name="TEMP" value="1331"/><imc name="BINOP" value="ADD"><imc name="TEMP" value="1327"/><imc name="TEMP" value="1330"/></imc></imc></stmt><stmt><imc name="MOVE"><imc name="MEM"><imc name="TEMP" value="1331"/></imc><imc name="TEMP" value="1320"/></imc></stmt><stmt><imc name="MOVE"><imc name="TEMP" value="1332"/><imc name="CONST" value="0"/></imc></stmt><stmt><imc name="MOVE"><imc name="TEMP" value="1333"/><imc name="TEMP" value="6"/></imc></stmt><stmt><imc name="MOVE"><imc name="TEMP" value="1334"/><imc name="CONST" value="-672"/></imc></stmt><stmt><imc name="MOVE"><imc name="TEMP" value="1335"/><imc name="BINOP" value="ADD"><imc name="TEMP" value="1333"/><imc name="TEMP" value="1334"/></imc></imc></stmt><stmt><imc name="MOVE"><imc name="TEMP" value="1336"/><imc name="CALL" value="_sudoku"><imc name="TEMP" value="1332"/><imc name="TEMP" value="1335"/></imc></imc></stmt><stmt><imc name="MOVE"><imc name="TEMP" value="1337"/><imc name="TEMP" value="6"/></imc></stmt><stmt><imc name="MOVE"><imc name="TEMP" value="1338"/><imc name="CONST" value="-680"/></imc></stmt><stmt><imc name="MOVE"><imc name="TEMP" value="1339"/><imc name="BINOP" value="ADD"><imc name="TEMP" value="1337"/><imc name="TEMP" value="1338"/></imc></imc></stmt><stmt><imc name="MOVE"><imc name="MEM"><imc name="TEMP" value="1339"/></imc><imc name="TEMP" value="1336"/></imc></stmt><stmt><imc name="MOVE"><imc name="TEMP" value="1340"/><imc name="CONST" value="0"/></imc></stmt><stmt><imc name="MOVE"><imc name="TEMP" value="1341"/><imc name="TEMP" value="6"/></imc></stmt><stmt><imc name="MOVE"><imc name="TEMP" value="1342"/><imc name="CONST" value="-680"/></imc></stmt><stmt><imc name="MOVE"><imc name="TEMP" value="1343"/><imc name="BINOP" value="ADD"><imc name="TEMP" value="1341"/><imc name="TEMP" value="1342"/></imc></imc></stmt><stmt><imc name="MOVE"><imc name="TEMP" value="1344"/><imc name="MEM"><imc name="TEMP" value="1343"/></imc></imc></stmt><stmt><imc name="ESTMT"><imc name="CALL" value="_putInt"><imc name="TEMP" value="1340"/><imc name="TEMP" value="1344"/></imc></imc></stmt><stmt><imc name="MOVE"><imc name="TEMP" value="1345"/><imc name="CONST" value="0"/></imc></stmt><stmt><imc name="MOVE"><imc name="TEMP" value="1346"/><imc name="CONST" value="10"/></imc></stmt><stmt><imc name="MOVE"><imc name="TEMP" value="1347"/><imc name="CONST" value="256"/></imc></stmt><stmt><imc name="MOVE"><imc name="TEMP" value="1348"/><imc name="BINOP" value="MOD"><imc name="TEMP" value="1346"/><imc name="TEMP" value="1347"/></imc></imc></stmt><stmt><imc name="ESTMT"><imc name="CALL" value="_putChar"><imc name="TEMP" value="1345"/><imc name="TEMP" value="1348"/></imc></imc></stmt><stmt><imc name="ESTMT"><imc name="CONST" value="0"/></imc></stmt><stmt><imc name="MOVE"><imc name="TEMP" value="7"/><imc name="CONST" value="0"/></imc></stmt><stmt><imc name="JUMP" value="L167"/></stmt></codechunk><codechunk entrylabel="L168" exitlabel="L169"><frame FP="T8" RV="T9" argssize="0" depth="1" label="_facItr" locssize="8" size="24"/><stmt><imc name="LABEL" value="L168"/></stmt><stmt><imc name="MOVE"><imc name="TEMP" value="1349"/><imc name="CONST" value="1"/></imc></stmt><stmt><imc name="MOVE"><imc name="TEMP" value="1350"/><imc name="TEMP" value="8"/></imc></stmt><stmt><imc name="MOVE"><imc name="TEMP" value="1351"/><imc name="CONST" value="-8"/></imc></stmt><stmt><imc name="MOVE"><imc name="TEMP" value="1352"/><imc name="BINOP" value="ADD"><imc name="TEMP" value="1350"/><imc name="TEMP" value="1351"/></imc></imc></stmt><stmt><imc name="MOVE"><imc name="MEM"><imc name="TEMP" value="1352"/></imc><imc name="TEMP" value="1349"/></imc></stmt><stmt><imc name="LABEL" value="L44"/></stmt><stmt><imc name="MOVE"><imc name="TEMP" value="1353"/><imc name="TEMP" value="8"/></imc></stmt><stmt><imc name="MOVE"><imc name="TEMP" value="1354"/><imc name="CONST" value="8"/></imc></stmt><stmt><imc name="MOVE"><imc name="TEMP" value="1355"/><imc name="BINOP" value="ADD"><imc name="TEMP" value="1353"/><imc name="TEMP" value="1354"/></imc></imc></stmt><stmt><imc name="MOVE"><imc name="TEMP" value="1356"/><imc name="MEM"><imc name="TEMP" value="1355"/></imc></imc></stmt><stmt><imc name="MOVE"><imc name="TEMP" value="1357"/><imc name="CONST" value="0"/></imc></stmt><stmt><imc name="MOVE"><imc name="TEMP" value="1358"/><imc name="BINOP" value="GTH"><imc name="TEMP" value="1356"/><imc name="TEMP" value="1357"/></imc></imc></stmt><stmt><imc name="CJUMP" value="L43:L45"><imc name="TEMP" value="1358"/></imc></stmt><stmt><imc name="LABEL" value="L43"/></stmt><stmt><imc name="MOVE"><imc name="TEMP" value="1359"/><imc name="TEMP" value="8"/></imc></stmt><stmt><imc name="MOVE"><imc name="TEMP" value="1360"/><imc name="CONST" value="-8"/></imc></stmt><stmt><imc name="MOVE"><imc name="TEMP" value="1361"/><imc name="BINOP" value="ADD"><imc name="TEMP" value="1359"/><imc name="TEMP" value="1360"/></imc></imc></stmt><stmt><imc name="MOVE"><imc name="TEMP" value="1362"/><imc name="MEM"><imc name="TEMP" value="1361"/></imc></imc></stmt><stmt><imc name="MOVE"><imc name="TEMP" value="1363"/><imc name="TEMP" value="8"/></imc></stmt><stmt><imc name="MOVE"><imc name="TEMP" value="1364"/><imc name="CONST" value="8"/></imc></stmt><stmt><imc name="MOVE"><imc name="TEMP" value="1365"/><imc name="BINOP" value="ADD"><imc name="TEMP" value="1363"/><imc name="TEMP" value="1364"/></imc></imc></stmt><stmt><imc name="MOVE"><imc name="TEMP" value="1366"/><imc name="MEM"><imc name="TEMP" value="1365"/></imc></imc></stmt><stmt><imc name="MOVE"><imc name="TEMP" value="1367"/><imc name="BINOP" value="MUL"><imc name="TEMP" value="1362"/><imc name="TEMP" value="1366"/></imc></imc></stmt><stmt><imc name="MOVE"><imc name="TEMP" value="1368"/><imc name="TEMP" value="8"/></imc></stmt><stmt><imc name="MOVE"><imc name="TEMP" value="1369"/><imc name="CONST" value="-8"/></imc></stmt><stmt><imc name="MOVE"><imc name="TEMP" value="1370"/><imc name="BINOP" value="ADD"><imc name="TEMP" value="1368"/><imc name="TEMP" value="1369"/></imc></imc></stmt><stmt><imc name="MOVE"><imc name="MEM"><imc name="TEMP" value="1370"/></imc><imc name="TEMP" value="1367"/></imc></stmt><stmt><imc name="MOVE"><imc name="TEMP" value="1371"/><imc name="TEMP" value="8"/></imc></stmt><stmt><imc name="MOVE"><imc name="TEMP" value="1372"/><imc name="CONST" value="8"/></imc></stmt><stmt><imc name="MOVE"><imc name="TEMP" value="1373"/><imc name="BINOP" value="ADD"><imc name="TEMP" value="1371"/><imc name="TEMP" value="1372"/></imc></imc></stmt><stmt><imc name="MOVE"><imc name="TEMP" value="1374"/><imc name="MEM"><imc name="TEMP" value="1373"/></imc></imc></stmt><stmt><imc name="MOVE"><imc name="TEMP" value="1375"/><imc name="CONST" value="1"/></imc></stmt><stmt><imc name="MOVE"><imc name="TEMP" value="1376"/><imc name="BINOP" value="SUB"><imc name="TEMP" value="1374"/><imc name="TEMP" value="1375"/></imc></imc></stmt><stmt><imc name="MOVE"><imc name="TEMP" value="1377"/><imc name="TEMP" value="8"/></imc></stmt><stmt><imc name="MOVE"><imc name="TEMP" value="1378"/><imc name="CONST" value="8"/></imc></stmt><stmt><imc name="MOVE"><imc name="TEMP" value="1379"/><imc name="BINOP" value="ADD"><imc name="TEMP" value="1377"/><imc name="TEMP" value="1378"/></imc></imc></stmt><stmt><imc name="MOVE"><imc name="MEM"><imc name="TEMP" value="1379"/></imc><imc name="TEMP" value="1376"/></imc></stmt><stmt><imc name="JUMP" value="L44"/></stmt><stmt><imc name="LABEL" value="L45"/></stmt><stmt><imc name="MOVE"><imc name="TEMP" value="1380"/><imc name="TEMP" value="8"/></imc></stmt><stmt><imc name="MOVE"><imc name="TEMP" value="1381"/><imc name="CONST" value="-8"/></imc></stmt><stmt><imc name="MOVE"><imc name="TEMP" value="1382"/><imc name="BINOP" value="ADD"><imc name="TEMP" value="1380"/><imc name="TEMP" value="1381"/></imc></imc></stmt><stmt><imc name="MOVE"><imc name="TEMP" value="9"/><imc name="MEM"><imc name="TEMP" value="1382"/></imc></imc></stmt><stmt><imc name="JUMP" value="L169"/></stmt></codechunk><codechunk entrylabel="L170" exitlabel="L171"><frame FP="T10" RV="T11" argssize="16" depth="1" label="_facRec" locssize="8" size="40"/><stmt><imc name="LABEL" value="L170"/></stmt><stmt><imc name="MOVE"><imc name="TEMP" value="1383"/><imc name="TEMP" value="10"/></imc></stmt><stmt><imc name="MOVE"><imc name="TEMP" value="1384"/><imc name="CONST" value="8"/></imc></stmt><stmt><imc name="MOVE"><imc name="TEMP" value="1385"/><imc name="BINOP" value="ADD"><imc name="TEMP" value="1383"/><imc name="TEMP" value="1384"/></imc></imc></stmt><stmt><imc name="MOVE"><imc name="TEMP" value="1386"/><imc name="MEM"><imc name="TEMP" value="1385"/></imc></imc></stmt><stmt><imc name="MOVE"><imc name="TEMP" value="1387"/><imc name="CONST" value="1"/></imc></stmt><stmt><imc name="MOVE"><imc name="TEMP" value="1388"/><imc name="BINOP" value="EQU"><imc name="TEMP" value="1386"/><imc name="TEMP" value="1387"/></imc></imc></stmt><stmt><imc name="CJUMP" value="L46:L48"><imc name="TEMP" value="1388"/></imc></stmt><stmt><imc name="LABEL" value="L46"/></stmt><stmt><imc name="MOVE"><imc name="TEMP" value="1389"/><imc name="CONST" value="1"/></imc></stmt><stmt><imc name="MOVE"><imc name="TEMP" value="1390"/><imc name="TEMP" value="10"/></imc></stmt><stmt><imc name="MOVE"><imc name="TEMP" value="1391"/><imc name="CONST" value="-8"/></imc></stmt><stmt><imc name="MOVE"><imc name="TEMP" value="1392"/><imc name="BINOP" value="ADD"><imc name="TEMP" value="1390"/><imc name="TEMP" value="1391"/></imc></imc></stmt><stmt><imc name="MOVE"><imc name="MEM"><imc name="TEMP" value="1392"/></imc><imc name="TEMP" value="1389"/></imc></stmt><stmt><imc name="JUMP" value="L47"/></stmt><stmt><imc name="LABEL" value="L48"/></stmt><stmt><imc name="MOVE"><imc name="TEMP" value="1393"/><imc name="TEMP" value="10"/></imc></stmt><stmt><imc name="MOVE"><imc name="TEMP" value="1394"/><imc name="CONST" value="8"/></imc></stmt><stmt><imc name="MOVE"><imc name="TEMP" value="1395"/><imc name="BINOP" value="ADD"><imc name="TEMP" value="1393"/><imc name="TEMP" value="1394"/></imc></imc></stmt><stmt><imc name="MOVE"><imc name="TEMP" value="1396"/><imc name="MEM"><imc name="TEMP" value="1395"/></imc></imc></stmt><stmt><imc name="MOVE"><imc name="TEMP" value="1397"/><imc name="CONST" value="0"/></imc></stmt><stmt><imc name="MOVE"><imc name="TEMP" value="1398"/><imc name="TEMP" value="10"/></imc></stmt><stmt><imc name="MOVE"><imc name="TEMP" value="1399"/><imc name="CONST" value="8"/></imc></stmt><stmt><imc name="MOVE"><imc name="TEMP" value="1400"/><imc name="BINOP" value="ADD"><imc name="TEMP" value="1398"/><imc name="TEMP" value="1399"/></imc></imc></stmt><stmt><imc name="MOVE"><imc name="TEMP" value="1401"/><imc name="MEM"><imc name="TEMP" value="1400"/></imc></imc></stmt><stmt><imc name="MOVE"><imc name="TEMP" value="1402"/><imc name="CONST" value="1"/></imc></stmt><stmt><imc name="MOVE"><imc name="TEMP" value="1403"/><imc name="BINOP" value="SUB"><imc name="TEMP" value="1401"/><imc name="TEMP" value="1402"/></imc></imc></stmt><stmt><imc name="MOVE"><imc name="TEMP" value="1404"/><imc name="CALL" value="_facRec"><imc name="TEMP" value="1397"/><imc name="TEMP" value="1403"/></imc></imc></stmt><stmt><imc name="MOVE"><imc name="TEMP" value="1405"/><imc name="BINOP" value="MUL"><imc name="TEMP" value="1396"/><imc name="TEMP" value="1404"/></imc></imc></stmt><stmt><imc name="MOVE"><imc name="TEMP" value="1406"/><imc name="TEMP" value="10"/></imc></stmt><stmt><imc name="MOVE"><imc name="TEMP" value="1407"/><imc name="CONST" value="-8"/></imc></stmt><stmt><imc name="MOVE"><imc name="TEMP" value="1408"/><imc name="BINOP" value="ADD"><imc name="TEMP" value="1406"/><imc name="TEMP" value="1407"/></imc></imc></stmt><stmt><imc name="MOVE"><imc name="MEM"><imc name="TEMP" value="1408"/></imc><imc name="TEMP" value="1405"/></imc></stmt><stmt><imc name="LABEL" value="L47"/></stmt><stmt><imc name="MOVE"><imc name="TEMP" value="1409"/><imc name="TEMP" value="10"/></imc></stmt><stmt><imc name="MOVE"><imc name="TEMP" value="1410"/><imc name="CONST" value="-8"/></imc></stmt><stmt><imc name="MOVE"><imc name="TEMP" value="1411"/><imc name="BINOP" value="ADD"><imc name="TEMP" value="1409"/><imc name="TEMP" value="1410"/></imc></imc></stmt><stmt><imc name="MOVE"><imc name="TEMP" value="11"/><imc name="MEM"><imc name="TEMP" value="1411"/></imc></imc></stmt><stmt><imc name="JUMP" value="L171"/></stmt></codechunk><codechunk entrylabel="L172" exitlabel="L173"><frame FP="T12" RV="T13" argssize="0" depth="1" label="_fibItr" locssize="24" size="40"/><stmt><imc name="LABEL" value="L172"/></stmt><stmt><imc name="MOVE"><imc name="TEMP" value="1412"/><imc name="CONST" value="1"/></imc></stmt><stmt><imc name="MOVE"><imc name="TEMP" value="1413"/><imc name="TEMP" value="12"/></imc></stmt><stmt><imc name="MOVE"><imc name="TEMP" value="1414"/><imc name="CONST" value="-8"/></imc></stmt><stmt><imc name="MOVE"><imc name="TEMP" value="1415"/><imc name="BINOP" value="ADD"><imc name="TEMP" value="1413"/><imc name="TEMP" value="1414"/></imc></imc></stmt><stmt><imc name="MOVE"><imc name="MEM"><imc name="TEMP" value="1415"/></imc><imc name="TEMP" value="1412"/></imc></stmt><stmt><imc name="MOVE"><imc name="TEMP" value="1416"/><imc name="CONST" value="1"/></imc></stmt><stmt><imc name="MOVE"><imc name="TEMP" value="1417"/><imc name="TEMP" value="12"/></imc></stmt><stmt><imc name="MOVE"><imc name="TEMP" value="1418"/><imc name="CONST" value="-16"/></imc></stmt><stmt><imc name="MOVE"><imc name="TEMP" value="1419"/><imc name="BINOP" value="ADD"><imc name="TEMP" value="1417"/><imc name="TEMP" value="1418"/></imc></imc></stmt><stmt><imc name="MOVE"><imc name="MEM"><imc name="TEMP" value="1419"/></imc><imc name="TEMP" value="1416"/></imc></stmt><stmt><imc name="MOVE"><imc name="TEMP" value="1420"/><imc name="CONST" value="0"/></imc></stmt><stmt><imc name="MOVE"><imc name="TEMP" value="1421"/><imc name="TEMP" value="12"/></imc></stmt><stmt><imc name="MOVE"><imc name="TEMP" value="1422"/><imc name="CONST" value="-24"/></imc></stmt><stmt><imc name="MOVE"><imc name="TEMP" value="1423"/><imc name="BINOP" value="ADD"><imc name="TEMP" value="1421"/><imc name="TEMP" value="1422"/></imc></imc></stmt><stmt><imc name="MOVE"><imc name="MEM"><imc name="TEMP" value="1423"/></imc><imc name="TEMP" value="1420"/></imc></stmt><stmt><imc name="LABEL" value="L50"/></stmt><stmt><imc name="MOVE"><imc name="TEMP" value="1424"/><imc name="TEMP" value="12"/></imc></stmt><stmt><imc name="MOVE"><imc name="TEMP" value="1425"/><imc name="CONST" value="8"/></imc></stmt><stmt><imc name="MOVE"><imc name="TEMP" value="1426"/><imc name="BINOP" value="ADD"><imc name="TEMP" value="1424"/><imc name="TEMP" value="1425"/></imc></imc></stmt><stmt><imc name="MOVE"><imc name="TEMP" value="1427"/><imc name="MEM"><imc name="TEMP" value="1426"/></imc></imc></stmt><stmt><imc name="MOVE"><imc name="TEMP" value="1428"/><imc name="CONST" value="1"/></imc></stmt><stmt><imc name="MOVE"><imc name="TEMP" value="1429"/><imc name="BINOP" value="GTH"><imc name="TEMP" value="1427"/><imc name="TEMP" value="1428"/></imc></imc></stmt><stmt><imc name="CJUMP" value="L49:L51"><imc name="TEMP" value="1429"/></imc></stmt><stmt><imc name="LABEL" value="L49"/></stmt><stmt><imc name="MOVE"><imc name="TEMP" value="1430"/><imc name="TEMP" value="12"/></imc></stmt><stmt><imc name="MOVE"><imc name="TEMP" value="1431"/><imc name="CONST" value="-16"/></imc></stmt><stmt><imc name="MOVE"><imc name="TEMP" value="1432"/><imc name="BINOP" value="ADD"><imc name="TEMP" value="1430"/><imc name="TEMP" value="1431"/></imc></imc></stmt><stmt><imc name="MOVE"><imc name="TEMP" value="1433"/><imc name="MEM"><imc name="TEMP" value="1432"/></imc></imc></stmt><stmt><imc name="MOVE"><imc name="TEMP" value="1434"/><imc name="TEMP" value="12"/></imc></stmt><stmt><imc name="MOVE"><imc name="TEMP" value="1435"/><imc name="CONST" value="-24"/></imc></stmt><stmt><imc name="MOVE"><imc name="TEMP" value="1436"/><imc name="BINOP" value="ADD"><imc name="TEMP" value="1434"/><imc name="TEMP" value="1435"/></imc></imc></stmt><stmt><imc name="MOVE"><imc name="TEMP" value="1437"/><imc name="MEM"><imc name="TEMP" value="1436"/></imc></imc></stmt><stmt><imc name="MOVE"><imc name="TEMP" value="1438"/><imc name="BINOP" value="ADD"><imc name="TEMP" value="1433"/><imc name="TEMP" value="1437"/></imc></imc></stmt><stmt><imc name="MOVE"><imc name="TEMP" value="1439"/><imc name="TEMP" value="12"/></imc></stmt><stmt><imc name="MOVE"><imc name="TEMP" value="1440"/><imc name="CONST" value="-8"/></imc></stmt><stmt><imc name="MOVE"><imc name="TEMP" value="1441"/><imc name="BINOP" value="ADD"><imc name="TEMP" value="1439"/><imc name="TEMP" value="1440"/></imc></imc></stmt><stmt><imc name="MOVE"><imc name="MEM"><imc name="TEMP" value="1441"/></imc><imc name="TEMP" value="1438"/></imc></stmt><stmt><imc name="MOVE"><imc name="TEMP" value="1442"/><imc name="TEMP" value="12"/></imc></stmt><stmt><imc name="MOVE"><imc name="TEMP" value="1443"/><imc name="CONST" value="-16"/></imc></stmt><stmt><imc name="MOVE"><imc name="TEMP" value="1444"/><imc name="BINOP" value="ADD"><imc name="TEMP" value="1442"/><imc name="TEMP" value="1443"/></imc></imc></stmt><stmt><imc name="MOVE"><imc name="TEMP" value="1445"/><imc name="MEM"><imc name="TEMP" value="1444"/></imc></imc></stmt><stmt><imc name="MOVE"><imc name="TEMP" value="1446"/><imc name="TEMP" value="12"/></imc></stmt><stmt><imc name="MOVE"><imc name="TEMP" value="1447"/><imc name="CONST" value="-24"/></imc></stmt><stmt><imc name="MOVE"><imc name="TEMP" value="1448"/><imc name="BINOP" value="ADD"><imc name="TEMP" value="1446"/><imc name="TEMP" value="1447"/></imc></imc></stmt><stmt><imc name="MOVE"><imc name="MEM"><imc name="TEMP" value="1448"/></imc><imc name="TEMP" value="1445"/></imc></stmt><stmt><imc name="MOVE"><imc name="TEMP" value="1449"/><imc name="TEMP" value="12"/></imc></stmt><stmt><imc name="MOVE"><imc name="TEMP" value="1450"/><imc name="CONST" value="-8"/></imc></stmt><stmt><imc name="MOVE"><imc name="TEMP" value="1451"/><imc name="BINOP" value="ADD"><imc name="TEMP" value="1449"/><imc name="TEMP" value="1450"/></imc></imc></stmt><stmt><imc name="MOVE"><imc name="TEMP" value="1452"/><imc name="MEM"><imc name="TEMP" value="1451"/></imc></imc></stmt><stmt><imc name="MOVE"><imc name="TEMP" value="1453"/><imc name="TEMP" value="12"/></imc></stmt><stmt><imc name="MOVE"><imc name="TEMP" value="1454"/><imc name="CONST" value="-16"/></imc></stmt><stmt><imc name="MOVE"><imc name="TEMP" value="1455"/><imc name="BINOP" value="ADD"><imc name="TEMP" value="1453"/><imc name="TEMP" value="1454"/></imc></imc></stmt><stmt><imc name="MOVE"><imc name="MEM"><imc name="TEMP" value="1455"/></imc><imc name="TEMP" value="1452"/></imc></stmt><stmt><imc name="MOVE"><imc name="TEMP" value="1456"/><imc name="TEMP" value="12"/></imc></stmt><stmt><imc name="MOVE"><imc name="TEMP" value="1457"/><imc name="CONST" value="8"/></imc></stmt><stmt><imc name="MOVE"><imc name="TEMP" value="1458"/><imc name="BINOP" value="ADD"><imc name="TEMP" value="1456"/><imc name="TEMP" value="1457"/></imc></imc></stmt><stmt><imc name="MOVE"><imc name="TEMP" value="1459"/><imc name="MEM"><imc name="TEMP" value="1458"/></imc></imc></stmt><stmt><imc name="MOVE"><imc name="TEMP" value="1460"/><imc name="CONST" value="1"/></imc></stmt><stmt><imc name="MOVE"><imc name="TEMP" value="1461"/><imc name="BINOP" value="SUB"><imc name="TEMP" value="1459"/><imc name="TEMP" value="1460"/></imc></imc></stmt><stmt><imc name="MOVE"><imc name="TEMP" value="1462"/><imc name="TEMP" value="12"/></imc></stmt><stmt><imc name="MOVE"><imc name="TEMP" value="1463"/><imc name="CONST" value="8"/></imc></stmt><stmt><imc name="MOVE"><imc name="TEMP" value="1464"/><imc name="BINOP" value="ADD"><imc name="TEMP" value="1462"/><imc name="TEMP" value="1463"/></imc></imc></stmt><stmt><imc name="MOVE"><imc name="MEM"><imc name="TEMP" value="1464"/></imc><imc name="TEMP" value="1461"/></imc></stmt><stmt><imc name="JUMP" value="L50"/></stmt><stmt><imc name="LABEL" value="L51"/></stmt><stmt><imc name="MOVE"><imc name="TEMP" value="1465"/><imc name="TEMP" value="12"/></imc></stmt><stmt><imc name="MOVE"><imc name="TEMP" value="1466"/><imc name="CONST" value="-8"/></imc></stmt><stmt><imc name="MOVE"><imc name="TEMP" value="1467"/><imc name="BINOP" value="ADD"><imc name="TEMP" value="1465"/><imc name="TEMP" value="1466"/></imc></imc></stmt><stmt><imc name="MOVE"><imc name="TEMP" value="13"/><imc name="MEM"><imc name="TEMP" value="1467"/></imc></imc></stmt><stmt><imc name="JUMP" value="L173"/></stmt></codechunk><codechunk entrylabel="L174" exitlabel="L175"><frame FP="T14" RV="T15" argssize="16" depth="1" label="_fibRec" locssize="8" size="40"/><stmt><imc name="LABEL" value="L174"/></stmt><stmt><imc name="MOVE"><imc name="TEMP" value="1468"/><imc name="TEMP" value="14"/></imc></stmt><stmt><imc name="MOVE"><imc name="TEMP" value="1469"/><imc name="CONST" value="8"/></imc></stmt><stmt><imc name="MOVE"><imc name="TEMP" value="1470"/><imc name="BINOP" value="ADD"><imc name="TEMP" value="1468"/><imc name="TEMP" value="1469"/></imc></imc></stmt><stmt><imc name="MOVE"><imc name="TEMP" value="1471"/><imc name="MEM"><imc name="TEMP" value="1470"/></imc></imc></stmt><stmt><imc name="MOVE"><imc name="TEMP" value="1472"/><imc name="CONST" value="2"/></imc></stmt><stmt><imc name="MOVE"><imc name="TEMP" value="1473"/><imc name="BINOP" value="LEQ"><imc name="TEMP" value="1471"/><imc name="TEMP" value="1472"/></imc></imc></stmt><stmt><imc name="CJUMP" value="L52:L54"><imc name="TEMP" value="1473"/></imc></stmt><stmt><imc name="LABEL" value="L52"/></stmt><stmt><imc name="MOVE"><imc name="TEMP" value="1474"/><imc name="CONST" value="1"/></imc></stmt><stmt><imc name="MOVE"><imc name="TEMP" value="1475"/><imc name="TEMP" value="14"/></imc></stmt><stmt><imc name="MOVE"><imc name="TEMP" value="1476"/><imc name="CONST" value="-8"/></imc></stmt><stmt><imc name="MOVE"><imc name="TEMP" value="1477"/><imc name="BINOP" value="ADD"><imc name="TEMP" value="1475"/><imc name="TEMP" value="1476"/></imc></imc></stmt><stmt><imc name="MOVE"><imc name="MEM"><imc name="TEMP" value="1477"/></imc><imc name="TEMP" value="1474"/></imc></stmt><stmt><imc name="JUMP" value="L53"/></stmt><stmt><imc name="LABEL" value="L54"/></stmt><stmt><imc name="MOVE"><imc name="TEMP" value="1478"/><imc name="CONST" value="0"/></imc></stmt><stmt><imc name="MOVE"><imc name="TEMP" value="1479"/><imc name="TEMP" value="14"/></imc></stmt><stmt><imc name="MOVE"><imc name="TEMP" value="1480"/><imc name="CONST" value="8"/></imc></stmt><stmt><imc name="MOVE"><imc name="TEMP" value="1481"/><imc name="BINOP" value="ADD"><imc name="TEMP" value="1479"/><imc name="TEMP" value="1480"/></imc></imc></stmt><stmt><imc name="MOVE"><imc name="TEMP" value="1482"/><imc name="MEM"><imc name="TEMP" value="1481"/></imc></imc></stmt><stmt><imc name="MOVE"><imc name="TEMP" value="1483"/><imc name="CONST" value="1"/></imc></stmt><stmt><imc name="MOVE"><imc name="TEMP" value="1484"/><imc name="BINOP" value="SUB"><imc name="TEMP" value="1482"/><imc name="TEMP" value="1483"/></imc></imc></stmt><stmt><imc name="MOVE"><imc name="TEMP" value="1485"/><imc name="CALL" value="_fibRec"><imc name="TEMP" value="1478"/><imc name="TEMP" value="1484"/></imc></imc></stmt><stmt><imc name="MOVE"><imc name="TEMP" value="1486"/><imc name="CONST" value="0"/></imc></stmt><stmt><imc name="MOVE"><imc name="TEMP" value="1487"/><imc name="TEMP" value="14"/></imc></stmt><stmt><imc name="MOVE"><imc name="TEMP" value="1488"/><imc name="CONST" value="8"/></imc></stmt><stmt><imc name="MOVE"><imc name="TEMP" value="1489"/><imc name="BINOP" value="ADD"><imc name="TEMP" value="1487"/><imc name="TEMP" value="1488"/></imc></imc></stmt><stmt><imc name="MOVE"><imc name="TEMP" value="1490"/><imc name="MEM"><imc name="TEMP" value="1489"/></imc></imc></stmt><stmt><imc name="MOVE"><imc name="TEMP" value="1491"/><imc name="CONST" value="2"/></imc></stmt><stmt><imc name="MOVE"><imc name="TEMP" value="1492"/><imc name="BINOP" value="SUB"><imc name="TEMP" value="1490"/><imc name="TEMP" value="1491"/></imc></imc></stmt><stmt><imc name="MOVE"><imc name="TEMP" value="1493"/><imc name="CALL" value="_fibRec"><imc name="TEMP" value="1486"/><imc name="TEMP" value="1492"/></imc></imc></stmt><stmt><imc name="MOVE"><imc name="TEMP" value="1494"/><imc name="BINOP" value="ADD"><imc name="TEMP" value="1485"/><imc name="TEMP" value="1493"/></imc></imc></stmt><stmt><imc name="MOVE"><imc name="TEMP" value="1495"/><imc name="TEMP" value="14"/></imc></stmt><stmt><imc name="MOVE"><imc name="TEMP" value="1496"/><imc name="CONST" value="-8"/></imc></stmt><stmt><imc name="MOVE"><imc name="TEMP" value="1497"/><imc name="BINOP" value="ADD"><imc name="TEMP" value="1495"/><imc name="TEMP" value="1496"/></imc></imc></stmt><stmt><imc name="MOVE"><imc name="MEM"><imc name="TEMP" value="1497"/></imc><imc name="TEMP" value="1494"/></imc></stmt><stmt><imc name="LABEL" value="L53"/></stmt><stmt><imc name="MOVE"><imc name="TEMP" value="1498"/><imc name="TEMP" value="14"/></imc></stmt><stmt><imc name="MOVE"><imc name="TEMP" value="1499"/><imc name="CONST" value="-8"/></imc></stmt><stmt><imc name="MOVE"><imc name="TEMP" value="1500"/><imc name="BINOP" value="ADD"><imc name="TEMP" value="1498"/><imc name="TEMP" value="1499"/></imc></imc></stmt><stmt><imc name="MOVE"><imc name="TEMP" value="15"/><imc name="MEM"><imc name="TEMP" value="1500"/></imc></imc></stmt><stmt><imc name="JUMP" value="L175"/></stmt></codechunk><codechunk entrylabel="L176" exitlabel="L177"><frame FP="T18" RV="T19" argssize="16" depth="1" label="_combs" locssize="808" size="840"/><stmt><imc name="LABEL" value="L176"/></stmt><stmt><imc name="MOVE"><imc name="TEMP" value="1501"/><imc name="CONST" value="0"/></imc></stmt><stmt><imc name="MOVE"><imc name="TEMP" value="1502"/><imc name="TEMP" value="18"/></imc></stmt><stmt><imc name="MOVE"><imc name="TEMP" value="1503"/><imc name="CONST" value="-808"/></imc></stmt><stmt><imc name="MOVE"><imc name="TEMP" value="1504"/><imc name="BINOP" value="ADD"><imc name="TEMP" value="1502"/><imc name="TEMP" value="1503"/></imc></imc></stmt><stmt><imc name="MOVE"><imc name="MEM"><imc name="TEMP" value="1504"/></imc><imc name="TEMP" value="1501"/></imc></stmt><stmt><imc name="LABEL" value="L65"/></stmt><stmt><imc name="MOVE"><imc name="TEMP" value="1505"/><imc name="TEMP" value="18"/></imc></stmt><stmt><imc name="MOVE"><imc name="TEMP" value="1506"/><imc name="CONST" value="-808"/></imc></stmt><stmt><imc name="MOVE"><imc name="TEMP" value="1507"/><imc name="BINOP" value="ADD"><imc name="TEMP" value="1505"/><imc name="TEMP" value="1506"/></imc></imc></stmt><stmt><imc name="MOVE"><imc name="TEMP" value="1508"/><imc name="MEM"><imc name="TEMP" value="1507"/></imc></imc></stmt><stmt><imc name="MOVE"><imc name="TEMP" value="1509"/><imc name="CONST" value="100"/></imc></stmt><stmt><imc name="MOVE"><imc name="TEMP" value="1510"/><imc name="BINOP" value="LTH"><imc name="TEMP" value="1508"/><imc name="TEMP" value="1509"/></imc></imc></stmt><stmt><imc name="CJUMP" value="L64:L66"><imc name="TEMP" value="1510"/></imc></stmt><stmt><imc name="LABEL" value="L64"/></stmt><stmt><imc name="MOVE"><imc name="TEMP" value="1511"/><imc name="CONST" value="0"/></imc></stmt><stmt><imc name="MOVE"><imc name="TEMP" value="1512"/><imc name="TEMP" value="18"/></imc></stmt><stmt><imc name="MOVE"><imc name="TEMP" value="1513"/><imc name="CONST" value="-800"/></imc></stmt><stmt><imc name="MOVE"><imc name="TEMP" value="1514"/><imc name="BINOP" value="ADD"><imc name="TEMP" value="1512"/><imc name="TEMP" value="1513"/></imc></imc></stmt><stmt><imc name="MOVE"><imc name="TEMP" value="1515"/><imc name="TEMP" value="18"/></imc></stmt><stmt><imc name="MOVE"><imc name="TEMP" value="1516"/><imc name="CONST" value="-808"/></imc></stmt><stmt><imc name="MOVE"><imc name="TEMP" value="1517"/><imc name="BINOP" value="ADD"><imc name="TEMP" value="1515"/><imc name="TEMP" value="1516"/></imc></imc></stmt><stmt><imc name="MOVE"><imc name="TEMP" value="1518"/><imc name="MEM"><imc name="TEMP" value="1517"/></imc></imc></stmt><stmt><imc name="MOVE"><imc name="TEMP" value="1519"/><imc name="CONST" value="8"/></imc></stmt><stmt><imc name="MOVE"><imc name="TEMP" value="1520"/><imc name="BINOP" value="MUL"><imc name="TEMP" value="1518"/><imc name="TEMP" value="1519"/></imc></imc></stmt><stmt><imc name="MOVE"><imc name="TEMP" value="1521"/><imc name="BINOP" value="ADD"><imc name="TEMP" value="1514"/><imc name="TEMP" value="1520"/></imc></imc></stmt><stmt><imc name="MOVE"><imc name="MEM"><imc name="TEMP" value="1521"/></imc><imc name="TEMP" value="1511"/></imc></stmt><stmt><imc name="MOVE"><imc name="TEMP" value="1522"/><imc name="TEMP" value="18"/></imc></stmt><stmt><imc name="MOVE"><imc name="TEMP" value="1523"/><imc name="CONST" value="-808"/></imc></stmt><stmt><imc name="MOVE"><imc name="TEMP" value="1524"/><imc name="BINOP" value="ADD"><imc name="TEMP" value="1522"/><imc name="TEMP" value="1523"/></imc></imc></stmt><stmt><imc name="MOVE"><imc name="TEMP" value="1525"/><imc name="MEM"><imc name="TEMP" value="1524"/></imc></imc></stmt><stmt><imc name="MOVE"><imc name="TEMP" value="1526"/><imc name="CONST" value="1"/></imc></stmt><stmt><imc name="MOVE"><imc name="TEMP" value="1527"/><imc name="BINOP" value="ADD"><imc name="TEMP" value="1525"/><imc name="TEMP" value="1526"/></imc></imc></stmt><stmt><imc name="MOVE"><imc name="TEMP" value="1528"/><imc name="TEMP" value="18"/></imc></stmt><stmt><imc name="MOVE"><imc name="TEMP" value="1529"/><imc name="CONST" value="-808"/></imc></stmt><stmt><imc name="MOVE"><imc name="TEMP" value="1530"/><imc name="BINOP" value="ADD"><imc name="TEMP" value="1528"/><imc name="TEMP" value="1529"/></imc></imc></stmt><stmt><imc name="MOVE"><imc name="MEM"><imc name="TEMP" value="1530"/></imc><imc name="TEMP" value="1527"/></imc></stmt><stmt><imc name="JUMP" value="L65"/></stmt><stmt><imc name="LABEL" value="L66"/></stmt><stmt><imc name="MOVE"><imc name="TEMP" value="1531"/><imc name="TEMP" value="18"/></imc></stmt><stmt><imc name="MOVE"><imc name="TEMP" value="1532"/><imc name="CONST" value="0"/></imc></stmt><stmt><imc name="ESTMT"><imc name="CALL" value="L19"><imc name="TEMP" value="1531"/><imc name="TEMP" value="1532"/></imc></imc></stmt><stmt><imc name="MOVE"><imc name="TEMP" value="19"/><imc name="CONST" value="0"/></imc></stmt><stmt><imc name="JUMP" value="L177"/></stmt></codechunk><codechunk entrylabel="L178" exitlabel="L179"><frame FP="T16" RV="T17" argssize="16" depth="2" label="L19" locssize="8" size="40"/><stmt><imc name="LABEL" value="L178"/></stmt><stmt><imc name="MOVE"><imc name="TEMP" value="1533"/><imc name="TEMP" value="16"/></imc></stmt><stmt><imc name="MOVE"><imc name="TEMP" value="1534"/><imc name="CONST" value="8"/></imc></stmt><stmt><imc name="MOVE"><imc name="TEMP" value="1535"/><imc name="BINOP" value="ADD"><imc name="TEMP" value="1533"/><imc name="TEMP" value="1534"/></imc></imc></stmt><stmt><imc name="MOVE"><imc name="TEMP" value="1536"/><imc name="MEM"><imc name="TEMP" value="1535"/></imc></imc></stmt><stmt><imc name="MOVE"><imc name="TEMP" value="1537"/><imc name="TEMP" value="16"/></imc></stmt><stmt><imc name="MOVE"><imc name="TEMP" value="1538"/><imc name="MEM"><imc name="TEMP" value="1537"/></imc></imc></stmt><stmt><imc name="MOVE"><imc name="TEMP" value="1539"/><imc name="CONST" value="8"/></imc></stmt><stmt><imc name="MOVE"><imc name="TEMP" value="1540"/><imc name="BINOP" value="ADD"><imc name="TEMP" value="1538"/><imc name="TEMP" value="1539"/></imc></imc></stmt><stmt><imc name="MOVE"><imc name="TEMP" value="1541"/><imc name="MEM"><imc name="TEMP" value="1540"/></imc></imc></stmt><stmt><imc name="MOVE"><imc name="TEMP" value="1542"/><imc name="BINOP" value="EQU"><imc name="TEMP" value="1536"/><imc name="TEMP" value="1541"/></imc></imc></stmt><stmt><imc name="CJUMP" value="L55:L60"><imc name="TEMP" value="1542"/></imc></stmt><stmt><imc name="LABEL" value="L55"/></stmt><stmt><imc name="MOVE"><imc name="TEMP" value="1543"/><imc name="CONST" value="0"/></imc></stmt><stmt><imc name="MOVE"><imc name="TEMP" value="1544"/><imc name="TEMP" value="16"/></imc></stmt><stmt><imc name="MOVE"><imc name="TEMP" value="1545"/><imc name="CONST" value="-8"/></imc></stmt><stmt><imc name="MOVE"><imc name="TEMP" value="1546"/><imc name="BINOP" value="ADD"><imc name="TEMP" value="1544"/><imc name="TEMP" value="1545"/></imc></imc></stmt><stmt><imc name="MOVE"><imc name="MEM"><imc name="TEMP" value="1546"/></imc><imc name="TEMP" value="1543"/></imc></stmt><stmt><imc name="LABEL" value="L58"/></stmt><stmt><imc name="MOVE"><imc name="TEMP" value="1547"/><imc name="TEMP" value="16"/></imc></stmt><stmt><imc name="MOVE"><imc name="TEMP" value="1548"/><imc name="CONST" value="-8"/></imc></stmt><stmt><imc name="MOVE"><imc name="TEMP" value="1549"/><imc name="BINOP" value="ADD"><imc name="TEMP" value="1547"/><imc name="TEMP" value="1548"/></imc></imc></stmt><stmt><imc name="MOVE"><imc name="TEMP" value="1550"/><imc name="MEM"><imc name="TEMP" value="1549"/></imc></imc></stmt><stmt><imc name="MOVE"><imc name="TEMP" value="1551"/><imc name="TEMP" value="16"/></imc></stmt><stmt><imc name="MOVE"><imc name="TEMP" value="1552"/><imc name="MEM"><imc name="TEMP" value="1551"/></imc></imc></stmt><stmt><imc name="MOVE"><imc name="TEMP" value="1553"/><imc name="CONST" value="8"/></imc></stmt><stmt><imc name="MOVE"><imc name="TEMP" value="1554"/><imc name="BINOP" value="ADD"><imc name="TEMP" value="1552"/><imc name="TEMP" value="1553"/></imc></imc></stmt><stmt><imc name="MOVE"><imc name="TEMP" value="1555"/><imc name="MEM"><imc name="TEMP" value="1554"/></imc></imc></stmt><stmt><imc name="MOVE"><imc name="TEMP" value="1556"/><imc name="BINOP" value="LTH"><imc name="TEMP" value="1550"/><imc name="TEMP" value="1555"/></imc></imc></stmt><stmt><imc name="CJUMP" value="L57:L59"><imc name="TEMP" value="1556"/></imc></stmt><stmt><imc name="LABEL" value="L57"/></stmt><stmt><imc name="MOVE"><imc name="TEMP" value="1557"/><imc name="CONST" value="0"/></imc></stmt><stmt><imc name="MOVE"><imc name="TEMP" value="1558"/><imc name="TEMP" value="16"/></imc></stmt><stmt><imc name="MOVE"><imc name="TEMP" value="1559"/><imc name="MEM"><imc name="TEMP" value="1558"/></imc></imc></stmt><stmt><imc name="MOVE"><imc name="TEMP" value="1560"/><imc name="CONST" value="-800"/></imc></stmt><stmt><imc name="MOVE"><imc name="TEMP" value="1561"/><imc name="BINOP" value="ADD"><imc name="TEMP" value="1559"/><imc name="TEMP" value="1560"/></imc></imc></stmt><stmt><imc name="MOVE"><imc name="TEMP" value="1562"/><imc name="TEMP" value="16"/></imc></stmt><stmt><imc name="MOVE"><imc name="TEMP" value="1563"/><imc name="CONST" value="-8"/></imc></stmt><stmt><imc name="MOVE"><imc name="TEMP" value="1564"/><imc name="BINOP" value="ADD"><imc name="TEMP" value="1562"/><imc name="TEMP" value="1563"/></imc></imc></stmt><stmt><imc name="MOVE"><imc name="TEMP" value="1565"/><imc name="MEM"><imc name="TEMP" value="1564"/></imc></imc></stmt><stmt><imc name="MOVE"><imc name="TEMP" value="1566"/><imc name="CONST" value="8"/></imc></stmt><stmt><imc name="MOVE"><imc name="TEMP" value="1567"/><imc name="BINOP" value="MUL"><imc name="TEMP" value="1565"/><imc name="TEMP" value="1566"/></imc></imc></stmt><stmt><imc name="MOVE"><imc name="TEMP" value="1568"/><imc name="BINOP" value="ADD"><imc name="TEMP" value="1561"/><imc name="TEMP" value="1567"/></imc></imc></stmt><stmt><imc name="MOVE"><imc name="TEMP" value="1569"/><imc name="MEM"><imc name="TEMP" value="1568"/></imc></imc></stmt><stmt><imc name="ESTMT"><imc name="CALL" value="_putInt"><imc name="TEMP" value="1557"/><imc name="TEMP" value="1569"/></imc></imc></stmt><stmt><imc name="MOVE"><imc name="TEMP" value="1570"/><imc name="CONST" value="0"/></imc></stmt><stmt><imc name="MOVE"><imc name="TEMP" value="1571"/><imc name="CONST" value="32"/></imc></stmt><stmt><imc name="ESTMT"><imc name="CALL" value="_putChar"><imc name="TEMP" value="1570"/><imc name="TEMP" value="1571"/></imc></imc></stmt><stmt><imc name="MOVE"><imc name="TEMP" value="1572"/><imc name="TEMP" value="16"/></imc></stmt><stmt><imc name="MOVE"><imc name="TEMP" value="1573"/><imc name="CONST" value="-8"/></imc></stmt><stmt><imc name="MOVE"><imc name="TEMP" value="1574"/><imc name="BINOP" value="ADD"><imc name="TEMP" value="1572"/><imc name="TEMP" value="1573"/></imc></imc></stmt><stmt><imc name="MOVE"><imc name="TEMP" value="1575"/><imc name="MEM"><imc name="TEMP" value="1574"/></imc></imc></stmt><stmt><imc name="MOVE"><imc name="TEMP" value="1576"/><imc name="CONST" value="1"/></imc></stmt><stmt><imc name="MOVE"><imc name="TEMP" value="1577"/><imc name="BINOP" value="ADD"><imc name="TEMP" value="1575"/><imc name="TEMP" value="1576"/></imc></imc></stmt><stmt><imc name="MOVE"><imc name="TEMP" value="1578"/><imc name="TEMP" value="16"/></imc></stmt><stmt><imc name="MOVE"><imc name="TEMP" value="1579"/><imc name="CONST" value="-8"/></imc></stmt><stmt><imc name="MOVE"><imc name="TEMP" value="1580"/><imc name="BINOP" value="ADD"><imc name="TEMP" value="1578"/><imc name="TEMP" value="1579"/></imc></imc></stmt><stmt><imc name="MOVE"><imc name="MEM"><imc name="TEMP" value="1580"/></imc><imc name="TEMP" value="1577"/></imc></stmt><stmt><imc name="JUMP" value="L58"/></stmt><stmt><imc name="LABEL" value="L59"/></stmt><stmt><imc name="MOVE"><imc name="TEMP" value="1581"/><imc name="CONST" value="0"/></imc></stmt><stmt><imc name="MOVE"><imc name="TEMP" value="1582"/><imc name="CONST" value="10"/></imc></stmt><stmt><imc name="MOVE"><imc name="TEMP" value="1583"/><imc name="CONST" value="256"/></imc></stmt><stmt><imc name="MOVE"><imc name="TEMP" value="1584"/><imc name="BINOP" value="MOD"><imc name="TEMP" value="1582"/><imc name="TEMP" value="1583"/></imc></imc></stmt><stmt><imc name="ESTMT"><imc name="CALL" value="_putChar"><imc name="TEMP" value="1581"/><imc name="TEMP" value="1584"/></imc></imc></stmt><stmt><imc name="JUMP" value="L56"/></stmt><stmt><imc name="LABEL" value="L60"/></stmt><stmt><imc name="MOVE"><imc name="TEMP" value="1585"/><imc name="CONST" value="1"/></imc></stmt><stmt><imc name="MOVE"><imc name="TEMP" value="1586"/><imc name="TEMP" value="16"/></imc></stmt><stmt><imc name="MOVE"><imc name="TEMP" value="1587"/><imc name="CONST" value="-8"/></imc></stmt><stmt><imc name="MOVE"><imc name="TEMP" value="1588"/><imc name="BINOP" value="ADD"><imc name="TEMP" value="1586"/><imc name="TEMP" value="1587"/></imc></imc></stmt><stmt><imc name="MOVE"><imc name="MEM"><imc name="TEMP" value="1588"/></imc><imc name="TEMP" value="1585"/></imc></stmt><stmt><imc name="LABEL" value="L62"/></stmt><stmt><imc name="MOVE"><imc name="TEMP" value="1589"/><imc name="TEMP" value="16"/></imc></stmt><stmt><imc name="MOVE"><imc name="TEMP" value="1590"/><imc name="CONST" value="-8"/></imc></stmt><stmt><imc name="MOVE"><imc name="TEMP" value="1591"/><imc name="BINOP" value="ADD"><imc name="TEMP" value="1589"/><imc name="TEMP" value="1590"/></imc></imc></stmt><stmt><imc name="MOVE"><imc name="TEMP" value="1592"/><imc name="MEM"><imc name="TEMP" value="1591"/></imc></imc></stmt><stmt><imc name="MOVE"><imc name="TEMP" value="1593"/><imc name="TEMP" value="16"/></imc></stmt><stmt><imc name="MOVE"><imc name="TEMP" value="1594"/><imc name="MEM"><imc name="TEMP" value="1593"/></imc></imc></stmt><stmt><imc name="MOVE"><imc name="TEMP" value="1595"/><imc name="CONST" value="16"/></imc></stmt><stmt><imc name="MOVE"><imc name="TEMP" value="1596"/><imc name="BINOP" value="ADD"><imc name="TEMP" value="1594"/><imc name="TEMP" value="1595"/></imc></imc></stmt><stmt><imc name="MOVE"><imc name="TEMP" value="1597"/><imc name="MEM"><imc name="TEMP" value="1596"/></imc></imc></stmt><stmt><imc name="MOVE"><imc name="TEMP" value="1598"/><imc name="BINOP" value="LEQ"><imc name="TEMP" value="1592"/><imc name="TEMP" value="1597"/></imc></imc></stmt><stmt><imc name="CJUMP" value="L61:L63"><imc name="TEMP" value="1598"/></imc></stmt><stmt><imc name="LABEL" value="L61"/></stmt><stmt><imc name="MOVE"><imc name="TEMP" value="1599"/><imc name="TEMP" value="16"/></imc></stmt><stmt><imc name="MOVE"><imc name="TEMP" value="1600"/><imc name="CONST" value="-8"/></imc></stmt><stmt><imc name="MOVE"><imc name="TEMP" value="1601"/><imc name="BINOP" value="ADD"><imc name="TEMP" value="1599"/><imc name="TEMP" value="1600"/></imc></imc></stmt><stmt><imc name="MOVE"><imc name="TEMP" value="1602"/><imc name="MEM"><imc name="TEMP" value="1601"/></imc></imc></stmt><stmt><imc name="MOVE"><imc name="TEMP" value="1603"/><imc name="TEMP" value="16"/></imc></stmt><stmt><imc name="MOVE"><imc name="TEMP" value="1604"/><imc name="MEM"><imc name="TEMP" value="1603"/></imc></imc></stmt><stmt><imc name="MOVE"><imc name="TEMP" value="1605"/><imc name="CONST" value="-800"/></imc></stmt><stmt><imc name="MOVE"><imc name="TEMP" value="1606"/><imc name="BINOP" value="ADD"><imc name="TEMP" value="1604"/><imc name="TEMP" value="1605"/></imc></imc></stmt><stmt><imc name="MOVE"><imc name="TEMP" value="1607"/><imc name="TEMP" value="16"/></imc></stmt><stmt><imc name="MOVE"><imc name="TEMP" value="1608"/><imc name="CONST" value="8"/></imc></stmt><stmt><imc name="MOVE"><imc name="TEMP" value="1609"/><imc name="BINOP" value="ADD"><imc name="TEMP" value="1607"/><imc name="TEMP" value="1608"/></imc></imc></stmt><stmt><imc name="MOVE"><imc name="TEMP" value="1610"/><imc name="MEM"><imc name="TEMP" value="1609"/></imc></imc></stmt><stmt><imc name="MOVE"><imc name="TEMP" value="1611"/><imc name="CONST" value="8"/></imc></stmt><stmt><imc name="MOVE"><imc name="TEMP" value="1612"/><imc name="BINOP" value="MUL"><imc name="TEMP" value="1610"/><imc name="TEMP" value="1611"/></imc></imc></stmt><stmt><imc name="MOVE"><imc name="TEMP" value="1613"/><imc name="BINOP" value="ADD"><imc name="TEMP" value="1606"/><imc name="TEMP" value="1612"/></imc></imc></stmt><stmt><imc name="MOVE"><imc name="MEM"><imc name="TEMP" value="1613"/></imc><imc name="TEMP" value="1602"/></imc></stmt><stmt><imc name="MOVE"><imc name="TEMP" value="1614"/><imc name="TEMP" value="16"/></imc></stmt><stmt><imc name="MOVE"><imc name="TEMP" value="1615"/><imc name="CONST" value="-8"/></imc></stmt><stmt><imc name="MOVE"><imc name="TEMP" value="1616"/><imc name="BINOP" value="ADD"><imc name="TEMP" value="1614"/><imc name="TEMP" value="1615"/></imc></imc></stmt><stmt><imc name="MOVE"><imc name="TEMP" value="1617"/><imc name="MEM"><imc name="TEMP" value="1616"/></imc></imc></stmt><stmt><imc name="MOVE"><imc name="TEMP" value="1618"/><imc name="CONST" value="1"/></imc></stmt><stmt><imc name="MOVE"><imc name="TEMP" value="1619"/><imc name="BINOP" value="ADD"><imc name="TEMP" value="1617"/><imc name="TEMP" value="1618"/></imc></imc></stmt><stmt><imc name="MOVE"><imc name="TEMP" value="1620"/><imc name="TEMP" value="16"/></imc></stmt><stmt><imc name="MOVE"><imc name="TEMP" value="1621"/><imc name="CONST" value="-8"/></imc></stmt><stmt><imc name="MOVE"><imc name="TEMP" value="1622"/><imc name="BINOP" value="ADD"><imc name="TEMP" value="1620"/><imc name="TEMP" value="1621"/></imc></imc></stmt><stmt><imc name="MOVE"><imc name="MEM"><imc name="TEMP" value="1622"/></imc><imc name="TEMP" value="1619"/></imc></stmt><stmt><imc name="MOVE"><imc name="TEMP" value="1623"/><imc name="TEMP" value="18"/></imc></stmt><stmt><imc name="MOVE"><imc name="TEMP" value="1624"/><imc name="TEMP" value="16"/></imc></stmt><stmt><imc name="MOVE"><imc name="TEMP" value="1625"/><imc name="CONST" value="8"/></imc></stmt><stmt><imc name="MOVE"><imc name="TEMP" value="1626"/><imc name="BINOP" value="ADD"><imc name="TEMP" value="1624"/><imc name="TEMP" value="1625"/></imc></imc></stmt><stmt><imc name="MOVE"><imc name="TEMP" value="1627"/><imc name="MEM"><imc name="TEMP" value="1626"/></imc></imc></stmt><stmt><imc name="MOVE"><imc name="TEMP" value="1628"/><imc name="CONST" value="1"/></imc></stmt><stmt><imc name="MOVE"><imc name="TEMP" value="1629"/><imc name="BINOP" value="ADD"><imc name="TEMP" value="1627"/><imc name="TEMP" value="1628"/></imc></imc></stmt><stmt><imc name="ESTMT"><imc name="CALL" value="L19"><imc name="TEMP" value="1623"/><imc name="TEMP" value="1629"/></imc></imc></stmt><stmt><imc name="JUMP" value="L62"/></stmt><stmt><imc name="LABEL" value="L63"/></stmt><stmt><imc name="LABEL" value="L56"/></stmt><stmt><imc name="MOVE"><imc name="TEMP" value="17"/><imc name="CONST" value="0"/></imc></stmt><stmt><imc name="JUMP" value="L179"/></stmt></codechunk><codechunk entrylabel="L180" exitlabel="L181"><frame FP="T20" RV="T21" argssize="16" depth="1" label="_printBT" locssize="0" size="32"/><stmt><imc name="LABEL" value="L180"/></stmt><stmt><imc name="MOVE"><imc name="TEMP" value="1630"/><imc name="TEMP" value="20"/></imc></stmt><stmt><imc name="MOVE"><imc name="TEMP" value="1631"/><imc name="CONST" value="8"/></imc></stmt><stmt><imc name="MOVE"><imc name="TEMP" value="1632"/><imc name="BINOP" value="ADD"><imc name="TEMP" value="1630"/><imc name="TEMP" value="1631"/></imc></imc></stmt><stmt><imc name="MOVE"><imc name="TEMP" value="1633"/><imc name="MEM"><imc name="TEMP" value="1632"/></imc></imc></stmt><stmt><imc name="MOVE"><imc name="TEMP" value="1634"/><imc name="CONST" value="0"/></imc></stmt><stmt><imc name="MOVE"><imc name="TEMP" value="1635"/><imc name="BINOP" value="EQU"><imc name="TEMP" value="1633"/><imc name="TEMP" value="1634"/></imc></imc></stmt><stmt><imc name="CJUMP" value="L67:L69"><imc name="TEMP" value="1635"/></imc></stmt><stmt><imc name="LABEL" value="L67"/></stmt><stmt><imc name="MOVE"><imc name="TEMP" value="1636"/><imc name="CONST" value="0"/></imc></stmt><stmt><imc name="MOVE"><imc name="TEMP" value="1637"/><imc name="CONST" value="36"/></imc></stmt><stmt><imc name="ESTMT"><imc name="CALL" value="_putChar"><imc name="TEMP" value="1636"/><imc name="TEMP" value="1637"/></imc></imc></stmt><stmt><imc name="JUMP" value="L68"/></stmt><stmt><imc name="LABEL" value="L69"/></stmt><stmt><imc name="MOVE"><imc name="TEMP" value="1638"/><imc name="CONST" value="0"/></imc></stmt><stmt><imc name="MOVE"><imc name="TEMP" value="1639"/><imc name="TEMP" value="20"/></imc></stmt><stmt><imc name="MOVE"><imc name="TEMP" value="1640"/><imc name="CONST" value="8"/></imc></stmt><stmt><imc name="MOVE"><imc name="TEMP" value="1641"/><imc name="BINOP" value="ADD"><imc name="TEMP" value="1639"/><imc name="TEMP" value="1640"/></imc></imc></stmt><stmt><imc name="MOVE"><imc name="TEMP" value="1642"/><imc name="MEM"><imc name="TEMP" value="1641"/></imc></imc></stmt><stmt><imc name="MOVE"><imc name="TEMP" value="1643"/><imc name="CONST" value="0"/></imc></stmt><stmt><imc name="MOVE"><imc name="TEMP" value="1644"/><imc name="BINOP" value="ADD"><imc name="TEMP" value="1642"/><imc name="TEMP" value="1643"/></imc></imc></stmt><stmt><imc name="MOVE"><imc name="TEMP" value="1645"/><imc name="MEM"><imc name="TEMP" value="1644"/></imc></imc></stmt><stmt><imc name="ESTMT"><imc name="CALL" value="_putInt"><imc name="TEMP" value="1638"/><imc name="TEMP" value="1645"/></imc></imc></stmt><stmt><imc name="MOVE"><imc name="TEMP" value="1646"/><imc name="CONST" value="0"/></imc></stmt><stmt><imc name="MOVE"><imc name="TEMP" value="1647"/><imc name="CONST" value="40"/></imc></stmt><stmt><imc name="ESTMT"><imc name="CALL" value="_putChar"><imc name="TEMP" value="1646"/><imc name="TEMP" value="1647"/></imc></imc></stmt><stmt><imc name="MOVE"><imc name="TEMP" value="1648"/><imc name="CONST" value="0"/></imc></stmt><stmt><imc name="MOVE"><imc name="TEMP" value="1649"/><imc name="TEMP" value="20"/></imc></stmt><stmt><imc name="MOVE"><imc name="TEMP" value="1650"/><imc name="CONST" value="8"/></imc></stmt><stmt><imc name="MOVE"><imc name="TEMP" value="1651"/><imc name="BINOP" value="ADD"><imc name="TEMP" value="1649"/><imc name="TEMP" value="1650"/></imc></imc></stmt><stmt><imc name="MOVE"><imc name="TEMP" value="1652"/><imc name="MEM"><imc name="TEMP" value="1651"/></imc></imc></stmt><stmt><imc name="MOVE"><imc name="TEMP" value="1653"/><imc name="CONST" value="8"/></imc></stmt><stmt><imc name="MOVE"><imc name="TEMP" value="1654"/><imc name="BINOP" value="ADD"><imc name="TEMP" value="1652"/><imc name="TEMP" value="1653"/></imc></imc></stmt><stmt><imc name="MOVE"><imc name="TEMP" value="1655"/><imc name="MEM"><imc name="TEMP" value="1654"/></imc></imc></stmt><stmt><imc name="ESTMT"><imc name="CALL" value="_printBT"><imc name="TEMP" value="1648"/><imc name="TEMP" value="1655"/></imc></imc></stmt><stmt><imc name="MOVE"><imc name="TEMP" value="1656"/><imc name="CONST" value="0"/></imc></stmt><stmt><imc name="MOVE"><imc name="TEMP" value="1657"/><imc name="CONST" value="44"/></imc></stmt><stmt><imc name="ESTMT"><imc name="CALL" value="_putChar"><imc name="TEMP" value="1656"/><imc name="TEMP" value="1657"/></imc></imc></stmt><stmt><imc name="MOVE"><imc name="TEMP" value="1658"/><imc name="CONST" value="0"/></imc></stmt><stmt><imc name="MOVE"><imc name="TEMP" value="1659"/><imc name="TEMP" value="20"/></imc></stmt><stmt><imc name="MOVE"><imc name="TEMP" value="1660"/><imc name="CONST" value="8"/></imc></stmt><stmt><imc name="MOVE"><imc name="TEMP" value="1661"/><imc name="BINOP" value="ADD"><imc name="TEMP" value="1659"/><imc name="TEMP" value="1660"/></imc></imc></stmt><stmt><imc name="MOVE"><imc name="TEMP" value="1662"/><imc name="MEM"><imc name="TEMP" value="1661"/></imc></imc></stmt><stmt><imc name="MOVE"><imc name="TEMP" value="1663"/><imc name="CONST" value="16"/></imc></stmt><stmt><imc name="MOVE"><imc name="TEMP" value="1664"/><imc name="BINOP" value="ADD"><imc name="TEMP" value="1662"/><imc name="TEMP" value="1663"/></imc></imc></stmt><stmt><imc name="MOVE"><imc name="TEMP" value="1665"/><imc name="MEM"><imc name="TEMP" value="1664"/></imc></imc></stmt><stmt><imc name="ESTMT"><imc name="CALL" value="_printBT"><imc name="TEMP" value="1658"/><imc name="TEMP" value="1665"/></imc></imc></stmt><stmt><imc name="MOVE"><imc name="TEMP" value="1666"/><imc name="CONST" value="0"/></imc></stmt><stmt><imc name="MOVE"><imc name="TEMP" value="1667"/><imc name="CONST" value="41"/></imc></stmt><stmt><imc name="ESTMT"><imc name="CALL" value="_putChar"><imc name="TEMP" value="1666"/><imc name="TEMP" value="1667"/></imc></imc></stmt><stmt><imc name="LABEL" value="L68"/></stmt><stmt><imc name="MOVE"><imc name="TEMP" value="21"/><imc name="CONST" value="0"/></imc></stmt><stmt><imc name="JUMP" value="L181"/></stmt></codechunk><codechunk entrylabel="L182" exitlabel="L183"><frame FP="T22" RV="T23" argssize="24" depth="1" label="_insBT" locssize="0" size="40"/><stmt><imc name="LABEL" value="L182"/></stmt><stmt><imc name="MOVE"><imc name="TEMP" value="1668"/><imc name="TEMP" value="22"/></imc></stmt><stmt><imc name="MOVE"><imc name="TEMP" value="1669"/><imc name="CONST" value="16"/></imc></stmt><stmt><imc name="MOVE"><imc name="TEMP" value="1670"/><imc name="BINOP" value="ADD"><imc name="TEMP" value="1668"/><imc name="TEMP" value="1669"/></imc></imc></stmt><stmt><imc name="MOVE"><imc name="TEMP" value="1671"/><imc name="MEM"><imc name="TEMP" value="1670"/></imc></imc></stmt><stmt><imc name="MOVE"><imc name="TEMP" value="1672"/><imc name="CONST" value="0"/></imc></stmt><stmt><imc name="MOVE"><imc name="TEMP" value="1673"/><imc name="BINOP" value="EQU"><imc name="TEMP" value="1671"/><imc name="TEMP" value="1672"/></imc></imc></stmt><stmt><imc name="CJUMP" value="L70:L72"><imc name="TEMP" value="1673"/></imc></stmt><stmt><imc name="LABEL" value="L70"/></stmt><stmt><imc name="MOVE"><imc name="TEMP" value="1674"/><imc name="CONST" value="0"/></imc></stmt><stmt><imc name="MOVE"><imc name="TEMP" value="1675"/><imc name="CONST" value="24"/></imc></stmt><stmt><imc name="MOVE"><imc name="TEMP" value="1676"/><imc name="CALL" value="_new"><imc name="TEMP" value="1674"/><imc name="TEMP" value="1675"/></imc></imc></stmt><stmt><imc name="MOVE"><imc name="TEMP" value="1677"/><imc name="TEMP" value="22"/></imc></stmt><stmt><imc name="MOVE"><imc name="TEMP" value="1678"/><imc name="CONST" value="16"/></imc></stmt><stmt><imc name="MOVE"><imc name="TEMP" value="1679"/><imc name="BINOP" value="ADD"><imc name="TEMP" value="1677"/><imc name="TEMP" value="1678"/></imc></imc></stmt><stmt><imc name="MOVE"><imc name="MEM"><imc name="TEMP" value="1679"/></imc><imc name="TEMP" value="1676"/></imc></stmt><stmt><imc name="MOVE"><imc name="TEMP" value="1680"/><imc name="TEMP" value="22"/></imc></stmt><stmt><imc name="MOVE"><imc name="TEMP" value="1681"/><imc name="CONST" value="8"/></imc></stmt><stmt><imc name="MOVE"><imc name="TEMP" value="1682"/><imc name="BINOP" value="ADD"><imc name="TEMP" value="1680"/><imc name="TEMP" value="1681"/></imc></imc></stmt><stmt><imc name="MOVE"><imc name="TEMP" value="1683"/><imc name="MEM"><imc name="TEMP" value="1682"/></imc></imc></stmt><stmt><imc name="MOVE"><imc name="TEMP" value="1684"/><imc name="TEMP" value="22"/></imc></stmt><stmt><imc name="MOVE"><imc name="TEMP" value="1685"/><imc name="CONST" value="16"/></imc></stmt><stmt><imc name="MOVE"><imc name="TEMP" value="1686"/><imc name="BINOP" value="ADD"><imc name="TEMP" value="1684"/><imc name="TEMP" value="1685"/></imc></imc></stmt><stmt><imc name="MOVE"><imc name="TEMP" value="1687"/><imc name="MEM"><imc name="TEMP" value="1686"/></imc></imc></stmt><stmt><imc name="MOVE"><imc name="TEMP" value="1688"/><imc name="CONST" value="0"/></imc></stmt><stmt><imc name="MOVE"><imc name="TEMP" value="1689"/><imc name="BINOP" value="ADD"><imc name="TEMP" value="1687"/><imc name="TEMP" value="1688"/></imc></imc></stmt><stmt><imc name="MOVE"><imc name="MEM"><imc name="TEMP" value="1689"/></imc><imc name="TEMP" value="1683"/></imc></stmt><stmt><imc name="MOVE"><imc name="TEMP" value="1690"/><imc name="CONST" value="0"/></imc></stmt><stmt><imc name="MOVE"><imc name="TEMP" value="1691"/><imc name="TEMP" value="22"/></imc></stmt><stmt><imc name="MOVE"><imc name="TEMP" value="1692"/><imc name="CONST" value="16"/></imc></stmt><stmt><imc name="MOVE"><imc name="TEMP" value="1693"/><imc name="BINOP" value="ADD"><imc name="TEMP" value="1691"/><imc name="TEMP" value="1692"/></imc></imc></stmt><stmt><imc name="MOVE"><imc name="TEMP" value="1694"/><imc name="MEM"><imc name="TEMP" value="1693"/></imc></imc></stmt><stmt><imc name="MOVE"><imc name="TEMP" value="1695"/><imc name="CONST" value="8"/></imc></stmt><stmt><imc name="MOVE"><imc name="TEMP" value="1696"/><imc name="BINOP" value="ADD"><imc name="TEMP" value="1694"/><imc name="TEMP" value="1695"/></imc></imc></stmt><stmt><imc name="MOVE"><imc name="MEM"><imc name="TEMP" value="1696"/></imc><imc name="TEMP" value="1690"/></imc></stmt><stmt><imc name="MOVE"><imc name="TEMP" value="1697"/><imc name="CONST" value="0"/></imc></stmt><stmt><imc name="MOVE"><imc name="TEMP" value="1698"/><imc name="TEMP" value="22"/></imc></stmt><stmt><imc name="MOVE"><imc name="TEMP" value="1699"/><imc name="CONST" value="16"/></imc></stmt><stmt><imc name="MOVE"><imc name="TEMP" value="1700"/><imc name="BINOP" value="ADD"><imc name="TEMP" value="1698"/><imc name="TEMP" value="1699"/></imc></imc></stmt><stmt><imc name="MOVE"><imc name="TEMP" value="1701"/><imc name="MEM"><imc name="TEMP" value="1700"/></imc></imc></stmt><stmt><imc name="MOVE"><imc name="TEMP" value="1702"/><imc name="CONST" value="16"/></imc></stmt><stmt><imc name="MOVE"><imc name="TEMP" value="1703"/><imc name="BINOP" value="ADD"><imc name="TEMP" value="1701"/><imc name="TEMP" value="1702"/></imc></imc></stmt><stmt><imc name="MOVE"><imc name="MEM"><imc name="TEMP" value="1703"/></imc><imc name="TEMP" value="1697"/></imc></stmt><stmt><imc name="JUMP" value="L71"/></stmt><stmt><imc name="LABEL" value="L72"/></stmt><stmt><imc name="MOVE"><imc name="TEMP" value="1704"/><imc name="TEMP" value="22"/></imc></stmt><stmt><imc name="MOVE"><imc name="TEMP" value="1705"/><imc name="CONST" value="16"/></imc></stmt><stmt><imc name="MOVE"><imc name="TEMP" value="1706"/><imc name="BINOP" value="ADD"><imc name="TEMP" value="1704"/><imc name="TEMP" value="1705"/></imc></imc></stmt><stmt><imc name="MOVE"><imc name="TEMP" value="1707"/><imc name="MEM"><imc name="TEMP" value="1706"/></imc></imc></stmt><stmt><imc name="MOVE"><imc name="TEMP" value="1708"/><imc name="CONST" value="0"/></imc></stmt><stmt><imc name="MOVE"><imc name="TEMP" value="1709"/><imc name="BINOP" value="ADD"><imc name="TEMP" value="1707"/><imc name="TEMP" value="1708"/></imc></imc></stmt><stmt><imc name="MOVE"><imc name="TEMP" value="1710"/><imc name="MEM"><imc name="TEMP" value="1709"/></imc></imc></stmt><stmt><imc name="MOVE"><imc name="TEMP" value="1711"/><imc name="TEMP" value="22"/></imc></stmt><stmt><imc name="MOVE"><imc name="TEMP" value="1712"/><imc name="CONST" value="8"/></imc></stmt><stmt><imc name="MOVE"><imc name="TEMP" value="1713"/><imc name="BINOP" value="ADD"><imc name="TEMP" value="1711"/><imc name="TEMP" value="1712"/></imc></imc></stmt><stmt><imc name="MOVE"><imc name="TEMP" value="1714"/><imc name="MEM"><imc name="TEMP" value="1713"/></imc></imc></stmt><stmt><imc name="MOVE"><imc name="TEMP" value="1715"/><imc name="BINOP" value="NEQ"><imc name="TEMP" value="1710"/><imc name="TEMP" value="1714"/></imc></imc></stmt><stmt><imc name="CJUMP" value="L73:L78"><imc name="TEMP" value="1715"/></imc></stmt><stmt><imc name="LABEL" value="L73"/></stmt><stmt><imc name="MOVE"><imc name="TEMP" value="1716"/><imc name="TEMP" value="22"/></imc></stmt><stmt><imc name="MOVE"><imc name="TEMP" value="1717"/><imc name="CONST" value="8"/></imc></stmt><stmt><imc name="MOVE"><imc name="TEMP" value="1718"/><imc name="BINOP" value="ADD"><imc name="TEMP" value="1716"/><imc name="TEMP" value="1717"/></imc></imc></stmt><stmt><imc name="MOVE"><imc name="TEMP" value="1719"/><imc name="MEM"><imc name="TEMP" value="1718"/></imc></imc></stmt><stmt><imc name="MOVE"><imc name="TEMP" value="1720"/><imc name="TEMP" value="22"/></imc></stmt><stmt><imc name="MOVE"><imc name="TEMP" value="1721"/><imc name="CONST" value="16"/></imc></stmt><stmt><imc name="MOVE"><imc name="TEMP" value="1722"/><imc name="BINOP" value="ADD"><imc name="TEMP" value="1720"/><imc name="TEMP" value="1721"/></imc></imc></stmt><stmt><imc name="MOVE"><imc name="TEMP" value="1723"/><imc name="MEM"><imc name="TEMP" value="1722"/></imc></imc></stmt><stmt><imc name="MOVE"><imc name="TEMP" value="1724"/><imc name="CONST" value="0"/></imc></stmt><stmt><imc name="MOVE"><imc name="TEMP" value="1725"/><imc name="BINOP" value="ADD"><imc name="TEMP" value="1723"/><imc name="TEMP" value="1724"/></imc></imc></stmt><stmt><imc name="MOVE"><imc name="TEMP" value="1726"/><imc name="MEM"><imc name="TEMP" value="1725"/></imc></imc></stmt><stmt><imc name="MOVE"><imc name="TEMP" value="1727"/><imc name="BINOP" value="LTH"><imc name="TEMP" value="1719"/><imc name="TEMP" value="1726"/></imc></imc></stmt><stmt><imc name="CJUMP" value="L75:L77"><imc name="TEMP" value="1727"/></imc></stmt><stmt><imc name="LABEL" value="L75"/></stmt><stmt><imc name="MOVE"><imc name="TEMP" value="1728"/><imc name="CONST" value="0"/></imc></stmt><stmt><imc name="MOVE"><imc name="TEMP" value="1729"/><imc name="TEMP" value="22"/></imc></stmt><stmt><imc name="MOVE"><imc name="TEMP" value="1730"/><imc name="CONST" value="8"/></imc></stmt><stmt><imc name="MOVE"><imc name="TEMP" value="1731"/><imc name="BINOP" value="ADD"><imc name="TEMP" value="1729"/><imc name="TEMP" value="1730"/></imc></imc></stmt><stmt><imc name="MOVE"><imc name="TEMP" value="1732"/><imc name="MEM"><imc name="TEMP" value="1731"/></imc></imc></stmt><stmt><imc name="MOVE"><imc name="TEMP" value="1733"/><imc name="TEMP" value="22"/></imc></stmt><stmt><imc name="MOVE"><imc name="TEMP" value="1734"/><imc name="CONST" value="16"/></imc></stmt><stmt><imc name="MOVE"><imc name="TEMP" value="1735"/><imc name="BINOP" value="ADD"><imc name="TEMP" value="1733"/><imc name="TEMP" value="1734"/></imc></imc></stmt><stmt><imc name="MOVE"><imc name="TEMP" value="1736"/><imc name="MEM"><imc name="TEMP" value="1735"/></imc></imc></stmt><stmt><imc name="MOVE"><imc name="TEMP" value="1737"/><imc name="CONST" value="8"/></imc></stmt><stmt><imc name="MOVE"><imc name="TEMP" value="1738"/><imc name="BINOP" value="ADD"><imc name="TEMP" value="1736"/><imc name="TEMP" value="1737"/></imc></imc></stmt><stmt><imc name="MOVE"><imc name="TEMP" value="1739"/><imc name="MEM"><imc name="TEMP" value="1738"/></imc></imc></stmt><stmt><imc name="MOVE"><imc name="TEMP" value="1740"/><imc name="CALL" value="_insBT"><imc name="TEMP" value="1728"/><imc name="TEMP" value="1732"/><imc name="TEMP" value="1739"/></imc></imc></stmt><stmt><imc name="MOVE"><imc name="TEMP" value="1741"/><imc name="TEMP" value="22"/></imc></stmt><stmt><imc name="MOVE"><imc name="TEMP" value="1742"/><imc name="CONST" value="16"/></imc></stmt><stmt><imc name="MOVE"><imc name="TEMP" value="1743"/><imc name="BINOP" value="ADD"><imc name="TEMP" value="1741"/><imc name="TEMP" value="1742"/></imc></imc></stmt><stmt><imc name="MOVE"><imc name="TEMP" value="1744"/><imc name="MEM"><imc name="TEMP" value="1743"/></imc></imc></stmt><stmt><imc name="MOVE"><imc name="TEMP" value="1745"/><imc name="CONST" value="8"/></imc></stmt><stmt><imc name="MOVE"><imc name="TEMP" value="1746"/><imc name="BINOP" value="ADD"><imc name="TEMP" value="1744"/><imc name="TEMP" value="1745"/></imc></imc></stmt><stmt><imc name="MOVE"><imc name="MEM"><imc name="TEMP" value="1746"/></imc><imc name="TEMP" value="1740"/></imc></stmt><stmt><imc name="JUMP" value="L76"/></stmt><stmt><imc name="LABEL" value="L77"/></stmt><stmt><imc name="MOVE"><imc name="TEMP" value="1747"/><imc name="CONST" value="0"/></imc></stmt><stmt><imc name="MOVE"><imc name="TEMP" value="1748"/><imc name="TEMP" value="22"/></imc></stmt><stmt><imc name="MOVE"><imc name="TEMP" value="1749"/><imc name="CONST" value="8"/></imc></stmt><stmt><imc name="MOVE"><imc name="TEMP" value="1750"/><imc name="BINOP" value="ADD"><imc name="TEMP" value="1748"/><imc name="TEMP" value="1749"/></imc></imc></stmt><stmt><imc name="MOVE"><imc name="TEMP" value="1751"/><imc name="MEM"><imc name="TEMP" value="1750"/></imc></imc></stmt><stmt><imc name="MOVE"><imc name="TEMP" value="1752"/><imc name="TEMP" value="22"/></imc></stmt><stmt><imc name="MOVE"><imc name="TEMP" value="1753"/><imc name="CONST" value="16"/></imc></stmt><stmt><imc name="MOVE"><imc name="TEMP" value="1754"/><imc name="BINOP" value="ADD"><imc name="TEMP" value="1752"/><imc name="TEMP" value="1753"/></imc></imc></stmt><stmt><imc name="MOVE"><imc name="TEMP" value="1755"/><imc name="MEM"><imc name="TEMP" value="1754"/></imc></imc></stmt><stmt><imc name="MOVE"><imc name="TEMP" value="1756"/><imc name="CONST" value="16"/></imc></stmt><stmt><imc name="MOVE"><imc name="TEMP" value="1757"/><imc name="BINOP" value="ADD"><imc name="TEMP" value="1755"/><imc name="TEMP" value="1756"/></imc></imc></stmt><stmt><imc name="MOVE"><imc name="TEMP" value="1758"/><imc name="MEM"><imc name="TEMP" value="1757"/></imc></imc></stmt><stmt><imc name="MOVE"><imc name="TEMP" value="1759"/><imc name="CALL" value="_insBT"><imc name="TEMP" value="1747"/><imc name="TEMP" value="1751"/><imc name="TEMP" value="1758"/></imc></imc></stmt><stmt><imc name="MOVE"><imc name="TEMP" value="1760"/><imc name="TEMP" value="22"/></imc></stmt><stmt><imc name="MOVE"><imc name="TEMP" value="1761"/><imc name="CONST" value="16"/></imc></stmt><stmt><imc name="MOVE"><imc name="TEMP" value="1762"/><imc name="BINOP" value="ADD"><imc name="TEMP" value="1760"/><imc name="TEMP" value="1761"/></imc></imc></stmt><stmt><imc name="MOVE"><imc name="TEMP" value="1763"/><imc name="MEM"><imc name="TEMP" value="1762"/></imc></imc></stmt><stmt><imc name="MOVE"><imc name="TEMP" value="1764"/><imc name="CONST" value="16"/></imc></stmt><stmt><imc name="MOVE"><imc name="TEMP" value="1765"/><imc name="BINOP" value="ADD"><imc name="TEMP" value="1763"/><imc name="TEMP" value="1764"/></imc></imc></stmt><stmt><imc name="MOVE"><imc name="MEM"><imc name="TEMP" value="1765"/></imc><imc name="TEMP" value="1759"/></imc></stmt><stmt><imc name="LABEL" value="L76"/></stmt><stmt><imc name="JUMP" value="L74"/></stmt><stmt><imc name="LABEL" value="L78"/></stmt><stmt><imc name="LABEL" value="L74"/></stmt><stmt><imc name="LABEL" value="L71"/></stmt><stmt><imc name="MOVE"><imc name="TEMP" value="1766"/><imc name="TEMP" value="22"/></imc></stmt><stmt><imc name="MOVE"><imc name="TEMP" value="1767"/><imc name="CONST" value="16"/></imc></stmt><stmt><imc name="MOVE"><imc name="TEMP" value="1768"/><imc name="BINOP" value="ADD"><imc name="TEMP" value="1766"/><imc name="TEMP" value="1767"/></imc></imc></stmt><stmt><imc name="MOVE"><imc name="TEMP" value="23"/><imc name="MEM"><imc name="TEMP" value="1768"/></imc></imc></stmt><stmt><imc name="JUMP" value="L183"/></stmt></codechunk><codechunk entrylabel="L184" exitlabel="L185"><frame FP="T24" RV="T25" argssize="24" depth="1" label="_delBT" locssize="16" size="56"/><stmt><imc name="LABEL" value="L184"/></stmt><stmt><imc name="MOVE"><imc name="TEMP" value="1769"/><imc name="TEMP" value="24"/></imc></stmt><stmt><imc name="MOVE"><imc name="TEMP" value="1770"/><imc name="CONST" value="16"/></imc></stmt><stmt><imc name="MOVE"><imc name="TEMP" value="1771"/><imc name="BINOP" value="ADD"><imc name="TEMP" value="1769"/><imc name="TEMP" value="1770"/></imc></imc></stmt><stmt><imc name="MOVE"><imc name="TEMP" value="1772"/><imc name="MEM"><imc name="TEMP" value="1771"/></imc></imc></stmt><stmt><imc name="MOVE"><imc name="TEMP" value="1773"/><imc name="CONST" value="0"/></imc></stmt><stmt><imc name="MOVE"><imc name="TEMP" value="1774"/><imc name="BINOP" value="NEQ"><imc name="TEMP" value="1772"/><imc name="TEMP" value="1773"/></imc></imc></stmt><stmt><imc name="CJUMP" value="L79:L93"><imc name="TEMP" value="1774"/></imc></stmt><stmt><imc name="LABEL" value="L79"/></stmt><stmt><imc name="MOVE"><imc name="TEMP" value="1775"/><imc name="TEMP" value="24"/></imc></stmt><stmt><imc name="MOVE"><imc name="TEMP" value="1776"/><imc name="CONST" value="16"/></imc></stmt><stmt><imc name="MOVE"><imc name="TEMP" value="1777"/><imc name="BINOP" value="ADD"><imc name="TEMP" value="1775"/><imc name="TEMP" value="1776"/></imc></imc></stmt><stmt><imc name="MOVE"><imc name="TEMP" value="1778"/><imc name="MEM"><imc name="TEMP" value="1777"/></imc></imc></stmt><stmt><imc name="MOVE"><imc name="TEMP" value="1779"/><imc name="CONST" value="0"/></imc></stmt><stmt><imc name="MOVE"><imc name="TEMP" value="1780"/><imc name="BINOP" value="ADD"><imc name="TEMP" value="1778"/><imc name="TEMP" value="1779"/></imc></imc></stmt><stmt><imc name="MOVE"><imc name="TEMP" value="1781"/><imc name="MEM"><imc name="TEMP" value="1780"/></imc></imc></stmt><stmt><imc name="MOVE"><imc name="TEMP" value="1782"/><imc name="TEMP" value="24"/></imc></stmt><stmt><imc name="MOVE"><imc name="TEMP" value="1783"/><imc name="CONST" value="8"/></imc></stmt><stmt><imc name="MOVE"><imc name="TEMP" value="1784"/><imc name="BINOP" value="ADD"><imc name="TEMP" value="1782"/><imc name="TEMP" value="1783"/></imc></imc></stmt><stmt><imc name="MOVE"><imc name="TEMP" value="1785"/><imc name="MEM"><imc name="TEMP" value="1784"/></imc></imc></stmt><stmt><imc name="MOVE"><imc name="TEMP" value="1786"/><imc name="BINOP" value="EQU"><imc name="TEMP" value="1781"/><imc name="TEMP" value="1785"/></imc></imc></stmt><stmt><imc name="CJUMP" value="L81:L89"><imc name="TEMP" value="1786"/></imc></stmt><stmt><imc name="LABEL" value="L81"/></stmt><stmt><imc name="MOVE"><imc name="TEMP" value="1787"/><imc name="TEMP" value="24"/></imc></stmt><stmt><imc name="MOVE"><imc name="TEMP" value="1788"/><imc name="CONST" value="16"/></imc></stmt><stmt><imc name="MOVE"><imc name="TEMP" value="1789"/><imc name="BINOP" value="ADD"><imc name="TEMP" value="1787"/><imc name="TEMP" value="1788"/></imc></imc></stmt><stmt><imc name="MOVE"><imc name="TEMP" value="1790"/><imc name="MEM"><imc name="TEMP" value="1789"/></imc></imc></stmt><stmt><imc name="MOVE"><imc name="TEMP" value="1791"/><imc name="CONST" value="8"/></imc></stmt><stmt><imc name="MOVE"><imc name="TEMP" value="1792"/><imc name="BINOP" value="ADD"><imc name="TEMP" value="1790"/><imc name="TEMP" value="1791"/></imc></imc></stmt><stmt><imc name="MOVE"><imc name="TEMP" value="1793"/><imc name="MEM"><imc name="TEMP" value="1792"/></imc></imc></stmt><stmt><imc name="MOVE"><imc name="TEMP" value="1794"/><imc name="CONST" value="0"/></imc></stmt><stmt><imc name="MOVE"><imc name="TEMP" value="1795"/><imc name="BINOP" value="EQU"><imc name="TEMP" value="1793"/><imc name="TEMP" value="1794"/></imc></imc></stmt><stmt><imc name="MOVE"><imc name="TEMP" value="1796"/><imc name="TEMP" value="24"/></imc></stmt><stmt><imc name="MOVE"><imc name="TEMP" value="1797"/><imc name="CONST" value="16"/></imc></stmt><stmt><imc name="MOVE"><imc name="TEMP" value="1798"/><imc name="BINOP" value="ADD"><imc name="TEMP" value="1796"/><imc name="TEMP" value="1797"/></imc></imc></stmt><stmt><imc name="MOVE"><imc name="TEMP" value="1799"/><imc name="MEM"><imc name="TEMP" value="1798"/></imc></imc></stmt><stmt><imc name="MOVE"><imc name="TEMP" value="1800"/><imc name="CONST" value="16"/></imc></stmt><stmt><imc name="MOVE"><imc name="TEMP" value="1801"/><imc name="BINOP" value="ADD"><imc name="TEMP" value="1799"/><imc name="TEMP" value="1800"/></imc></imc></stmt><stmt><imc name="MOVE"><imc name="TEMP" value="1802"/><imc name="MEM"><imc name="TEMP" value="1801"/></imc></imc></stmt><stmt><imc name="MOVE"><imc name="TEMP" value="1803"/><imc name="CONST" value="0"/></imc></stmt><stmt><imc name="MOVE"><imc name="TEMP" value="1804"/><imc name="BINOP" value="EQU"><imc name="TEMP" value="1802"/><imc name="TEMP" value="1803"/></imc></imc></stmt><stmt><imc name="MOVE"><imc name="TEMP" value="1805"/><imc name="BINOP" value="AND"><imc name="TEMP" value="1795"/><imc name="TEMP" value="1804"/></imc></imc></stmt><stmt><imc name="CJUMP" value="L83:L85"><imc name="TEMP" value="1805"/></imc></stmt><stmt><imc name="LABEL" value="L83"/></stmt><stmt><imc name="MOVE"><imc name="TEMP" value="1806"/><imc name="CONST" value="0"/></imc></stmt><stmt><imc name="MOVE"><imc name="TEMP" value="1807"/><imc name="TEMP" value="24"/></imc></stmt><stmt><imc name="MOVE"><imc name="TEMP" value="1808"/><imc name="CONST" value="16"/></imc></stmt><stmt><imc name="MOVE"><imc name="TEMP" value="1809"/><imc name="BINOP" value="ADD"><imc name="TEMP" value="1807"/><imc name="TEMP" value="1808"/></imc></imc></stmt><stmt><imc name="MOVE"><imc name="TEMP" value="1810"/><imc name="MEM"><imc name="TEMP" value="1809"/></imc></imc></stmt><stmt><imc name="ESTMT"><imc name="CALL" value="_del"><imc name="TEMP" value="1806"/><imc name="TEMP" value="1810"/></imc></imc></stmt><stmt><imc name="MOVE"><imc name="TEMP" value="1811"/><imc name="CONST" value="0"/></imc></stmt><stmt><imc name="MOVE"><imc name="TEMP" value="1812"/><imc name="TEMP" value="24"/></imc></stmt><stmt><imc name="MOVE"><imc name="TEMP" value="1813"/><imc name="CONST" value="16"/></imc></stmt><stmt><imc name="MOVE"><imc name="TEMP" value="1814"/><imc name="BINOP" value="ADD"><imc name="TEMP" value="1812"/><imc name="TEMP" value="1813"/></imc></imc></stmt><stmt><imc name="MOVE"><imc name="MEM"><imc name="TEMP" value="1814"/></imc><imc name="TEMP" value="1811"/></imc></stmt><stmt><imc name="JUMP" value="L84"/></stmt><stmt><imc name="LABEL" value="L85"/></stmt><stmt><imc name="MOVE"><imc name="TEMP" value="1815"/><imc name="TEMP" value="24"/></imc></stmt><stmt><imc name="MOVE"><imc name="TEMP" value="1816"/><imc name="CONST" value="16"/></imc></stmt><stmt><imc name="MOVE"><imc name="TEMP" value="1817"/><imc name="BINOP" value="ADD"><imc name="TEMP" value="1815"/><imc name="TEMP" value="1816"/></imc></imc></stmt><stmt><imc name="MOVE"><imc name="TEMP" value="1818"/><imc name="MEM"><imc name="TEMP" value="1817"/></imc></imc></stmt><stmt><imc name="MOVE"><imc name="TEMP" value="1819"/><imc name="CONST" value="8"/></imc></stmt><stmt><imc name="MOVE"><imc name="TEMP" value="1820"/><imc name="BINOP" value="ADD"><imc name="TEMP" value="1818"/><imc name="TEMP" value="1819"/></imc></imc></stmt><stmt><imc name="MOVE"><imc name="TEMP" value="1821"/><imc name="MEM"><imc name="TEMP" value="1820"/></imc></imc></stmt><stmt><imc name="MOVE"><imc name="TEMP" value="1822"/><imc name="CONST" value="0"/></imc></stmt><stmt><imc name="MOVE"><imc name="TEMP" value="1823"/><imc name="BINOP" value="NEQ"><imc name="TEMP" value="1821"/><imc name="TEMP" value="1822"/></imc></imc></stmt><stmt><imc name="CJUMP" value="L86:L88"><imc name="TEMP" value="1823"/></imc></stmt><stmt><imc name="LABEL" value="L86"/></stmt><stmt><imc name="MOVE"><imc name="TEMP" value="1824"/><imc name="CONST" value="0"/></imc></stmt><stmt><imc name="MOVE"><imc name="TEMP" value="1825"/><imc name="TEMP" value="24"/></imc></stmt><stmt><imc name="MOVE"><imc name="TEMP" value="1826"/><imc name="CONST" value="16"/></imc></stmt><stmt><imc name="MOVE"><imc name="TEMP" value="1827"/><imc name="BINOP" value="ADD"><imc name="TEMP" value="1825"/><imc name="TEMP" value="1826"/></imc></imc></stmt><stmt><imc name="MOVE"><imc name="TEMP" value="1828"/><imc name="MEM"><imc name="TEMP" value="1827"/></imc></imc></stmt><stmt><imc name="MOVE"><imc name="TEMP" value="1829"/><imc name="CONST" value="8"/></imc></stmt><stmt><imc name="MOVE"><imc name="TEMP" value="1830"/><imc name="BINOP" value="ADD"><imc name="TEMP" value="1828"/><imc name="TEMP" value="1829"/></imc></imc></stmt><stmt><imc name="MOVE"><imc name="TEMP" value="1831"/><imc name="MEM"><imc name="TEMP" value="1830"/></imc></imc></stmt><stmt><imc name="MOVE"><imc name="TEMP" value="1832"/><imc name="CALL" value="_maxBT"><imc name="TEMP" value="1824"/><imc name="TEMP" value="1831"/></imc></imc></stmt><stmt><imc name="MOVE"><imc name="TEMP" value="1833"/><imc name="TEMP" value="24"/></imc></stmt><stmt><imc name="MOVE"><imc name="TEMP" value="1834"/><imc name="CONST" value="-8"/></imc></stmt><stmt><imc name="MOVE"><imc name="TEMP" value="1835"/><imc name="BINOP" value="ADD"><imc name="TEMP" value="1833"/><imc name="TEMP" value="1834"/></imc></imc></stmt><stmt><imc name="MOVE"><imc name="MEM"><imc name="TEMP" value="1835"/></imc><imc name="TEMP" value="1832"/></imc></stmt><stmt><imc name="MOVE"><imc name="TEMP" value="1836"/><imc name="TEMP" value="24"/></imc></stmt><stmt><imc name="MOVE"><imc name="TEMP" value="1837"/><imc name="CONST" value="-8"/></imc></stmt><stmt><imc name="MOVE"><imc name="TEMP" value="1838"/><imc name="BINOP" value="ADD"><imc name="TEMP" value="1836"/><imc name="TEMP" value="1837"/></imc></imc></stmt><stmt><imc name="MOVE"><imc name="TEMP" value="1839"/><imc name="MEM"><imc name="TEMP" value="1838"/></imc></imc></stmt><stmt><imc name="MOVE"><imc name="TEMP" value="1840"/><imc name="MEM"><imc name="TEMP" value="1839"/></imc></imc></stmt><stmt><imc name="MOVE"><imc name="TEMP" value="1841"/><imc name="TEMP" value="24"/></imc></stmt><stmt><imc name="MOVE"><imc name="TEMP" value="1842"/><imc name="CONST" value="16"/></imc></stmt><stmt><imc name="MOVE"><imc name="TEMP" value="1843"/><imc name="BINOP" value="ADD"><imc name="TEMP" value="1841"/><imc name="TEMP" value="1842"/></imc></imc></stmt><stmt><imc name="MOVE"><imc name="TEMP" value="1844"/><imc name="MEM"><imc name="TEMP" value="1843"/></imc></imc></stmt><stmt><imc name="MOVE"><imc name="TEMP" value="1845"/><imc name="CONST" value="0"/></imc></stmt><stmt><imc name="MOVE"><imc name="TEMP" value="1846"/><imc name="BINOP" value="ADD"><imc name="TEMP" value="1844"/><imc name="TEMP" value="1845"/></imc></imc></stmt><stmt><imc name="MOVE"><imc name="MEM"><imc name="TEMP" value="1846"/></imc><imc name="TEMP" value="1840"/></imc></stmt><stmt><imc name="MOVE"><imc name="TEMP" value="1847"/><imc name="CONST" value="0"/></imc></stmt><stmt><imc name="MOVE"><imc name="TEMP" value="1848"/><imc name="TEMP" value="24"/></imc></stmt><stmt><imc name="MOVE"><imc name="TEMP" value="1849"/><imc name="CONST" value="-8"/></imc></stmt><stmt><imc name="MOVE"><imc name="TEMP" value="1850"/><imc name="BINOP" value="ADD"><imc name="TEMP" value="1848"/><imc name="TEMP" value="1849"/></imc></imc></stmt><stmt><imc name="MOVE"><imc name="TEMP" value="1851"/><imc name="MEM"><imc name="TEMP" value="1850"/></imc></imc></stmt><stmt><imc name="MOVE"><imc name="TEMP" value="1852"/><imc name="MEM"><imc name="TEMP" value="1851"/></imc></imc></stmt><stmt><imc name="MOVE"><imc name="TEMP" value="1853"/><imc name="TEMP" value="24"/></imc></stmt><stmt><imc name="MOVE"><imc name="TEMP" value="1854"/><imc name="CONST" value="16"/></imc></stmt><stmt><imc name="MOVE"><imc name="TEMP" value="1855"/><imc name="BINOP" value="ADD"><imc name="TEMP" value="1853"/><imc name="TEMP" value="1854"/></imc></imc></stmt><stmt><imc name="MOVE"><imc name="TEMP" value="1856"/><imc name="MEM"><imc name="TEMP" value="1855"/></imc></imc></stmt><stmt><imc name="MOVE"><imc name="TEMP" value="1857"/><imc name="CONST" value="8"/></imc></stmt><stmt><imc name="MOVE"><imc name="TEMP" value="1858"/><imc name="BINOP" value="ADD"><imc name="TEMP" value="1856"/><imc name="TEMP" value="1857"/></imc></imc></stmt><stmt><imc name="MOVE"><imc name="TEMP" value="1859"/><imc name="MEM"><imc name="TEMP" value="1858"/></imc></imc></stmt><stmt><imc name="MOVE"><imc name="TEMP" value="1860"/><imc name="CALL" value="_delBT"><imc name="TEMP" value="1847"/><imc name="TEMP" value="1852"/><imc name="TEMP" value="1859"/></imc></imc></stmt><stmt><imc name="MOVE"><imc name="TEMP" value="1861"/><imc name="TEMP" value="24"/></imc></stmt><stmt><imc name="MOVE"><imc name="TEMP" value="1862"/><imc name="CONST" value="16"/></imc></stmt><stmt><imc name="MOVE"><imc name="TEMP" value="1863"/><imc name="BINOP" value="ADD"><imc name="TEMP" value="1861"/><imc name="TEMP" value="1862"/></imc></imc></stmt><stmt><imc name="MOVE"><imc name="TEMP" value="1864"/><imc name="MEM"><imc name="TEMP" value="1863"/></imc></imc></stmt><stmt><imc name="MOVE"><imc name="TEMP" value="1865"/><imc name="CONST" value="8"/></imc></stmt><stmt><imc name="MOVE"><imc name="TEMP" value="1866"/><imc name="BINOP" value="ADD"><imc name="TEMP" value="1864"/><imc name="TEMP" value="1865"/></imc></imc></stmt><stmt><imc name="MOVE"><imc name="MEM"><imc name="TEMP" value="1866"/></imc><imc name="TEMP" value="1860"/></imc></stmt><stmt><imc name="ESTMT"><imc name="CONST" value="0"/></imc></stmt><stmt><imc name="JUMP" value="L87"/></stmt><stmt><imc name="LABEL" value="L88"/></stmt><stmt><imc name="MOVE"><imc name="TEMP" value="1867"/><imc name="CONST" value="0"/></imc></stmt><stmt><imc name="MOVE"><imc name="TEMP" value="1868"/><imc name="TEMP" value="24"/></imc></stmt><stmt><imc name="MOVE"><imc name="TEMP" value="1869"/><imc name="CONST" value="16"/></imc></stmt><stmt><imc name="MOVE"><imc name="TEMP" value="1870"/><imc name="BINOP" value="ADD"><imc name="TEMP" value="1868"/><imc name="TEMP" value="1869"/></imc></imc></stmt><stmt><imc name="MOVE"><imc name="TEMP" value="1871"/><imc name="MEM"><imc name="TEMP" value="1870"/></imc></imc></stmt><stmt><imc name="MOVE"><imc name="TEMP" value="1872"/><imc name="CONST" value="8"/></imc></stmt><stmt><imc name="MOVE"><imc name="TEMP" value="1873"/><imc name="BINOP" value="ADD"><imc name="TEMP" value="1871"/><imc name="TEMP" value="1872"/></imc></imc></stmt><stmt><imc name="MOVE"><imc name="TEMP" value="1874"/><imc name="MEM"><imc name="TEMP" value="1873"/></imc></imc></stmt><stmt><imc name="MOVE"><imc name="TEMP" value="1875"/><imc name="CALL" value="_minBT"><imc name="TEMP" value="1867"/><imc name="TEMP" value="1874"/></imc></imc></stmt><stmt><imc name="MOVE"><imc name="TEMP" value="1876"/><imc name="TEMP" value="24"/></imc></stmt><stmt><imc name="MOVE"><imc name="TEMP" value="1877"/><imc name="CONST" value="-16"/></imc></stmt><stmt><imc name="MOVE"><imc name="TEMP" value="1878"/><imc name="BINOP" value="ADD"><imc name="TEMP" value="1876"/><imc name="TEMP" value="1877"/></imc></imc></stmt><stmt><imc name="MOVE"><imc name="MEM"><imc name="TEMP" value="1878"/></imc><imc name="TEMP" value="1875"/></imc></stmt><stmt><imc name="MOVE"><imc name="TEMP" value="1879"/><imc name="TEMP" value="24"/></imc></stmt><stmt><imc name="MOVE"><imc name="TEMP" value="1880"/><imc name="CONST" value="-16"/></imc></stmt><stmt><imc name="MOVE"><imc name="TEMP" value="1881"/><imc name="BINOP" value="ADD"><imc name="TEMP" value="1879"/><imc name="TEMP" value="1880"/></imc></imc></stmt><stmt><imc name="MOVE"><imc name="TEMP" value="1882"/><imc name="MEM"><imc name="TEMP" value="1881"/></imc></imc></stmt><stmt><imc name="MOVE"><imc name="TEMP" value="1883"/><imc name="MEM"><imc name="TEMP" value="1882"/></imc></imc></stmt><stmt><imc name="MOVE"><imc name="TEMP" value="1884"/><imc name="TEMP" value="24"/></imc></stmt><stmt><imc name="MOVE"><imc name="TEMP" value="1885"/><imc name="CONST" value="16"/></imc></stmt><stmt><imc name="MOVE"><imc name="TEMP" value="1886"/><imc name="BINOP" value="ADD"><imc name="TEMP" value="1884"/><imc name="TEMP" value="1885"/></imc></imc></stmt><stmt><imc name="MOVE"><imc name="TEMP" value="1887"/><imc name="MEM"><imc name="TEMP" value="1886"/></imc></imc></stmt><stmt><imc name="MOVE"><imc name="TEMP" value="1888"/><imc name="CONST" value="0"/></imc></stmt><stmt><imc name="MOVE"><imc name="TEMP" value="1889"/><imc name="BINOP" value="ADD"><imc name="TEMP" value="1887"/><imc name="TEMP" value="1888"/></imc></imc></stmt><stmt><imc name="MOVE"><imc name="MEM"><imc name="TEMP" value="1889"/></imc><imc name="TEMP" value="1883"/></imc></stmt><stmt><imc name="MOVE"><imc name="TEMP" value="1890"/><imc name="CONST" value="0"/></imc></stmt><stmt><imc name="MOVE"><imc name="TEMP" value="1891"/><imc name="TEMP" value="24"/></imc></stmt><stmt><imc name="MOVE"><imc name="TEMP" value="1892"/><imc name="CONST" value="-16"/></imc></stmt><stmt><imc name="MOVE"><imc name="TEMP" value="1893"/><imc name="BINOP" value="ADD"><imc name="TEMP" value="1891"/><imc name="TEMP" value="1892"/></imc></imc></stmt><stmt><imc name="MOVE"><imc name="TEMP" value="1894"/><imc name="MEM"><imc name="TEMP" value="1893"/></imc></imc></stmt><stmt><imc name="MOVE"><imc name="TEMP" value="1895"/><imc name="MEM"><imc name="TEMP" value="1894"/></imc></imc></stmt><stmt><imc name="MOVE"><imc name="TEMP" value="1896"/><imc name="TEMP" value="24"/></imc></stmt><stmt><imc name="MOVE"><imc name="TEMP" value="1897"/><imc name="CONST" value="16"/></imc></stmt><stmt><imc name="MOVE"><imc name="TEMP" value="1898"/><imc name="BINOP" value="ADD"><imc name="TEMP" value="1896"/><imc name="TEMP" value="1897"/></imc></imc></stmt><stmt><imc name="MOVE"><imc name="TEMP" value="1899"/><imc name="MEM"><imc name="TEMP" value="1898"/></imc></imc></stmt><stmt><imc name="MOVE"><imc name="TEMP" value="1900"/><imc name="CONST" value="16"/></imc></stmt><stmt><imc name="MOVE"><imc name="TEMP" value="1901"/><imc name="BINOP" value="ADD"><imc name="TEMP" value="1899"/><imc name="TEMP" value="1900"/></imc></imc></stmt><stmt><imc name="MOVE"><imc name="TEMP" value="1902"/><imc name="MEM"><imc name="TEMP" value="1901"/></imc></imc></stmt><stmt><imc name="MOVE"><imc name="TEMP" value="1903"/><imc name="CALL" value="_delBT"><imc name="TEMP" value="1890"/><imc name="TEMP" value="1895"/><imc name="TEMP" value="1902"/></imc></imc></stmt><stmt><imc name="MOVE"><imc name="TEMP" value="1904"/><imc name="TEMP" value="24"/></imc></stmt><stmt><imc name="MOVE"><imc name="TEMP" value="1905"/><imc name="CONST" value="16"/></imc></stmt><stmt><imc name="MOVE"><imc name="TEMP" value="1906"/><imc name="BINOP" value="ADD"><imc name="TEMP" value="1904"/><imc name="TEMP" value="1905"/></imc></imc></stmt><stmt><imc name="MOVE"><imc name="TEMP" value="1907"/><imc name="MEM"><imc name="TEMP" value="1906"/></imc></imc></stmt><stmt><imc name="MOVE"><imc name="TEMP" value="1908"/><imc name="CONST" value="16"/></imc></stmt><stmt><imc name="MOVE"><imc name="TEMP" value="1909"/><imc name="BINOP" value="ADD"><imc name="TEMP" value="1907"/><imc name="TEMP" value="1908"/></imc></imc></stmt><stmt><imc name="MOVE"><imc name="MEM"><imc name="TEMP" value="1909"/></imc><imc name="TEMP" value="1903"/></imc></stmt><stmt><imc name="ESTMT"><imc name="CONST" value="0"/></imc></stmt><stmt><imc name="LABEL" value="L87"/></stmt><stmt><imc name="LABEL" value="L84"/></stmt><stmt><imc name="JUMP" value="L82"/></stmt><stmt><imc name="LABEL" value="L89"/></stmt><stmt><imc name="MOVE"><imc name="TEMP" value="1910"/><imc name="TEMP" value="24"/></imc></stmt><stmt><imc name="MOVE"><imc name="TEMP" value="1911"/><imc name="CONST" value="8"/></imc></stmt><stmt><imc name="MOVE"><imc name="TEMP" value="1912"/><imc name="BINOP" value="ADD"><imc name="TEMP" value="1910"/><imc name="TEMP" value="1911"/></imc></imc></stmt><stmt><imc name="MOVE"><imc name="TEMP" value="1913"/><imc name="MEM"><imc name="TEMP" value="1912"/></imc></imc></stmt><stmt><imc name="MOVE"><imc name="TEMP" value="1914"/><imc name="TEMP" value="24"/></imc></stmt><stmt><imc name="MOVE"><imc name="TEMP" value="1915"/><imc name="CONST" value="16"/></imc></stmt><stmt><imc name="MOVE"><imc name="TEMP" value="1916"/><imc name="BINOP" value="ADD"><imc name="TEMP" value="1914"/><imc name="TEMP" value="1915"/></imc></imc></stmt><stmt><imc name="MOVE"><imc name="TEMP" value="1917"/><imc name="MEM"><imc name="TEMP" value="1916"/></imc></imc></stmt><stmt><imc name="MOVE"><imc name="TEMP" value="1918"/><imc name="CONST" value="0"/></imc></stmt><stmt><imc name="MOVE"><imc name="TEMP" value="1919"/><imc name="BINOP" value="ADD"><imc name="TEMP" value="1917"/><imc name="TEMP" value="1918"/></imc></imc></stmt><stmt><imc name="MOVE"><imc name="TEMP" value="1920"/><imc name="MEM"><imc name="TEMP" value="1919"/></imc></imc></stmt><stmt><imc name="MOVE"><imc name="TEMP" value="1921"/><imc name="BINOP" value="LTH"><imc name="TEMP" value="1913"/><imc name="TEMP" value="1920"/></imc></imc></stmt><stmt><imc name="CJUMP" value="L90:L92"><imc name="TEMP" value="1921"/></imc></stmt><stmt><imc name="LABEL" value="L90"/></stmt><stmt><imc name="MOVE"><imc name="TEMP" value="1922"/><imc name="CONST" value="0"/></imc></stmt><stmt><imc name="MOVE"><imc name="TEMP" value="1923"/><imc name="TEMP" value="24"/></imc></stmt><stmt><imc name="MOVE"><imc name="TEMP" value="1924"/><imc name="CONST" value="8"/></imc></stmt><stmt><imc name="MOVE"><imc name="TEMP" value="1925"/><imc name="BINOP" value="ADD"><imc name="TEMP" value="1923"/><imc name="TEMP" value="1924"/></imc></imc></stmt><stmt><imc name="MOVE"><imc name="TEMP" value="1926"/><imc name="MEM"><imc name="TEMP" value="1925"/></imc></imc></stmt><stmt><imc name="MOVE"><imc name="TEMP" value="1927"/><imc name="TEMP" value="24"/></imc></stmt><stmt><imc name="MOVE"><imc name="TEMP" value="1928"/><imc name="CONST" value="16"/></imc></stmt><stmt><imc name="MOVE"><imc name="TEMP" value="1929"/><imc name="BINOP" value="ADD"><imc name="TEMP" value="1927"/><imc name="TEMP" value="1928"/></imc></imc></stmt><stmt><imc name="MOVE"><imc name="TEMP" value="1930"/><imc name="MEM"><imc name="TEMP" value="1929"/></imc></imc></stmt><stmt><imc name="MOVE"><imc name="TEMP" value="1931"/><imc name="CONST" value="8"/></imc></stmt><stmt><imc name="MOVE"><imc name="TEMP" value="1932"/><imc name="BINOP" value="ADD"><imc name="TEMP" value="1930"/><imc name="TEMP" value="1931"/></imc></imc></stmt><stmt><imc name="MOVE"><imc name="TEMP" value="1933"/><imc name="MEM"><imc name="TEMP" value="1932"/></imc></imc></stmt><stmt><imc name="MOVE"><imc name="TEMP" value="1934"/><imc name="CALL" value="_delBT"><imc name="TEMP" value="1922"/><imc name="TEMP" value="1926"/><imc name="TEMP" value="1933"/></imc></imc></stmt><stmt><imc name="MOVE"><imc name="TEMP" value="1935"/><imc name="TEMP" value="24"/></imc></stmt><stmt><imc name="MOVE"><imc name="TEMP" value="1936"/><imc name="CONST" value="16"/></imc></stmt><stmt><imc name="MOVE"><imc name="TEMP" value="1937"/><imc name="BINOP" value="ADD"><imc name="TEMP" value="1935"/><imc name="TEMP" value="1936"/></imc></imc></stmt><stmt><imc name="MOVE"><imc name="TEMP" value="1938"/><imc name="MEM"><imc name="TEMP" value="1937"/></imc></imc></stmt><stmt><imc name="MOVE"><imc name="TEMP" value="1939"/><imc name="CONST" value="8"/></imc></stmt><stmt><imc name="MOVE"><imc name="TEMP" value="1940"/><imc name="BINOP" value="ADD"><imc name="TEMP" value="1938"/><imc name="TEMP" value="1939"/></imc></imc></stmt><stmt><imc name="MOVE"><imc name="MEM"><imc name="TEMP" value="1940"/></imc><imc name="TEMP" value="1934"/></imc></stmt><stmt><imc name="JUMP" value="L91"/></stmt><stmt><imc name="LABEL" value="L92"/></stmt><stmt><imc name="MOVE"><imc name="TEMP" value="1941"/><imc name="CONST" value="0"/></imc></stmt><stmt><imc name="MOVE"><imc name="TEMP" value="1942"/><imc name="TEMP" value="24"/></imc></stmt><stmt><imc name="MOVE"><imc name="TEMP" value="1943"/><imc name="CONST" value="8"/></imc></stmt><stmt><imc name="MOVE"><imc name="TEMP" value="1944"/><imc name="BINOP" value="ADD"><imc name="TEMP" value="1942"/><imc name="TEMP" value="1943"/></imc></imc></stmt><stmt><imc name="MOVE"><imc name="TEMP" value="1945"/><imc name="MEM"><imc name="TEMP" value="1944"/></imc></imc></stmt><stmt><imc name="MOVE"><imc name="TEMP" value="1946"/><imc name="TEMP" value="24"/></imc></stmt><stmt><imc name="MOVE"><imc name="TEMP" value="1947"/><imc name="CONST" value="16"/></imc></stmt><stmt><imc name="MOVE"><imc name="TEMP" value="1948"/><imc name="BINOP" value="ADD"><imc name="TEMP" value="1946"/><imc name="TEMP" value="1947"/></imc></imc></stmt><stmt><imc name="MOVE"><imc name="TEMP" value="1949"/><imc name="MEM"><imc name="TEMP" value="1948"/></imc></imc></stmt><stmt><imc name="MOVE"><imc name="TEMP" value="1950"/><imc name="CONST" value="16"/></imc></stmt><stmt><imc name="MOVE"><imc name="TEMP" value="1951"/><imc name="BINOP" value="ADD"><imc name="TEMP" value="1949"/><imc name="TEMP" value="1950"/></imc></imc></stmt><stmt><imc name="MOVE"><imc name="TEMP" value="1952"/><imc name="MEM"><imc name="TEMP" value="1951"/></imc></imc></stmt><stmt><imc name="MOVE"><imc name="TEMP" value="1953"/><imc name="CALL" value="_delBT"><imc name="TEMP" value="1941"/><imc name="TEMP" value="1945"/><imc name="TEMP" value="1952"/></imc></imc></stmt><stmt><imc name="MOVE"><imc name="TEMP" value="1954"/><imc name="TEMP" value="24"/></imc></stmt><stmt><imc name="MOVE"><imc name="TEMP" value="1955"/><imc name="CONST" value="16"/></imc></stmt><stmt><imc name="MOVE"><imc name="TEMP" value="1956"/><imc name="BINOP" value="ADD"><imc name="TEMP" value="1954"/><imc name="TEMP" value="1955"/></imc></imc></stmt><stmt><imc name="MOVE"><imc name="TEMP" value="1957"/><imc name="MEM"><imc name="TEMP" value="1956"/></imc></imc></stmt><stmt><imc name="MOVE"><imc name="TEMP" value="1958"/><imc name="CONST" value="16"/></imc></stmt><stmt><imc name="MOVE"><imc name="TEMP" value="1959"/><imc name="BINOP" value="ADD"><imc name="TEMP" value="1957"/><imc name="TEMP" value="1958"/></imc></imc></stmt><stmt><imc name="MOVE"><imc name="MEM"><imc name="TEMP" value="1959"/></imc><imc name="TEMP" value="1953"/></imc></stmt><stmt><imc name="LABEL" value="L91"/></stmt><stmt><imc name="LABEL" value="L82"/></stmt><stmt><imc name="JUMP" value="L80"/></stmt><stmt><imc name="LABEL" value="L93"/></stmt><stmt><imc name="LABEL" value="L80"/></stmt><stmt><imc name="MOVE"><imc name="TEMP" value="1960"/><imc name="TEMP" value="24"/></imc></stmt><stmt><imc name="MOVE"><imc name="TEMP" value="1961"/><imc name="CONST" value="16"/></imc></stmt><stmt><imc name="MOVE"><imc name="TEMP" value="1962"/><imc name="BINOP" value="ADD"><imc name="TEMP" value="1960"/><imc name="TEMP" value="1961"/></imc></imc></stmt><stmt><imc name="MOVE"><imc name="TEMP" value="25"/><imc name="MEM"><imc name="TEMP" value="1962"/></imc></imc></stmt><stmt><imc name="JUMP" value="L185"/></stmt></codechunk><codechunk entrylabel="L186" exitlabel="L187"><frame FP="T26" RV="T27" argssize="16" depth="1" label="_minBT" locssize="8" size="40"/><stmt><imc name="LABEL" value="L186"/></stmt><stmt><imc name="MOVE"><imc name="TEMP" value="1963"/><imc name="TEMP" value="26"/></imc></stmt><stmt><imc name="MOVE"><imc name="TEMP" value="1964"/><imc name="CONST" value="8"/></imc></stmt><stmt><imc name="MOVE"><imc name="TEMP" value="1965"/><imc name="BINOP" value="ADD"><imc name="TEMP" value="1963"/><imc name="TEMP" value="1964"/></imc></imc></stmt><stmt><imc name="MOVE"><imc name="TEMP" value="1966"/><imc name="MEM"><imc name="TEMP" value="1965"/></imc></imc></stmt><stmt><imc name="MOVE"><imc name="TEMP" value="1967"/><imc name="CONST" value="0"/></imc></stmt><stmt><imc name="MOVE"><imc name="TEMP" value="1968"/><imc name="BINOP" value="EQU"><imc name="TEMP" value="1966"/><imc name="TEMP" value="1967"/></imc></imc></stmt><stmt><imc name="CJUMP" value="L94:L96"><imc name="TEMP" value="1968"/></imc></stmt><stmt><imc name="LABEL" value="L94"/></stmt><stmt><imc name="MOVE"><imc name="TEMP" value="1969"/><imc name="CONST" value="0"/></imc></stmt><stmt><imc name="MOVE"><imc name="TEMP" value="1970"/><imc name="TEMP" value="26"/></imc></stmt><stmt><imc name="MOVE"><imc name="TEMP" value="1971"/><imc name="CONST" value="-8"/></imc></stmt><stmt><imc name="MOVE"><imc name="TEMP" value="1972"/><imc name="BINOP" value="ADD"><imc name="TEMP" value="1970"/><imc name="TEMP" value="1971"/></imc></imc></stmt><stmt><imc name="MOVE"><imc name="MEM"><imc name="TEMP" value="1972"/></imc><imc name="TEMP" value="1969"/></imc></stmt><stmt><imc name="JUMP" value="L95"/></stmt><stmt><imc name="LABEL" value="L96"/></stmt><stmt><imc name="MOVE"><imc name="TEMP" value="1973"/><imc name="TEMP" value="26"/></imc></stmt><stmt><imc name="MOVE"><imc name="TEMP" value="1974"/><imc name="CONST" value="8"/></imc></stmt><stmt><imc name="MOVE"><imc name="TEMP" value="1975"/><imc name="BINOP" value="ADD"><imc name="TEMP" value="1973"/><imc name="TEMP" value="1974"/></imc></imc></stmt><stmt><imc name="MOVE"><imc name="TEMP" value="1976"/><imc name="MEM"><imc name="TEMP" value="1975"/></imc></imc></stmt><stmt><imc name="MOVE"><imc name="TEMP" value="1977"/><imc name="CONST" value="8"/></imc></stmt><stmt><imc name="MOVE"><imc name="TEMP" value="1978"/><imc name="BINOP" value="ADD"><imc name="TEMP" value="1976"/><imc name="TEMP" value="1977"/></imc></imc></stmt><stmt><imc name="MOVE"><imc name="TEMP" value="1979"/><imc name="MEM"><imc name="TEMP" value="1978"/></imc></imc></stmt><stmt><imc name="MOVE"><imc name="TEMP" value="1980"/><imc name="CONST" value="0"/></imc></stmt><stmt><imc name="MOVE"><imc name="TEMP" value="1981"/><imc name="BINOP" value="EQU"><imc name="TEMP" value="1979"/><imc name="TEMP" value="1980"/></imc></imc></stmt><stmt><imc name="CJUMP" value="L97:L99"><imc name="TEMP" value="1981"/></imc></stmt><stmt><imc name="LABEL" value="L97"/></stmt><stmt><imc name="MOVE"><imc name="TEMP" value="1982"/><imc name="TEMP" value="26"/></imc></stmt><stmt><imc name="MOVE"><imc name="TEMP" value="1983"/><imc name="CONST" value="8"/></imc></stmt><stmt><imc name="MOVE"><imc name="TEMP" value="1984"/><imc name="BINOP" value="ADD"><imc name="TEMP" value="1982"/><imc name="TEMP" value="1983"/></imc></imc></stmt><stmt><imc name="MOVE"><imc name="TEMP" value="1985"/><imc name="MEM"><imc name="TEMP" value="1984"/></imc></imc></stmt><stmt><imc name="MOVE"><imc name="TEMP" value="1986"/><imc name="CONST" value="0"/></imc></stmt><stmt><imc name="MOVE"><imc name="TEMP" value="1987"/><imc name="BINOP" value="ADD"><imc name="TEMP" value="1985"/><imc name="TEMP" value="1986"/></imc></imc></stmt><stmt><imc name="MOVE"><imc name="TEMP" value="1988"/><imc name="TEMP" value="26"/></imc></stmt><stmt><imc name="MOVE"><imc name="TEMP" value="1989"/><imc name="CONST" value="-8"/></imc></stmt><stmt><imc name="MOVE"><imc name="TEMP" value="1990"/><imc name="BINOP" value="ADD"><imc name="TEMP" value="1988"/><imc name="TEMP" value="1989"/></imc></imc></stmt><stmt><imc name="MOVE"><imc name="MEM"><imc name="TEMP" value="1990"/></imc><imc name="TEMP" value="1987"/></imc></stmt><stmt><imc name="JUMP" value="L98"/></stmt><stmt><imc name="LABEL" value="L99"/></stmt><stmt><imc name="MOVE"><imc name="TEMP" value="1991"/><imc name="CONST" value="0"/></imc></stmt><stmt><imc name="MOVE"><imc name="TEMP" value="1992"/><imc name="TEMP" value="26"/></imc></stmt><stmt><imc name="MOVE"><imc name="TEMP" value="1993"/><imc name="CONST" value="8"/></imc></stmt><stmt><imc name="MOVE"><imc name="TEMP" value="1994"/><imc name="BINOP" value="ADD"><imc name="TEMP" value="1992"/><imc name="TEMP" value="1993"/></imc></imc></stmt><stmt><imc name="MOVE"><imc name="TEMP" value="1995"/><imc name="MEM"><imc name="TEMP" value="1994"/></imc></imc></stmt><stmt><imc name="MOVE"><imc name="TEMP" value="1996"/><imc name="CONST" value="16"/></imc></stmt><stmt><imc name="MOVE"><imc name="TEMP" value="1997"/><imc name="BINOP" value="ADD"><imc name="TEMP" value="1995"/><imc name="TEMP" value="1996"/></imc></imc></stmt><stmt><imc name="MOVE"><imc name="TEMP" value="1998"/><imc name="MEM"><imc name="TEMP" value="1997"/></imc></imc></stmt><stmt><imc name="MOVE"><imc name="TEMP" value="1999"/><imc name="CALL" value="_minBT"><imc name="TEMP" value="1991"/><imc name="TEMP" value="1998"/></imc></imc></stmt><stmt><imc name="MOVE"><imc name="TEMP" value="2000"/><imc name="TEMP" value="26"/></imc></stmt><stmt><imc name="MOVE"><imc name="TEMP" value="2001"/><imc name="CONST" value="-8"/></imc></stmt><stmt><imc name="MOVE"><imc name="TEMP" value="2002"/><imc name="BINOP" value="ADD"><imc name="TEMP" value="2000"/><imc name="TEMP" value="2001"/></imc></imc></stmt><stmt><imc name="MOVE"><imc name="MEM"><imc name="TEMP" value="2002"/></imc><imc name="TEMP" value="1999"/></imc></stmt><stmt><imc name="LABEL" value="L98"/></stmt><stmt><imc name="LABEL" value="L95"/></stmt><stmt><imc name="MOVE"><imc name="TEMP" value="2003"/><imc name="TEMP" value="26"/></imc></stmt><stmt><imc name="MOVE"><imc name="TEMP" value="2004"/><imc name="CONST" value="-8"/></imc></stmt><stmt><imc name="MOVE"><imc name="TEMP" value="2005"/><imc name="BINOP" value="ADD"><imc name="TEMP" value="2003"/><imc name="TEMP" value="2004"/></imc></imc></stmt><stmt><imc name="MOVE"><imc name="TEMP" value="27"/><imc name="MEM"><imc name="TEMP" value="2005"/></imc></imc></stmt><stmt><imc name="JUMP" value="L187"/></stmt></codechunk><codechunk entrylabel="L188" exitlabel="L189"><frame FP="T28" RV="T29" argssize="16" depth="1" label="_maxBT" locssize="8" size="40"/><stmt><imc name="LABEL" value="L188"/></stmt><stmt><imc name="MOVE"><imc name="TEMP" value="2006"/><imc name="TEMP" value="28"/></imc></stmt><stmt><imc name="MOVE"><imc name="TEMP" value="2007"/><imc name="CONST" value="8"/></imc></stmt><stmt><imc name="MOVE"><imc name="TEMP" value="2008"/><imc name="BINOP" value="ADD"><imc name="TEMP" value="2006"/><imc name="TEMP" value="2007"/></imc></imc></stmt><stmt><imc name="MOVE"><imc name="TEMP" value="2009"/><imc name="MEM"><imc name="TEMP" value="2008"/></imc></imc></stmt><stmt><imc name="MOVE"><imc name="TEMP" value="2010"/><imc name="CONST" value="0"/></imc></stmt><stmt><imc name="MOVE"><imc name="TEMP" value="2011"/><imc name="BINOP" value="EQU"><imc name="TEMP" value="2009"/><imc name="TEMP" value="2010"/></imc></imc></stmt><stmt><imc name="CJUMP" value="L100:L102"><imc name="TEMP" value="2011"/></imc></stmt><stmt><imc name="LABEL" value="L100"/></stmt><stmt><imc name="MOVE"><imc name="TEMP" value="2012"/><imc name="CONST" value="0"/></imc></stmt><stmt><imc name="MOVE"><imc name="TEMP" value="2013"/><imc name="TEMP" value="28"/></imc></stmt><stmt><imc name="MOVE"><imc name="TEMP" value="2014"/><imc name="CONST" value="-8"/></imc></stmt><stmt><imc name="MOVE"><imc name="TEMP" value="2015"/><imc name="BINOP" value="ADD"><imc name="TEMP" value="2013"/><imc name="TEMP" value="2014"/></imc></imc></stmt><stmt><imc name="MOVE"><imc name="MEM"><imc name="TEMP" value="2015"/></imc><imc name="TEMP" value="2012"/></imc></stmt><stmt><imc name="JUMP" value="L101"/></stmt><stmt><imc name="LABEL" value="L102"/></stmt><stmt><imc name="MOVE"><imc name="TEMP" value="2016"/><imc name="TEMP" value="28"/></imc></stmt><stmt><imc name="MOVE"><imc name="TEMP" value="2017"/><imc name="CONST" value="8"/></imc></stmt><stmt><imc name="MOVE"><imc name="TEMP" value="2018"/><imc name="BINOP" value="ADD"><imc name="TEMP" value="2016"/><imc name="TEMP" value="2017"/></imc></imc></stmt><stmt><imc name="MOVE"><imc name="TEMP" value="2019"/><imc name="MEM"><imc name="TEMP" value="2018"/></imc></imc></stmt><stmt><imc name="MOVE"><imc name="TEMP" value="2020"/><imc name="CONST" value="16"/></imc></stmt><stmt><imc name="MOVE"><imc name="TEMP" value="2021"/><imc name="BINOP" value="ADD"><imc name="TEMP" value="2019"/><imc name="TEMP" value="2020"/></imc></imc></stmt><stmt><imc name="MOVE"><imc name="TEMP" value="2022"/><imc name="MEM"><imc name="TEMP" value="2021"/></imc></imc></stmt><stmt><imc name="MOVE"><imc name="TEMP" value="2023"/><imc name="CONST" value="0"/></imc></stmt><stmt><imc name="MOVE"><imc name="TEMP" value="2024"/><imc name="BINOP" value="EQU"><imc name="TEMP" value="2022"/><imc name="TEMP" value="2023"/></imc></imc></stmt><stmt><imc name="CJUMP" value="L103:L105"><imc name="TEMP" value="2024"/></imc></stmt><stmt><imc name="LABEL" value="L103"/></stmt><stmt><imc name="MOVE"><imc name="TEMP" value="2025"/><imc name="TEMP" value="28"/></imc></stmt><stmt><imc name="MOVE"><imc name="TEMP" value="2026"/><imc name="CONST" value="8"/></imc></stmt><stmt><imc name="MOVE"><imc name="TEMP" value="2027"/><imc name="BINOP" value="ADD"><imc name="TEMP" value="2025"/><imc name="TEMP" value="2026"/></imc></imc></stmt><stmt><imc name="MOVE"><imc name="TEMP" value="2028"/><imc name="MEM"><imc name="TEMP" value="2027"/></imc></imc></stmt><stmt><imc name="MOVE"><imc name="TEMP" value="2029"/><imc name="CONST" value="0"/></imc></stmt><stmt><imc name="MOVE"><imc name="TEMP" value="2030"/><imc name="BINOP" value="ADD"><imc name="TEMP" value="2028"/><imc name="TEMP" value="2029"/></imc></imc></stmt><stmt><imc name="MOVE"><imc name="TEMP" value="2031"/><imc name="TEMP" value="28"/></imc></stmt><stmt><imc name="MOVE"><imc name="TEMP" value="2032"/><imc name="CONST" value="-8"/></imc></stmt><stmt><imc name="MOVE"><imc name="TEMP" value="2033"/><imc name="BINOP" value="ADD"><imc name="TEMP" value="2031"/><imc name="TEMP" value="2032"/></imc></imc></stmt><stmt><imc name="MOVE"><imc name="MEM"><imc name="TEMP" value="2033"/></imc><imc name="TEMP" value="2030"/></imc></stmt><stmt><imc name="JUMP" value="L104"/></stmt><stmt><imc name="LABEL" value="L105"/></stmt><stmt><imc name="MOVE"><imc name="TEMP" value="2034"/><imc name="CONST" value="0"/></imc></stmt><stmt><imc name="MOVE"><imc name="TEMP" value="2035"/><imc name="TEMP" value="28"/></imc></stmt><stmt><imc name="MOVE"><imc name="TEMP" value="2036"/><imc name="CONST" value="8"/></imc></stmt><stmt><imc name="MOVE"><imc name="TEMP" value="2037"/><imc name="BINOP" value="ADD"><imc name="TEMP" value="2035"/><imc name="TEMP" value="2036"/></imc></imc></stmt><stmt><imc name="MOVE"><imc name="TEMP" value="2038"/><imc name="MEM"><imc name="TEMP" value="2037"/></imc></imc></stmt><stmt><imc name="MOVE"><imc name="TEMP" value="2039"/><imc name="CONST" value="16"/></imc></stmt><stmt><imc name="MOVE"><imc name="TEMP" value="2040"/><imc name="BINOP" value="ADD"><imc name="TEMP" value="2038"/><imc name="TEMP" value="2039"/></imc></imc></stmt><stmt><imc name="MOVE"><imc name="TEMP" value="2041"/><imc name="MEM"><imc name="TEMP" value="2040"/></imc></imc></stmt><stmt><imc name="MOVE"><imc name="TEMP" value="2042"/><imc name="CALL" value="_maxBT"><imc name="TEMP" value="2034"/><imc name="TEMP" value="2041"/></imc></imc></stmt><stmt><imc name="MOVE"><imc name="TEMP" value="2043"/><imc name="TEMP" value="28"/></imc></stmt><stmt><imc name="MOVE"><imc name="TEMP" value="2044"/><imc name="CONST" value="-8"/></imc></stmt><stmt><imc name="MOVE"><imc name="TEMP" value="2045"/><imc name="BINOP" value="ADD"><imc name="TEMP" value="2043"/><imc name="TEMP" value="2044"/></imc></imc></stmt><stmt><imc name="MOVE"><imc name="MEM"><imc name="TEMP" value="2045"/></imc><imc name="TEMP" value="2042"/></imc></stmt><stmt><imc name="LABEL" value="L104"/></stmt><stmt><imc name="LABEL" value="L101"/></stmt><stmt><imc name="MOVE"><imc name="TEMP" value="2046"/><imc name="TEMP" value="28"/></imc></stmt><stmt><imc name="MOVE"><imc name="TEMP" value="2047"/><imc name="CONST" value="-8"/></imc></stmt><stmt><imc name="MOVE"><imc name="TEMP" value="2048"/><imc name="BINOP" value="ADD"><imc name="TEMP" value="2046"/><imc name="TEMP" value="2047"/></imc></imc></stmt><stmt><imc name="MOVE"><imc name="TEMP" value="29"/><imc name="MEM"><imc name="TEMP" value="2048"/></imc></imc></stmt><stmt><imc name="JUMP" value="L189"/></stmt></codechunk><codechunk entrylabel="L190" exitlabel="L191"><frame FP="T38" RV="T39" argssize="24" depth="1" label="_sudoku" locssize="8" size="48"/><stmt><imc name="LABEL" value="L190"/></stmt><stmt><imc name="MOVE"><imc name="TEMP" value="2049"/><imc name="TEMP" value="38"/></imc></stmt><stmt><imc name="MOVE"><imc name="TEMP" value="2050"/><imc name="CONST" value="8"/></imc></stmt><stmt><imc name="MOVE"><imc name="TEMP" value="2051"/><imc name="BINOP" value="ADD"><imc name="TEMP" value="2049"/><imc name="TEMP" value="2050"/></imc></imc></stmt><stmt><imc name="MOVE"><imc name="TEMP" value="2052"/><imc name="MEM"><imc name="TEMP" value="2051"/></imc></imc></stmt><stmt><imc name="MOVE"><imc name="TEMP" value="2053"/><imc name="TEMP" value="38"/></imc></stmt><stmt><imc name="MOVE"><imc name="TEMP" value="2054"/><imc name="CONST" value="-8"/></imc></stmt><stmt><imc name="MOVE"><imc name="TEMP" value="2055"/><imc name="BINOP" value="ADD"><imc name="TEMP" value="2053"/><imc name="TEMP" value="2054"/></imc></imc></stmt><stmt><imc name="MOVE"><imc name="MEM"><imc name="TEMP" value="2055"/></imc><imc name="TEMP" value="2052"/></imc></stmt><stmt><imc name="MOVE"><imc name="TEMP" value="2056"/><imc name="TEMP" value="38"/></imc></stmt><stmt><imc name="MOVE"><imc name="TEMP" value="2057"/><imc name="CONST" value="0"/></imc></stmt><stmt><imc name="MOVE"><imc name="TEMP" value="2058"/><imc name="CONST" value="81"/></imc></stmt><stmt><imc name="MOVE"><imc name="TEMP" value="39"/><imc name="CALL" value="L29"><imc name="TEMP" value="2056"/><imc name="TEMP" value="2057"/><imc name="TEMP" value="2058"/></imc></imc></stmt><stmt><imc name="JUMP" value="L191"/></stmt></codechunk><codechunk entrylabel="L192" exitlabel="L193"><frame FP="T30" RV="T31" argssize="0" depth="2" label="L26" locssize="96" size="112"/><stmt><imc name="LABEL" value="L192"/></stmt><stmt><imc name="MOVE"><imc name="TEMP" value="2059"/><imc name="CONST" value="1"/></imc></stmt><stmt><imc name="MOVE"><imc name="TEMP" value="2060"/><imc name="TEMP" value="30"/></imc></stmt><stmt><imc name="MOVE"><imc name="TEMP" value="2061"/><imc name="CONST" value="-96"/></imc></stmt><stmt><imc name="MOVE"><imc name="TEMP" value="2062"/><imc name="BINOP" value="ADD"><imc name="TEMP" value="2060"/><imc name="TEMP" value="2061"/></imc></imc></stmt><stmt><imc name="MOVE"><imc name="MEM"><imc name="TEMP" value="2062"/></imc><imc name="TEMP" value="2059"/></imc></stmt><stmt><imc name="MOVE"><imc name="TEMP" value="2063"/><imc name="CONST" value="1"/></imc></stmt><stmt><imc name="MOVE"><imc name="TEMP" value="2064"/><imc name="TEMP" value="30"/></imc></stmt><stmt><imc name="MOVE"><imc name="TEMP" value="2065"/><imc name="CONST" value="-88"/></imc></stmt><stmt><imc name="MOVE"><imc name="TEMP" value="2066"/><imc name="BINOP" value="ADD"><imc name="TEMP" value="2064"/><imc name="TEMP" value="2065"/></imc></imc></stmt><stmt><imc name="MOVE"><imc name="MEM"><imc name="TEMP" value="2066"/></imc><imc name="TEMP" value="2063"/></imc></stmt><stmt><imc name="LABEL" value="L107"/></stmt><stmt><imc name="MOVE"><imc name="TEMP" value="2067"/><imc name="TEMP" value="30"/></imc></stmt><stmt><imc name="MOVE"><imc name="TEMP" value="2068"/><imc name="CONST" value="-88"/></imc></stmt><stmt><imc name="MOVE"><imc name="TEMP" value="2069"/><imc name="BINOP" value="ADD"><imc name="TEMP" value="2067"/><imc name="TEMP" value="2068"/></imc></imc></stmt><stmt><imc name="MOVE"><imc name="TEMP" value="2070"/><imc name="MEM"><imc name="TEMP" value="2069"/></imc></imc></stmt><stmt><imc name="MOVE"><imc name="TEMP" value="2071"/><imc name="CONST" value="9"/></imc></stmt><stmt><imc name="MOVE"><imc name="TEMP" value="2072"/><imc name="BINOP" value="LEQ"><imc name="TEMP" value="2070"/><imc name="TEMP" value="2071"/></imc></imc></stmt><stmt><imc name="CJUMP" value="L106:L108"><imc name="TEMP" value="2072"/></imc></stmt><stmt><imc name="LABEL" value="L106"/></stmt><stmt><imc name="MOVE"><imc name="TEMP" value="2073"/><imc name="CONST" value="0"/></imc></stmt><stmt><imc name="MOVE"><imc name="TEMP" value="2074"/><imc name="TEMP" value="30"/></imc></stmt><stmt><imc name="MOVE"><imc name="TEMP" value="2075"/><imc name="CONST" value="-80"/></imc></stmt><stmt><imc name="MOVE"><imc name="TEMP" value="2076"/><imc name="BINOP" value="ADD"><imc name="TEMP" value="2074"/><imc name="TEMP" value="2075"/></imc></imc></stmt><stmt><imc name="MOVE"><imc name="TEMP" value="2077"/><imc name="TEMP" value="30"/></imc></stmt><stmt><imc name="MOVE"><imc name="TEMP" value="2078"/><imc name="CONST" value="-88"/></imc></stmt><stmt><imc name="MOVE"><imc name="TEMP" value="2079"/><imc name="BINOP" value="ADD"><imc name="TEMP" value="2077"/><imc name="TEMP" value="2078"/></imc></imc></stmt><stmt><imc name="MOVE"><imc name="TEMP" value="2080"/><imc name="MEM"><imc name="TEMP" value="2079"/></imc></imc></stmt><stmt><imc name="MOVE"><imc name="TEMP" value="2081"/><imc name="CONST" value="8"/></imc></stmt><stmt><imc name="MOVE"><imc name="TEMP" value="2082"/><imc name="BINOP" value="MUL"><imc name="TEMP" value="2080"/><imc name="TEMP" value="2081"/></imc></imc></stmt><stmt><imc name="MOVE"><imc name="TEMP" value="2083"/><imc name="BINOP" value="ADD"><imc name="TEMP" value="2076"/><imc name="TEMP" value="2082"/></imc></imc></stmt><stmt><imc name="MOVE"><imc name="MEM"><imc name="TEMP" value="2083"/></imc><imc name="TEMP" value="2073"/></imc></stmt><stmt><imc name="MOVE"><imc name="TEMP" value="2084"/><imc name="TEMP" value="30"/></imc></stmt><stmt><imc name="MOVE"><imc name="TEMP" value="2085"/><imc name="CONST" value="-88"/></imc></stmt><stmt><imc name="MOVE"><imc name="TEMP" value="2086"/><imc name="BINOP" value="ADD"><imc name="TEMP" value="2084"/><imc name="TEMP" value="2085"/></imc></imc></stmt><stmt><imc name="MOVE"><imc name="TEMP" value="2087"/><imc name="MEM"><imc name="TEMP" value="2086"/></imc></imc></stmt><stmt><imc name="MOVE"><imc name="TEMP" value="2088"/><imc name="CONST" value="1"/></imc></stmt><stmt><imc name="MOVE"><imc name="TEMP" value="2089"/><imc name="BINOP" value="ADD"><imc name="TEMP" value="2087"/><imc name="TEMP" value="2088"/></imc></imc></stmt><stmt><imc name="MOVE"><imc name="TEMP" value="2090"/><imc name="TEMP" value="30"/></imc></stmt><stmt><imc name="MOVE"><imc name="TEMP" value="2091"/><imc name="CONST" value="-88"/></imc></stmt><stmt><imc name="MOVE"><imc name="TEMP" value="2092"/><imc name="BINOP" value="ADD"><imc name="TEMP" value="2090"/><imc name="TEMP" value="2091"/></imc></imc></stmt><stmt><imc name="MOVE"><imc name="MEM"><imc name="TEMP" value="2092"/></imc><imc name="TEMP" value="2089"/></imc></stmt><stmt><imc name="JUMP" value="L107"/></stmt><stmt><imc name="LABEL" value="L108"/></stmt><stmt><imc name="MOVE"><imc name="TEMP" value="2093"/><imc name="CONST" value="0"/></imc></stmt><stmt><imc name="MOVE"><imc name="TEMP" value="2094"/><imc name="TEMP" value="30"/></imc></stmt><stmt><imc name="MOVE"><imc name="TEMP" value="2095"/><imc name="CONST" value="-88"/></imc></stmt><stmt><imc name="MOVE"><imc name="TEMP" value="2096"/><imc name="BINOP" value="ADD"><imc name="TEMP" value="2094"/><imc name="TEMP" value="2095"/></imc></imc></stmt><stmt><imc name="MOVE"><imc name="MEM"><imc name="TEMP" value="2096"/></imc><imc name="TEMP" value="2093"/></imc></stmt><stmt><imc name="LABEL" value="L110"/></stmt><stmt><imc name="MOVE"><imc name="TEMP" value="2097"/><imc name="TEMP" value="30"/></imc></stmt><stmt><imc name="MOVE"><imc name="TEMP" value="2098"/><imc name="CONST" value="-88"/></imc></stmt><stmt><imc name="MOVE"><imc name="TEMP" value="2099"/><imc name="BINOP" value="ADD"><imc name="TEMP" value="2097"/><imc name="TEMP" value="2098"/></imc></imc></stmt><stmt><imc name="MOVE"><imc name="TEMP" value="2100"/><imc name="MEM"><imc name="TEMP" value="2099"/></imc></imc></stmt><stmt><imc name="MOVE"><imc name="TEMP" value="2101"/><imc name="CONST" value="9"/></imc></stmt><stmt><imc name="MOVE"><imc name="TEMP" value="2102"/><imc name="BINOP" value="LTH"><imc name="TEMP" value="2100"/><imc name="TEMP" value="2101"/></imc></imc></stmt><stmt><imc name="CJUMP" value="L109:L117"><imc name="TEMP" value="2102"/></imc></stmt><stmt><imc name="LABEL" value="L109"/></stmt><stmt><imc name="MOVE"><imc name="TEMP" value="2103"/><imc name="TEMP" value="30"/></imc></stmt><stmt><imc name="MOVE"><imc name="TEMP" value="2104"/><imc name="MEM"><imc name="TEMP" value="2103"/></imc></imc></stmt><stmt><imc name="MOVE"><imc name="TEMP" value="2105"/><imc name="CONST" value="8"/></imc></stmt><stmt><imc name="MOVE"><imc name="TEMP" value="2106"/><imc name="BINOP" value="ADD"><imc name="TEMP" value="2104"/><imc name="TEMP" value="2105"/></imc></imc></stmt><stmt><imc name="MOVE"><imc name="TEMP" value="2107"/><imc name="MEM"><imc name="TEMP" value="2106"/></imc></imc></stmt><stmt><imc name="MOVE"><imc name="TEMP" value="2108"/><imc name="TEMP" value="30"/></imc></stmt><stmt><imc name="MOVE"><imc name="TEMP" value="2109"/><imc name="CONST" value="8"/></imc></stmt><stmt><imc name="MOVE"><imc name="TEMP" value="2110"/><imc name="BINOP" value="ADD"><imc name="TEMP" value="2108"/><imc name="TEMP" value="2109"/></imc></imc></stmt><stmt><imc name="MOVE"><imc name="TEMP" value="2111"/><imc name="MEM"><imc name="TEMP" value="2110"/></imc></imc></stmt><stmt><imc name="MOVE"><imc name="TEMP" value="2112"/><imc name="CONST" value="72"/></imc></stmt><stmt><imc name="MOVE"><imc name="TEMP" value="2113"/><imc name="BINOP" value="MUL"><imc name="TEMP" value="2111"/><imc name="TEMP" value="2112"/></imc></imc></stmt><stmt><imc name="MOVE"><imc name="TEMP" value="2114"/><imc name="BINOP" value="ADD"><imc name="TEMP" value="2107"/><imc name="TEMP" value="2113"/></imc></imc></stmt><stmt><imc name="MOVE"><imc name="TEMP" value="2115"/><imc name="TEMP" value="30"/></imc></stmt><stmt><imc name="MOVE"><imc name="TEMP" value="2116"/><imc name="CONST" value="-88"/></imc></stmt><stmt><imc name="MOVE"><imc name="TEMP" value="2117"/><imc name="BINOP" value="ADD"><imc name="TEMP" value="2115"/><imc name="TEMP" value="2116"/></imc></imc></stmt><stmt><imc name="MOVE"><imc name="TEMP" value="2118"/><imc name="MEM"><imc name="TEMP" value="2117"/></imc></imc></stmt><stmt><imc name="MOVE"><imc name="TEMP" value="2119"/><imc name="CONST" value="8"/></imc></stmt><stmt><imc name="MOVE"><imc name="TEMP" value="2120"/><imc name="BINOP" value="MUL"><imc name="TEMP" value="2118"/><imc name="TEMP" value="2119"/></imc></imc></stmt><stmt><imc name="MOVE"><imc name="TEMP" value="2121"/><imc name="BINOP" value="ADD"><imc name="TEMP" value="2114"/><imc name="TEMP" value="2120"/></imc></imc></stmt><stmt><imc name="MOVE"><imc name="TEMP" value="2122"/><imc name="MEM"><imc name="TEMP" value="2121"/></imc></imc></stmt><stmt><imc name="MOVE"><imc name="TEMP" value="2123"/><imc name="CONST" value="0"/></imc></stmt><stmt><imc name="MOVE"><imc name="TEMP" value="2124"/><imc name="BINOP" value="NEQ"><imc name="TEMP" value="2122"/><imc name="TEMP" value="2123"/></imc></imc></stmt><stmt><imc name="CJUMP" value="L111:L116"><imc name="TEMP" value="2124"/></imc></stmt><stmt><imc name="LABEL" value="L111"/></stmt><stmt><imc name="MOVE"><imc name="TEMP" value="2125"/><imc name="TEMP" value="30"/></imc></stmt><stmt><imc name="MOVE"><imc name="TEMP" value="2126"/><imc name="CONST" value="-80"/></imc></stmt><stmt><imc name="MOVE"><imc name="TEMP" value="2127"/><imc name="BINOP" value="ADD"><imc name="TEMP" value="2125"/><imc name="TEMP" value="2126"/></imc></imc></stmt><stmt><imc name="MOVE"><imc name="TEMP" value="2128"/><imc name="TEMP" value="30"/></imc></stmt><stmt><imc name="MOVE"><imc name="TEMP" value="2129"/><imc name="MEM"><imc name="TEMP" value="2128"/></imc></imc></stmt><stmt><imc name="MOVE"><imc name="TEMP" value="2130"/><imc name="CONST" value="8"/></imc></stmt><stmt><imc name="MOVE"><imc name="TEMP" value="2131"/><imc name="BINOP" value="ADD"><imc name="TEMP" value="2129"/><imc name="TEMP" value="2130"/></imc></imc></stmt><stmt><imc name="MOVE"><imc name="TEMP" value="2132"/><imc name="MEM"><imc name="TEMP" value="2131"/></imc></imc></stmt><stmt><imc name="MOVE"><imc name="TEMP" value="2133"/><imc name="TEMP" value="30"/></imc></stmt><stmt><imc name="MOVE"><imc name="TEMP" value="2134"/><imc name="CONST" value="8"/></imc></stmt><stmt><imc name="MOVE"><imc name="TEMP" value="2135"/><imc name="BINOP" value="ADD"><imc name="TEMP" value="2133"/><imc name="TEMP" value="2134"/></imc></imc></stmt><stmt><imc name="MOVE"><imc name="TEMP" value="2136"/><imc name="MEM"><imc name="TEMP" value="2135"/></imc></imc></stmt><stmt><imc name="MOVE"><imc name="TEMP" value="2137"/><imc name="CONST" value="72"/></imc></stmt><stmt><imc name="MOVE"><imc name="TEMP" value="2138"/><imc name="BINOP" value="MUL"><imc name="TEMP" value="2136"/><imc name="TEMP" value="2137"/></imc></imc></stmt><stmt><imc name="MOVE"><imc name="TEMP" value="2139"/><imc name="BINOP" value="ADD"><imc name="TEMP" value="2132"/><imc name="TEMP" value="2138"/></imc></imc></stmt><stmt><imc name="MOVE"><imc name="TEMP" value="2140"/><imc name="TEMP" value="30"/></imc></stmt><stmt><imc name="MOVE"><imc name="TEMP" value="2141"/><imc name="CONST" value="-88"/></imc></stmt><stmt><imc name="MOVE"><imc name="TEMP" value="2142"/><imc name="BINOP" value="ADD"><imc name="TEMP" value="2140"/><imc name="TEMP" value="2141"/></imc></imc></stmt><stmt><imc name="MOVE"><imc name="TEMP" value="2143"/><imc name="MEM"><imc name="TEMP" value="2142"/></imc></imc></stmt><stmt><imc name="MOVE"><imc name="TEMP" value="2144"/><imc name="CONST" value="8"/></imc></stmt><stmt><imc name="MOVE"><imc name="TEMP" value="2145"/><imc name="BINOP" value="MUL"><imc name="TEMP" value="2143"/><imc name="TEMP" value="2144"/></imc></imc></stmt><stmt><imc name="MOVE"><imc name="TEMP" value="2146"/><imc name="BINOP" value="ADD"><imc name="TEMP" value="2139"/><imc name="TEMP" value="2145"/></imc></imc></stmt><stmt><imc name="MOVE"><imc name="TEMP" value="2147"/><imc name="MEM"><imc name="TEMP" value="2146"/></imc></imc></stmt><stmt><imc name="MOVE"><imc name="TEMP" value="2148"/><imc name="CONST" value="8"/></imc></stmt><stmt><imc name="MOVE"><imc name="TEMP" value="2149"/><imc name="BINOP" value="MUL"><imc name="TEMP" value="2147"/><imc name="TEMP" value="2148"/></imc></imc></stmt><stmt><imc name="MOVE"><imc name="TEMP" value="2150"/><imc name="BINOP" value="ADD"><imc name="TEMP" value="2127"/><imc name="TEMP" value="2149"/></imc></imc></stmt><stmt><imc name="MOVE"><imc name="TEMP" value="2151"/><imc name="MEM"><imc name="TEMP" value="2150"/></imc></imc></stmt><stmt><imc name="CJUMP" value="L113:L115"><imc name="TEMP" value="2151"/></imc></stmt><stmt><imc name="LABEL" value="L113"/></stmt><stmt><imc name="MOVE"><imc name="TEMP" value="2152"/><imc name="CONST" value="0"/></imc></stmt><stmt><imc name="MOVE"><imc name="TEMP" value="2153"/><imc name="TEMP" value="30"/></imc></stmt><stmt><imc name="MOVE"><imc name="TEMP" value="2154"/><imc name="CONST" value="-96"/></imc></stmt><stmt><imc name="MOVE"><imc name="TEMP" value="2155"/><imc name="BINOP" value="ADD"><imc name="TEMP" value="2153"/><imc name="TEMP" value="2154"/></imc></imc></stmt><stmt><imc name="MOVE"><imc name="MEM"><imc name="TEMP" value="2155"/></imc><imc name="TEMP" value="2152"/></imc></stmt><stmt><imc name="JUMP" value="L114"/></stmt><stmt><imc name="LABEL" value="L115"/></stmt><stmt><imc name="MOVE"><imc name="TEMP" value="2156"/><imc name="CONST" value="1"/></imc></stmt><stmt><imc name="MOVE"><imc name="TEMP" value="2157"/><imc name="TEMP" value="30"/></imc></stmt><stmt><imc name="MOVE"><imc name="TEMP" value="2158"/><imc name="CONST" value="-80"/></imc></stmt><stmt><imc name="MOVE"><imc name="TEMP" value="2159"/><imc name="BINOP" value="ADD"><imc name="TEMP" value="2157"/><imc name="TEMP" value="2158"/></imc></imc></stmt><stmt><imc name="MOVE"><imc name="TEMP" value="2160"/><imc name="TEMP" value="30"/></imc></stmt><stmt><imc name="MOVE"><imc name="TEMP" value="2161"/><imc name="MEM"><imc name="TEMP" value="2160"/></imc></imc></stmt><stmt><imc name="MOVE"><imc name="TEMP" value="2162"/><imc name="CONST" value="8"/></imc></stmt><stmt><imc name="MOVE"><imc name="TEMP" value="2163"/><imc name="BINOP" value="ADD"><imc name="TEMP" value="2161"/><imc name="TEMP" value="2162"/></imc></imc></stmt><stmt><imc name="MOVE"><imc name="TEMP" value="2164"/><imc name="MEM"><imc name="TEMP" value="2163"/></imc></imc></stmt><stmt><imc name="MOVE"><imc name="TEMP" value="2165"/><imc name="TEMP" value="30"/></imc></stmt><stmt><imc name="MOVE"><imc name="TEMP" value="2166"/><imc name="CONST" value="8"/></imc></stmt><stmt><imc name="MOVE"><imc name="TEMP" value="2167"/><imc name="BINOP" value="ADD"><imc name="TEMP" value="2165"/><imc name="TEMP" value="2166"/></imc></imc></stmt><stmt><imc name="MOVE"><imc name="TEMP" value="2168"/><imc name="MEM"><imc name="TEMP" value="2167"/></imc></imc></stmt><stmt><imc name="MOVE"><imc name="TEMP" value="2169"/><imc name="CONST" value="72"/></imc></stmt><stmt><imc name="MOVE"><imc name="TEMP" value="2170"/><imc name="BINOP" value="MUL"><imc name="TEMP" value="2168"/><imc name="TEMP" value="2169"/></imc></imc></stmt><stmt><imc name="MOVE"><imc name="TEMP" value="2171"/><imc name="BINOP" value="ADD"><imc name="TEMP" value="2164"/><imc name="TEMP" value="2170"/></imc></imc></stmt><stmt><imc name="MOVE"><imc name="TEMP" value="2172"/><imc name="TEMP" value="30"/></imc></stmt><stmt><imc name="MOVE"><imc name="TEMP" value="2173"/><imc name="CONST" value="-88"/></imc></stmt><stmt><imc name="MOVE"><imc name="TEMP" value="2174"/><imc name="BINOP" value="ADD"><imc name="TEMP" value="2172"/><imc name="TEMP" value="2173"/></imc></imc></stmt><stmt><imc name="MOVE"><imc name="TEMP" value="2175"/><imc name="MEM"><imc name="TEMP" value="2174"/></imc></imc></stmt><stmt><imc name="MOVE"><imc name="TEMP" value="2176"/><imc name="CONST" value="8"/></imc></stmt><stmt><imc name="MOVE"><imc name="TEMP" value="2177"/><imc name="BINOP" value="MUL"><imc name="TEMP" value="2175"/><imc name="TEMP" value="2176"/></imc></imc></stmt><stmt><imc name="MOVE"><imc name="TEMP" value="2178"/><imc name="BINOP" value="ADD"><imc name="TEMP" value="2171"/><imc name="TEMP" value="2177"/></imc></imc></stmt><stmt><imc name="MOVE"><imc name="TEMP" value="2179"/><imc name="MEM"><imc name="TEMP" value="2178"/></imc></imc></stmt><stmt><imc name="MOVE"><imc name="TEMP" value="2180"/><imc name="CONST" value="8"/></imc></stmt><stmt><imc name="MOVE"><imc name="TEMP" value="2181"/><imc name="BINOP" value="MUL"><imc name="TEMP" value="2179"/><imc name="TEMP" value="2180"/></imc></imc></stmt><stmt><imc name="MOVE"><imc name="TEMP" value="2182"/><imc name="BINOP" value="ADD"><imc name="TEMP" value="2159"/><imc name="TEMP" value="2181"/></imc></imc></stmt><stmt><imc name="MOVE"><imc name="MEM"><imc name="TEMP" value="2182"/></imc><imc name="TEMP" value="2156"/></imc></stmt><stmt><imc name="LABEL" value="L114"/></stmt><stmt><imc name="JUMP" value="L112"/></stmt><stmt><imc name="LABEL" value="L116"/></stmt><stmt><imc name="LABEL" value="L112"/></stmt><stmt><imc name="MOVE"><imc name="TEMP" value="2183"/><imc name="TEMP" value="30"/></imc></stmt><stmt><imc name="MOVE"><imc name="TEMP" value="2184"/><imc name="CONST" value="-88"/></imc></stmt><stmt><imc name="MOVE"><imc name="TEMP" value="2185"/><imc name="BINOP" value="ADD"><imc name="TEMP" value="2183"/><imc name="TEMP" value="2184"/></imc></imc></stmt><stmt><imc name="MOVE"><imc name="TEMP" value="2186"/><imc name="MEM"><imc name="TEMP" value="2185"/></imc></imc></stmt><stmt><imc name="MOVE"><imc name="TEMP" value="2187"/><imc name="CONST" value="1"/></imc></stmt><stmt><imc name="MOVE"><imc name="TEMP" value="2188"/><imc name="BINOP" value="ADD"><imc name="TEMP" value="2186"/><imc name="TEMP" value="2187"/></imc></imc></stmt><stmt><imc name="MOVE"><imc name="TEMP" value="2189"/><imc name="TEMP" value="30"/></imc></stmt><stmt><imc name="MOVE"><imc name="TEMP" value="2190"/><imc name="CONST" value="-88"/></imc></stmt><stmt><imc name="MOVE"><imc name="TEMP" value="2191"/><imc name="BINOP" value="ADD"><imc name="TEMP" value="2189"/><imc name="TEMP" value="2190"/></imc></imc></stmt><stmt><imc name="MOVE"><imc name="MEM"><imc name="TEMP" value="2191"/></imc><imc name="TEMP" value="2188"/></imc></stmt><stmt><imc name="JUMP" value="L110"/></stmt><stmt><imc name="LABEL" value="L117"/></stmt><stmt><imc name="MOVE"><imc name="TEMP" value="2192"/><imc name="TEMP" value="30"/></imc></stmt><stmt><imc name="MOVE"><imc name="TEMP" value="2193"/><imc name="CONST" value="-96"/></imc></stmt><stmt><imc name="MOVE"><imc name="TEMP" value="2194"/><imc name="BINOP" value="ADD"><imc name="TEMP" value="2192"/><imc name="TEMP" value="2193"/></imc></imc></stmt><stmt><imc name="MOVE"><imc name="TEMP" value="31"/><imc name="MEM"><imc name="TEMP" value="2194"/></imc></imc></stmt><stmt><imc name="JUMP" value="L193"/></stmt></codechunk><codechunk entrylabel="L194" exitlabel="L195"><frame FP="T32" RV="T33" argssize="0" depth="2" label="L27" locssize="96" size="112"/><stmt><imc name="LABEL" value="L194"/></stmt><stmt><imc name="MOVE"><imc name="TEMP" value="2195"/><imc name="CONST" value="1"/></imc></stmt><stmt><imc name="MOVE"><imc name="TEMP" value="2196"/><imc name="TEMP" value="32"/></imc></stmt><stmt><imc name="MOVE"><imc name="TEMP" value="2197"/><imc name="CONST" value="-96"/></imc></stmt><stmt><imc name="MOVE"><imc name="TEMP" value="2198"/><imc name="BINOP" value="ADD"><imc name="TEMP" value="2196"/><imc name="TEMP" value="2197"/></imc></imc></stmt><stmt><imc name="MOVE"><imc name="MEM"><imc name="TEMP" value="2198"/></imc><imc name="TEMP" value="2195"/></imc></stmt><stmt><imc name="MOVE"><imc name="TEMP" value="2199"/><imc name="CONST" value="1"/></imc></stmt><stmt><imc name="MOVE"><imc name="TEMP" value="2200"/><imc name="TEMP" value="32"/></imc></stmt><stmt><imc name="MOVE"><imc name="TEMP" value="2201"/><imc name="CONST" value="-88"/></imc></stmt><stmt><imc name="MOVE"><imc name="TEMP" value="2202"/><imc name="BINOP" value="ADD"><imc name="TEMP" value="2200"/><imc name="TEMP" value="2201"/></imc></imc></stmt><stmt><imc name="MOVE"><imc name="MEM"><imc name="TEMP" value="2202"/></imc><imc name="TEMP" value="2199"/></imc></stmt><stmt><imc name="LABEL" value="L119"/></stmt><stmt><imc name="MOVE"><imc name="TEMP" value="2203"/><imc name="TEMP" value="32"/></imc></stmt><stmt><imc name="MOVE"><imc name="TEMP" value="2204"/><imc name="CONST" value="-88"/></imc></stmt><stmt><imc name="MOVE"><imc name="TEMP" value="2205"/><imc name="BINOP" value="ADD"><imc name="TEMP" value="2203"/><imc name="TEMP" value="2204"/></imc></imc></stmt><stmt><imc name="MOVE"><imc name="TEMP" value="2206"/><imc name="MEM"><imc name="TEMP" value="2205"/></imc></imc></stmt><stmt><imc name="MOVE"><imc name="TEMP" value="2207"/><imc name="CONST" value="9"/></imc></stmt><stmt><imc name="MOVE"><imc name="TEMP" value="2208"/><imc name="BINOP" value="LEQ"><imc name="TEMP" value="2206"/><imc name="TEMP" value="2207"/></imc></imc></stmt><stmt><imc name="CJUMP" value="L118:L120"><imc name="TEMP" value="2208"/></imc></stmt><stmt><imc name="LABEL" value="L118"/></stmt><stmt><imc name="MOVE"><imc name="TEMP" value="2209"/><imc name="CONST" value="0"/></imc></stmt><stmt><imc name="MOVE"><imc name="TEMP" value="2210"/><imc name="TEMP" value="32"/></imc></stmt><stmt><imc name="MOVE"><imc name="TEMP" value="2211"/><imc name="CONST" value="-80"/></imc></stmt><stmt><imc name="MOVE"><imc name="TEMP" value="2212"/><imc name="BINOP" value="ADD"><imc name="TEMP" value="2210"/><imc name="TEMP" value="2211"/></imc></imc></stmt><stmt><imc name="MOVE"><imc name="TEMP" value="2213"/><imc name="TEMP" value="32"/></imc></stmt><stmt><imc name="MOVE"><imc name="TEMP" value="2214"/><imc name="CONST" value="-88"/></imc></stmt><stmt><imc name="MOVE"><imc name="TEMP" value="2215"/><imc name="BINOP" value="ADD"><imc name="TEMP" value="2213"/><imc name="TEMP" value="2214"/></imc></imc></stmt><stmt><imc name="MOVE"><imc name="TEMP" value="2216"/><imc name="MEM"><imc name="TEMP" value="2215"/></imc></imc></stmt><stmt><imc name="MOVE"><imc name="TEMP" value="2217"/><imc name="CONST" value="8"/></imc></stmt><stmt><imc name="MOVE"><imc name="TEMP" value="2218"/><imc name="BINOP" value="MUL"><imc name="TEMP" value="2216"/><imc name="TEMP" value="2217"/></imc></imc></stmt><stmt><imc name="MOVE"><imc name="TEMP" value="2219"/><imc name="BINOP" value="ADD"><imc name="TEMP" value="2212"/><imc name="TEMP" value="2218"/></imc></imc></stmt><stmt><imc name="MOVE"><imc name="MEM"><imc name="TEMP" value="2219"/></imc><imc name="TEMP" value="2209"/></imc></stmt><stmt><imc name="MOVE"><imc name="TEMP" value="2220"/><imc name="TEMP" value="32"/></imc></stmt><stmt><imc name="MOVE"><imc name="TEMP" value="2221"/><imc name="CONST" value="-88"/></imc></stmt><stmt><imc name="MOVE"><imc name="TEMP" value="2222"/><imc name="BINOP" value="ADD"><imc name="TEMP" value="2220"/><imc name="TEMP" value="2221"/></imc></imc></stmt><stmt><imc name="MOVE"><imc name="TEMP" value="2223"/><imc name="MEM"><imc name="TEMP" value="2222"/></imc></imc></stmt><stmt><imc name="MOVE"><imc name="TEMP" value="2224"/><imc name="CONST" value="1"/></imc></stmt><stmt><imc name="MOVE"><imc name="TEMP" value="2225"/><imc name="BINOP" value="ADD"><imc name="TEMP" value="2223"/><imc name="TEMP" value="2224"/></imc></imc></stmt><stmt><imc name="MOVE"><imc name="TEMP" value="2226"/><imc name="TEMP" value="32"/></imc></stmt><stmt><imc name="MOVE"><imc name="TEMP" value="2227"/><imc name="CONST" value="-88"/></imc></stmt><stmt><imc name="MOVE"><imc name="TEMP" value="2228"/><imc name="BINOP" value="ADD"><imc name="TEMP" value="2226"/><imc name="TEMP" value="2227"/></imc></imc></stmt><stmt><imc name="MOVE"><imc name="MEM"><imc name="TEMP" value="2228"/></imc><imc name="TEMP" value="2225"/></imc></stmt><stmt><imc name="JUMP" value="L119"/></stmt><stmt><imc name="LABEL" value="L120"/></stmt><stmt><imc name="MOVE"><imc name="TEMP" value="2229"/><imc name="CONST" value="0"/></imc></stmt><stmt><imc name="MOVE"><imc name="TEMP" value="2230"/><imc name="TEMP" value="32"/></imc></stmt><stmt><imc name="MOVE"><imc name="TEMP" value="2231"/><imc name="CONST" value="-88"/></imc></stmt><stmt><imc name="MOVE"><imc name="TEMP" value="2232"/><imc name="BINOP" value="ADD"><imc name="TEMP" value="2230"/><imc name="TEMP" value="2231"/></imc></imc></stmt><stmt><imc name="MOVE"><imc name="MEM"><imc name="TEMP" value="2232"/></imc><imc name="TEMP" value="2229"/></imc></stmt><stmt><imc name="LABEL" value="L122"/></stmt><stmt><imc name="MOVE"><imc name="TEMP" value="2233"/><imc name="TEMP" value="32"/></imc></stmt><stmt><imc name="MOVE"><imc name="TEMP" value="2234"/><imc name="CONST" value="-88"/></imc></stmt><stmt><imc name="MOVE"><imc name="TEMP" value="2235"/><imc name="BINOP" value="ADD"><imc name="TEMP" value="2233"/><imc name="TEMP" value="2234"/></imc></imc></stmt><stmt><imc name="MOVE"><imc name="TEMP" value="2236"/><imc name="MEM"><imc name="TEMP" value="2235"/></imc></imc></stmt><stmt><imc name="MOVE"><imc name="TEMP" value="2237"/><imc name="CONST" value="9"/></imc></stmt><stmt><imc name="MOVE"><imc name="TEMP" value="2238"/><imc name="BINOP" value="LTH"><imc name="TEMP" value="2236"/><imc name="TEMP" value="2237"/></imc></imc></stmt><stmt><imc name="CJUMP" value="L121:L129"><imc name="TEMP" value="2238"/></imc></stmt><stmt><imc name="LABEL" value="L121"/></stmt><stmt><imc name="MOVE"><imc name="TEMP" value="2239"/><imc name="TEMP" value="32"/></imc></stmt><stmt><imc name="MOVE"><imc name="TEMP" value="2240"/><imc name="MEM"><imc name="TEMP" value="2239"/></imc></imc></stmt><stmt><imc name="MOVE"><imc name="TEMP" value="2241"/><imc name="CONST" value="8"/></imc></stmt><stmt><imc name="MOVE"><imc name="TEMP" value="2242"/><imc name="BINOP" value="ADD"><imc name="TEMP" value="2240"/><imc name="TEMP" value="2241"/></imc></imc></stmt><stmt><imc name="MOVE"><imc name="TEMP" value="2243"/><imc name="MEM"><imc name="TEMP" value="2242"/></imc></imc></stmt><stmt><imc name="MOVE"><imc name="TEMP" value="2244"/><imc name="TEMP" value="32"/></imc></stmt><stmt><imc name="MOVE"><imc name="TEMP" value="2245"/><imc name="CONST" value="-88"/></imc></stmt><stmt><imc name="MOVE"><imc name="TEMP" value="2246"/><imc name="BINOP" value="ADD"><imc name="TEMP" value="2244"/><imc name="TEMP" value="2245"/></imc></imc></stmt><stmt><imc name="MOVE"><imc name="TEMP" value="2247"/><imc name="MEM"><imc name="TEMP" value="2246"/></imc></imc></stmt><stmt><imc name="MOVE"><imc name="TEMP" value="2248"/><imc name="CONST" value="72"/></imc></stmt><stmt><imc name="MOVE"><imc name="TEMP" value="2249"/><imc name="BINOP" value="MUL"><imc name="TEMP" value="2247"/><imc name="TEMP" value="2248"/></imc></imc></stmt><stmt><imc name="MOVE"><imc name="TEMP" value="2250"/><imc name="BINOP" value="ADD"><imc name="TEMP" value="2243"/><imc name="TEMP" value="2249"/></imc></imc></stmt><stmt><imc name="MOVE"><imc name="TEMP" value="2251"/><imc name="TEMP" value="32"/></imc></stmt><stmt><imc name="MOVE"><imc name="TEMP" value="2252"/><imc name="CONST" value="8"/></imc></stmt><stmt><imc name="MOVE"><imc name="TEMP" value="2253"/><imc name="BINOP" value="ADD"><imc name="TEMP" value="2251"/><imc name="TEMP" value="2252"/></imc></imc></stmt><stmt><imc name="MOVE"><imc name="TEMP" value="2254"/><imc name="MEM"><imc name="TEMP" value="2253"/></imc></imc></stmt><stmt><imc name="MOVE"><imc name="TEMP" value="2255"/><imc name="CONST" value="8"/></imc></stmt><stmt><imc name="MOVE"><imc name="TEMP" value="2256"/><imc name="BINOP" value="MUL"><imc name="TEMP" value="2254"/><imc name="TEMP" value="2255"/></imc></imc></stmt><stmt><imc name="MOVE"><imc name="TEMP" value="2257"/><imc name="BINOP" value="ADD"><imc name="TEMP" value="2250"/><imc name="TEMP" value="2256"/></imc></imc></stmt><stmt><imc name="MOVE"><imc name="TEMP" value="2258"/><imc name="MEM"><imc name="TEMP" value="2257"/></imc></imc></stmt><stmt><imc name="MOVE"><imc name="TEMP" value="2259"/><imc name="CONST" value="0"/></imc></stmt><stmt><imc name="MOVE"><imc name="TEMP" value="2260"/><imc name="BINOP" value="NEQ"><imc name="TEMP" value="2258"/><imc name="TEMP" value="2259"/></imc></imc></stmt><stmt><imc name="CJUMP" value="L123:L128"><imc name="TEMP" value="2260"/></imc></stmt><stmt><imc name="LABEL" value="L123"/></stmt><stmt><imc name="MOVE"><imc name="TEMP" value="2261"/><imc name="TEMP" value="32"/></imc></stmt><stmt><imc name="MOVE"><imc name="TEMP" value="2262"/><imc name="CONST" value="-80"/></imc></stmt><stmt><imc name="MOVE"><imc name="TEMP" value="2263"/><imc name="BINOP" value="ADD"><imc name="TEMP" value="2261"/><imc name="TEMP" value="2262"/></imc></imc></stmt><stmt><imc name="MOVE"><imc name="TEMP" value="2264"/><imc name="TEMP" value="32"/></imc></stmt><stmt><imc name="MOVE"><imc name="TEMP" value="2265"/><imc name="MEM"><imc name="TEMP" value="2264"/></imc></imc></stmt><stmt><imc name="MOVE"><imc name="TEMP" value="2266"/><imc name="CONST" value="8"/></imc></stmt><stmt><imc name="MOVE"><imc name="TEMP" value="2267"/><imc name="BINOP" value="ADD"><imc name="TEMP" value="2265"/><imc name="TEMP" value="2266"/></imc></imc></stmt><stmt><imc name="MOVE"><imc name="TEMP" value="2268"/><imc name="MEM"><imc name="TEMP" value="2267"/></imc></imc></stmt><stmt><imc name="MOVE"><imc name="TEMP" value="2269"/><imc name="TEMP" value="32"/></imc></stmt><stmt><imc name="MOVE"><imc name="TEMP" value="2270"/><imc name="CONST" value="-88"/></imc></stmt><stmt><imc name="MOVE"><imc name="TEMP" value="2271"/><imc name="BINOP" value="ADD"><imc name="TEMP" value="2269"/><imc name="TEMP" value="2270"/></imc></imc></stmt><stmt><imc name="MOVE"><imc name="TEMP" value="2272"/><imc name="MEM"><imc name="TEMP" value="2271"/></imc></imc></stmt><stmt><imc name="MOVE"><imc name="TEMP" value="2273"/><imc name="CONST" value="72"/></imc></stmt><stmt><imc name="MOVE"><imc name="TEMP" value="2274"/><imc name="BINOP" value="MUL"><imc name="TEMP" value="2272"/><imc name="TEMP" value="2273"/></imc></imc></stmt><stmt><imc name="MOVE"><imc name="TEMP" value="2275"/><imc name="BINOP" value="ADD"><imc name="TEMP" value="2268"/><imc name="TEMP" value="2274"/></imc></imc></stmt><stmt><imc name="MOVE"><imc name="TEMP" value="2276"/><imc name="TEMP" value="32"/></imc></stmt><stmt><imc name="MOVE"><imc name="TEMP" value="2277"/><imc name="CONST" value="8"/></imc></stmt><stmt><imc name="MOVE"><imc name="TEMP" value="2278"/><imc name="BINOP" value="ADD"><imc name="TEMP" value="2276"/><imc name="TEMP" value="2277"/></imc></imc></stmt><stmt><imc name="MOVE"><imc name="TEMP" value="2279"/><imc name="MEM"><imc name="TEMP" value="2278"/></imc></imc></stmt><stmt><imc name="MOVE"><imc name="TEMP" value="2280"/><imc name="CONST" value="8"/></imc></stmt><stmt><imc name="MOVE"><imc name="TEMP" value="2281"/><imc name="BINOP" value="MUL"><imc name="TEMP" value="2279"/><imc name="TEMP" value="2280"/></imc></imc></stmt><stmt><imc name="MOVE"><imc name="TEMP" value="2282"/><imc name="BINOP" value="ADD"><imc name="TEMP" value="2275"/><imc name="TEMP" value="2281"/></imc></imc></stmt><stmt><imc name="MOVE"><imc name="TEMP" value="2283"/><imc name="MEM"><imc name="TEMP" value="2282"/></imc></imc></stmt><stmt><imc name="MOVE"><imc name="TEMP" value="2284"/><imc name="CONST" value="8"/></imc></stmt><stmt><imc name="MOVE"><imc name="TEMP" value="2285"/><imc name="BINOP" value="MUL"><imc name="TEMP" value="2283"/><imc name="TEMP" value="2284"/></imc></imc></stmt><stmt><imc name="MOVE"><imc name="TEMP" value="2286"/><imc name="BINOP" value="ADD"><imc name="TEMP" value="2263"/><imc name="TEMP" value="2285"/></imc></imc></stmt><stmt><imc name="MOVE"><imc name="TEMP" value="2287"/><imc name="MEM"><imc name="TEMP" value="2286"/></imc></imc></stmt><stmt><imc name="CJUMP" value="L125:L127"><imc name="TEMP" value="2287"/></imc></stmt><stmt><imc name="LABEL" value="L125"/></stmt><stmt><imc name="MOVE"><imc name="TEMP" value="2288"/><imc name="CONST" value="0"/></imc></stmt><stmt><imc name="MOVE"><imc name="TEMP" value="2289"/><imc name="TEMP" value="32"/></imc></stmt><stmt><imc name="MOVE"><imc name="TEMP" value="2290"/><imc name="CONST" value="-96"/></imc></stmt><stmt><imc name="MOVE"><imc name="TEMP" value="2291"/><imc name="BINOP" value="ADD"><imc name="TEMP" value="2289"/><imc name="TEMP" value="2290"/></imc></imc></stmt><stmt><imc name="MOVE"><imc name="MEM"><imc name="TEMP" value="2291"/></imc><imc name="TEMP" value="2288"/></imc></stmt><stmt><imc name="JUMP" value="L126"/></stmt><stmt><imc name="LABEL" value="L127"/></stmt><stmt><imc name="MOVE"><imc name="TEMP" value="2292"/><imc name="CONST" value="1"/></imc></stmt><stmt><imc name="MOVE"><imc name="TEMP" value="2293"/><imc name="TEMP" value="32"/></imc></stmt><stmt><imc name="MOVE"><imc name="TEMP" value="2294"/><imc name="CONST" value="-80"/></imc></stmt><stmt><imc name="MOVE"><imc name="TEMP" value="2295"/><imc name="BINOP" value="ADD"><imc name="TEMP" value="2293"/><imc name="TEMP" value="2294"/></imc></imc></stmt><stmt><imc name="MOVE"><imc name="TEMP" value="2296"/><imc name="TEMP" value="32"/></imc></stmt><stmt><imc name="MOVE"><imc name="TEMP" value="2297"/><imc name="MEM"><imc name="TEMP" value="2296"/></imc></imc></stmt><stmt><imc name="MOVE"><imc name="TEMP" value="2298"/><imc name="CONST" value="8"/></imc></stmt><stmt><imc name="MOVE"><imc name="TEMP" value="2299"/><imc name="BINOP" value="ADD"><imc name="TEMP" value="2297"/><imc name="TEMP" value="2298"/></imc></imc></stmt><stmt><imc name="MOVE"><imc name="TEMP" value="2300"/><imc name="MEM"><imc name="TEMP" value="2299"/></imc></imc></stmt><stmt><imc name="MOVE"><imc name="TEMP" value="2301"/><imc name="TEMP" value="32"/></imc></stmt><stmt><imc name="MOVE"><imc name="TEMP" value="2302"/><imc name="CONST" value="-88"/></imc></stmt><stmt><imc name="MOVE"><imc name="TEMP" value="2303"/><imc name="BINOP" value="ADD"><imc name="TEMP" value="2301"/><imc name="TEMP" value="2302"/></imc></imc></stmt><stmt><imc name="MOVE"><imc name="TEMP" value="2304"/><imc name="MEM"><imc name="TEMP" value="2303"/></imc></imc></stmt><stmt><imc name="MOVE"><imc name="TEMP" value="2305"/><imc name="CONST" value="72"/></imc></stmt><stmt><imc name="MOVE"><imc name="TEMP" value="2306"/><imc name="BINOP" value="MUL"><imc name="TEMP" value="2304"/><imc name="TEMP" value="2305"/></imc></imc></stmt><stmt><imc name="MOVE"><imc name="TEMP" value="2307"/><imc name="BINOP" value="ADD"><imc name="TEMP" value="2300"/><imc name="TEMP" value="2306"/></imc></imc></stmt><stmt><imc name="MOVE"><imc name="TEMP" value="2308"/><imc name="TEMP" value="32"/></imc></stmt><stmt><imc name="MOVE"><imc name="TEMP" value="2309"/><imc name="CONST" value="8"/></imc></stmt><stmt><imc name="MOVE"><imc name="TEMP" value="2310"/><imc name="BINOP" value="ADD"><imc name="TEMP" value="2308"/><imc name="TEMP" value="2309"/></imc></imc></stmt><stmt><imc name="MOVE"><imc name="TEMP" value="2311"/><imc name="MEM"><imc name="TEMP" value="2310"/></imc></imc></stmt><stmt><imc name="MOVE"><imc name="TEMP" value="2312"/><imc name="CONST" value="8"/></imc></stmt><stmt><imc name="MOVE"><imc name="TEMP" value="2313"/><imc name="BINOP" value="MUL"><imc name="TEMP" value="2311"/><imc name="TEMP" value="2312"/></imc></imc></stmt><stmt><imc name="MOVE"><imc name="TEMP" value="2314"/><imc name="BINOP" value="ADD"><imc name="TEMP" value="2307"/><imc name="TEMP" value="2313"/></imc></imc></stmt><stmt><imc name="MOVE"><imc name="TEMP" value="2315"/><imc name="MEM"><imc name="TEMP" value="2314"/></imc></imc></stmt><stmt><imc name="MOVE"><imc name="TEMP" value="2316"/><imc name="CONST" value="8"/></imc></stmt><stmt><imc name="MOVE"><imc name="TEMP" value="2317"/><imc name="BINOP" value="MUL"><imc name="TEMP" value="2315"/><imc name="TEMP" value="2316"/></imc></imc></stmt><stmt><imc name="MOVE"><imc name="TEMP" value="2318"/><imc name="BINOP" value="ADD"><imc name="TEMP" value="2295"/><imc name="TEMP" value="2317"/></imc></imc></stmt><stmt><imc name="MOVE"><imc name="MEM"><imc name="TEMP" value="2318"/></imc><imc name="TEMP" value="2292"/></imc></stmt><stmt><imc name="LABEL" value="L126"/></stmt><stmt><imc name="JUMP" value="L124"/></stmt><stmt><imc name="LABEL" value="L128"/></stmt><stmt><imc name="LABEL" value="L124"/></stmt><stmt><imc name="MOVE"><imc name="TEMP" value="2319"/><imc name="TEMP" value="32"/></imc></stmt><stmt><imc name="MOVE"><imc name="TEMP" value="2320"/><imc name="CONST" value="-88"/></imc></stmt><stmt><imc name="MOVE"><imc name="TEMP" value="2321"/><imc name="BINOP" value="ADD"><imc name="TEMP" value="2319"/><imc name="TEMP" value="2320"/></imc></imc></stmt><stmt><imc name="MOVE"><imc name="TEMP" value="2322"/><imc name="MEM"><imc name="TEMP" value="2321"/></imc></imc></stmt><stmt><imc name="MOVE"><imc name="TEMP" value="2323"/><imc name="CONST" value="1"/></imc></stmt><stmt><imc name="MOVE"><imc name="TEMP" value="2324"/><imc name="BINOP" value="ADD"><imc name="TEMP" value="2322"/><imc name="TEMP" value="2323"/></imc></imc></stmt><stmt><imc name="MOVE"><imc name="TEMP" value="2325"/><imc name="TEMP" value="32"/></imc></stmt><stmt><imc name="MOVE"><imc name="TEMP" value="2326"/><imc name="CONST" value="-88"/></imc></stmt><stmt><imc name="MOVE"><imc name="TEMP" value="2327"/><imc name="BINOP" value="ADD"><imc name="TEMP" value="2325"/><imc name="TEMP" value="2326"/></imc></imc></stmt><stmt><imc name="MOVE"><imc name="MEM"><imc name="TEMP" value="2327"/></imc><imc name="TEMP" value="2324"/></imc></stmt><stmt><imc name="JUMP" value="L122"/></stmt><stmt><imc name="LABEL" value="L129"/></stmt><stmt><imc name="MOVE"><imc name="TEMP" value="2328"/><imc name="TEMP" value="32"/></imc></stmt><stmt><imc name="MOVE"><imc name="TEMP" value="2329"/><imc name="CONST" value="-96"/></imc></stmt><stmt><imc name="MOVE"><imc name="TEMP" value="2330"/><imc name="BINOP" value="ADD"><imc name="TEMP" value="2328"/><imc name="TEMP" value="2329"/></imc></imc></stmt><stmt><imc name="MOVE"><imc name="TEMP" value="33"/><imc name="MEM"><imc name="TEMP" value="2330"/></imc></imc></stmt><stmt><imc name="JUMP" value="L195"/></stmt></codechunk><codechunk entrylabel="L196" exitlabel="L197"><frame FP="T34" RV="T35" argssize="0" depth="2" label="L28" locssize="112" size="128"/><stmt><imc name="LABEL" value="L196"/></stmt><stmt><imc name="MOVE"><imc name="TEMP" value="2331"/><imc name="CONST" value="1"/></imc></stmt><stmt><imc name="MOVE"><imc name="TEMP" value="2332"/><imc name="TEMP" value="34"/></imc></stmt><stmt><imc name="MOVE"><imc name="TEMP" value="2333"/><imc name="CONST" value="-112"/></imc></stmt><stmt><imc name="MOVE"><imc name="TEMP" value="2334"/><imc name="BINOP" value="ADD"><imc name="TEMP" value="2332"/><imc name="TEMP" value="2333"/></imc></imc></stmt><stmt><imc name="MOVE"><imc name="MEM"><imc name="TEMP" value="2334"/></imc><imc name="TEMP" value="2331"/></imc></stmt><stmt><imc name="MOVE"><imc name="TEMP" value="2335"/><imc name="CONST" value="1"/></imc></stmt><stmt><imc name="MOVE"><imc name="TEMP" value="2336"/><imc name="TEMP" value="34"/></imc></stmt><stmt><imc name="MOVE"><imc name="TEMP" value="2337"/><imc name="CONST" value="-104"/></imc></stmt><stmt><imc name="MOVE"><imc name="TEMP" value="2338"/><imc name="BINOP" value="ADD"><imc name="TEMP" value="2336"/><imc name="TEMP" value="2337"/></imc></imc></stmt><stmt><imc name="MOVE"><imc name="MEM"><imc name="TEMP" value="2338"/></imc><imc name="TEMP" value="2335"/></imc></stmt><stmt><imc name="LABEL" value="L131"/></stmt><stmt><imc name="MOVE"><imc name="TEMP" value="2339"/><imc name="TEMP" value="34"/></imc></stmt><stmt><imc name="MOVE"><imc name="TEMP" value="2340"/><imc name="CONST" value="-104"/></imc></stmt><stmt><imc name="MOVE"><imc name="TEMP" value="2341"/><imc name="BINOP" value="ADD"><imc name="TEMP" value="2339"/><imc name="TEMP" value="2340"/></imc></imc></stmt><stmt><imc name="MOVE"><imc name="TEMP" value="2342"/><imc name="MEM"><imc name="TEMP" value="2341"/></imc></imc></stmt><stmt><imc name="MOVE"><imc name="TEMP" value="2343"/><imc name="CONST" value="9"/></imc></stmt><stmt><imc name="MOVE"><imc name="TEMP" value="2344"/><imc name="BINOP" value="LEQ"><imc name="TEMP" value="2342"/><imc name="TEMP" value="2343"/></imc></imc></stmt><stmt><imc name="CJUMP" value="L130:L132"><imc name="TEMP" value="2344"/></imc></stmt><stmt><imc name="LABEL" value="L130"/></stmt><stmt><imc name="MOVE"><imc name="TEMP" value="2345"/><imc name="CONST" value="0"/></imc></stmt><stmt><imc name="MOVE"><imc name="TEMP" value="2346"/><imc name="TEMP" value="34"/></imc></stmt><stmt><imc name="MOVE"><imc name="TEMP" value="2347"/><imc name="CONST" value="-80"/></imc></stmt><stmt><imc name="MOVE"><imc name="TEMP" value="2348"/><imc name="BINOP" value="ADD"><imc name="TEMP" value="2346"/><imc name="TEMP" value="2347"/></imc></imc></stmt><stmt><imc name="MOVE"><imc name="TEMP" value="2349"/><imc name="TEMP" value="34"/></imc></stmt><stmt><imc name="MOVE"><imc name="TEMP" value="2350"/><imc name="CONST" value="-104"/></imc></stmt><stmt><imc name="MOVE"><imc name="TEMP" value="2351"/><imc name="BINOP" value="ADD"><imc name="TEMP" value="2349"/><imc name="TEMP" value="2350"/></imc></imc></stmt><stmt><imc name="MOVE"><imc name="TEMP" value="2352"/><imc name="MEM"><imc name="TEMP" value="2351"/></imc></imc></stmt><stmt><imc name="MOVE"><imc name="TEMP" value="2353"/><imc name="CONST" value="8"/></imc></stmt><stmt><imc name="MOVE"><imc name="TEMP" value="2354"/><imc name="BINOP" value="MUL"><imc name="TEMP" value="2352"/><imc name="TEMP" value="2353"/></imc></imc></stmt><stmt><imc name="MOVE"><imc name="TEMP" value="2355"/><imc name="BINOP" value="ADD"><imc name="TEMP" value="2348"/><imc name="TEMP" value="2354"/></imc></imc></stmt><stmt><imc name="MOVE"><imc name="MEM"><imc name="TEMP" value="2355"/></imc><imc name="TEMP" value="2345"/></imc></stmt><stmt><imc name="MOVE"><imc name="TEMP" value="2356"/><imc name="TEMP" value="34"/></imc></stmt><stmt><imc name="MOVE"><imc name="TEMP" value="2357"/><imc name="CONST" value="-104"/></imc></stmt><stmt><imc name="MOVE"><imc name="TEMP" value="2358"/><imc name="BINOP" value="ADD"><imc name="TEMP" value="2356"/><imc name="TEMP" value="2357"/></imc></imc></stmt><stmt><imc name="MOVE"><imc name="TEMP" value="2359"/><imc name="MEM"><imc name="TEMP" value="2358"/></imc></imc></stmt><stmt><imc name="MOVE"><imc name="TEMP" value="2360"/><imc name="CONST" value="1"/></imc></stmt><stmt><imc name="MOVE"><imc name="TEMP" value="2361"/><imc name="BINOP" value="ADD"><imc name="TEMP" value="2359"/><imc name="TEMP" value="2360"/></imc></imc></stmt><stmt><imc name="MOVE"><imc name="TEMP" value="2362"/><imc name="TEMP" value="34"/></imc></stmt><stmt><imc name="MOVE"><imc name="TEMP" value="2363"/><imc name="CONST" value="-104"/></imc></stmt><stmt><imc name="MOVE"><imc name="TEMP" value="2364"/><imc name="BINOP" value="ADD"><imc name="TEMP" value="2362"/><imc name="TEMP" value="2363"/></imc></imc></stmt><stmt><imc name="MOVE"><imc name="MEM"><imc name="TEMP" value="2364"/></imc><imc name="TEMP" value="2361"/></imc></stmt><stmt><imc name="JUMP" value="L131"/></stmt><stmt><imc name="LABEL" value="L132"/></stmt><stmt><imc name="MOVE"><imc name="TEMP" value="2365"/><imc name="CONST" value="0"/></imc></stmt><stmt><imc name="MOVE"><imc name="TEMP" value="2366"/><imc name="TEMP" value="34"/></imc></stmt><stmt><imc name="MOVE"><imc name="TEMP" value="2367"/><imc name="CONST" value="-96"/></imc></stmt><stmt><imc name="MOVE"><imc name="TEMP" value="2368"/><imc name="BINOP" value="ADD"><imc name="TEMP" value="2366"/><imc name="TEMP" value="2367"/></imc></imc></stmt><stmt><imc name="MOVE"><imc name="MEM"><imc name="TEMP" value="2368"/></imc><imc name="TEMP" value="2365"/></imc></stmt><stmt><imc name="LABEL" value="L134"/></stmt><stmt><imc name="MOVE"><imc name="TEMP" value="2369"/><imc name="TEMP" value="34"/></imc></stmt><stmt><imc name="MOVE"><imc name="TEMP" value="2370"/><imc name="CONST" value="-96"/></imc></stmt><stmt><imc name="MOVE"><imc name="TEMP" value="2371"/><imc name="BINOP" value="ADD"><imc name="TEMP" value="2369"/><imc name="TEMP" value="2370"/></imc></imc></stmt><stmt><imc name="MOVE"><imc name="TEMP" value="2372"/><imc name="MEM"><imc name="TEMP" value="2371"/></imc></imc></stmt><stmt><imc name="MOVE"><imc name="TEMP" value="2373"/><imc name="CONST" value="3"/></imc></stmt><stmt><imc name="MOVE"><imc name="TEMP" value="2374"/><imc name="BINOP" value="LTH"><imc name="TEMP" value="2372"/><imc name="TEMP" value="2373"/></imc></imc></stmt><stmt><imc name="CJUMP" value="L133:L144"><imc name="TEMP" value="2374"/></imc></stmt><stmt><imc name="LABEL" value="L133"/></stmt><stmt><imc name="MOVE"><imc name="TEMP" value="2375"/><imc name="CONST" value="0"/></imc></stmt><stmt><imc name="MOVE"><imc name="TEMP" value="2376"/><imc name="TEMP" value="34"/></imc></stmt><stmt><imc name="MOVE"><imc name="TEMP" value="2377"/><imc name="CONST" value="-88"/></imc></stmt><stmt><imc name="MOVE"><imc name="TEMP" value="2378"/><imc name="BINOP" value="ADD"><imc name="TEMP" value="2376"/><imc name="TEMP" value="2377"/></imc></imc></stmt><stmt><imc name="MOVE"><imc name="MEM"><imc name="TEMP" value="2378"/></imc><imc name="TEMP" value="2375"/></imc></stmt><stmt><imc name="LABEL" value="L136"/></stmt><stmt><imc name="MOVE"><imc name="TEMP" value="2379"/><imc name="TEMP" value="34"/></imc></stmt><stmt><imc name="MOVE"><imc name="TEMP" value="2380"/><imc name="CONST" value="-88"/></imc></stmt><stmt><imc name="MOVE"><imc name="TEMP" value="2381"/><imc name="BINOP" value="ADD"><imc name="TEMP" value="2379"/><imc name="TEMP" value="2380"/></imc></imc></stmt><stmt><imc name="MOVE"><imc name="TEMP" value="2382"/><imc name="MEM"><imc name="TEMP" value="2381"/></imc></imc></stmt><stmt><imc name="MOVE"><imc name="TEMP" value="2383"/><imc name="CONST" value="3"/></imc></stmt><stmt><imc name="MOVE"><imc name="TEMP" value="2384"/><imc name="BINOP" value="LTH"><imc name="TEMP" value="2382"/><imc name="TEMP" value="2383"/></imc></imc></stmt><stmt><imc name="CJUMP" value="L135:L143"><imc name="TEMP" value="2384"/></imc></stmt><stmt><imc name="LABEL" value="L135"/></stmt><stmt><imc name="MOVE"><imc name="TEMP" value="2385"/><imc name="TEMP" value="34"/></imc></stmt><stmt><imc name="MOVE"><imc name="TEMP" value="2386"/><imc name="MEM"><imc name="TEMP" value="2385"/></imc></imc></stmt><stmt><imc name="MOVE"><imc name="TEMP" value="2387"/><imc name="CONST" value="8"/></imc></stmt><stmt><imc name="MOVE"><imc name="TEMP" value="2388"/><imc name="BINOP" value="ADD"><imc name="TEMP" value="2386"/><imc name="TEMP" value="2387"/></imc></imc></stmt><stmt><imc name="MOVE"><imc name="TEMP" value="2389"/><imc name="MEM"><imc name="TEMP" value="2388"/></imc></imc></stmt><stmt><imc name="MOVE"><imc name="TEMP" value="2390"/><imc name="TEMP" value="34"/></imc></stmt><stmt><imc name="MOVE"><imc name="TEMP" value="2391"/><imc name="CONST" value="16"/></imc></stmt><stmt><imc name="MOVE"><imc name="TEMP" value="2392"/><imc name="BINOP" value="ADD"><imc name="TEMP" value="2390"/><imc name="TEMP" value="2391"/></imc></imc></stmt><stmt><imc name="MOVE"><imc name="TEMP" value="2393"/><imc name="MEM"><imc name="TEMP" value="2392"/></imc></imc></stmt><stmt><imc name="MOVE"><imc name="TEMP" value="2394"/><imc name="CONST" value="3"/></imc></stmt><stmt><imc name="MOVE"><imc name="TEMP" value="2395"/><imc name="BINOP" value="MUL"><imc name="TEMP" value="2393"/><imc name="TEMP" value="2394"/></imc></imc></stmt><stmt><imc name="MOVE"><imc name="TEMP" value="2396"/><imc name="TEMP" value="34"/></imc></stmt><stmt><imc name="MOVE"><imc name="TEMP" value="2397"/><imc name="CONST" value="-96"/></imc></stmt><stmt><imc name="MOVE"><imc name="TEMP" value="2398"/><imc name="BINOP" value="ADD"><imc name="TEMP" value="2396"/><imc name="TEMP" value="2397"/></imc></imc></stmt><stmt><imc name="MOVE"><imc name="TEMP" value="2399"/><imc name="MEM"><imc name="TEMP" value="2398"/></imc></imc></stmt><stmt><imc name="MOVE"><imc name="TEMP" value="2400"/><imc name="BINOP" value="ADD"><imc name="TEMP" value="2395"/><imc name="TEMP" value="2399"/></imc></imc></stmt><stmt><imc name="MOVE"><imc name="TEMP" value="2401"/><imc name="CONST" value="72"/></imc></stmt><stmt><imc name="MOVE"><imc name="TEMP" value="2402"/><imc name="BINOP" value="MUL"><imc name="TEMP" value="2400"/><imc name="TEMP" value="2401"/></imc></imc></stmt><stmt><imc name="MOVE"><imc name="TEMP" value="2403"/><imc name="BINOP" value="ADD"><imc name="TEMP" value="2389"/><imc name="TEMP" value="2402"/></imc></imc></stmt><stmt><imc name="MOVE"><imc name="TEMP" value="2404"/><imc name="TEMP" value="34"/></imc></stmt><stmt><imc name="MOVE"><imc name="TEMP" value="2405"/><imc name="CONST" value="8"/></imc></stmt><stmt><imc name="MOVE"><imc name="TEMP" value="2406"/><imc name="BINOP" value="ADD"><imc name="TEMP" value="2404"/><imc name="TEMP" value="2405"/></imc></imc></stmt><stmt><imc name="MOVE"><imc name="TEMP" value="2407"/><imc name="MEM"><imc name="TEMP" value="2406"/></imc></imc></stmt><stmt><imc name="MOVE"><imc name="TEMP" value="2408"/><imc name="CONST" value="3"/></imc></stmt><stmt><imc name="MOVE"><imc name="TEMP" value="2409"/><imc name="BINOP" value="MUL"><imc name="TEMP" value="2407"/><imc name="TEMP" value="2408"/></imc></imc></stmt><stmt><imc name="MOVE"><imc name="TEMP" value="2410"/><imc name="TEMP" value="34"/></imc></stmt><stmt><imc name="MOVE"><imc name="TEMP" value="2411"/><imc name="CONST" value="-88"/></imc></stmt><stmt><imc name="MOVE"><imc name="TEMP" value="2412"/><imc name="BINOP" value="ADD"><imc name="TEMP" value="2410"/><imc name="TEMP" value="2411"/></imc></imc></stmt><stmt><imc name="MOVE"><imc name="TEMP" value="2413"/><imc name="MEM"><imc name="TEMP" value="2412"/></imc></imc></stmt><stmt><imc name="MOVE"><imc name="TEMP" value="2414"/><imc name="BINOP" value="ADD"><imc name="TEMP" value="2409"/><imc name="TEMP" value="2413"/></imc></imc></stmt><stmt><imc name="MOVE"><imc name="TEMP" value="2415"/><imc name="CONST" value="8"/></imc></stmt><stmt><imc name="MOVE"><imc name="TEMP" value="2416"/><imc name="BINOP" value="MUL"><imc name="TEMP" value="2414"/><imc name="TEMP" value="2415"/></imc></imc></stmt><stmt><imc name="MOVE"><imc name="TEMP" value="2417"/><imc name="BINOP" value="ADD"><imc name="TEMP" value="2403"/><imc name="TEMP" value="2416"/></imc></imc></stmt><stmt><imc name="MOVE"><imc name="TEMP" value="2418"/><imc name="MEM"><imc name="TEMP" value="2417"/></imc></imc></stmt><stmt><imc name="MOVE"><imc name="TEMP" value="2419"/><imc name="CONST" value="0"/></imc></stmt><stmt><imc name="MOVE"><imc name="TEMP" value="2420"/><imc name="BINOP" value="NEQ"><imc name="TEMP" value="2418"/><imc name="TEMP" value="2419"/></imc></imc></stmt><stmt><imc name="CJUMP" value="L137:L142"><imc name="TEMP" value="2420"/></imc></stmt><stmt><imc name="LABEL" value="L137"/></stmt><stmt><imc name="MOVE"><imc name="TEMP" value="2421"/><imc name="TEMP" value="34"/></imc></stmt><stmt><imc name="MOVE"><imc name="TEMP" value="2422"/><imc name="CONST" value="-80"/></imc></stmt><stmt><imc name="MOVE"><imc name="TEMP" value="2423"/><imc name="BINOP" value="ADD"><imc name="TEMP" value="2421"/><imc name="TEMP" value="2422"/></imc></imc></stmt><stmt><imc name="MOVE"><imc name="TEMP" value="2424"/><imc name="TEMP" value="34"/></imc></stmt><stmt><imc name="MOVE"><imc name="TEMP" value="2425"/><imc name="MEM"><imc name="TEMP" value="2424"/></imc></imc></stmt><stmt><imc name="MOVE"><imc name="TEMP" value="2426"/><imc name="CONST" value="8"/></imc></stmt><stmt><imc name="MOVE"><imc name="TEMP" value="2427"/><imc name="BINOP" value="ADD"><imc name="TEMP" value="2425"/><imc name="TEMP" value="2426"/></imc></imc></stmt><stmt><imc name="MOVE"><imc name="TEMP" value="2428"/><imc name="MEM"><imc name="TEMP" value="2427"/></imc></imc></stmt><stmt><imc name="MOVE"><imc name="TEMP" value="2429"/><imc name="TEMP" value="34"/></imc></stmt><stmt><imc name="MOVE"><imc name="TEMP" value="2430"/><imc name="CONST" value="16"/></imc></stmt><stmt><imc name="MOVE"><imc name="TEMP" value="2431"/><imc name="BINOP" value="ADD"><imc name="TEMP" value="2429"/><imc name="TEMP" value="2430"/></imc></imc></stmt><stmt><imc name="MOVE"><imc name="TEMP" value="2432"/><imc name="MEM"><imc name="TEMP" value="2431"/></imc></imc></stmt><stmt><imc name="MOVE"><imc name="TEMP" value="2433"/><imc name="CONST" value="3"/></imc></stmt><stmt><imc name="MOVE"><imc name="TEMP" value="2434"/><imc name="BINOP" value="MUL"><imc name="TEMP" value="2432"/><imc name="TEMP" value="2433"/></imc></imc></stmt><stmt><imc name="MOVE"><imc name="TEMP" value="2435"/><imc name="TEMP" value="34"/></imc></stmt><stmt><imc name="MOVE"><imc name="TEMP" value="2436"/><imc name="CONST" value="-96"/></imc></stmt><stmt><imc name="MOVE"><imc name="TEMP" value="2437"/><imc name="BINOP" value="ADD"><imc name="TEMP" value="2435"/><imc name="TEMP" value="2436"/></imc></imc></stmt><stmt><imc name="MOVE"><imc name="TEMP" value="2438"/><imc name="MEM"><imc name="TEMP" value="2437"/></imc></imc></stmt><stmt><imc name="MOVE"><imc name="TEMP" value="2439"/><imc name="BINOP" value="ADD"><imc name="TEMP" value="2434"/><imc name="TEMP" value="2438"/></imc></imc></stmt><stmt><imc name="MOVE"><imc name="TEMP" value="2440"/><imc name="CONST" value="72"/></imc></stmt><stmt><imc name="MOVE"><imc name="TEMP" value="2441"/><imc name="BINOP" value="MUL"><imc name="TEMP" value="2439"/><imc name="TEMP" value="2440"/></imc></imc></stmt><stmt><imc name="MOVE"><imc name="TEMP" value="2442"/><imc name="BINOP" value="ADD"><imc name="TEMP" value="2428"/><imc name="TEMP" value="2441"/></imc></imc></stmt><stmt><imc name="MOVE"><imc name="TEMP" value="2443"/><imc name="TEMP" value="34"/></imc></stmt><stmt><imc name="MOVE"><imc name="TEMP" value="2444"/><imc name="CONST" value="8"/></imc></stmt><stmt><imc name="MOVE"><imc name="TEMP" value="2445"/><imc name="BINOP" value="ADD"><imc name="TEMP" value="2443"/><imc name="TEMP" value="2444"/></imc></imc></stmt><stmt><imc name="MOVE"><imc name="TEMP" value="2446"/><imc name="MEM"><imc name="TEMP" value="2445"/></imc></imc></stmt><stmt><imc name="MOVE"><imc name="TEMP" value="2447"/><imc name="CONST" value="3"/></imc></stmt><stmt><imc name="MOVE"><imc name="TEMP" value="2448"/><imc name="BINOP" value="MUL"><imc name="TEMP" value="2446"/><imc name="TEMP" value="2447"/></imc></imc></stmt><stmt><imc name="MOVE"><imc name="TEMP" value="2449"/><imc name="TEMP" value="34"/></imc></stmt><stmt><imc name="MOVE"><imc name="TEMP" value="2450"/><imc name="CONST" value="-88"/></imc></stmt><stmt><imc name="MOVE"><imc name="TEMP" value="2451"/><imc name="BINOP" value="ADD"><imc name="TEMP" value="2449"/><imc name="TEMP" value="2450"/></imc></imc></stmt><stmt><imc name="MOVE"><imc name="TEMP" value="2452"/><imc name="MEM"><imc name="TEMP" value="2451"/></imc></imc></stmt><stmt><imc name="MOVE"><imc name="TEMP" value="2453"/><imc name="BINOP" value="ADD"><imc name="TEMP" value="2448"/><imc name="TEMP" value="2452"/></imc></imc></stmt><stmt><imc name="MOVE"><imc name="TEMP" value="2454"/><imc name="CONST" value="8"/></imc></stmt><stmt><imc name="MOVE"><imc name="TEMP" value="2455"/><imc name="BINOP" value="MUL"><imc name="TEMP" value="2453"/><imc name="TEMP" value="2454"/></imc></imc></stmt><stmt><imc name="MOVE"><imc name="TEMP" value="2456"/><imc name="BINOP" value="ADD"><imc name="TEMP" value="2442"/><imc name="TEMP" value="2455"/></imc></imc></stmt><stmt><imc name="MOVE"><imc name="TEMP" value="2457"/><imc name="MEM"><imc name="TEMP" value="2456"/></imc></imc></stmt><stmt><imc name="MOVE"><imc name="TEMP" value="2458"/><imc name="CONST" value="8"/></imc></stmt><stmt><imc name="MOVE"><imc name="TEMP" value="2459"/><imc name="BINOP" value="MUL"><imc name="TEMP" value="2457"/><imc name="TEMP" value="2458"/></imc></imc></stmt><stmt><imc name="MOVE"><imc name="TEMP" value="2460"/><imc name="BINOP" value="ADD"><imc name="TEMP" value="2423"/><imc name="TEMP" value="2459"/></imc></imc></stmt><stmt><imc name="MOVE"><imc name="TEMP" value="2461"/><imc name="MEM"><imc name="TEMP" value="2460"/></imc></imc></stmt><stmt><imc name="CJUMP" value="L139:L141"><imc name="TEMP" value="2461"/></imc></stmt><stmt><imc name="LABEL" value="L139"/></stmt><stmt><imc name="MOVE"><imc name="TEMP" value="2462"/><imc name="CONST" value="0"/></imc></stmt><stmt><imc name="MOVE"><imc name="TEMP" value="2463"/><imc name="TEMP" value="34"/></imc></stmt><stmt><imc name="MOVE"><imc name="TEMP" value="2464"/><imc name="CONST" value="-112"/></imc></stmt><stmt><imc name="MOVE"><imc name="TEMP" value="2465"/><imc name="BINOP" value="ADD"><imc name="TEMP" value="2463"/><imc name="TEMP" value="2464"/></imc></imc></stmt><stmt><imc name="MOVE"><imc name="MEM"><imc name="TEMP" value="2465"/></imc><imc name="TEMP" value="2462"/></imc></stmt><stmt><imc name="JUMP" value="L140"/></stmt><stmt><imc name="LABEL" value="L141"/></stmt><stmt><imc name="MOVE"><imc name="TEMP" value="2466"/><imc name="CONST" value="1"/></imc></stmt><stmt><imc name="MOVE"><imc name="TEMP" value="2467"/><imc name="TEMP" value="34"/></imc></stmt><stmt><imc name="MOVE"><imc name="TEMP" value="2468"/><imc name="CONST" value="-80"/></imc></stmt><stmt><imc name="MOVE"><imc name="TEMP" value="2469"/><imc name="BINOP" value="ADD"><imc name="TEMP" value="2467"/><imc name="TEMP" value="2468"/></imc></imc></stmt><stmt><imc name="MOVE"><imc name="TEMP" value="2470"/><imc name="TEMP" value="34"/></imc></stmt><stmt><imc name="MOVE"><imc name="TEMP" value="2471"/><imc name="MEM"><imc name="TEMP" value="2470"/></imc></imc></stmt><stmt><imc name="MOVE"><imc name="TEMP" value="2472"/><imc name="CONST" value="8"/></imc></stmt><stmt><imc name="MOVE"><imc name="TEMP" value="2473"/><imc name="BINOP" value="ADD"><imc name="TEMP" value="2471"/><imc name="TEMP" value="2472"/></imc></imc></stmt><stmt><imc name="MOVE"><imc name="TEMP" value="2474"/><imc name="MEM"><imc name="TEMP" value="2473"/></imc></imc></stmt><stmt><imc name="MOVE"><imc name="TEMP" value="2475"/><imc name="TEMP" value="34"/></imc></stmt><stmt><imc name="MOVE"><imc name="TEMP" value="2476"/><imc name="CONST" value="16"/></imc></stmt><stmt><imc name="MOVE"><imc name="TEMP" value="2477"/><imc name="BINOP" value="ADD"><imc name="TEMP" value="2475"/><imc name="TEMP" value="2476"/></imc></imc></stmt><stmt><imc name="MOVE"><imc name="TEMP" value="2478"/><imc name="MEM"><imc name="TEMP" value="2477"/></imc></imc></stmt><stmt><imc name="MOVE"><imc name="TEMP" value="2479"/><imc name="CONST" value="3"/></imc></stmt><stmt><imc name="MOVE"><imc name="TEMP" value="2480"/><imc name="BINOP" value="MUL"><imc name="TEMP" value="2478"/><imc name="TEMP" value="2479"/></imc></imc></stmt><stmt><imc name="MOVE"><imc name="TEMP" value="2481"/><imc name="TEMP" value="34"/></imc></stmt><stmt><imc name="MOVE"><imc name="TEMP" value="2482"/><imc name="CONST" value="-96"/></imc></stmt><stmt><imc name="MOVE"><imc name="TEMP" value="2483"/><imc name="BINOP" value="ADD"><imc name="TEMP" value="2481"/><imc name="TEMP" value="2482"/></imc></imc></stmt><stmt><imc name="MOVE"><imc name="TEMP" value="2484"/><imc name="MEM"><imc name="TEMP" value="2483"/></imc></imc></stmt><stmt><imc name="MOVE"><imc name="TEMP" value="2485"/><imc name="BINOP" value="ADD"><imc name="TEMP" value="2480"/><imc name="TEMP" value="2484"/></imc></imc></stmt><stmt><imc name="MOVE"><imc name="TEMP" value="2486"/><imc name="CONST" value="72"/></imc></stmt><stmt><imc name="MOVE"><imc name="TEMP" value="2487"/><imc name="BINOP" value="MUL"><imc name="TEMP" value="2485"/><imc name="TEMP" value="2486"/></imc></imc></stmt><stmt><imc name="MOVE"><imc name="TEMP" value="2488"/><imc name="BINOP" value="ADD"><imc name="TEMP" value="2474"/><imc name="TEMP" value="2487"/></imc></imc></stmt><stmt><imc name="MOVE"><imc name="TEMP" value="2489"/><imc name="TEMP" value="34"/></imc></stmt><stmt><imc name="MOVE"><imc name="TEMP" value="2490"/><imc name="CONST" value="8"/></imc></stmt><stmt><imc name="MOVE"><imc name="TEMP" value="2491"/><imc name="BINOP" value="ADD"><imc name="TEMP" value="2489"/><imc name="TEMP" value="2490"/></imc></imc></stmt><stmt><imc name="MOVE"><imc name="TEMP" value="2492"/><imc name="MEM"><imc name="TEMP" value="2491"/></imc></imc></stmt><stmt><imc name="MOVE"><imc name="TEMP" value="2493"/><imc name="CONST" value="3"/></imc></stmt><stmt><imc name="MOVE"><imc name="TEMP" value="2494"/><imc name="BINOP" value="MUL"><imc name="TEMP" value="2492"/><imc name="TEMP" value="2493"/></imc></imc></stmt><stmt><imc name="MOVE"><imc name="TEMP" value="2495"/><imc name="TEMP" value="34"/></imc></stmt><stmt><imc name="MOVE"><imc name="TEMP" value="2496"/><imc name="CONST" value="-88"/></imc></stmt><stmt><imc name="MOVE"><imc name="TEMP" value="2497"/><imc name="BINOP" value="ADD"><imc name="TEMP" value="2495"/><imc name="TEMP" value="2496"/></imc></imc></stmt><stmt><imc name="MOVE"><imc name="TEMP" value="2498"/><imc name="MEM"><imc name="TEMP" value="2497"/></imc></imc></stmt><stmt><imc name="MOVE"><imc name="TEMP" value="2499"/><imc name="BINOP" value="ADD"><imc name="TEMP" value="2494"/><imc name="TEMP" value="2498"/></imc></imc></stmt><stmt><imc name="MOVE"><imc name="TEMP" value="2500"/><imc name="CONST" value="8"/></imc></stmt><stmt><imc name="MOVE"><imc name="TEMP" value="2501"/><imc name="BINOP" value="MUL"><imc name="TEMP" value="2499"/><imc name="TEMP" value="2500"/></imc></imc></stmt><stmt><imc name="MOVE"><imc name="TEMP" value="2502"/><imc name="BINOP" value="ADD"><imc name="TEMP" value="2488"/><imc name="TEMP" value="2501"/></imc></imc></stmt><stmt><imc name="MOVE"><imc name="TEMP" value="2503"/><imc name="MEM"><imc name="TEMP" value="2502"/></imc></imc></stmt><stmt><imc name="MOVE"><imc name="TEMP" value="2504"/><imc name="CONST" value="8"/></imc></stmt><stmt><imc name="MOVE"><imc name="TEMP" value="2505"/><imc name="BINOP" value="MUL"><imc name="TEMP" value="2503"/><imc name="TEMP" value="2504"/></imc></imc></stmt><stmt><imc name="MOVE"><imc name="TEMP" value="2506"/><imc name="BINOP" value="ADD"><imc name="TEMP" value="2469"/><imc name="TEMP" value="2505"/></imc></imc></stmt><stmt><imc name="MOVE"><imc name="MEM"><imc name="TEMP" value="2506"/></imc><imc name="TEMP" value="2466"/></imc></stmt><stmt><imc name="LABEL" value="L140"/></stmt><stmt><imc name="JUMP" value="L138"/></stmt><stmt><imc name="LABEL" value="L142"/></stmt><stmt><imc name="LABEL" value="L138"/></stmt><stmt><imc name="MOVE"><imc name="TEMP" value="2507"/><imc name="TEMP" value="34"/></imc></stmt><stmt><imc name="MOVE"><imc name="TEMP" value="2508"/><imc name="CONST" value="-88"/></imc></stmt><stmt><imc name="MOVE"><imc name="TEMP" value="2509"/><imc name="BINOP" value="ADD"><imc name="TEMP" value="2507"/><imc name="TEMP" value="2508"/></imc></imc></stmt><stmt><imc name="MOVE"><imc name="TEMP" value="2510"/><imc name="MEM"><imc name="TEMP" value="2509"/></imc></imc></stmt><stmt><imc name="MOVE"><imc name="TEMP" value="2511"/><imc name="CONST" value="1"/></imc></stmt><stmt><imc name="MOVE"><imc name="TEMP" value="2512"/><imc name="BINOP" value="ADD"><imc name="TEMP" value="2510"/><imc name="TEMP" value="2511"/></imc></imc></stmt><stmt><imc name="MOVE"><imc name="TEMP" value="2513"/><imc name="TEMP" value="34"/></imc></stmt><stmt><imc name="MOVE"><imc name="TEMP" value="2514"/><imc name="CONST" value="-88"/></imc></stmt><stmt><imc name="MOVE"><imc name="TEMP" value="2515"/><imc name="BINOP" value="ADD"><imc name="TEMP" value="2513"/><imc name="TEMP" value="2514"/></imc></imc></stmt><stmt><imc name="MOVE"><imc name="MEM"><imc name="TEMP" value="2515"/></imc><imc name="TEMP" value="2512"/></imc></stmt><stmt><imc name="JUMP" value="L136"/></stmt><stmt><imc name="LABEL" value="L143"/></stmt><stmt><imc name="MOVE"><imc name="TEMP" value="2516"/><imc name="TEMP" value="34"/></imc></stmt><stmt><imc name="MOVE"><imc name="TEMP" value="2517"/><imc name="CONST" value="-96"/></imc></stmt><stmt><imc name="MOVE"><imc name="TEMP" value="2518"/><imc name="BINOP" value="ADD"><imc name="TEMP" value="2516"/><imc name="TEMP" value="2517"/></imc></imc></stmt><stmt><imc name="MOVE"><imc name="TEMP" value="2519"/><imc name="MEM"><imc name="TEMP" value="2518"/></imc></imc></stmt><stmt><imc name="MOVE"><imc name="TEMP" value="2520"/><imc name="CONST" value="1"/></imc></stmt><stmt><imc name="MOVE"><imc name="TEMP" value="2521"/><imc name="BINOP" value="ADD"><imc name="TEMP" value="2519"/><imc name="TEMP" value="2520"/></imc></imc></stmt><stmt><imc name="MOVE"><imc name="TEMP" value="2522"/><imc name="TEMP" value="34"/></imc></stmt><stmt><imc name="MOVE"><imc name="TEMP" value="2523"/><imc name="CONST" value="-96"/></imc></stmt><stmt><imc name="MOVE"><imc name="TEMP" value="2524"/><imc name="BINOP" value="ADD"><imc name="TEMP" value="2522"/><imc name="TEMP" value="2523"/></imc></imc></stmt><stmt><imc name="MOVE"><imc name="MEM"><imc name="TEMP" value="2524"/></imc><imc name="TEMP" value="2521"/></imc></stmt><stmt><imc name="JUMP" value="L134"/></stmt><stmt><imc name="LABEL" value="L144"/></stmt><stmt><imc name="MOVE"><imc name="TEMP" value="2525"/><imc name="TEMP" value="34"/></imc></stmt><stmt><imc name="MOVE"><imc name="TEMP" value="2526"/><imc name="CONST" value="-112"/></imc></stmt><stmt><imc name="MOVE"><imc name="TEMP" value="2527"/><imc name="BINOP" value="ADD"><imc name="TEMP" value="2525"/><imc name="TEMP" value="2526"/></imc></imc></stmt><stmt><imc name="MOVE"><imc name="TEMP" value="35"/><imc name="MEM"><imc name="TEMP" value="2527"/></imc></imc></stmt><stmt><imc name="JUMP" value="L197"/></stmt></codechunk><codechunk entrylabel="L198" exitlabel="L199"><frame FP="T36" RV="T37" argssize="24" depth="2" label="L29" locssize="32" size="72"/><stmt><imc name="LABEL" value="L198"/></stmt><stmt><imc name="MOVE"><imc name="TEMP" value="2528"/><imc name="TEMP" value="36"/></imc></stmt><stmt><imc name="MOVE"><imc name="TEMP" value="2529"/><imc name="CONST" value="8"/></imc></stmt><stmt><imc name="MOVE"><imc name="TEMP" value="2530"/><imc name="BINOP" value="ADD"><imc name="TEMP" value="2528"/><imc name="TEMP" value="2529"/></imc></imc></stmt><stmt><imc name="MOVE"><imc name="TEMP" value="2531"/><imc name="MEM"><imc name="TEMP" value="2530"/></imc></imc></stmt><stmt><imc name="MOVE"><imc name="TEMP" value="2532"/><imc name="TEMP" value="36"/></imc></stmt><stmt><imc name="MOVE"><imc name="TEMP" value="2533"/><imc name="CONST" value="16"/></imc></stmt><stmt><imc name="MOVE"><imc name="TEMP" value="2534"/><imc name="BINOP" value="ADD"><imc name="TEMP" value="2532"/><imc name="TEMP" value="2533"/></imc></imc></stmt><stmt><imc name="MOVE"><imc name="TEMP" value="2535"/><imc name="MEM"><imc name="TEMP" value="2534"/></imc></imc></stmt><stmt><imc name="MOVE"><imc name="TEMP" value="2536"/><imc name="BINOP" value="EQU"><imc name="TEMP" value="2531"/><imc name="TEMP" value="2535"/></imc></imc></stmt><stmt><imc name="CJUMP" value="L145:L156"><imc name="TEMP" value="2536"/></imc></stmt><stmt><imc name="LABEL" value="L145"/></stmt><stmt><imc name="MOVE"><imc name="TEMP" value="2537"/><imc name="CONST" value="1"/></imc></stmt><stmt><imc name="CJUMP" value="L147:L155"><imc name="TEMP" value="2537"/></imc></stmt><stmt><imc name="LABEL" value="L147"/></stmt><stmt><imc name="MOVE"><imc name="TEMP" value="2538"/><imc name="CONST" value="0"/></imc></stmt><stmt><imc name="MOVE"><imc name="TEMP" value="2539"/><imc name="TEMP" value="36"/></imc></stmt><stmt><imc name="MOVE"><imc name="TEMP" value="2540"/><imc name="CONST" value="-16"/></imc></stmt><stmt><imc name="MOVE"><imc name="TEMP" value="2541"/><imc name="BINOP" value="ADD"><imc name="TEMP" value="2539"/><imc name="TEMP" value="2540"/></imc></imc></stmt><stmt><imc name="MOVE"><imc name="MEM"><imc name="TEMP" value="2541"/></imc><imc name="TEMP" value="2538"/></imc></stmt><stmt><imc name="LABEL" value="L150"/></stmt><stmt><imc name="MOVE"><imc name="TEMP" value="2542"/><imc name="TEMP" value="36"/></imc></stmt><stmt><imc name="MOVE"><imc name="TEMP" value="2543"/><imc name="CONST" value="-16"/></imc></stmt><stmt><imc name="MOVE"><imc name="TEMP" value="2544"/><imc name="BINOP" value="ADD"><imc name="TEMP" value="2542"/><imc name="TEMP" value="2543"/></imc></imc></stmt><stmt><imc name="MOVE"><imc name="TEMP" value="2545"/><imc name="MEM"><imc name="TEMP" value="2544"/></imc></imc></stmt><stmt><imc name="MOVE"><imc name="TEMP" value="2546"/><imc name="CONST" value="9"/></imc></stmt><stmt><imc name="MOVE"><imc name="TEMP" value="2547"/><imc name="BINOP" value="LTH"><imc name="TEMP" value="2545"/><imc name="TEMP" value="2546"/></imc></imc></stmt><stmt><imc name="CJUMP" value="L149:L154"><imc name="TEMP" value="2547"/></imc></stmt><stmt><imc name="LABEL" value="L149"/></stmt><stmt><imc name="MOVE"><imc name="TEMP" value="2548"/><imc name="CONST" value="0"/></imc></stmt><stmt><imc name="MOVE"><imc name="TEMP" value="2549"/><imc name="TEMP" value="36"/></imc></stmt><stmt><imc name="MOVE"><imc name="TEMP" value="2550"/><imc name="CONST" value="-24"/></imc></stmt><stmt><imc name="MOVE"><imc name="TEMP" value="2551"/><imc name="BINOP" value="ADD"><imc name="TEMP" value="2549"/><imc name="TEMP" value="2550"/></imc></imc></stmt><stmt><imc name="MOVE"><imc name="MEM"><imc name="TEMP" value="2551"/></imc><imc name="TEMP" value="2548"/></imc></stmt><stmt><imc name="LABEL" value="L152"/></stmt><stmt><imc name="MOVE"><imc name="TEMP" value="2552"/><imc name="TEMP" value="36"/></imc></stmt><stmt><imc name="MOVE"><imc name="TEMP" value="2553"/><imc name="CONST" value="-24"/></imc></stmt><stmt><imc name="MOVE"><imc name="TEMP" value="2554"/><imc name="BINOP" value="ADD"><imc name="TEMP" value="2552"/><imc name="TEMP" value="2553"/></imc></imc></stmt><stmt><imc name="MOVE"><imc name="TEMP" value="2555"/><imc name="MEM"><imc name="TEMP" value="2554"/></imc></imc></stmt><stmt><imc name="MOVE"><imc name="TEMP" value="2556"/><imc name="CONST" value="9"/></imc></stmt><stmt><imc name="MOVE"><imc name="TEMP" value="2557"/><imc name="BINOP" value="LTH"><imc name="TEMP" value="2555"/><imc name="TEMP" value="2556"/></imc></imc></stmt><stmt><imc name="CJUMP" value="L151:L153"><imc name="TEMP" value="2557"/></imc></stmt><stmt><imc name="LABEL" value="L151"/></stmt><stmt><imc name="MOVE"><imc name="TEMP" value="2558"/><imc name="CONST" value="0"/></imc></stmt><stmt><imc name="MOVE"><imc name="TEMP" value="2559"/><imc name="TEMP" value="36"/></imc></stmt><stmt><imc name="MOVE"><imc name="TEMP" value="2560"/><imc name="MEM"><imc name="TEMP" value="2559"/></imc></imc></stmt><stmt><imc name="MOVE"><imc name="TEMP" value="2561"/><imc name="CONST" value="8"/></imc></stmt><stmt><imc name="MOVE"><imc name="TEMP" value="2562"/><imc name="BINOP" value="ADD"><imc name="TEMP" value="2560"/><imc name="TEMP" value="2561"/></imc></imc></stmt><stmt><imc name="MOVE"><imc name="TEMP" value="2563"/><imc name="MEM"><imc name="TEMP" value="2562"/></imc></imc></stmt><stmt><imc name="MOVE"><imc name="TEMP" value="2564"/><imc name="TEMP" value="36"/></imc></stmt><stmt><imc name="MOVE"><imc name="TEMP" value="2565"/><imc name="CONST" value="-16"/></imc></stmt><stmt><imc name="MOVE"><imc name="TEMP" value="2566"/><imc name="BINOP" value="ADD"><imc name="TEMP" value="2564"/><imc name="TEMP" value="2565"/></imc></imc></stmt><stmt><imc name="MOVE"><imc name="TEMP" value="2567"/><imc name="MEM"><imc name="TEMP" value="2566"/></imc></imc></stmt><stmt><imc name="MOVE"><imc name="TEMP" value="2568"/><imc name="CONST" value="72"/></imc></stmt><stmt><imc name="MOVE"><imc name="TEMP" value="2569"/><imc name="BINOP" value="MUL"><imc name="TEMP" value="2567"/><imc name="TEMP" value="2568"/></imc></imc></stmt><stmt><imc name="MOVE"><imc name="TEMP" value="2570"/><imc name="BINOP" value="ADD"><imc name="TEMP" value="2563"/><imc name="TEMP" value="2569"/></imc></imc></stmt><stmt><imc name="MOVE"><imc name="TEMP" value="2571"/><imc name="TEMP" value="36"/></imc></stmt><stmt><imc name="MOVE"><imc name="TEMP" value="2572"/><imc name="CONST" value="-24"/></imc></stmt><stmt><imc name="MOVE"><imc name="TEMP" value="2573"/><imc name="BINOP" value="ADD"><imc name="TEMP" value="2571"/><imc name="TEMP" value="2572"/></imc></imc></stmt><stmt><imc name="MOVE"><imc name="TEMP" value="2574"/><imc name="MEM"><imc name="TEMP" value="2573"/></imc></imc></stmt><stmt><imc name="MOVE"><imc name="TEMP" value="2575"/><imc name="CONST" value="8"/></imc></stmt><stmt><imc name="MOVE"><imc name="TEMP" value="2576"/><imc name="BINOP" value="MUL"><imc name="TEMP" value="2574"/><imc name="TEMP" value="2575"/></imc></imc></stmt><stmt><imc name="MOVE"><imc name="TEMP" value="2577"/><imc name="BINOP" value="ADD"><imc name="TEMP" value="2570"/><imc name="TEMP" value="2576"/></imc></imc></stmt><stmt><imc name="MOVE"><imc name="TEMP" value="2578"/><imc name="MEM"><imc name="TEMP" value="2577"/></imc></imc></stmt><stmt><imc name="ESTMT"><imc name="CALL" value="_putInt"><imc name="TEMP" value="2558"/><imc name="TEMP" value="2578"/></imc></imc></stmt><stmt><imc name="MOVE"><imc name="TEMP" value="2579"/><imc name="CONST" value="0"/></imc></stmt><stmt><imc name="MOVE"><imc name="TEMP" value="2580"/><imc name="CONST" value="32"/></imc></stmt><stmt><imc name="ESTMT"><imc name="CALL" value="_putChar"><imc name="TEMP" value="2579"/><imc name="TEMP" value="2580"/></imc></imc></stmt><stmt><imc name="MOVE"><imc name="TEMP" value="2581"/><imc name="TEMP" value="36"/></imc></stmt><stmt><imc name="MOVE"><imc name="TEMP" value="2582"/><imc name="CONST" value="-24"/></imc></stmt><stmt><imc name="MOVE"><imc name="TEMP" value="2583"/><imc name="BINOP" value="ADD"><imc name="TEMP" value="2581"/><imc name="TEMP" value="2582"/></imc></imc></stmt><stmt><imc name="MOVE"><imc name="TEMP" value="2584"/><imc name="MEM"><imc name="TEMP" value="2583"/></imc></imc></stmt><stmt><imc name="MOVE"><imc name="TEMP" value="2585"/><imc name="CONST" value="1"/></imc></stmt><stmt><imc name="MOVE"><imc name="TEMP" value="2586"/><imc name="BINOP" value="ADD"><imc name="TEMP" value="2584"/><imc name="TEMP" value="2585"/></imc></imc></stmt><stmt><imc name="MOVE"><imc name="TEMP" value="2587"/><imc name="TEMP" value="36"/></imc></stmt><stmt><imc name="MOVE"><imc name="TEMP" value="2588"/><imc name="CONST" value="-24"/></imc></stmt><stmt><imc name="MOVE"><imc name="TEMP" value="2589"/><imc name="BINOP" value="ADD"><imc name="TEMP" value="2587"/><imc name="TEMP" value="2588"/></imc></imc></stmt><stmt><imc name="MOVE"><imc name="MEM"><imc name="TEMP" value="2589"/></imc><imc name="TEMP" value="2586"/></imc></stmt><stmt><imc name="JUMP" value="L152"/></stmt><stmt><imc name="LABEL" value="L153"/></stmt><stmt><imc name="MOVE"><imc name="TEMP" value="2590"/><imc name="CONST" value="0"/></imc></stmt><stmt><imc name="MOVE"><imc name="TEMP" value="2591"/><imc name="CONST" value="10"/></imc></stmt><stmt><imc name="MOVE"><imc name="TEMP" value="2592"/><imc name="CONST" value="256"/></imc></stmt><stmt><imc name="MOVE"><imc name="TEMP" value="2593"/><imc name="BINOP" value="MOD"><imc name="TEMP" value="2591"/><imc name="TEMP" value="2592"/></imc></imc></stmt><stmt><imc name="ESTMT"><imc name="CALL" value="_putChar"><imc name="TEMP" value="2590"/><imc name="TEMP" value="2593"/></imc></imc></stmt><stmt><imc name="MOVE"><imc name="TEMP" value="2594"/><imc name="TEMP" value="36"/></imc></stmt><stmt><imc name="MOVE"><imc name="TEMP" value="2595"/><imc name="CONST" value="-16"/></imc></stmt><stmt><imc name="MOVE"><imc name="TEMP" value="2596"/><imc name="BINOP" value="ADD"><imc name="TEMP" value="2594"/><imc name="TEMP" value="2595"/></imc></imc></stmt><stmt><imc name="MOVE"><imc name="TEMP" value="2597"/><imc name="MEM"><imc name="TEMP" value="2596"/></imc></imc></stmt><stmt><imc name="MOVE"><imc name="TEMP" value="2598"/><imc name="CONST" value="1"/></imc></stmt><stmt><imc name="MOVE"><imc name="TEMP" value="2599"/><imc name="BINOP" value="ADD"><imc name="TEMP" value="2597"/><imc name="TEMP" value="2598"/></imc></imc></stmt><stmt><imc name="MOVE"><imc name="TEMP" value="2600"/><imc name="TEMP" value="36"/></imc></stmt><stmt><imc name="MOVE"><imc name="TEMP" value="2601"/><imc name="CONST" value="-16"/></imc></stmt><stmt><imc name="MOVE"><imc name="TEMP" value="2602"/><imc name="BINOP" value="ADD"><imc name="TEMP" value="2600"/><imc name="TEMP" value="2601"/></imc></imc></stmt><stmt><imc name="MOVE"><imc name="MEM"><imc name="TEMP" value="2602"/></imc><imc name="TEMP" value="2599"/></imc></stmt><stmt><imc name="JUMP" value="L150"/></stmt><stmt><imc name="LABEL" value="L154"/></stmt><stmt><imc name="MOVE"><imc name="TEMP" value="2603"/><imc name="CONST" value="0"/></imc></stmt><stmt><imc name="MOVE"><imc name="TEMP" value="2604"/><imc name="CONST" value="10"/></imc></stmt><stmt><imc name="MOVE"><imc name="TEMP" value="2605"/><imc name="CONST" value="256"/></imc></stmt><stmt><imc name="MOVE"><imc name="TEMP" value="2606"/><imc name="BINOP" value="MOD"><imc name="TEMP" value="2604"/><imc name="TEMP" value="2605"/></imc></imc></stmt><stmt><imc name="ESTMT"><imc name="CALL" value="_putChar"><imc name="TEMP" value="2603"/><imc name="TEMP" value="2606"/></imc></imc></stmt><stmt><imc name="JUMP" value="L148"/></stmt><stmt><imc name="LABEL" value="L155"/></stmt><stmt><imc name="LABEL" value="L148"/></stmt><stmt><imc name="ESTMT"><imc name="CONST" value="0"/></imc></stmt><stmt><imc name="MOVE"><imc name="TEMP" value="2607"/><imc name="CONST" value="1"/></imc></stmt><stmt><imc name="MOVE"><imc name="TEMP" value="2608"/><imc name="TEMP" value="36"/></imc></stmt><stmt><imc name="MOVE"><imc name="TEMP" value="2609"/><imc name="CONST" value="-8"/></imc></stmt><stmt><imc name="MOVE"><imc name="TEMP" value="2610"/><imc name="BINOP" value="ADD"><imc name="TEMP" value="2608"/><imc name="TEMP" value="2609"/></imc></imc></stmt><stmt><imc name="MOVE"><imc name="MEM"><imc name="TEMP" value="2610"/></imc><imc name="TEMP" value="2607"/></imc></stmt><stmt><imc name="JUMP" value="L146"/></stmt><stmt><imc name="LABEL" value="L156"/></stmt><stmt><imc name="MOVE"><imc name="TEMP" value="2611"/><imc name="TEMP" value="36"/></imc></stmt><stmt><imc name="MOVE"><imc name="TEMP" value="2612"/><imc name="MEM"><imc name="TEMP" value="2611"/></imc></imc></stmt><stmt><imc name="MOVE"><imc name="TEMP" value="2613"/><imc name="CONST" value="-8"/></imc></stmt><stmt><imc name="MOVE"><imc name="TEMP" value="2614"/><imc name="BINOP" value="ADD"><imc name="TEMP" value="2612"/><imc name="TEMP" value="2613"/></imc></imc></stmt><stmt><imc name="MOVE"><imc name="TEMP" value="2615"/><imc name="MEM"><imc name="TEMP" value="2614"/></imc></imc></stmt><stmt><imc name="MOVE"><imc name="TEMP" value="2616"/><imc name="TEMP" value="36"/></imc></stmt><stmt><imc name="MOVE"><imc name="TEMP" value="2617"/><imc name="CONST" value="8"/></imc></stmt><stmt><imc name="MOVE"><imc name="TEMP" value="2618"/><imc name="BINOP" value="ADD"><imc name="TEMP" value="2616"/><imc name="TEMP" value="2617"/></imc></imc></stmt><stmt><imc name="MOVE"><imc name="TEMP" value="2619"/><imc name="MEM"><imc name="TEMP" value="2618"/></imc></imc></stmt><stmt><imc name="MOVE"><imc name="TEMP" value="2620"/><imc name="CONST" value="8"/></imc></stmt><stmt><imc name="MOVE"><imc name="TEMP" value="2621"/><imc name="BINOP" value="MUL"><imc name="TEMP" value="2619"/><imc name="TEMP" value="2620"/></imc></imc></stmt><stmt><imc name="MOVE"><imc name="TEMP" value="2622"/><imc name="BINOP" value="ADD"><imc name="TEMP" value="2615"/><imc name="TEMP" value="2621"/></imc></imc></stmt><stmt><imc name="MOVE"><imc name="TEMP" value="2623"/><imc name="MEM"><imc name="TEMP" value="2622"/></imc></imc></stmt><stmt><imc name="MOVE"><imc name="TEMP" value="2624"/><imc name="CONST" value="0"/></imc></stmt><stmt><imc name="MOVE"><imc name="TEMP" value="2625"/><imc name="BINOP" value="NEQ"><imc name="TEMP" value="2623"/><imc name="TEMP" value="2624"/></imc></imc></stmt><stmt><imc name="CJUMP" value="L157:L159"><imc name="TEMP" value="2625"/></imc></stmt><stmt><imc name="LABEL" value="L157"/></stmt><stmt><imc name="MOVE"><imc name="TEMP" value="2626"/><imc name="TEMP" value="38"/></imc></stmt><stmt><imc name="MOVE"><imc name="TEMP" value="2627"/><imc name="TEMP" value="36"/></imc></stmt><stmt><imc name="MOVE"><imc name="TEMP" value="2628"/><imc name="CONST" value="8"/></imc></stmt><stmt><imc name="MOVE"><imc name="TEMP" value="2629"/><imc name="BINOP" value="ADD"><imc name="TEMP" value="2627"/><imc name="TEMP" value="2628"/></imc></imc></stmt><stmt><imc name="MOVE"><imc name="TEMP" value="2630"/><imc name="MEM"><imc name="TEMP" value="2629"/></imc></imc></stmt><stmt><imc name="MOVE"><imc name="TEMP" value="2631"/><imc name="CONST" value="1"/></imc></stmt><stmt><imc name="MOVE"><imc name="TEMP" value="2632"/><imc name="BINOP" value="ADD"><imc name="TEMP" value="2630"/><imc name="TEMP" value="2631"/></imc></imc></stmt><stmt><imc name="MOVE"><imc name="TEMP" value="2633"/><imc name="TEMP" value="36"/></imc></stmt><stmt><imc name="MOVE"><imc name="TEMP" value="2634"/><imc name="CONST" value="16"/></imc></stmt><stmt><imc name="MOVE"><imc name="TEMP" value="2635"/><imc name="BINOP" value="ADD"><imc name="TEMP" value="2633"/><imc name="TEMP" value="2634"/></imc></imc></stmt><stmt><imc name="MOVE"><imc name="TEMP" value="2636"/><imc name="MEM"><imc name="TEMP" value="2635"/></imc></imc></stmt><stmt><imc name="MOVE"><imc name="TEMP" value="2637"/><imc name="CALL" value="L29"><imc name="TEMP" value="2626"/><imc name="TEMP" value="2632"/><imc name="TEMP" value="2636"/></imc></imc></stmt><stmt><imc name="MOVE"><imc name="TEMP" value="2638"/><imc name="TEMP" value="36"/></imc></stmt><stmt><imc name="MOVE"><imc name="TEMP" value="2639"/><imc name="CONST" value="-8"/></imc></stmt><stmt><imc name="MOVE"><imc name="TEMP" value="2640"/><imc name="BINOP" value="ADD"><imc name="TEMP" value="2638"/><imc name="TEMP" value="2639"/></imc></imc></stmt><stmt><imc name="MOVE"><imc name="MEM"><imc name="TEMP" value="2640"/></imc><imc name="TEMP" value="2637"/></imc></stmt><stmt><imc name="JUMP" value="L158"/></stmt><stmt><imc name="LABEL" value="L159"/></stmt><stmt><imc name="MOVE"><imc name="TEMP" value="2641"/><imc name="CONST" value="0"/></imc></stmt><stmt><imc name="MOVE"><imc name="TEMP" value="2642"/><imc name="TEMP" value="36"/></imc></stmt><stmt><imc name="MOVE"><imc name="TEMP" value="2643"/><imc name="CONST" value="-8"/></imc></stmt><stmt><imc name="MOVE"><imc name="TEMP" value="2644"/><imc name="BINOP" value="ADD"><imc name="TEMP" value="2642"/><imc name="TEMP" value="2643"/></imc></imc></stmt><stmt><imc name="MOVE"><imc name="MEM"><imc name="TEMP" value="2644"/></imc><imc name="TEMP" value="2641"/></imc></stmt><stmt><imc name="MOVE"><imc name="TEMP" value="2645"/><imc name="CONST" value="1"/></imc></stmt><stmt><imc name="MOVE"><imc name="TEMP" value="2646"/><imc name="TEMP" value="36"/></imc></stmt><stmt><imc name="MOVE"><imc name="TEMP" value="2647"/><imc name="CONST" value="-32"/></imc></stmt><stmt><imc name="MOVE"><imc name="TEMP" value="2648"/><imc name="BINOP" value="ADD"><imc name="TEMP" value="2646"/><imc name="TEMP" value="2647"/></imc></imc></stmt><stmt><imc name="MOVE"><imc name="MEM"><imc name="TEMP" value="2648"/></imc><imc name="TEMP" value="2645"/></imc></stmt><stmt><imc name="LABEL" value="L161"/></stmt><stmt><imc name="MOVE"><imc name="TEMP" value="2649"/><imc name="TEMP" value="36"/></imc></stmt><stmt><imc name="MOVE"><imc name="TEMP" value="2650"/><imc name="CONST" value="-32"/></imc></stmt><stmt><imc name="MOVE"><imc name="TEMP" value="2651"/><imc name="BINOP" value="ADD"><imc name="TEMP" value="2649"/><imc name="TEMP" value="2650"/></imc></imc></stmt><stmt><imc name="MOVE"><imc name="TEMP" value="2652"/><imc name="MEM"><imc name="TEMP" value="2651"/></imc></imc></stmt><stmt><imc name="MOVE"><imc name="TEMP" value="2653"/><imc name="CONST" value="9"/></imc></stmt><stmt><imc name="MOVE"><imc name="TEMP" value="2654"/><imc name="BINOP" value="LEQ"><imc name="TEMP" value="2652"/><imc name="TEMP" value="2653"/></imc></imc></stmt><stmt><imc name="CJUMP" value="L160:L165"><imc name="TEMP" value="2654"/></imc></stmt><stmt><imc name="LABEL" value="L160"/></stmt><stmt><imc name="MOVE"><imc name="TEMP" value="2655"/><imc name="TEMP" value="36"/></imc></stmt><stmt><imc name="MOVE"><imc name="TEMP" value="2656"/><imc name="CONST" value="-32"/></imc></stmt><stmt><imc name="MOVE"><imc name="TEMP" value="2657"/><imc name="BINOP" value="ADD"><imc name="TEMP" value="2655"/><imc name="TEMP" value="2656"/></imc></imc></stmt><stmt><imc name="MOVE"><imc name="TEMP" value="2658"/><imc name="MEM"><imc name="TEMP" value="2657"/></imc></imc></stmt><stmt><imc name="MOVE"><imc name="TEMP" value="2659"/><imc name="TEMP" value="36"/></imc></stmt><stmt><imc name="MOVE"><imc name="TEMP" value="2660"/><imc name="MEM"><imc name="TEMP" value="2659"/></imc></imc></stmt><stmt><imc name="MOVE"><imc name="TEMP" value="2661"/><imc name="CONST" value="-8"/></imc></stmt><stmt><imc name="MOVE"><imc name="TEMP" value="2662"/><imc name="BINOP" value="ADD"><imc name="TEMP" value="2660"/><imc name="TEMP" value="2661"/></imc></imc></stmt><stmt><imc name="MOVE"><imc name="TEMP" value="2663"/><imc name="MEM"><imc name="TEMP" value="2662"/></imc></imc></stmt><stmt><imc name="MOVE"><imc name="TEMP" value="2664"/><imc name="TEMP" value="36"/></imc></stmt><stmt><imc name="MOVE"><imc name="TEMP" value="2665"/><imc name="CONST" value="8"/></imc></stmt><stmt><imc name="MOVE"><imc name="TEMP" value="2666"/><imc name="BINOP" value="ADD"><imc name="TEMP" value="2664"/><imc name="TEMP" value="2665"/></imc></imc></stmt><stmt><imc name="MOVE"><imc name="TEMP" value="2667"/><imc name="MEM"><imc name="TEMP" value="2666"/></imc></imc></stmt><stmt><imc name="MOVE"><imc name="TEMP" value="2668"/><imc name="CONST" value="8"/></imc></stmt><stmt><imc name="MOVE"><imc name="TEMP" value="2669"/><imc name="BINOP" value="MUL"><imc name="TEMP" value="2667"/><imc name="TEMP" value="2668"/></imc></imc></stmt><stmt><imc name="MOVE"><imc name="TEMP" value="2670"/><imc name="BINOP" value="ADD"><imc name="TEMP" value="2663"/><imc name="TEMP" value="2669"/></imc></imc></stmt><stmt><imc name="MOVE"><imc name="MEM"><imc name="TEMP" value="2670"/></imc><imc name="TEMP" value="2658"/></imc></stmt><stmt><imc name="MOVE"><imc name="TEMP" value="2671"/><imc name="TEMP" value="38"/></imc></stmt><stmt><imc name="MOVE"><imc name="TEMP" value="2672"/><imc name="TEMP" value="36"/></imc></stmt><stmt><imc name="MOVE"><imc name="TEMP" value="2673"/><imc name="CONST" value="8"/></imc></stmt><stmt><imc name="MOVE"><imc name="TEMP" value="2674"/><imc name="BINOP" value="ADD"><imc name="TEMP" value="2672"/><imc name="TEMP" value="2673"/></imc></imc></stmt><stmt><imc name="MOVE"><imc name="TEMP" value="2675"/><imc name="MEM"><imc name="TEMP" value="2674"/></imc></imc></stmt><stmt><imc name="MOVE"><imc name="TEMP" value="2676"/><imc name="CONST" value="9"/></imc></stmt><stmt><imc name="MOVE"><imc name="TEMP" value="2677"/><imc name="BINOP" value="DIV"><imc name="TEMP" value="2675"/><imc name="TEMP" value="2676"/></imc></imc></stmt><stmt><imc name="MOVE"><imc name="TEMP" value="2678"/><imc name="CALL" value="L26"><imc name="TEMP" value="2671"/><imc name="TEMP" value="2677"/></imc></imc></stmt><stmt><imc name="MOVE"><imc name="TEMP" value="2679"/><imc name="TEMP" value="38"/></imc></stmt><stmt><imc name="MOVE"><imc name="TEMP" value="2680"/><imc name="TEMP" value="36"/></imc></stmt><stmt><imc name="MOVE"><imc name="TEMP" value="2681"/><imc name="CONST" value="8"/></imc></stmt><stmt><imc name="MOVE"><imc name="TEMP" value="2682"/><imc name="BINOP" value="ADD"><imc name="TEMP" value="2680"/><imc name="TEMP" value="2681"/></imc></imc></stmt><stmt><imc name="MOVE"><imc name="TEMP" value="2683"/><imc name="MEM"><imc name="TEMP" value="2682"/></imc></imc></stmt><stmt><imc name="MOVE"><imc name="TEMP" value="2684"/><imc name="CONST" value="9"/></imc></stmt><stmt><imc name="MOVE"><imc name="TEMP" value="2685"/><imc name="BINOP" value="MOD"><imc name="TEMP" value="2683"/><imc name="TEMP" value="2684"/></imc></imc></stmt><stmt><imc name="MOVE"><imc name="TEMP" value="2686"/><imc name="CALL" value="L27"><imc name="TEMP" value="2679"/><imc name="TEMP" value="2685"/></imc></imc></stmt><stmt><imc name="MOVE"><imc name="TEMP" value="2687"/><imc name="BINOP" value="AND"><imc name="TEMP" value="2678"/><imc name="TEMP" value="2686"/></imc></imc></stmt><stmt><imc name="MOVE"><imc name="TEMP" value="2688"/><imc name="TEMP" value="38"/></imc></stmt><stmt><imc name="MOVE"><imc name="TEMP" value="2689"/><imc name="TEMP" value="36"/></imc></stmt><stmt><imc name="MOVE"><imc name="TEMP" value="2690"/><imc name="CONST" value="8"/></imc></stmt><stmt><imc name="MOVE"><imc name="TEMP" value="2691"/><imc name="BINOP" value="ADD"><imc name="TEMP" value="2689"/><imc name="TEMP" value="2690"/></imc></imc></stmt><stmt><imc name="MOVE"><imc name="TEMP" value="2692"/><imc name="MEM"><imc name="TEMP" value="2691"/></imc></imc></stmt><stmt><imc name="MOVE"><imc name="TEMP" value="2693"/><imc name="CONST" value="9"/></imc></stmt><stmt><imc name="MOVE"><imc name="TEMP" value="2694"/><imc name="BINOP" value="DIV"><imc name="TEMP" value="2692"/><imc name="TEMP" value="2693"/></imc></imc></stmt><stmt><imc name="MOVE"><imc name="TEMP" value="2695"/><imc name="CONST" value="3"/></imc></stmt><stmt><imc name="MOVE"><imc name="TEMP" value="2696"/><imc name="BINOP" value="DIV"><imc name="TEMP" value="2694"/><imc name="TEMP" value="2695"/></imc></imc></stmt><stmt><imc name="MOVE"><imc name="TEMP" value="2697"/><imc name="TEMP" value="36"/></imc></stmt><stmt><imc name="MOVE"><imc name="TEMP" value="2698"/><imc name="CONST" value="8"/></imc></stmt><stmt><imc name="MOVE"><imc name="TEMP" value="2699"/><imc name="BINOP" value="ADD"><imc name="TEMP" value="2697"/><imc name="TEMP" value="2698"/></imc></imc></stmt><stmt><imc name="MOVE"><imc name="TEMP" value="2700"/><imc name="MEM"><imc name="TEMP" value="2699"/></imc></imc></stmt><stmt><imc name="MOVE"><imc name="TEMP" value="2701"/><imc name="CONST" value="9"/></imc></stmt><stmt><imc name="MOVE"><imc name="TEMP" value="2702"/><imc name="BINOP" value="MOD"><imc name="TEMP" value="2700"/><imc name="TEMP" value="2701"/></imc></imc></stmt><stmt><imc name="MOVE"><imc name="TEMP" value="2703"/><imc name="CONST" value="3"/></imc></stmt><stmt><imc name="MOVE"><imc name="TEMP" value="2704"/><imc name="BINOP" value="DIV"><imc name="TEMP" value="2702"/><imc name="TEMP" value="2703"/></imc></imc></stmt><stmt><imc name="MOVE"><imc name="TEMP" value="2705"/><imc name="CALL" value="L28"><imc name="TEMP" value="2688"/><imc name="TEMP" value="2696"/><imc name="TEMP" value="2704"/></imc></imc></stmt><stmt><imc name="MOVE"><imc name="TEMP" value="2706"/><imc name="BINOP" value="AND"><imc name="TEMP" value="2687"/><imc name="TEMP" value="2705"/></imc></imc></stmt><stmt><imc name="CJUMP" value="L162:L164"><imc name="TEMP" value="2706"/></imc></stmt><stmt><imc name="LABEL" value="L162"/></stmt><stmt><imc name="MOVE"><imc name="TEMP" value="2707"/><imc name="TEMP" value="36"/></imc></stmt><stmt><imc name="MOVE"><imc name="TEMP" value="2708"/><imc name="CONST" value="-8"/></imc></stmt><stmt><imc name="MOVE"><imc name="TEMP" value="2709"/><imc name="BINOP" value="ADD"><imc name="TEMP" value="2707"/><imc name="TEMP" value="2708"/></imc></imc></stmt><stmt><imc name="MOVE"><imc name="TEMP" value="2710"/><imc name="MEM"><imc name="TEMP" value="2709"/></imc></imc></stmt><stmt><imc name="MOVE"><imc name="TEMP" value="2711"/><imc name="TEMP" value="38"/></imc></stmt><stmt><imc name="MOVE"><imc name="TEMP" value="2712"/><imc name="TEMP" value="36"/></imc></stmt><stmt><imc name="MOVE"><imc name="TEMP" value="2713"/><imc name="CONST" value="8"/></imc></stmt><stmt><imc name="MOVE"><imc name="TEMP" value="2714"/><imc name="BINOP" value="ADD"><imc name="TEMP" value="2712"/><imc name="TEMP" value="2713"/></imc></imc></stmt><stmt><imc name="MOVE"><imc name="TEMP" value="2715"/><imc name="MEM"><imc name="TEMP" value="2714"/></imc></imc></stmt><stmt><imc name="MOVE"><imc name="TEMP" value="2716"/><imc name="CONST" value="1"/></imc></stmt><stmt><imc name="MOVE"><imc name="TEMP" value="2717"/><imc name="BINOP" value="ADD"><imc name="TEMP" value="2715"/><imc name="TEMP" value="2716"/></imc></imc></stmt><stmt><imc name="MOVE"><imc name="TEMP" value="2718"/><imc name="TEMP" value="36"/></imc></stmt><stmt><imc name="MOVE"><imc name="TEMP" value="2719"/><imc name="CONST" value="16"/></imc></stmt><stmt><imc name="MOVE"><imc name="TEMP" value="2720"/><imc name="BINOP" value="ADD"><imc name="TEMP" value="2718"/><imc name="TEMP" value="2719"/></imc></imc></stmt><stmt><imc name="MOVE"><imc name="TEMP" value="2721"/><imc name="MEM"><imc name="TEMP" value="2720"/></imc></imc></stmt><stmt><imc name="MOVE"><imc name="TEMP" value="2722"/><imc name="CALL" value="L29"><imc name="TEMP" value="2711"/><imc name="TEMP" value="2717"/><imc name="TEMP" value="2721"/></imc></imc></stmt><stmt><imc name="MOVE"><imc name="TEMP" value="2723"/><imc name="BINOP" value="ADD"><imc name="TEMP" value="2710"/><imc name="TEMP" value="2722"/></imc></imc></stmt><stmt><imc name="MOVE"><imc name="TEMP" value="2724"/><imc name="TEMP" value="36"/></imc></stmt><stmt><imc name="MOVE"><imc name="TEMP" value="2725"/><imc name="CONST" value="-8"/></imc></stmt><stmt><imc name="MOVE"><imc name="TEMP" value="2726"/><imc name="BINOP" value="ADD"><imc name="TEMP" value="2724"/><imc name="TEMP" value="2725"/></imc></imc></stmt><stmt><imc name="MOVE"><imc name="MEM"><imc name="TEMP" value="2726"/></imc><imc name="TEMP" value="2723"/></imc></stmt><stmt><imc name="JUMP" value="L163"/></stmt><stmt><imc name="LABEL" value="L164"/></stmt><stmt><imc name="LABEL" value="L163"/></stmt><stmt><imc name="MOVE"><imc name="TEMP" value="2727"/><imc name="CONST" value="0"/></imc></stmt><stmt><imc name="MOVE"><imc name="TEMP" value="2728"/><imc name="TEMP" value="36"/></imc></stmt><stmt><imc name="MOVE"><imc name="TEMP" value="2729"/><imc name="MEM"><imc name="TEMP" value="2728"/></imc></imc></stmt><stmt><imc name="MOVE"><imc name="TEMP" value="2730"/><imc name="CONST" value="-8"/></imc></stmt><stmt><imc name="MOVE"><imc name="TEMP" value="2731"/><imc name="BINOP" value="ADD"><imc name="TEMP" value="2729"/><imc name="TEMP" value="2730"/></imc></imc></stmt><stmt><imc name="MOVE"><imc name="TEMP" value="2732"/><imc name="MEM"><imc name="TEMP" value="2731"/></imc></imc></stmt><stmt><imc name="MOVE"><imc name="TEMP" value="2733"/><imc name="TEMP" value="36"/></imc></stmt><stmt><imc name="MOVE"><imc name="TEMP" value="2734"/><imc name="CONST" value="8"/></imc></stmt><stmt><imc name="MOVE"><imc name="TEMP" value="2735"/><imc name="BINOP" value="ADD"><imc name="TEMP" value="2733"/><imc name="TEMP" value="2734"/></imc></imc></stmt><stmt><imc name="MOVE"><imc name="TEMP" value="2736"/><imc name="MEM"><imc name="TEMP" value="2735"/></imc></imc></stmt><stmt><imc name="MOVE"><imc name="TEMP" value="2737"/><imc name="CONST" value="8"/></imc></stmt><stmt><imc name="MOVE"><imc name="TEMP" value="2738"/><imc name="BINOP" value="MUL"><imc name="TEMP" value="2736"/><imc name="TEMP" value="2737"/></imc></imc></stmt><stmt><imc name="MOVE"><imc name="TEMP" value="2739"/><imc name="BINOP" value="ADD"><imc name="TEMP" value="2732"/><imc name="TEMP" value="2738"/></imc></imc></stmt><stmt><imc name="MOVE"><imc name="MEM"><imc name="TEMP" value="2739"/></imc><imc name="TEMP" value="2727"/></imc></stmt><stmt><imc name="MOVE"><imc name="TEMP" value="2740"/><imc name="TEMP" value="36"/></imc></stmt><stmt><imc name="MOVE"><imc name="TEMP" value="2741"/><imc name="CONST" value="-32"/></imc></stmt><stmt><imc name="MOVE"><imc name="TEMP" value="2742"/><imc name="BINOP" value="ADD"><imc name="TEMP" value="2740"/><imc name="TEMP" value="2741"/></imc></imc></stmt><stmt><imc name="MOVE"><imc name="TEMP" value="2743"/><imc name="MEM"><imc name="TEMP" value="2742"/></imc></imc></stmt><stmt><imc name="MOVE"><imc name="TEMP" value="2744"/><imc name="CONST" value="1"/></imc></stmt><stmt><imc name="MOVE"><imc name="TEMP" value="2745"/><imc name="BINOP" value="ADD"><imc name="TEMP" value="2743"/><imc name="TEMP" value="2744"/></imc></imc></stmt><stmt><imc name="MOVE"><imc name="TEMP" value="2746"/><imc name="TEMP" value="36"/></imc></stmt><stmt><imc name="MOVE"><imc name="TEMP" value="2747"/><imc name="CONST" value="-32"/></imc></stmt><stmt><imc name="MOVE"><imc name="TEMP" value="2748"/><imc name="BINOP" value="ADD"><imc name="TEMP" value="2746"/><imc name="TEMP" value="2747"/></imc></imc></stmt><stmt><imc name="MOVE"><imc name="MEM"><imc name="TEMP" value="2748"/></imc><imc name="TEMP" value="2745"/></imc></stmt><stmt><imc name="JUMP" value="L161"/></stmt><stmt><imc name="LABEL" value="L165"/></stmt><stmt><imc name="ESTMT"><imc name="CONST" value="0"/></imc></stmt><stmt><imc name="LABEL" value="L158"/></stmt><stmt><imc name="LABEL" value="L146"/></stmt><stmt><imc name="MOVE"><imc name="TEMP" value="2749"/><imc name="TEMP" value="36"/></imc></stmt><stmt><imc name="MOVE"><imc name="TEMP" value="2750"/><imc name="CONST" value="-8"/></imc></stmt><stmt><imc name="MOVE"><imc name="TEMP" value="2751"/><imc name="BINOP" value="ADD"><imc name="TEMP" value="2749"/><imc name="TEMP" value="2750"/></imc></imc></stmt><stmt><imc name="MOVE"><imc name="TEMP" value="37"/><imc name="MEM"><imc name="TEMP" value="2751"/></imc></imc></stmt><stmt><imc name="JUMP" value="L199"/></stmt></codechunk></chunks>