<?xml version="1.0" encoding="UTF-8" standalone="no"?><?xml-stylesheet type="text/xsl" href="../../data/chunks.xsl"?><chunks><codechunk entrylabel="L14" exitlabel="L15"><frame FP="T6" RV="T7" argssize="8" depth="1" label="_main" locssize="8" size="32"/><stmt><imc name="LABEL" value="L14"/></stmt><stmt><imc name="MOVE"><imc name="TEMP" value="10"/><imc name="CONST" value="0"/></imc></stmt><stmt><imc name="ESTMT"><imc name="CALL" value="_f0"><imc name="TEMP" value="10"/></imc></imc></stmt><stmt><imc name="MOVE"><imc name="TEMP" value="11"/><imc name="TEMP" value="6"/></imc></stmt><stmt><imc name="ESTMT"><imc name="CALL" value="L2"><imc name="TEMP" value="11"/></imc></imc></stmt><stmt><imc name="MOVE"><imc name="TEMP" value="12"/><imc name="TEMP" value="6"/></imc></stmt><stmt><imc name="ESTMT"><imc name="CALL" value="L2"><imc name="TEMP" value="12"/></imc></imc></stmt><stmt><imc name="MOVE"><imc name="TEMP" value="13"/><imc name="TEMP" value="6"/></imc></stmt><stmt><imc name="MOVE"><imc name="TEMP" value="14"/><imc name="CONST" value="-8"/></imc></stmt><stmt><imc name="MOVE"><imc name="TEMP" value="15"/><imc name="BINOP" value="ADD"><imc name="TEMP" value="13"/><imc name="TEMP" value="14"/></imc></imc></stmt><stmt><imc name="MOVE"><imc name="TEMP" value="7"/><imc name="MEM"><imc name="TEMP" value="15"/></imc></imc></stmt><stmt><imc name="JUMP" value="L15"/></stmt></codechunk><codechunk entrylabel="L16" exitlabel="L17"><frame FP="T0" RV="T1" argssize="8" depth="2" label="L0" locssize="8" size="32"/><stmt><imc name="LABEL" value="L16"/></stmt><stmt><imc name="MOVE"><imc name="TEMP" value="16"/><imc name="CONST" value="0"/></imc></stmt><stmt><imc name="CJUMP" value="L5:L7"><imc name="TEMP" value="16"/></imc></stmt><stmt><imc name="LABEL" value="L5"/></stmt><stmt><imc name="MOVE"><imc name="TEMP" value="17"/><imc name="TEMP" value="6"/></imc></stmt><stmt><imc name="ESTMT"><imc name="CALL" value="L0"><imc name="TEMP" value="17"/></imc></imc></stmt><stmt><imc name="JUMP" value="L6"/></stmt><stmt><imc name="LABEL" value="L6"/></stmt><stmt><imc name="MOVE"><imc name="TEMP" value="1"/><imc name="CONST" value="1"/></imc></stmt><stmt><imc name="JUMP" value="L17"/></stmt></codechunk><codechunk entrylabel="L18" exitlabel="L19"><frame FP="T4" RV="T5" argssize="8" depth="2" label="L2" locssize="8" size="32"/><stmt><imc name="LABEL" value="L18"/></stmt><stmt><imc name="MOVE"><imc name="TEMP" value="18"/><imc name="CONST" value="0"/></imc></stmt><stmt><imc name="CJUMP" value="L11:L13"><imc name="TEMP" value="18"/></imc></stmt><stmt><imc name="LABEL" value="L11"/></stmt><stmt><imc name="MOVE"><imc name="TEMP" value="19"/><imc name="TEMP" value="6"/></imc></stmt><stmt><imc name="ESTMT"><imc name="CALL" value="L0"><imc name="TEMP" value="19"/></imc></imc></stmt><stmt><imc name="JUMP" value="L12"/></stmt><stmt><imc name="LABEL" value="L12"/></stmt><stmt><imc name="MOVE"><imc name="TEMP" value="20"/><imc name="CONST" value="2"/></imc></stmt><stmt><imc name="MOVE"><imc name="TEMP" value="21"/><imc name="TEMP" value="4"/></imc></stmt><stmt><imc name="MOVE"><imc name="TEMP" value="22"/><imc name="MEM"><imc name="TEMP" value="21"/></imc></imc></stmt><stmt><imc name="MOVE"><imc name="TEMP" value="23"/><imc name="CONST" value="-8"/></imc></stmt><stmt><imc name="MOVE"><imc name="TEMP" value="24"/><imc name="BINOP" value="ADD"><imc name="TEMP" value="22"/><imc name="TEMP" value="23"/></imc></imc></stmt><stmt><imc name="MOVE"><imc name="MEM"><imc name="TEMP" value="24"/></imc><imc name="TEMP" value="20"/></imc></stmt><stmt><imc name="MOVE"><imc name="TEMP" value="25"/><imc name="TEMP" value="4"/></imc></stmt><stmt><imc name="ESTMT"><imc name="CALL" value="L1"><imc name="TEMP" value="25"/></imc></imc></stmt><stmt><imc name="MOVE"><imc name="TEMP" value="5"/><imc name="CONST" value="1"/></imc></stmt><stmt><imc name="JUMP" value="L19"/></stmt></codechunk><codechunk entrylabel="L20" exitlabel="L21"><frame FP="T2" RV="T3" argssize="8" depth="3" label="L1" locssize="8" size="32"/><stmt><imc name="LABEL" value="L20"/></stmt><stmt><imc name="MOVE"><imc name="TEMP" value="26"/><imc name="CONST" value="0"/></imc></stmt><stmt><imc name="CJUMP" value="L8:L10"><imc name="TEMP" value="26"/></imc></stmt><stmt><imc name="LABEL" value="L8"/></stmt><stmt><imc name="MOVE"><imc name="TEMP" value="27"/><imc name="CONST" value="0"/></imc></stmt><stmt><imc name="ESTMT"><imc name="CALL" value="_main"><imc name="TEMP" value="27"/></imc></imc></stmt><stmt><imc name="MOVE"><imc name="TEMP" value="28"/><imc name="TEMP" value="6"/></imc></stmt><stmt><imc name="ESTMT"><imc name="CALL" value="L0"><imc name="TEMP" value="28"/></imc></imc></stmt><stmt><imc name="MOVE"><imc name="TEMP" value="29"/><imc name="TEMP" value="6"/></imc></stmt><stmt><imc name="ESTMT"><imc name="CALL" value="L2"><imc name="TEMP" value="29"/></imc></imc></stmt><stmt><imc name="MOVE"><imc name="TEMP" value="30"/><imc name="TEMP" value="4"/></imc></stmt><stmt><imc name="ESTMT"><imc name="CALL" value="L1"><imc name="TEMP" value="30"/></imc></imc></stmt><stmt><imc name="JUMP" value="L9"/></stmt><stmt><imc name="LABEL" value="L9"/></stmt><stmt><imc name="MOVE"><imc name="TEMP" value="31"/><imc name="CONST" value="21"/></imc></stmt><stmt><imc name="MOVE"><imc name="TEMP" value="32"/><imc name="TEMP" value="2"/></imc></stmt><stmt><imc name="MOVE"><imc name="TEMP" value="33"/><imc name="MEM"><imc name="TEMP" value="32"/></imc></imc></stmt><stmt><imc name="MOVE"><imc name="TEMP" value="34"/><imc name="MEM"><imc name="TEMP" value="33"/></imc></imc></stmt><stmt><imc name="MOVE"><imc name="TEMP" value="35"/><imc name="CONST" value="-8"/></imc></stmt><stmt><imc name="MOVE"><imc name="TEMP" value="36"/><imc name="BINOP" value="ADD"><imc name="TEMP" value="34"/><imc name="TEMP" value="35"/></imc></imc></stmt><stmt><imc name="MOVE"><imc name="MEM"><imc name="TEMP" value="36"/></imc><imc name="TEMP" value="31"/></imc></stmt><stmt><imc name="MOVE"><imc name="TEMP" value="3"/><imc name="CONST" value="1"/></imc></stmt><stmt><imc name="JUMP" value="L21"/></stmt></codechunk><codechunk entrylabel="L22" exitlabel="L23"><frame FP="T8" RV="T9" argssize="0" depth="1" label="_f0" locssize="0" size="16"/><stmt><imc name="LABEL" value="L22"/></stmt><stmt><imc name="MOVE"><imc name="TEMP" value="9"/><imc name="CONST" value="1"/></imc></stmt><stmt><imc name="JUMP" value="L23"/></stmt></codechunk></chunks>