<?xml version="1.0" encoding="UTF-8" standalone="no"?><?xml-stylesheet type="text/xsl" href="../../data/chunks.xsl"?><chunks><datachunk init="" label="_i" size="8"/><datachunk init="&quot;one&quot;" label="L0" size="4"/><codechunk entrylabel="L3" exitlabel="L4"><frame FP="T0" RV="T1" argssize="0" depth="1" label="_main" locssize="0" size="16"/><stmt><imc name="LABEL" value="L3"/></stmt><stmt><imc name="MOVE"><imc name="TEMP" value="1"/><imc name="NAME" value="L0"/></imc></stmt><stmt><imc name="JUMP" value="L4"/></stmt></codechunk><codechunk entrylabel="L5" exitlabel="L6"><frame FP="T2" RV="T3" argssize="0" depth="1" label="_f2" locssize="0" size="16"/><stmt><imc name="LABEL" value="L5"/></stmt><stmt><imc name="MOVE"><imc name="TEMP" value="3"/><imc name="CONST" value="1"/></imc></stmt><stmt><imc name="JUMP" value="L6"/></stmt></codechunk></chunks>