<?xml version="1.0" encoding="UTF-8" standalone="no"?><?xml-stylesheet type="text/xsl" href="../../data/synan.xsl"?><synan><nont label="Source"><nont label="Decls"><nont label="Decl"><term lexeme="var" token="VAR"><location loc="1.1--1.3"/></term><nont label="ParDecl"><term lexeme="v" token="IDENTIFIER"><location loc="1.5--1.5"/></term><nont label="Type"><term lexeme="void" token="VOID"><location loc="1.7--1.10"/></term><location loc="1.7--1.10"/></nont><location loc="1.5--1.10"/></nont><location loc="1.1--1.10"/></nont><nont label="DeclsRest"><nont label="Decl"><term lexeme="typ" token="TYP"><location loc="2.1--2.3"/></term><nont label="ParDecl"><term lexeme="new_bool" token="IDENTIFIER"><location loc="2.5--2.12"/></term><nont label="Type"><term lexeme="bool" token="BOOL"><location loc="2.14--2.17"/></term><location loc="2.14--2.17"/></nont><location loc="2.5--2.17"/></nont><location loc="2.1--2.17"/></nont><nont label="DeclsRest"><nont label="Decl"><term lexeme="fun" token="FUN"><location loc="3.1--3.3"/></term><term lexeme="f" token="IDENTIFIER"><location loc="3.5--3.5"/></term><nont label="ParDecls"><nont label="ParDecl"><term lexeme="a" token="IDENTIFIER"><location loc="3.8--3.8"/></term><nont label="Type"><term lexeme="int" token="INT"><location loc="3.12--3.14"/></term><location loc="3.12--3.14"/></nont><location loc="3.8--3.14"/></nont><nont label="ParDeclsRest"/><location loc="3.8--3.14"/></nont><nont label="Type"><term lexeme="bool" token="BOOL"><location loc="3.19--3.22"/></term><location loc="3.19--3.22"/></nont><nont label="BodyEps"/><location loc="3.1--3.22"/></nont><nont label="DeclsRest"><nont label="Decl"><term lexeme="fun" token="FUN"><location loc="4.1--4.3"/></term><term lexeme="g" token="IDENTIFIER"><location loc="4.5--4.5"/></term><nont label="ParDecls"/><nont label="Type"><term lexeme="bool" token="BOOL"><location loc="4.12--4.15"/></term><location loc="4.12--4.15"/></nont><nont label="BodyEps"/><location loc="4.1--4.15"/></nont><nont label="DeclsRest"><nont label="Decl"><term lexeme="fun" token="FUN"><location loc="5.1--5.3"/></term><term lexeme="h" token="IDENTIFIER"><location loc="5.5--5.5"/></term><nont label="ParDecls"><nont label="ParDecl"><term lexeme="a" token="IDENTIFIER"><location loc="5.8--5.8"/></term><nont label="Type"><term lexeme="char" token="CHAR"><location loc="5.12--5.15"/></term><location loc="5.12--5.15"/></nont><location loc="5.8--5.15"/></nont><nont label="ParDeclsRest"><nont label="ParDecl"><term lexeme="c" token="IDENTIFIER"><location loc="5.18--5.18"/></term><nont label="Type"><term lexeme="ptr" token="PTR"><location loc="5.22--5.24"/></term><nont label="Type"><term lexeme="bool" token="BOOL"><location loc="5.26--5.29"/></term><location loc="5.26--5.29"/></nont><location loc="5.22--5.29"/></nont><location loc="5.18--5.29"/></nont><nont label="ParDeclsRest"/><location loc="5.18--5.29"/></nont><location loc="5.8--5.29"/></nont><nont label="Type"><term lexeme="bool" token="BOOL"><location loc="5.35--5.38"/></term><location loc="5.35--5.38"/></nont><nont label="BodyEps"/><location loc="5.1--5.38"/></nont><nont label="DeclsRest"/><location loc="5.1--5.38"/></nont><location loc="4.1--5.38"/></nont><location loc="3.1--5.38"/></nont><location loc="2.1--5.38"/></nont><location loc="1.1--5.38"/></nont><location loc="1.1--5.38"/></nont></synan>