<?xml version="1.0" encoding="UTF-8" standalone="no"?><?xml-stylesheet type="text/xsl" href="../../data/synan.xsl"?><synan><nont label="Source"><nont label="Decls"><nont label="Decl"><term lexeme="fun" token="FUN"><location loc="1.1--1.3"/></term><term lexeme="main" token="IDENTIFIER"><location loc="1.5--1.8"/></term><nont label="ParDecls"/><nont label="Type"><term lexeme="int" token="INT"><location loc="1.12--1.14"/></term><location loc="1.12--1.14"/></nont><nont label="BodyEps"><term lexeme="=" token="ASSIGN"><location loc="1.15--1.15"/></term><nont label="Expr"><nont label="DisjExpr"><nont label="ConjExpr"><nont label="RelExpr"><nont label="AddExpr"><nont label="MulExpr"><nont label="PrefExpr"><nont label="PstfExpr"><nont label="AtomExpr"><term lexeme="i" token="IDENTIFIER"><location loc="1.16--1.16"/></term><nont label="CallEps"/><location loc="1.16--1.16"/></nont><location loc="1.16--1.16"/></nont><nont label="PstfExprRest"/><location loc="1.16--1.16"/></nont><location loc="1.16--1.16"/></nont><nont label="MulExprRest"/><location loc="1.16--1.16"/></nont><nont label="AddExprRest"/><location loc="1.16--1.16"/></nont><nont label="RelExprRest"/><location loc="1.16--1.16"/></nont><nont label="ConjExprRest"><term lexeme="&amp;" token="AND"><location loc="1.17--1.17"/></term><nont label="ConjExpr"><nont label="RelExpr"><nont label="AddExpr"><nont label="MulExpr"><nont label="PrefExpr"><nont label="PstfExpr"><nont label="AtomExpr"><term lexeme="i" token="IDENTIFIER"><location loc="1.18--1.18"/></term><nont label="CallEps"/><location loc="1.18--1.18"/></nont><location loc="1.18--1.18"/></nont><nont label="PstfExprRest"/><location loc="1.18--1.18"/></nont><location loc="1.18--1.18"/></nont><nont label="MulExprRest"/><location loc="1.18--1.18"/></nont><nont label="AddExprRest"/><location loc="1.18--1.18"/></nont><nont label="RelExprRest"/><location loc="1.18--1.18"/></nont><nont label="ConjExprRest"/><location loc="1.17--1.18"/></nont><location loc="1.16--1.18"/></nont><nont label="DisjExprRest"/><location loc="1.16--1.18"/></nont><location loc="1.15--1.18"/></nont><location loc="1.1--1.18"/></nont><nont label="DeclsRest"/><location loc="1.1--1.18"/></nont><location loc="1.1--1.18"/></nont></synan>