<?xml version="1.0" encoding="UTF-8" standalone="no"?><?xml-stylesheet type="text/xsl" href="../../data/asmgen.xsl"?><asmgen><code entrylabel="L2" exitlabel="L3" tempsize="0"><frame FP="T0" RV="T1" argssize="0" depth="1" label="_main" locssize="0" size="16"/><instructions><instruction code="L2"/><instruction code="SET T10, 1"/><instruction code="SET T4, T10"/><instruction code="SET T11 _i"/><instruction code="STO T4, T5, 0"/><instruction code="SET T12, 2"/><instruction code="SET T6, T12"/><instruction code="SET T13, 3"/><instruction code="SET T7, T13"/><instruction code="DIV T14, T6, T7"/><instruction code="GET T14 $rR"/><instruction code="SET T1, T14"/><instruction code="JMP L3"/></instructions></code><code entrylabel="L4" exitlabel="L5" tempsize="0"><frame FP="T2" RV="T3" argssize="0" depth="1" label="_b" locssize="0" size="16"/><instructions><instruction code="L4"/><instruction code="SET T15, 1"/><instruction code="SET T8, T15"/><instruction code="SET T16, 0"/><instruction code="SET T9, T16"/><instruction code="XOR T17, T8, T9"/><instruction code="SET T3, T17"/><instruction code="JMP L5"/></instructions></code></asmgen>