<?xml version="1.0" encoding="UTF-8" standalone="no"?><?xml-stylesheet type="text/xsl" href="../../data/asmgen.xsl"?><asmgen><code entrylabel="L2" exitlabel="L3" tempsize="0"><frame FP="T0" RV="T1" argssize="0" depth="1" label="_main" locssize="0" size="16"/><instructions><instruction code="L2"/><instruction code="SET T10,1"/><instruction code="SET T4,T10"/><instruction code="LDA T11,_i"/><instruction code="LDO T12,T11,0"/><instruction code="SET T5,T11"/><instruction code="STO T4,T5,0"/><instruction code="SET T13,2"/><instruction code="SET T6,T13"/><instruction code="SET T14,3"/><instruction code="SET T7,T14"/><instruction code="DIV T15,T6,T7"/><instruction code="GET T15,rR"/><instruction code="SET T1,T15"/><instruction code="JMP L3"/></instructions></code><code entrylabel="L4" exitlabel="L5" tempsize="0"><frame FP="T2" RV="T3" argssize="0" depth="1" label="_b" locssize="0" size="16"/><instructions><instruction code="L4"/><instruction code="SET T16,1"/><instruction code="SET T8,T16"/><instruction code="SET T17,0"/><instruction code="SET T9,T17"/><instruction code="XOR T18,T8,T9"/><instruction code="SET T3,T18"/><instruction code="JMP L5"/></instructions></code></asmgen>