<?xml version="1.0" encoding="UTF-8" standalone="no"?><?xml-stylesheet type="text/xsl" href="../../data/ralloc.xsl"?><ralloc><code entrylabel="L2" exitlabel="L3" tempsize="0"><frame FP="T0" RV="T1" argssize="0" depth="1" label="_main" locssize="0" size="16"/><instructions><instruction code="L2"/><instruction code="SET $0, 1"/><instruction code="SET $0, $0"/><instruction code="SET $1, _i"/><instruction code="SET $1, $1"/><instruction code="STO $0, $1, 0"/><instruction code="SET $0, 2"/><instruction code="SET $1, $0"/><instruction code="SET $0, 3"/><instruction code="SET $0, $0"/><instruction code="DIV $0, $1, $0"/><instruction code="GET $0, $rR"/><instruction code="SET $0, $0"/><instruction code="JMP L3"/></instructions></code><code entrylabel="L4" exitlabel="L5" tempsize="0"><frame FP="T2" RV="T3" argssize="0" depth="1" label="_b" locssize="0" size="16"/><instructions><instruction code="L4"/><instruction code="SET $0, 1"/><instruction code="SET $1, $0"/><instruction code="SET $0, 0"/><instruction code="SET $0, $0"/><instruction code="XOR $0, $1, $0"/><instruction code="SET $0, $0"/><instruction code="JMP L5"/></instructions></code></ralloc>