<?xml version="1.0" encoding="UTF-8" standalone="no"?><?xml-stylesheet type="text/xsl" href="./imcgen.xsl"?><imcgen><node label="Source"><node label="Decls"><node label="VarDecl" lexeme="i"><node label="AtomType" spec="INT"><location loc="1.7--1.9"/><type label="INT"/></node><location loc="1.1--1.9"/><access label="_i" size="8"/></node><location loc="1.1--1.9"/></node><location loc="1.1--1.9"/></node></imcgen>