<?xml version="1.0" encoding="UTF-8" standalone="no"?><?xml-stylesheet type="text/xsl" href="../../data/lexan.xsl"?><lexan><term lexeme="while" token="WHILE"><location loc="1.1--1.6"/></term><term lexeme="true" token="BOOLCONST"><location loc="1.8--1.12"/></term><term lexeme="neki" token="IDENTIFIER"><location loc="2.5--2.9"/></term><term lexeme="&quot;dsadas&quot;" token="STRCONST"><location loc="2.13--2.20"/></term><term lexeme="if" token="IF"><location loc="3.5--3.7"/></term><term lexeme="bla" token="IDENTIFIER"><location loc="3.9--3.12"/></term><term lexeme="1" token="INTCONST"><location loc="3.16--3.17"/></term><term lexeme="add" token="IDENTIFIER"><location loc="4.9--4.12"/></term><term lexeme="add" token="IDENTIFIER"><location loc="4.15--4.18"/></term><term lexeme="2" token="INTCONST"><location loc="4.21--4.22"/></term><term lexeme="c" token="IDENTIFIER"><location loc="6.5--6.6"/></term><term lexeme="'c'" token="CHARCONST"><location loc="6.9--6.11"/></term></lexan>