<?xml version="1.0" encoding="UTF-8" standalone="no"?><?xml-stylesheet type="text/xsl" href="../../data/lexan.xsl"?><lexan><term lexeme="456789" token="INTCONST"><location loc="1.1--1.7"/></term><term lexeme=" 'c'" token="CHARCONST"><location loc="1.7--1.10"/></term><term lexeme=" 632" token="INTCONST"><location loc="1.9--1.13"/></term><term lexeme="&#10;321" token="INTCONST"><location loc="1.13--2.4"/></term></lexan>