<?xml version="1.0" encoding="UTF-8" standalone="no"?><?xml-stylesheet type="text/xsl" href="../../data/lexan.xsl"?><lexan><term lexeme="while" token="WHILE"><location loc="1.1--1.6"/></term><term lexeme="(" token="LPARENTHESIS"><location loc="1.7--1.7"/></term><term lexeme="true" token="BOOLCONST"><location loc="1.8--1.12"/></term><term lexeme=")" token="RPARENTHESIS"><location loc="1.12--1.12"/></term><term lexeme="{" token="LBRACE"><location loc="1.14--1.14"/></term><term lexeme="neki" token="IDENTIFIER"><location loc="2.5--2.9"/></term><term lexeme="+" token="ADD"><location loc="2.10--2.10"/></term><term lexeme="=" token="ASSIGN"><location loc="2.11--2.11"/></term><term lexeme="&quot;dsadas&quot;" token="STRCONST"><location loc="2.13--2.20"/></term><term lexeme=";" token="SEMIC"><location loc="2.20--2.20"/></term><term lexeme="if" token="IF"><location loc="3.5--3.7"/></term><term lexeme="(" token="LPARENTHESIS"><location loc="3.8--3.8"/></term><term lexeme="bla" token="IDENTIFIER"><location loc="3.9--3.12"/></term><term lexeme="==" token="EQU"><location loc="3.13--3.14"/></term><term lexeme="1" token="INTCONST"><location loc="3.15--3.15"/></term><term lexeme=")" token="RPARENTHESIS"><location loc="3.16--3.16"/></term><term lexeme="{" token="LBRACE"><location loc="3.18--3.18"/></term><term lexeme="add" token="IDENTIFIER"><location loc="4.9--4.12"/></term><term lexeme="=" token="ASSIGN"><location loc="4.13--4.13"/></term><term lexeme="add" token="IDENTIFIER"><location loc="4.15--4.18"/></term><term lexeme="+" token="ADD"><location loc="4.19--4.19"/></term><term lexeme="2" token="INTCONST"><location loc="4.21--4.21"/></term><term lexeme=";" token="SEMIC"><location loc="4.22--4.22"/></term><term lexeme="}" token="RBRACE"><location loc="5.5--5.5"/></term><term lexeme="c" token="IDENTIFIER"><location loc="6.5--6.6"/></term><term lexeme="=" token="ASSIGN"><location loc="6.7--6.7"/></term><term lexeme="'c'" token="CHARCONST"><location loc="6.9--6.11"/></term></lexan>