<?xml version="1.0" encoding="UTF-8" standalone="no"?><?xml-stylesheet type="text/xsl" href="../../data/lexan.xsl"?><lexan><term lexeme="&quot;ghhgjasd&quot;" token="STRCONST"><location loc="1.1--1.10"/></term><term lexeme=" 1331" token="INTCONST"><location loc="1.10--1.15"/></term><term lexeme=" &quot;sadsa&#10;dsa&quot;" token="STRCONST"><location loc="1.15--2.4"/></term><term lexeme="&#10;1321" token="INTCONST"><location loc="2.4--3.5"/></term><term lexeme=" &quot;213123&quot;" token="STRCONST"><location loc="3.5--3.13"/></term><term lexeme="&#10;&quot;'c'&quot;" token="STRCONST"><location loc="3.13--4.5"/></term><term lexeme="&#10;'c'" token="CHARCONST"><location loc="4.5--5.3"/></term></lexan>