<?xml version="1.0" encoding="UTF-8" standalone="no"?><?xml-stylesheet type="text/xsl" href="../../data/lexan.xsl"?><lexan><term lexeme="&quot;ghhgjasd&quot;" token="STRCONST"><location loc="1.1--1.10"/></term><term lexeme="1331" token="INTCONST"><location loc="1.11--1.15"/></term><term lexeme="&quot;sadsa&#10;dsa&quot;" token="STRCONST"><location loc="1.16--2.4"/></term><term lexeme="1321" token="INTCONST"><location loc="3.1--3.5"/></term><term lexeme="&quot;213123&quot;" token="STRCONST"><location loc="3.6--3.13"/></term><term lexeme="&quot;'c'&quot;" token="STRCONST"><location loc="4.1--4.5"/></term><term lexeme="'c'" token="CHARCONST"><location loc="5.1--5.3"/></term></lexan>