<?xml version="1.0" encoding="UTF-8" standalone="no"?><?xml-stylesheet type="text/xsl" href="../../data/lexan.xsl"?><lexan><term lexeme="123" token="INTCONST"><location loc="1.1--1.3"/></term><term lexeme="a" token="IDENTIFIER"><location loc="1.4--1.5"/></term></lexan>