<?xml version="1.0" encoding="UTF-8" standalone="no"?><?xml-stylesheet type="text/xsl" href="../../data/lexan.xsl"?><lexan><term lexeme="'c'" token="CHARCONST"><location loc="1.1--1.3"/></term></lexan>