<?xml version="1.0" encoding="UTF-8" standalone="no"?><?xml-stylesheet type="text/xsl" href="../../data/lexan.xsl"?><lexan><term lexeme="." token="DOT"><location loc="1.1--1.1"/></term><term lexeme="!=" token="NEQ"><location loc="2.1--2.2"/></term><term lexeme="+" token="ADD"><location loc="2.3--2.3"/></term><term lexeme="==" token="EQU"><location loc="3.1--3.2"/></term><term lexeme="+" token="ADD"><location loc="3.3--3.3"/></term></lexan>