<?xml version="1.0" encoding="UTF-8" standalone="no"?><?xml-stylesheet type="text/xsl" href="../../data/seman.xsl"?><seman><node label="Source"><node label="Decls"><node label="FunDef" lexeme="f1"><node label="ParDecls"><location loc="0.0--0.0"/></node><node label="AtomType" spec="INT"><location loc="1.10--1.12"/><type label="INT"/></node><node label="FunName" lexeme="f2"><node label="Args"><location loc="0.0--0.0"/></node><location loc="1.14--1.15"/><declaredAt location="2.1--2.15"/><type label="INT"/></node><location loc="1.1--1.15"/></node><node label="FunDef" lexeme="f2"><node label="ParDecls"><location loc="0.0--0.0"/></node><node label="AtomType" spec="INT"><location loc="2.10--2.12"/><type label="INT"/></node><node label="FunName" lexeme="f1"><node label="Args"><location loc="0.0--0.0"/></node><location loc="2.14--2.15"/><declaredAt location="1.1--1.15"/><type label="INT"/></node><location loc="2.1--2.15"/></node><location loc="1.1--2.15"/></node><location loc="1.1--2.15"/></node></seman>