<?xml version="1.0" encoding="UTF-8" standalone="no"?><?xml-stylesheet type="text/xsl" href="../../data/seman.xsl"?><seman><node label="Source"><node label="Decls"><node label="FunDef" lexeme="f"><node label="ParDecls"><node label="ParDecl" lexeme="i"><node label="AtomType" spec="INT"><location loc="1.9--1.11"/><type label="INT"/></node><location loc="1.7--1.11"/></node><node label="ParDecl" lexeme="j"><node label="AtomType" spec="INT"><location loc="1.15--1.17"/><type label="INT"/></node><location loc="1.13--1.17"/></node><location loc="1.7--1.17"/></node><node label="AtomType" spec="INT"><location loc="1.20--1.22"/><type label="INT"/></node><node label="BinExpr" spec="ADD"><node label="BinExpr" spec="ADD"><node label="VarName" lexeme="i"><location loc="1.24--1.24"/><declaredAt location="1.7--1.11"/><type label="INT"/><addr/></node><node label="VarName" lexeme="j"><location loc="1.26--1.26"/><declaredAt location="1.13--1.17"/><type label="INT"/><addr/></node><location loc="1.24--1.26"/><type label="INT"/></node><node label="FunName" lexeme="f"><node label="Args"><node label="VarName" lexeme="i"><location loc="1.30--1.30"/><declaredAt location="1.7--1.11"/><type label="INT"/><addr/></node><node label="VarName" lexeme="j"><location loc="1.32--1.32"/><declaredAt location="1.13--1.17"/><type label="INT"/><addr/></node><location loc="1.30--1.32"/></node><location loc="1.28--1.32"/><declaredAt location="1.1--1.32"/><type label="INT"/></node><location loc="1.24--1.32"/><type label="INT"/></node><location loc="1.1--1.32"/></node><node label="VarDecl" lexeme="i"><node label="AtomType" spec="INT"><location loc="2.7--2.9"/><type label="INT"/></node><location loc="2.1--2.9"/></node><location loc="1.1--2.9"/></node><location loc="1.1--2.9"/></node></seman>