<?xml version="1.0" encoding="UTF-8" standalone="no"?><?xml-stylesheet type="text/xsl" href="../../data/synan.xsl"?><synan><nont label="Source"><nont label="Decls"><nont label="Decl"><term lexeme="var" token="VAR"><location loc="1.1--1.3"/></term><nont label="ParDecl"><term lexeme="i" token="IDENTIFIER"><location loc="1.5--1.5"/></term><nont label="Type"><term lexeme="int" token="INT"><location loc="1.7--1.9"/></term><location loc="1.7--1.9"/></nont><location loc="1.5--1.9"/></nont><location loc="1.1--1.9"/></nont><nont label="DeclsRest"><nont label="Decl"><term lexeme="fun" token="FUN"><location loc="4.1--4.3"/></term><term lexeme="helloWorld" token="IDENTIFIER"><location loc="4.5--4.14"/></term><nont label="ParDecls"><nont label="ParDecl"><term lexeme="asxa" token="IDENTIFIER"><location loc="4.16--4.19"/></term><nont label="Type"><term lexeme="bool" token="BOOL"><location loc="4.22--4.25"/></term><location loc="4.22--4.25"/></nont><location loc="4.16--4.25"/></nont><nont label="ParDeclsRest"/><location loc="4.16--4.25"/></nont><nont label="Type"><term lexeme="void" token="VOID"><location loc="4.30--4.33"/></term><location loc="4.30--4.33"/></nont><nont label="BodyEps"><term lexeme="=" token="ASSIGN"><location loc="4.35--4.35"/></term><nont label="Expr"><nont label="DisjExpr"><nont label="ConjExpr"><nont label="RelExpr"><nont label="AddExpr"><nont label="MulExpr"><nont label="PrefExpr"><nont label="PstfExpr"><nont label="AtomExpr"><nont label="Literal"><term lexeme="4" token="INTCONST"><location loc="4.37--4.37"/></term><location loc="4.37--4.37"/></nont><location loc="4.37--4.37"/></nont><location loc="4.37--4.37"/></nont><nont label="PstfExprRest"/><location loc="4.37--4.37"/></nont><location loc="4.37--4.37"/></nont><nont label="MulExprRest"/><location loc="4.37--4.37"/></nont><nont label="AddExprRest"/><location loc="4.37--4.37"/></nont><nont label="RelExprRest"/><location loc="4.37--4.37"/></nont><nont label="ConjExprRest"/><location loc="4.37--4.37"/></nont><nont label="DisjExprRest"/><location loc="4.37--4.37"/></nont><location loc="4.35--4.37"/></nont><location loc="4.1--4.37"/></nont><nont label="DeclsRest"><nont label="Decl"><term lexeme="fun" token="FUN"><location loc="6.1--6.3"/></term><term lexeme="helloWorldWithBody" token="IDENTIFIER"><location loc="6.5--6.22"/></term><nont label="ParDecls"><nont label="ParDecl"><term lexeme="asxa" token="IDENTIFIER"><location loc="6.24--6.27"/></term><nont label="Type"><term lexeme="bool" token="BOOL"><location loc="6.30--6.33"/></term><location loc="6.30--6.33"/></nont><location loc="6.24--6.33"/></nont><nont label="ParDeclsRest"/><location loc="6.24--6.33"/></nont><nont label="Type"><term lexeme="int" token="INT"><location loc="6.38--6.40"/></term><location loc="6.38--6.40"/></nont><nont label="BodyEps"><term lexeme="=" token="ASSIGN"><location loc="6.42--6.42"/></term><nont label="Expr"><nont label="DisjExpr"><nont label="ConjExpr"><nont label="RelExpr"><nont label="AddExpr"><nont label="MulExpr"><nont label="PrefExpr"><nont label="PstfExpr"><nont label="AtomExpr"><nont label="Stmts"><nont label="Stmt"><term lexeme="if" token="IF"><location loc="7.5--7.6"/></term><nont label="Expr"><nont label="DisjExpr"><nont label="ConjExpr"><nont label="RelExpr"><nont label="AddExpr"><nont label="MulExpr"><nont label="PrefExpr"><nont label="Expr"><nont label="DisjExpr"><nont label="ConjExpr"><nont label="RelExpr"><nont label="AddExpr"><nont label="MulExpr"><nont label="PrefExpr"><nont label="PstfExpr"><nont label="AtomExpr"><term lexeme="asxa" token="IDENTIFIER"><location loc="7.9--7.12"/></term><nont label="CallEps"/><location loc="7.9--7.12"/></nont><location loc="7.9--7.12"/></nont><nont label="PstfExprRest"/><location loc="7.9--7.12"/></nont><location loc="7.9--7.12"/></nont><nont label="MulExprRest"/><location loc="7.9--7.12"/></nont><nont label="AddExprRest"/><location loc="7.9--7.12"/></nont><nont label="RelExprRest"><term lexeme="==" token="EQU"><location loc="7.14--7.15"/></term><nont label="RelExpr"><nont label="AddExpr"><nont label="MulExpr"><nont label="PrefExpr"><nont label="PstfExpr"><nont label="AtomExpr"><nont label="Literal"><term lexeme="null" token="PTRCONST"><location loc="7.17--7.20"/></term><location loc="7.17--7.20"/></nont><location loc="7.17--7.20"/></nont><location loc="7.17--7.20"/></nont><nont label="PstfExprRest"/><location loc="7.17--7.20"/></nont><location loc="7.17--7.20"/></nont><nont label="MulExprRest"/><location loc="7.17--7.20"/></nont><nont label="AddExprRest"/><location loc="7.17--7.20"/></nont><location loc="7.14--7.20"/></nont><location loc="7.9--7.20"/></nont><nont label="ConjExprRest"/><location loc="7.9--7.20"/></nont><nont label="DisjExprRest"/><location loc="7.9--7.20"/></nont><nont label="CastEps"/><nont label="PstfExprRest"/><location loc="7.9--7.20"/></nont><location loc="7.9--7.20"/></nont><nont label="MulExprRest"/><location loc="7.9--7.20"/></nont><nont label="AddExprRest"/><location loc="7.9--7.20"/></nont><nont label="RelExprRest"/><location loc="7.9--7.20"/></nont><nont label="ConjExprRest"/><location loc="7.9--7.20"/></nont><nont label="DisjExprRest"/><location loc="7.9--7.20"/></nont><nont label="Stmts"><nont label="Stmt"><nont label="Expr"><nont label="DisjExpr"><nont label="ConjExpr"><nont label="RelExpr"><nont label="AddExpr"><nont label="MulExpr"><nont label="PrefExpr"><nont label="PstfExpr"><nont label="AtomExpr"><term lexeme="i" token="IDENTIFIER"><location loc="8.9--8.9"/></term><nont label="CallEps"/><location loc="8.9--8.9"/></nont><location loc="8.9--8.9"/></nont><nont label="PstfExprRest"/><location loc="8.9--8.9"/></nont><location loc="8.9--8.9"/></nont><nont label="MulExprRest"/><location loc="8.9--8.9"/></nont><nont label="AddExprRest"/><location loc="8.9--8.9"/></nont><nont label="RelExprRest"/><location loc="8.9--8.9"/></nont><nont label="ConjExprRest"/><location loc="8.9--8.9"/></nont><nont label="DisjExprRest"/><location loc="8.9--8.9"/></nont><nont label="AssignEps"><nont label="Expr"><nont label="DisjExpr"><nont label="ConjExpr"><nont label="RelExpr"><nont label="AddExpr"><nont label="MulExpr"><nont label="PrefExpr"><nont label="PstfExpr"><nont label="AtomExpr"><nont label="Literal"><term lexeme="15" token="INTCONST"><location loc="8.13--8.14"/></term><location loc="8.13--8.14"/></nont><location loc="8.13--8.14"/></nont><location loc="8.13--8.14"/></nont><nont label="PstfExprRest"/><location loc="8.13--8.14"/></nont><location loc="8.13--8.14"/></nont><nont label="MulExprRest"/><location loc="8.13--8.14"/></nont><nont label="AddExprRest"/><location loc="8.13--8.14"/></nont><nont label="RelExprRest"/><location loc="8.13--8.14"/></nont><nont label="ConjExprRest"><term lexeme="&amp;" token="AND"><location loc="8.16--8.16"/></term><nont label="ConjExpr"><nont label="RelExpr"><nont label="AddExpr"><nont label="MulExpr"><nont label="PrefExpr"><nont label="PstfExpr"><nont label="AtomExpr"><nont label="Literal"><term lexeme="false" token="BOOLCONST"><location loc="8.18--8.22"/></term><location loc="8.18--8.22"/></nont><location loc="8.18--8.22"/></nont><location loc="8.18--8.22"/></nont><nont label="PstfExprRest"/><location loc="8.18--8.22"/></nont><location loc="8.18--8.22"/></nont><nont label="MulExprRest"/><location loc="8.18--8.22"/></nont><nont label="AddExprRest"/><location loc="8.18--8.22"/></nont><nont label="RelExprRest"/><location loc="8.18--8.22"/></nont><nont label="ConjExprRest"/><location loc="8.16--8.22"/></nont><location loc="8.13--8.22"/></nont><nont label="DisjExprRest"/><location loc="8.13--8.22"/></nont><location loc="8.13--8.22"/></nont><location loc="8.9--8.22"/></nont><nont label="StmtsRest"/><location loc="8.9--8.22"/></nont><nont label="ElseEps"/><location loc="7.5--8.22"/></nont><nont label="StmtsRest"/><location loc="7.5--8.22"/></nont><nont label="Expr"><nont label="DisjExpr"><nont label="ConjExpr"><nont label="RelExpr"><nont label="AddExpr"><nont label="MulExpr"><nont label="PrefExpr"><nont label="PstfExpr"><nont label="AtomExpr"><nont label="Literal"><term lexeme="4" token="INTCONST"><location loc="10.7--10.7"/></term><location loc="10.7--10.7"/></nont><location loc="10.7--10.7"/></nont><location loc="10.7--10.7"/></nont><nont label="PstfExprRest"/><location loc="10.7--10.7"/></nont><location loc="10.7--10.7"/></nont><nont label="MulExprRest"/><location loc="10.7--10.7"/></nont><nont label="AddExprRest"/><location loc="10.7--10.7"/></nont><nont label="RelExprRest"/><location loc="10.7--10.7"/></nont><nont label="ConjExprRest"/><location loc="10.7--10.7"/></nont><nont label="DisjExprRest"/><location loc="10.7--10.7"/></nont><nont label="WhereEps"/><location loc="7.5--10.7"/></nont><location loc="7.5--10.7"/></nont><nont label="PstfExprRest"/><location loc="7.5--10.7"/></nont><location loc="7.5--10.7"/></nont><nont label="MulExprRest"/><location loc="7.5--10.7"/></nont><nont label="AddExprRest"/><location loc="7.5--10.7"/></nont><nont label="RelExprRest"/><location loc="7.5--10.7"/></nont><nont label="ConjExprRest"/><location loc="7.5--10.7"/></nont><nont label="DisjExprRest"/><location loc="7.5--10.7"/></nont><location loc="6.42--10.7"/></nont><location loc="6.1--10.7"/></nont><nont label="DeclsRest"/><location loc="6.1--10.7"/></nont><location loc="4.1--10.7"/></nont><location loc="1.1--10.7"/></nont><location loc="1.1--10.7"/></nont></synan>