<?xml version="1.0" encoding="UTF-8" standalone="no"?><?xml-stylesheet type="text/xsl" href="../../data/synan.xsl"?><synan><nont label="Source"><nont label="Decls"><nont label="Decl"><term lexeme="var" token="VAR"><location loc="1.1--1.3"/></term><nont label="ParDecl"><term lexeme="i" token="IDENTIFIER"><location loc="1.5--1.5"/></term><nont label="Type"><term lexeme="int" token="INT"><location loc="1.7--1.9"/></term><location loc="1.7--1.9"/></nont><location loc="1.5--1.9"/></nont><location loc="1.1--1.9"/></nont><nont label="DeclsRest"/><location loc="1.1--1.9"/></nont><location loc="1.1--1.9"/></nont></synan>