<?xml version="1.0" encoding="UTF-8" standalone="no"?><?xml-stylesheet type="text/xsl" href="../../data/synan.xsl"?><synan><nont label="Source"><nont label="Decls"><nont label="Decl"><term lexeme="var" token="VAR"><location loc="1.1--1.3"/></term><nont label="ParDecl"><term lexeme="i" token="IDENTIFIER"><location loc="1.5--1.5"/></term><nont label="Type"><term lexeme="int" token="INT"><location loc="1.7--1.9"/></term><location loc="1.7--1.9"/></nont><location loc="1.5--1.9"/></nont><location loc="1.1--1.9"/></nont><nont label="DeclsRest"><nont label="Decl"><term lexeme="fun" token="FUN"><location loc="3.1--3.3"/></term><term lexeme="helloWorld" token="IDENTIFIER"><location loc="3.5--3.14"/></term><nont label="ParDecls"><nont label="ParDecl"><term lexeme="asxa" token="IDENTIFIER"><location loc="3.16--3.19"/></term><nont label="Type"><term lexeme="bool" token="BOOL"><location loc="3.22--3.25"/></term><location loc="3.22--3.25"/></nont><location loc="3.16--3.25"/></nont><nont label="ParDeclsRest"/><location loc="3.16--3.25"/></nont><nont label="Type"><term lexeme="void" token="VOID"><location loc="3.30--3.33"/></term><location loc="3.30--3.33"/></nont><nont label="BodyEps"><term lexeme="=" token="ASSIGN"><location loc="3.35--3.35"/></term><nont label="Expr"><nont label="DisjExpr"><nont label="ConjExpr"><nont label="RelExpr"><nont label="AddExpr"><nont label="MulExpr"><nont label="PrefExpr"><nont label="PstfExpr"><nont label="AtomExpr"><nont label="Literal"><term lexeme="4" token="INTCONST"><location loc="3.37--3.37"/></term><location loc="3.37--3.37"/></nont><location loc="3.37--3.37"/></nont><location loc="3.37--3.37"/></nont><nont label="PstfExprRest"/><location loc="3.37--3.37"/></nont><location loc="3.37--3.37"/></nont><nont label="MulExprRest"><term lexeme="*" token="MUL"><location loc="3.39--3.39"/></term><nont label="MulExpr"><nont label="PrefExpr"><term lexeme="!" token="NOT"><location loc="3.41--3.41"/></term><nont label="PrefExpr"><nont label="PstfExpr"><nont label="AtomExpr"><nont label="Literal"><term lexeme="5" token="INTCONST"><location loc="3.42--3.42"/></term><location loc="3.42--3.42"/></nont><location loc="3.42--3.42"/></nont><location loc="3.42--3.42"/></nont><nont label="PstfExprRest"/><location loc="3.42--3.42"/></nont><location loc="3.41--3.42"/></nont><location loc="3.41--3.42"/></nont><nont label="MulExprRest"/><location loc="3.39--3.42"/></nont><location loc="3.37--3.42"/></nont><nont label="AddExprRest"><term lexeme="+" token="ADD"><location loc="3.44--3.44"/></term><nont label="AddExpr"><nont label="MulExpr"><nont label="PrefExpr"><term lexeme="$" token="ADDR"><location loc="3.46--3.46"/></term><nont label="PrefExpr"><nont label="PstfExpr"><nont label="AtomExpr"><term lexeme="a" token="IDENTIFIER"><location loc="3.47--3.47"/></term><nont label="CallEps"/><location loc="3.47--3.47"/></nont><location loc="3.47--3.47"/></nont><nont label="PstfExprRest"/><location loc="3.47--3.47"/></nont><location loc="3.46--3.47"/></nont><location loc="3.46--3.47"/></nont><nont label="MulExprRest"><term lexeme="*" token="MUL"><location loc="3.49--3.49"/></term><nont label="MulExpr"><nont label="PrefExpr"><nont label="Expr"><nont label="DisjExpr"><nont label="ConjExpr"><nont label="RelExpr"><nont label="AddExpr"><nont label="MulExpr"><nont label="PrefExpr"><nont label="PstfExpr"><nont label="AtomExpr"><nont label="Literal"><term lexeme="3" token="INTCONST"><location loc="3.52--3.52"/></term><location loc="3.52--3.52"/></nont><location loc="3.52--3.52"/></nont><location loc="3.52--3.52"/></nont><nont label="PstfExprRest"/><location loc="3.52--3.52"/></nont><location loc="3.52--3.52"/></nont><nont label="MulExprRest"/><location loc="3.52--3.52"/></nont><nont label="AddExprRest"><term lexeme="-" token="SUB"><location loc="3.54--3.54"/></term><nont label="AddExpr"><nont label="MulExpr"><nont label="PrefExpr"><term lexeme="-" token="SUB"><location loc="3.56--3.56"/></term><nont label="PrefExpr"><nont label="PstfExpr"><nont label="AtomExpr"><nont label="Literal"><term lexeme="1" token="INTCONST"><location loc="3.58--3.58"/></term><location loc="3.58--3.58"/></nont><location loc="3.58--3.58"/></nont><location loc="3.58--3.58"/></nont><nont label="PstfExprRest"/><location loc="3.58--3.58"/></nont><location loc="3.56--3.58"/></nont><location loc="3.56--3.58"/></nont><nont label="MulExprRest"/><location loc="3.56--3.58"/></nont><nont label="AddExprRest"/><location loc="3.54--3.58"/></nont><location loc="3.52--3.58"/></nont><nont label="RelExprRest"/><location loc="3.52--3.58"/></nont><nont label="ConjExprRest"/><location loc="3.52--3.58"/></nont><nont label="DisjExprRest"/><location loc="3.52--3.58"/></nont><nont label="CastEps"/><location loc="3.52--3.58"/></nont><location loc="3.52--3.58"/></nont><nont label="MulExprRest"><term lexeme="/" token="DIV"><location loc="3.61--3.61"/></term><nont label="MulExpr"><nont label="PrefExpr"><nont label="PstfExpr"><nont label="AtomExpr"><nont label="Literal"><term lexeme="2" token="INTCONST"><location loc="3.63--3.63"/></term><location loc="3.63--3.63"/></nont><location loc="3.63--3.63"/></nont><location loc="3.63--3.63"/></nont><nont label="PstfExprRest"/><location loc="3.63--3.63"/></nont><location loc="3.63--3.63"/></nont><nont label="MulExprRest"/><location loc="3.61--3.63"/></nont><location loc="3.49--3.63"/></nont><location loc="3.46--3.63"/></nont><nont label="AddExprRest"><term lexeme="-" token="SUB"><location loc="3.65--3.65"/></term><nont label="AddExpr"><nont label="MulExpr"><nont label="PrefExpr"><nont label="PstfExpr"><nont label="AtomExpr"><nont label="Literal"><term lexeme="5" token="INTCONST"><location loc="3.67--3.67"/></term><location loc="3.67--3.67"/></nont><location loc="3.67--3.67"/></nont><location loc="3.67--3.67"/></nont><nont label="PstfExprRest"/><location loc="3.67--3.67"/></nont><location loc="3.67--3.67"/></nont><nont label="MulExprRest"/><location loc="3.67--3.67"/></nont><nont label="AddExprRest"/><location loc="3.65--3.67"/></nont><location loc="3.44--3.67"/></nont><location loc="3.37--3.67"/></nont><nont label="RelExprRest"/><location loc="3.37--3.67"/></nont><nont label="ConjExprRest"/><location loc="3.37--3.67"/></nont><nont label="DisjExprRest"/><location loc="3.37--3.67"/></nont><location loc="3.35--3.67"/></nont><location loc="3.1--3.67"/></nont><nont label="DeclsRest"/><location loc="3.1--3.67"/></nont><location loc="1.1--3.67"/></nont><location loc="1.1--3.67"/></nont></synan>