<?xml version="1.0" encoding="UTF-8" standalone="no"?><?xml-stylesheet type="text/xsl" href="../../data/synan.xsl"?><synan><nont label="Source"><nont label="Decls"><nont label="Decl"><term lexeme="typ" token="TYP"><location loc="1.1--1.3"/></term><nont label="ParDecl"><term lexeme="a" token="IDENTIFIER"><location loc="1.5--1.5"/></term><nont label="Type"><term lexeme="char" token="CHAR"><location loc="1.9--1.12"/></term><location loc="1.9--1.12"/></nont><location loc="1.5--1.12"/></nont><location loc="1.1--1.12"/></nont><nont label="DeclsRest"><nont label="Decl"><term lexeme="fun" token="FUN"><location loc="2.1--2.3"/></term><term lexeme="abc" token="IDENTIFIER"><location loc="2.5--2.7"/></term><nont label="ParDecls"><nont label="ParDecl"><term lexeme="a" token="IDENTIFIER"><location loc="2.9--2.9"/></term><nont label="Type"><term lexeme="int" token="INT"><location loc="2.11--2.13"/></term><location loc="2.11--2.13"/></nont><location loc="2.9--2.13"/></nont><nont label="ParDeclsRest"><nont label="ParDecl"><term lexeme="_ab" token="IDENTIFIER"><location loc="2.16--2.18"/></term><nont label="Type"><term lexeme="arr" token="ARR"><location loc="2.20--2.22"/></term><nont label="Expr"><nont label="DisjExpr"><nont label="ConjExpr"><nont label="RelExpr"><nont label="AddExpr"><nont label="MulExpr"><nont label="PrefExpr"><nont label="PstfExpr"><nont label="AtomExpr"><nont label="Literal"><term lexeme="2" token="INTCONST"><location loc="2.24--2.24"/></term><location loc="2.24--2.24"/></nont><location loc="2.24--2.24"/></nont><location loc="2.24--2.24"/></nont><nont label="PstfExprRest"/><location loc="2.24--2.24"/></nont><location loc="2.24--2.24"/></nont><nont label="MulExprRest"/><location loc="2.24--2.24"/></nont><nont label="AddExprRest"/><location loc="2.24--2.24"/></nont><nont label="RelExprRest"/><location loc="2.24--2.24"/></nont><nont label="ConjExprRest"/><location loc="2.24--2.24"/></nont><nont label="DisjExprRest"/><location loc="2.24--2.24"/></nont><nont label="Type"><term lexeme="bool" token="BOOL"><location loc="2.27--2.30"/></term><location loc="2.27--2.30"/></nont><location loc="2.20--2.30"/></nont><location loc="2.16--2.30"/></nont><nont label="ParDeclsRest"/><location loc="2.16--2.30"/></nont><location loc="2.9--2.30"/></nont><nont label="Type"><term lexeme="int" token="INT"><location loc="2.35--2.37"/></term><location loc="2.35--2.37"/></nont><nont label="BodyEps"><term lexeme="=" token="ASSIGN"><location loc="2.39--2.39"/></term><nont label="Expr"><nont label="DisjExpr"><nont label="ConjExpr"><nont label="RelExpr"><nont label="AddExpr"><nont label="MulExpr"><nont label="PrefExpr"><nont label="PstfExpr"><nont label="AtomExpr"><nont label="Literal"><term lexeme="1" token="INTCONST"><location loc="2.41--2.41"/></term><location loc="2.41--2.41"/></nont><location loc="2.41--2.41"/></nont><location loc="2.41--2.41"/></nont><nont label="PstfExprRest"/><location loc="2.41--2.41"/></nont><location loc="2.41--2.41"/></nont><nont label="MulExprRest"/><location loc="2.41--2.41"/></nont><nont label="AddExprRest"><term lexeme="+" token="ADD"><location loc="2.42--2.42"/></term><nont label="AddExpr"><nont label="MulExpr"><nont label="PrefExpr"><nont label="PstfExpr"><nont label="AtomExpr"><nont label="Literal"><term lexeme="2" token="INTCONST"><location loc="2.43--2.43"/></term><location loc="2.43--2.43"/></nont><location loc="2.43--2.43"/></nont><location loc="2.43--2.43"/></nont><nont label="PstfExprRest"/><location loc="2.43--2.43"/></nont><location loc="2.43--2.43"/></nont><nont label="MulExprRest"/><location loc="2.43--2.43"/></nont><nont label="AddExprRest"/><location loc="2.42--2.43"/></nont><location loc="2.41--2.43"/></nont><nont label="RelExprRest"/><location loc="2.41--2.43"/></nont><nont label="ConjExprRest"/><location loc="2.41--2.43"/></nont><nont label="DisjExprRest"/><location loc="2.41--2.43"/></nont><location loc="2.39--2.43"/></nont><location loc="2.1--2.43"/></nont><nont label="DeclsRest"><nont label="Decl"><term lexeme="var" token="VAR"><location loc="3.1--3.3"/></term><nont label="ParDecl"><term lexeme="abc" token="IDENTIFIER"><location loc="3.5--3.7"/></term><nont label="Type"><term lexeme="rec" token="REC"><location loc="3.11--3.13"/></term><nont label="CompDecls"><nont label="ParDecl"><term lexeme="a" token="IDENTIFIER"><location loc="3.15--3.15"/></term><nont label="Type"><term lexeme="char" token="CHAR"><location loc="3.17--3.20"/></term><location loc="3.17--3.20"/></nont><location loc="3.15--3.20"/></nont><nont label="CompDeclsRest"><nont label="ParDecl"><term lexeme="d" token="IDENTIFIER"><location loc="3.23--3.23"/></term><nont label="Type"><term lexeme="ptr" token="PTR"><location loc="3.26--3.28"/></term><nont label="Type"><term lexeme="ptr" token="PTR"><location loc="3.30--3.32"/></term><nont label="Type"><term lexeme="ptr" token="PTR"><location loc="3.34--3.36"/></term><nont label="Type"><term lexeme="int" token="INT"><location loc="3.38--3.40"/></term><location loc="3.38--3.40"/></nont><location loc="3.34--3.40"/></nont><location loc="3.30--3.40"/></nont><location loc="3.26--3.40"/></nont><location loc="3.23--3.40"/></nont><nont label="CompDeclsRest"/><location loc="3.23--3.40"/></nont><location loc="3.15--3.40"/></nont><location loc="3.11--3.40"/></nont><location loc="3.5--3.40"/></nont><location loc="3.1--3.40"/></nont><nont label="DeclsRest"/><location loc="3.1--3.40"/></nont><location loc="2.1--3.40"/></nont><location loc="1.1--3.40"/></nont><location loc="1.1--3.40"/></nont></synan>