<?xml version="1.0" encoding="UTF-8" standalone="no"?><?xml-stylesheet type="text/xsl" href="../../data/seman.xsl"?><seman><node label="Source"><node label="Decls"><node label="TypDecl" lexeme="a"><node label="TypeName" lexeme="b"><location loc="1.7--1.7"/><declaredAt location="2.1--2.9"/><type label="TYPE" name="b"/></node><location loc="1.1--1.7"/><type label="TYPE" name="a"/></node><node label="TypDecl" lexeme="b"><node label="AtomType" spec="INT"><location loc="2.7--2.9"/><type label="INT"/></node><location loc="2.1--2.9"/><type label="TYPE" name="b"/></node><location loc="1.1--2.9"/></node><location loc="1.1--2.9"/></node></seman>