<?xml version="1.0" encoding="UTF-8" standalone="no"?><?xml-stylesheet type="text/xsl" href="../../data/final.xsl"?><final><code entrylabel="L3" exitlabel="L4" tempsize="0"><frame FP="T0" RV="T1" argssize="16" depth="1" label="_p" locssize="8" size="40"/><instructions><instruction code="% --- Prolog ---"/><instruction code="_p"/><instruction code="SET $0,24"/><instruction code="% Storing FP "/><instruction code="SUB $0,SP,$0"/><instruction code="STO FP,$0,0"/><instruction code="% STORING RA "/><instruction code="GET $1,rJ"/><instruction code="STO $1,$0,8"/><instruction code="% Lowering FP "/><instruction code="SET FP,SP"/><instruction code="% Lowering SP "/><instruction code="SET $0,40"/><instruction code="SUB SP,SP,$0"/><instruction code="JMP L3"/><instruction code="L3"/><instruction code="SET $0,0"/><instruction code="SET $0,0"/><instruction code="SET $1,$0"/><instruction code="LDA $2,L0"/><instruction code="LDO $0,$2,0"/><instruction code="SET $0,$2"/><instruction code="STO $1,$254,0"/><instruction code="STO $0,$254,8"/><instruction code="PUSHJ $8,_printf"/><instruction code="LDO $0,$254,0"/><instruction code="JMP L4"/><instruction code="% --- Epilogue ---"/><instruction code="L4"/><instruction code="STO $0,FP,0  % Save return value "/><instruction code="% Highering Stack pointer "/><instruction code="SET SP,FP"/><instruction code="% Getting RA "/><instruction code="SET $0,24"/><instruction code="SUB $0,SP,$0"/><instruction code="LDO $1,$0,8"/><instruction code="PUT rJ,$1"/><instruction code="% Getting old FP "/><instruction code="LDO FP,$0,0"/><instruction code="POP 8,0"/></instructions></code></final>